[INFO] [WallTime: 1453728542.848869] Ready to clear all shapes.
[INFO] [WallTime: 1453728542.861461] Ready to display new shapes.
[INFO] [WallTime: 1453728542.872374] Ready to determine index of location.
[INFO] [WallTime: 1453728542.884744] Ready to determine shape at location.
[INFO] [WallTime: 1453728542.892640] Ready to determine closest shape(s) to location.
[INFO] [WallTime: 1453728542.907203] Ready to display new shapes at specific location.
[INFO] [WallTime: 1453728542.915773] Ready to determine is shape fits.
[INFO] [WallTime: 1453728576.113225] Shapes cleared
[INFO] [WallTime: 1453728627.759541] Shape at location returned: 0_-1
[INFO] [WallTime: 1453728629.906478] Shape at location returned: 0_-1
[INFO] [WallTime: 1453728631.015875] Shape at location returned: 0_-1
[INFO] [WallTime: 1453728631.950184] Shape at location returned: 0_-1
[INFO] [WallTime: 1453728632.729749] Shape at location returned: 0_-1
[INFO] [WallTime: 1453728633.161512] Shape at location returned: 0_-1
[INFO] [WallTime: 1453728663.033831] Shapes cleared
[INFO] [WallTime: 1453728712.748906] Shapes cleared
[INFO] [WallTime: 1453728764.505200] Shapes cleared
[INFO] [WallTime: 1453728817.377915] Shapes cleared
[INFO] [WallTime: 1453728872.434246] Shapes cleared
[INFO] [WallTime: 1453728917.150377] Shapes cleared
[INFO] [WallTime: 1453728967.755020] Shapes cleared
[INFO] [WallTime: 1453728994.652743] Shapes cleared
[INFO] [WallTime: 1453729043.519175] Shapes cleared
[INFO] [WallTime: 1453729088.081395] Shapes cleared
[INFO] [WallTime: 1453729139.039671] Shapes cleared
[INFO] [WallTime: 1453729184.947168] Shapes cleared
[INFO] [WallTime: 1453729239.877705] Shapes cleared
[INFO] [WallTime: 1453729281.878431] Shapes cleared
[INFO] [WallTime: 1453729323.762862] Shapes cleared
[INFO] [WallTime: 1453729359.997858] Shapes cleared
[INFO] [WallTime: 1453729510.942658] shut down
