[rospy.client][INFO] 2016-01-25 13:55:12,446: init_node, name[/display_manager_server], pid[24460]
[xmlrpc][INFO] 2016-01-25 13:55:12,463: XML-RPC server binding to 0.0.0.0:0
[xmlrpc][INFO] 2016-01-25 13:55:12,464: Started XML-RPC server [http://10.0.0.11:46572/]
[rospy.impl.masterslave][INFO] 2016-01-25 13:55:12,464: _ready: http://10.0.0.11:46572/
[rospy.init][INFO] 2016-01-25 13:55:12,464: ROS Slave URI: [http://10.0.0.11:46572/]
[rospy.registration][INFO] 2016-01-25 13:55:12,476: Registering with master node http://10.0.0.11:11311/
[xmlrpc][INFO] 2016-01-25 13:55:12,476: xml rpc node: starting XML-RPC server
[rospy.init][INFO] 2016-01-25 13:55:12,565: registered with master
[rospy.rosout][INFO] 2016-01-25 13:55:12,565: initializing /rosout core topic
[rospy.rosout][INFO] 2016-01-25 13:55:12,575: connected to core topic /rosout
[rospy.simtime][INFO] 2016-01-25 13:55:12,591: /use_sim_time is not set, will not subscribe to simulated time [/clock] topic
[rosout][INFO] 2016-01-25 13:55:12,632: Ready to clear all shapes.
[rosout][INFO] 2016-01-25 13:55:12,644: Ready to display new shapes.
[rosout][INFO] 2016-01-25 13:55:12,656: Ready to determine index of location.
[rosout][INFO] 2016-01-25 13:55:12,668: Ready to determine shape at location.
[rosout][INFO] 2016-01-25 13:55:12,680: Ready to determine closest shape(s) to location.
[rosout][INFO] 2016-01-25 13:55:12,692: Ready to display new shapes at specific location.
[rosout][INFO] 2016-01-25 13:55:12,703: Ready to determine is shape fits.
[rospy.internal][INFO] 2016-01-25 13:55:12,789: topic[/rosout] adding connection to [/rosout], count 0
[rosout][INFO] 2016-01-25 13:55:41,638: Shapes cleared
[rospy.core][INFO] 2016-01-25 13:57:03,390: signal_shutdown [signal-2]
[rospy.internal][INFO] 2016-01-25 13:57:03,429: topic[/rosout] removing connection to /rosout
[rospy.impl.masterslave][INFO] 2016-01-25 13:57:03,429: signal-2
[rosout][INFO] 2016-01-25 13:57:04,024: shut down
[rospy.core][INFO] 2016-01-25 13:57:04,024: signal_shutdown [atexit]
[rospy.client][INFO] 2016-01-25 13:57:08,980: init_node, name[/display_manager_server], pid[26818]
[xmlrpc][INFO] 2016-01-25 13:57:08,995: XML-RPC server binding to 0.0.0.0:0
[xmlrpc][INFO] 2016-01-25 13:57:08,996: Started XML-RPC server [http://10.0.0.11:36595/]
[rospy.impl.masterslave][INFO] 2016-01-25 13:57:08,997: _ready: http://10.0.0.11:36595/
[rospy.init][INFO] 2016-01-25 13:57:09,023: ROS Slave URI: [http://10.0.0.11:36595/]
[xmlrpc][INFO] 2016-01-25 13:57:09,031: xml rpc node: starting XML-RPC server
[rospy.registration][INFO] 2016-01-25 13:57:09,032: Registering with master node http://10.0.0.11:11311/
[rospy.init][INFO] 2016-01-25 13:57:09,124: registered with master
[rospy.rosout][INFO] 2016-01-25 13:57:09,124: initializing /rosout core topic
[rospy.rosout][INFO] 2016-01-25 13:57:09,148: connected to core topic /rosout
[rospy.simtime][INFO] 2016-01-25 13:57:09,197: /use_sim_time is not set, will not subscribe to simulated time [/clock] topic
[rosout][INFO] 2016-01-25 13:57:09,301: Ready to clear all shapes.
[rosout][INFO] 2016-01-25 13:57:09,315: Ready to display new shapes.
[rosout][INFO] 2016-01-25 13:57:09,375: Ready to determine index of location.
[rospy.internal][INFO] 2016-01-25 13:57:09,383: topic[/rosout] adding connection to [/rosout], count 0
[rosout][INFO] 2016-01-25 13:57:09,445: Ready to determine shape at location.
[rosout][INFO] 2016-01-25 13:57:09,470: Ready to determine closest shape(s) to location.
[rosout][INFO] 2016-01-25 13:57:09,512: Ready to display new shapes at specific location.
[rosout][INFO] 2016-01-25 13:57:09,541: Ready to determine is shape fits.
[rosout][INFO] 2016-01-25 13:57:35,679: Shapes cleared
[rosout][INFO] 2016-01-25 13:58:35,496: Shapes cleared
[rosout][INFO] 2016-01-25 13:59:26,091: Shapes cleared
[rosout][INFO] 2016-01-25 14:00:53,158: Shapes cleared
[rosout][INFO] 2016-01-25 14:01:35,748: Shapes cleared
[rosout][INFO] 2016-01-25 14:02:15,518: Shapes cleared
[rosout][INFO] 2016-01-25 14:02:52,829: Shapes cleared
[rosout][INFO] 2016-01-25 14:03:35,336: Shapes cleared
[rosout][INFO] 2016-01-25 14:04:02,031: Shapes cleared
[rosout][INFO] 2016-01-25 14:04:57,404: Shapes cleared
[rosout][INFO] 2016-01-25 14:05:47,127: Shapes cleared
[rosout][INFO] 2016-01-25 14:06:27,544: Shapes cleared
[rosout][INFO] 2016-01-25 14:07:01,718: Shapes cleared
[rosout][INFO] 2016-01-25 14:07:49,360: Shapes cleared
[rosout][INFO] 2016-01-25 14:08:31,068: Shapes cleared
[rosout][INFO] 2016-01-25 14:09:07,875: Shapes cleared
[rospy.core][INFO] 2016-01-25 14:10:21,773: signal_shutdown [signal-2]
[rospy.internal][INFO] 2016-01-25 14:10:21,791: topic[/rosout] removing connection to /rosout
[rospy.impl.masterslave][INFO] 2016-01-25 14:10:21,792: signal-2
[rosout][INFO] 2016-01-25 14:10:21,907: shut down
[rospy.core][INFO] 2016-01-25 14:10:21,908: signal_shutdown [atexit]
[rospy.client][INFO] 2016-01-25 14:14:03,769: init_node, name[/display_manager_server], pid[18942]
[xmlrpc][INFO] 2016-01-25 14:14:03,780: XML-RPC server binding to 0.0.0.0:0
[xmlrpc][INFO] 2016-01-25 14:14:03,780: Started XML-RPC server [http://10.0.0.11:36417/]
[rospy.impl.masterslave][INFO] 2016-01-25 14:14:03,780: _ready: http://10.0.0.11:36417/
[rospy.init][INFO] 2016-01-25 14:14:03,781: ROS Slave URI: [http://10.0.0.11:36417/]
[rospy.registration][INFO] 2016-01-25 14:14:03,804: Registering with master node http://10.0.0.11:11311/
[xmlrpc][INFO] 2016-01-25 14:14:03,804: xml rpc node: starting XML-RPC server
[rospy.init][INFO] 2016-01-25 14:14:03,881: registered with master
[rospy.rosout][INFO] 2016-01-25 14:14:03,881: initializing /rosout core topic
[rospy.rosout][INFO] 2016-01-25 14:14:03,897: connected to core topic /rosout
[rospy.simtime][INFO] 2016-01-25 14:14:03,908: /use_sim_time is not set, will not subscribe to simulated time [/clock] topic
[rosout][INFO] 2016-01-25 14:14:03,953: Ready to clear all shapes.
[rosout][INFO] 2016-01-25 14:14:03,966: Ready to display new shapes.
[rosout][INFO] 2016-01-25 14:14:03,982: Ready to determine index of location.
[rosout][INFO] 2016-01-25 14:14:04,003: Ready to determine shape at location.
[rosout][INFO] 2016-01-25 14:14:04,012: Ready to determine closest shape(s) to location.
[rosout][INFO] 2016-01-25 14:14:04,040: Ready to display new shapes at specific location.
[rosout][INFO] 2016-01-25 14:14:04,052: Ready to determine is shape fits.
[rospy.internal][INFO] 2016-01-25 14:14:04,185: topic[/rosout] adding connection to [/rosout], count 0
[rosout][INFO] 2016-01-25 14:14:32,835: Shapes cleared
[rosout][INFO] 2016-01-25 14:15:18,493: Shape at location returned: 0_-1
[rosout][INFO] 2016-01-25 14:15:23,250: Shapes cleared
[rosout][INFO] 2016-01-25 14:16:16,651: Shapes cleared
[rosout][INFO] 2016-01-25 14:16:53,729: Shapes cleared
[rosout][INFO] 2016-01-25 14:17:28,359: Shapes cleared
[rosout][INFO] 2016-01-25 14:17:56,821: Shape at location returned: 0_-1
[rosout][INFO] 2016-01-25 14:18:03,675: Shapes cleared
[rosout][INFO] 2016-01-25 14:18:29,964: Shapes cleared
[rosout][INFO] 2016-01-25 14:19:04,839: Shapes cleared
[rosout][INFO] 2016-01-25 14:19:37,591: Shapes cleared
[rosout][INFO] 2016-01-25 14:20:17,093: Shapes cleared
[rosout][INFO] 2016-01-25 14:20:58,077: Shapes cleared
[rosout][INFO] 2016-01-25 14:21:30,303: Shapes cleared
[rosout][INFO] 2016-01-25 14:21:55,848: Shapes cleared
[rosout][INFO] 2016-01-25 14:22:33,708: Shapes cleared
[rosout][INFO] 2016-01-25 14:23:11,443: Shapes cleared
[rosout][INFO] 2016-01-25 14:23:50,074: Shapes cleared
[rosout][INFO] 2016-01-25 14:24:13,134: Shapes cleared
[rosout][INFO] 2016-01-25 14:24:36,942: Shape at location returned: 0_-1
[rosout][INFO] 2016-01-25 14:24:47,554: Shapes cleared
[rosout][INFO] 2016-01-25 14:25:18,761: Shapes cleared
[rosout][INFO] 2016-01-25 14:25:43,641: Shapes cleared
[rosout][INFO] 2016-01-25 14:26:05,592: Shape at location returned: 0_-1
[rosout][INFO] 2016-01-25 14:26:18,477: Shapes cleared
[rosout][INFO] 2016-01-25 14:26:51,562: Shapes cleared
[rospy.core][INFO] 2016-01-25 14:27:29,347: signal_shutdown [signal-2]
[rospy.internal][INFO] 2016-01-25 14:27:29,382: topic[/rosout] removing connection to /rosout
[rospy.impl.masterslave][INFO] 2016-01-25 14:27:29,382: signal-2
[rosout][INFO] 2016-01-25 14:27:30,051: shut down
[rospy.core][INFO] 2016-01-25 14:27:30,051: signal_shutdown [atexit]
[rospy.client][INFO] 2016-01-25 14:29:02,685: init_node, name[/display_manager_server], pid[12500]
[xmlrpc][INFO] 2016-01-25 14:29:02,693: XML-RPC server binding to 0.0.0.0:0
[rospy.init][INFO] 2016-01-25 14:29:02,693: ROS Slave URI: [http://10.0.0.11:60169/]
[xmlrpc][INFO] 2016-01-25 14:29:02,694: Started XML-RPC server [http://10.0.0.11:60169/]
[rospy.impl.masterslave][INFO] 2016-01-25 14:29:02,694: _ready: http://10.0.0.11:60169/
[xmlrpc][INFO] 2016-01-25 14:29:02,709: xml rpc node: starting XML-RPC server
[rospy.registration][INFO] 2016-01-25 14:29:02,710: Registering with master node http://10.0.0.11:11311/
[rospy.init][INFO] 2016-01-25 14:29:02,794: registered with master
[rospy.rosout][INFO] 2016-01-25 14:29:02,794: initializing /rosout core topic
[rospy.rosout][INFO] 2016-01-25 14:29:02,804: connected to core topic /rosout
[rospy.simtime][INFO] 2016-01-25 14:29:02,812: /use_sim_time is not set, will not subscribe to simulated time [/clock] topic
[rosout][INFO] 2016-01-25 14:29:02,848: Ready to clear all shapes.
[rosout][INFO] 2016-01-25 14:29:02,861: Ready to display new shapes.
[rosout][INFO] 2016-01-25 14:29:02,872: Ready to determine index of location.
[rosout][INFO] 2016-01-25 14:29:02,884: Ready to determine shape at location.
[rosout][INFO] 2016-01-25 14:29:02,892: Ready to determine closest shape(s) to location.
[rosout][INFO] 2016-01-25 14:29:02,907: Ready to display new shapes at specific location.
[rosout][INFO] 2016-01-25 14:29:02,915: Ready to determine is shape fits.
[rospy.internal][INFO] 2016-01-25 14:29:03,100: topic[/rosout] adding connection to [/rosout], count 0
[rosout][INFO] 2016-01-25 14:29:36,113: Shapes cleared
[rosout][INFO] 2016-01-25 14:30:27,759: Shape at location returned: 0_-1
[rosout][INFO] 2016-01-25 14:30:29,906: Shape at location returned: 0_-1
[rosout][INFO] 2016-01-25 14:30:31,015: Shape at location returned: 0_-1
[rosout][INFO] 2016-01-25 14:30:31,950: Shape at location returned: 0_-1
[rosout][INFO] 2016-01-25 14:30:32,729: Shape at location returned: 0_-1
[rosout][INFO] 2016-01-25 14:30:33,161: Shape at location returned: 0_-1
[rosout][INFO] 2016-01-25 14:31:03,033: Shapes cleared
[rosout][INFO] 2016-01-25 14:31:52,748: Shapes cleared
[rosout][INFO] 2016-01-25 14:32:44,505: Shapes cleared
[rosout][INFO] 2016-01-25 14:33:37,377: Shapes cleared
[rosout][INFO] 2016-01-25 14:34:32,434: Shapes cleared
[rosout][INFO] 2016-01-25 14:35:17,150: Shapes cleared
[rosout][INFO] 2016-01-25 14:36:07,754: Shapes cleared
[rosout][INFO] 2016-01-25 14:36:34,652: Shapes cleared
[rosout][INFO] 2016-01-25 14:37:23,519: Shapes cleared
[rosout][INFO] 2016-01-25 14:38:08,081: Shapes cleared
[rosout][INFO] 2016-01-25 14:38:59,039: Shapes cleared
[rosout][INFO] 2016-01-25 14:39:44,947: Shapes cleared
[rosout][INFO] 2016-01-25 14:40:39,877: Shapes cleared
[rosout][INFO] 2016-01-25 14:41:21,878: Shapes cleared
[rosout][INFO] 2016-01-25 14:42:03,762: Shapes cleared
[rosout][INFO] 2016-01-25 14:42:39,997: Shapes cleared
[rospy.core][INFO] 2016-01-25 14:45:10,307: signal_shutdown [signal-2]
[rospy.internal][INFO] 2016-01-25 14:45:10,327: topic[/rosout] removing connection to /rosout
[rospy.impl.masterslave][INFO] 2016-01-25 14:45:10,328: signal-2
[rosout][INFO] 2016-01-25 14:45:10,942: shut down
[rospy.core][INFO] 2016-01-25 14:45:10,942: signal_shutdown [atexit]
