[I] 12496 qimessaging.session: Session listener created on tcp://0.0.0.0:0
[I] 12496 qimessaging.transportserver: TransportServer will listen on: tcp://172.17.0.1:48705
[I] 12496 qimessaging.transportserver: TransportServer will listen on: tcp://127.0.0.1:48705
[I] 12496 qimessaging.transportserver: TransportServer will listen on: tcp://10.0.0.11:48705
[INFO] [WallTime: 1453728545.133278] Waiting for display manager services to become available
[INFO] [WallTime: 1453728547.140827] Starting new timer
[INFO] [WallTime: 1453728547.141370] Nao configuration: writing=True, speaking=True (english), standing=False, handedness=right
inaoqi-broker: construct at 0.0.0.0:0, parent : 10.0.0.2:9559
[I] 12496 qimessaging.session: Session listener created on tcp://0.0.0.0:0
[I] 12496 qimessaging.transportserver: TransportServer will listen on: tcp://172.17.0.1:33123
[I] 12496 qimessaging.transportserver: TransportServer will listen on: tcp://127.0.0.1:33123
[I] 12496 qimessaging.transportserver: TransportServer will listen on: tcp://10.0.0.11:33123
[INFO] [WallTime: 1453728549.277896] STATE: WAITING_FOR_ROBOT_TO_CONNECT
[INFO] [WallTime: 1453728549.779042] STATE: STARTING_INTERACTION
[INFO] [WallTime: 1453728556.420506] NAO: I want to practice my writing... Can you help me?
[INFO] [WallTime: 1453728556.921224] STATE: WAITING_FOR_WORD
[INFO] [WallTime: 1453728572.578823] Received word: fox
[INFO] [WallTime: 1453728573.638269] STATE: RESPONDING_TO_NEW_WORD
[INFO] [WallTime: 1453728574.239496] NAO: Let's try the word fox
[INFO] [WallTime: 1453728576.109745] Clearing display
[INFO] [WallTime: 1453728577.111728] STATE: PUBLISHING_WORD
writing_surface
writing_surface
writing_surface
writing_surface
writing_surface
writing_surface
writing_surface
writing_surface
writing_surface
writing_surface
writing_surface
writing_surface
writing_surface
writing_surface
writing_surface
writing_surface
writing_surface
writing_surface
writing_surface
writing_surface
writing_surface
writing_surface
writing_surface
writing_surface
writing_surface
writing_surface
writing_surface
writing_surface
writing_surface
writing_surface
writing_surface
writing_surface
writing_surface
writing_surface
writing_surface
writing_surface
writing_surface
writing_surface
writing_surface
writing_surface
writing_surface
writing_surface
writing_surface
writing_surface
writing_surface
writing_surface
writing_surface
writing_surface
writing_surface
writing_surface
writing_surface
writing_surface
writing_surface
writing_surface
writing_surface
writing_surface
writing_surface
writing_surface
writing_surface
writing_surface
writing_surface
writing_surface
writing_surface
writing_surface
writing_surface
writing_surface
writing_surface
writing_surface
writing_surface
writing_surface
writing_surface
writing_surface
writing_surface
writing_surface
writing_surface
writing_surface
writing_surface
writing_surface
writing_surface
writing_surface
writing_surface
writing_surface
writing_surface
writing_surface
writing_surface
writing_surface
writing_surface
writing_surface
writing_surface
writing_surface
writing_surface
writing_surface
writing_surface
writing_surface
writing_surface
writing_surface
writing_surface
writing_surface
writing_surface
writing_surface
writing_surface
writing_surface
writing_surface
writing_surface
writing_surface
writing_surface
writing_surface
writing_surface
writing_surface
writing_surface
writing_surface
writing_surface
writing_surface
writing_surface
writing_surface
writing_surface
writing_surface
writing_surface
writing_surface
writing_surface
writing_surface
writing_surface
writing_surface
writing_surface
writing_surface
writing_surface
writing_surface
writing_surface
writing_surface
writing_surface
writing_surface
writing_surface
writing_surface
writing_surface
writing_surface
writing_surface
writing_surface
writing_surface
writing_surface
writing_surface
writing_surface
writing_surface
writing_surface
writing_surface
writing_surface
writing_surface
writing_surface
writing_surface
writing_surface
writing_surface
writing_surface
writing_surface
writing_surface
writing_surface
writing_surface
writing_surface
writing_surface
writing_surface
writing_surface
writing_surface
writing_surface
writing_surface
writing_surface
writing_surface
writing_surface
writing_surface
writing_surface
writing_surface
writing_surface
writing_surface
writing_surface
writing_surface
writing_surface
writing_surface
writing_surface
writing_surface
writing_surface
writing_surface
writing_surface
writing_surface
writing_surface
writing_surface
writing_surface
writing_surface
writing_surface
writing_surface
writing_surface
writing_surface
writing_surface
writing_surface
writing_surface
writing_surface
writing_surface
writing_surface
writing_surface
writing_surface
writing_surface
writing_surface
writing_surface
writing_surface
writing_surface
writing_surface
writing_surface
writing_surface
writing_surface
writing_surface
writing_surface
writing_surface
writing_surface
writing_surface
writing_surface
writing_surface
writing_surface
writing_surface
writing_surface
writing_surface
[INFO] [WallTime: 1453728577.659911] STATE: WAITING_FOR_LETTER_TO_FINISH
[INFO] [WallTime: 1453728577.958469] Haven't received a clear on 'watchdog_clear/tablet' topic
[INFO] [WallTime: 1453728580.131416] Re-connection
[INFO] [WallTime: 1453728589.124607] STATE: ASKING_FOR_FEEDBACK
[INFO] [WallTime: 1453728589.125053] PUBLISHING_WORD
[INFO] [WallTime: 1453728589.125364] Asking for feedback on word fox
[INFO] [WallTime: 1453728591.684126] NAO: Okay, what do you think?
[INFO] [WallTime: 1453728592.956079] STATE: WAITING_FOR_FEEDBACK
[INFO] [WallTime: 1453728593.843905] User feedback -1
[INFO] [WallTime: 1453728659.008576] Received template demonstration for letters ['f', 'o', 'x']
[INFO] [WallTime: 1453728660.143601] STATE: WAITING_FOR_ROBOT_TO_CONNECT
[INFO] [WallTime: 1453728660.644150] STATE: RESPONDING_TO_DEMONSTRATION_FULL_WORD
[INFO] [WallTime: 1453728662.976108] NAO: Okay, I'll try it like you
[INFO] [WallTime: 1453728662.977160] Downsampling of f done. Demo received for f
[INFO] [WallTime: 1453728662.979052] Downsampling of o done. Demo received for o
[INFO] [WallTime: 1453728662.987278] Downsampling of x done. Demo received for x
[INFO] [WallTime: 1453728662.996696] Clearing display
[INFO] [WallTime: 1453728664.004150] STATE: PUBLISHING_WORD
writing_surface
writing_surface
writing_surface
writing_surface
writing_surface
writing_surface
writing_surface
writing_surface
writing_surface
writing_surface
writing_surface
writing_surface
writing_surface
writing_surface
writing_surface
writing_surface
writing_surface
writing_surface
writing_surface
writing_surface
writing_surface
writing_surface
writing_surface
writing_surface
writing_surface
writing_surface
writing_surface
writing_surface
writing_surface
writing_surface
writing_surface
writing_surface
writing_surface
writing_surface
writing_surface
writing_surface
writing_surface
writing_surface
writing_surface
writing_surface
writing_surface
writing_surface
writing_surface
writing_surface
writing_surface
writing_surface
writing_surface
writing_surface
writing_surface
writing_surface
writing_surface
writing_surface
writing_surface
writing_surface
writing_surface
writing_surface
writing_surface
writing_surface
writing_surface
writing_surface
writing_surface
writing_surface
writing_surface
writing_surface
writing_surface
writing_surface
writing_surface
writing_surface
writing_surface
writing_surface
writing_surface
writing_surface
writing_surface
writing_surface
writing_surface
writing_surface
writing_surface
writing_surface
writing_surface
writing_surface
writing_surface
writing_surface
writing_surface
writing_surface
writing_surface
writing_surface
writing_surface
writing_surface
writing_surface
writing_surface
writing_surface
writing_surface
writing_surface
writing_surface
writing_surface
writing_surface
writing_surface
writing_surface
writing_surface
writing_surface
writing_surface
writing_surface
writing_surface
writing_surface
writing_surface
writing_surface
writing_surface
writing_surface
writing_surface
writing_surface
writing_surface
writing_surface
writing_surface
writing_surface
writing_surface
writing_surface
writing_surface
writing_surface
writing_surface
writing_surface
writing_surface
writing_surface
writing_surface
writing_surface
writing_surface
writing_surface
writing_surface
writing_surface
writing_surface
writing_surface
writing_surface
writing_surface
writing_surface
writing_surface
writing_surface
writing_surface
writing_surface
writing_surface
writing_surface
writing_surface
writing_surface
writing_surface
writing_surface
writing_surface
writing_surface
writing_surface
writing_surface
writing_surface
writing_surface
writing_surface
writing_surface
writing_surface
writing_surface
writing_surface
writing_surface
writing_surface
writing_surface
writing_surface
writing_surface
writing_surface
writing_surface
writing_surface
writing_surface
writing_surface
writing_surface
writing_surface
writing_surface
writing_surface
writing_surface
writing_surface
writing_surface
writing_surface
writing_surface
writing_surface
writing_surface
writing_surface
writing_surface
writing_surface
writing_surface
writing_surface
writing_surface
writing_surface
writing_surface
writing_surface
writing_surface
writing_surface
writing_surface
writing_surface
writing_surface
writing_surface
writing_surface
writing_surface
writing_surface
writing_surface
writing_surface
writing_surface
writing_surface
writing_surface
writing_surface
writing_surface
writing_surface
writing_surface
writing_surface
writing_surface
writing_surface
writing_surface
writing_surface
writing_surface
writing_surface
writing_surface
writing_surface
writing_surface
writing_surface
writing_surface
writing_surface
writing_surface
[INFO] [WallTime: 1453728664.655590] STATE: WAITING_FOR_LETTER_TO_FINISH
[INFO] [WallTime: 1453728664.752318] Haven't received a clear on 'watchdog_clear/tablet' topic
[INFO] [WallTime: 1453728667.062417] Re-connection
[INFO] [WallTime: 1453728676.144056] STATE: ASKING_FOR_FEEDBACK
[INFO] [WallTime: 1453728676.144485] PUBLISHING_WORD
[INFO] [WallTime: 1453728676.145960] Asking for feedback on word fox
[INFO] [WallTime: 1453728678.309884] NAO: This is a hard word
[INFO] [WallTime: 1453728678.826955] STATE: WAITING_FOR_FEEDBACK
[INFO] [WallTime: 1453728685.114402] User feedback -1
[INFO] [WallTime: 1453728709.054917] Received template demonstration for letters ['f', 'o', 'x']
[INFO] [WallTime: 1453728710.123656] STATE: WAITING_FOR_ROBOT_TO_CONNECT
[INFO] [WallTime: 1453728710.624701] STATE: RESPONDING_TO_DEMONSTRATION_FULL_WORD
[INFO] [WallTime: 1453728712.724136] NAO: So that's how you write fox
[INFO] [WallTime: 1453728712.726160] Downsampling of f done. Demo received for f
[INFO] [WallTime: 1453728712.731361] Downsampling of o done. Demo received for o
[INFO] [WallTime: 1453728712.735169] Downsampling of x done. Demo received for x
[INFO] [WallTime: 1453728712.745620] Clearing display
[INFO] [WallTime: 1453728713.764056] STATE: PUBLISHING_WORD
writing_surface
writing_surface
writing_surface
writing_surface
writing_surface
writing_surface
writing_surface
writing_surface
writing_surface
writing_surface
writing_surface
writing_surface
writing_surface
writing_surface
writing_surface
writing_surface
writing_surface
writing_surface
writing_surface
writing_surface
writing_surface
writing_surface
writing_surface
writing_surface
writing_surface
writing_surface
writing_surface
writing_surface
writing_surface
writing_surface
writing_surface
writing_surface
writing_surface
writing_surface
writing_surface
writing_surface
writing_surface
writing_surface
writing_surface
writing_surface
writing_surface
writing_surface
writing_surface
writing_surface
writing_surface
writing_surface
writing_surface
writing_surface
writing_surface
writing_surface
writing_surface
writing_surface
writing_surface
writing_surface
writing_surface
writing_surface
writing_surface
writing_surface
writing_surface
writing_surface
writing_surface
writing_surface
writing_surface
writing_surface
writing_surface
writing_surface
writing_surface
writing_surface
writing_surface
writing_surface
writing_surface
writing_surface
writing_surface
writing_surface
writing_surface
writing_surface
writing_surface
writing_surface
writing_surface
writing_surface
writing_surface
writing_surface
writing_surface
writing_surface
writing_surface
writing_surface
writing_surface
writing_surface
writing_surface
writing_surface
writing_surface
writing_surface
writing_surface
writing_surface
writing_surface
writing_surface
writing_surface
writing_surface
writing_surface
writing_surface
writing_surface
writing_surface
writing_surface
writing_surface
writing_surface
writing_surface
writing_surface
writing_surface
writing_surface
writing_surface
writing_surface
writing_surface
writing_surface
writing_surface
writing_surface
writing_surface
writing_surface
writing_surface
writing_surface
writing_surface
writing_surface
writing_surface
writing_surface
writing_surface
writing_surface
writing_surface
writing_surface
writing_surface
writing_surface
writing_surface
writing_surface
writing_surface
writing_surface
writing_surface
writing_surface
writing_surface
writing_surface
writing_surface
writing_surface
writing_surface
writing_surface
writing_surface
writing_surface
writing_surface
writing_surface
writing_surface
writing_surface
writing_surface
writing_surface
writing_surface
writing_surface
writing_surface
writing_surface
writing_surface
writing_surface
writing_surface
writing_surface
writing_surface
writing_surface
writing_surface
writing_surface
writing_surface
writing_surface
writing_surface
writing_surface
writing_surface
writing_surface
writing_surface
writing_surface
writing_surface
writing_surface
writing_surface
writing_surface
writing_surface
writing_surface
writing_surface
writing_surface
writing_surface
writing_surface
writing_surface
writing_surface
writing_surface
writing_surface
writing_surface
writing_surface
writing_surface
writing_surface
writing_surface
writing_surface
writing_surface
writing_surface
writing_surface
writing_surface
writing_surface
writing_surface
writing_surface
writing_surface
writing_surface
writing_surface
writing_surface
writing_surface
writing_surface
writing_surface
writing_surface
writing_surface
writing_surface
writing_surface
writing_surface
writing_surface
writing_surface
writing_surface
writing_surface
writing_surface
writing_surface
writing_surface
writing_surface
[INFO] [WallTime: 1453728714.338786] STATE: WAITING_FOR_LETTER_TO_FINISH
[INFO] [WallTime: 1453728714.359178] Haven't received a clear on 'watchdog_clear/tablet' topic
[INFO] [WallTime: 1453728716.783709] Re-connection
[INFO] [WallTime: 1453728725.999574] STATE: ASKING_FOR_FEEDBACK
[INFO] [WallTime: 1453728726.000093] PUBLISHING_WORD
[INFO] [WallTime: 1453728726.000374] Asking for feedback on word fox
[INFO] [WallTime: 1453728728.352946] NAO: Is this how you write it?
[INFO] [WallTime: 1453728728.887957] STATE: WAITING_FOR_FEEDBACK
[INFO] [WallTime: 1453728735.903416] User feedback +1
[INFO] [WallTime: 1453728760.725729] Received word: jam
[INFO] [WallTime: 1453728761.519875] STATE: WAITING_FOR_ROBOT_TO_CONNECT
[INFO] [WallTime: 1453728762.021252] STATE: RESPONDING_TO_NEW_WORD
[INFO] [WallTime: 1453728762.200316] NAO: jam seems like a good word to write
[INFO] [WallTime: 1453728764.502882] Clearing display
[INFO] [WallTime: 1453728765.523866] STATE: PUBLISHING_WORD
writing_surface
writing_surface
writing_surface
writing_surface
writing_surface
writing_surface
writing_surface
writing_surface
writing_surface
writing_surface
writing_surface
writing_surface
writing_surface
writing_surface
writing_surface
writing_surface
writing_surface
writing_surface
writing_surface
writing_surface
writing_surface
writing_surface
writing_surface
writing_surface
writing_surface
writing_surface
writing_surface
writing_surface
writing_surface
writing_surface
writing_surface
writing_surface
writing_surface
writing_surface
writing_surface
writing_surface
writing_surface
writing_surface
writing_surface
writing_surface
writing_surface
writing_surface
writing_surface
writing_surface
writing_surface
writing_surface
writing_surface
writing_surface
writing_surface
writing_surface
writing_surface
writing_surface
writing_surface
writing_surface
writing_surface
writing_surface
writing_surface
writing_surface
writing_surface
writing_surface
writing_surface
writing_surface
writing_surface
writing_surface
writing_surface
writing_surface
writing_surface
writing_surface
writing_surface
writing_surface
writing_surface
writing_surface
writing_surface
writing_surface
writing_surface
writing_surface
writing_surface
writing_surface
writing_surface
writing_surface
writing_surface
writing_surface
writing_surface
writing_surface
writing_surface
writing_surface
writing_surface
writing_surface
writing_surface
writing_surface
writing_surface
writing_surface
writing_surface
writing_surface
writing_surface
writing_surface
writing_surface
writing_surface
writing_surface
writing_surface
writing_surface
writing_surface
writing_surface
writing_surface
writing_surface
writing_surface
writing_surface
writing_surface
writing_surface
writing_surface
writing_surface
writing_surface
writing_surface
writing_surface
writing_surface
writing_surface
writing_surface
writing_surface
writing_surface
writing_surface
writing_surface
writing_surface
writing_surface
writing_surface
writing_surface
writing_surface
writing_surface
writing_surface
writing_surface
writing_surface
writing_surface
writing_surface
writing_surface
writing_surface
writing_surface
writing_surface
writing_surface
writing_surface
writing_surface
writing_surface
writing_surface
writing_surface
writing_surface
writing_surface
writing_surface
writing_surface
writing_surface
writing_surface
writing_surface
writing_surface
writing_surface
writing_surface
writing_surface
writing_surface
writing_surface
writing_surface
writing_surface
writing_surface
writing_surface
writing_surface
writing_surface
writing_surface
writing_surface
writing_surface
writing_surface
writing_surface
writing_surface
writing_surface
writing_surface
writing_surface
writing_surface
writing_surface
writing_surface
writing_surface
writing_surface
writing_surface
writing_surface
writing_surface
writing_surface
writing_surface
writing_surface
writing_surface
writing_surface
writing_surface
writing_surface
writing_surface
writing_surface
writing_surface
writing_surface
writing_surface
writing_surface
writing_surface
writing_surface
writing_surface
writing_surface
writing_surface
writing_surface
writing_surface
writing_surface
writing_surface
writing_surface
writing_surface
writing_surface
writing_surface
writing_surface
writing_surface
writing_surface
writing_surface
writing_surface
writing_surface
writing_surface
writing_surface
writing_surface
writing_surface
writing_surface
writing_surface
[INFO] [WallTime: 1453728766.367618] STATE: WAITING_FOR_LETTER_TO_FINISH
[INFO] [WallTime: 1453728766.463633] Haven't received a clear on 'watchdog_clear/tablet' topic
[INFO] [WallTime: 1453728768.538475] Re-connection
[INFO] [WallTime: 1453728777.457990] STATE: ASKING_FOR_FEEDBACK
[INFO] [WallTime: 1453728777.459293] PUBLISHING_WORD
[INFO] [WallTime: 1453728777.459613] Asking for feedback on word jam
[INFO] [WallTime: 1453728779.507320] NAO: Please help me
[INFO] [WallTime: 1453728780.629240] STATE: WAITING_FOR_FEEDBACK
[INFO] [WallTime: 1453728810.239806] User feedback -1
[INFO] [WallTime: 1453728813.804177] Haven't received a clear on 'watchdog_clear/tablet' topic
[INFO] [WallTime: 1453728813.880664] Re-connection
[INFO] [WallTime: 1453728813.991474] Received template demonstration for letters ['j', 'a', 'm']
[INFO] [WallTime: 1453728814.643699] STATE: WAITING_FOR_ROBOT_TO_CONNECT
[INFO] [WallTime: 1453728815.144768] STATE: RESPONDING_TO_DEMONSTRATION_FULL_WORD
[INFO] [WallTime: 1453728817.364253] NAO: That's a much better jam than mine
[INFO] [WallTime: 1453728817.365088] Downsampling of j done. Demo received for j
[INFO] [WallTime: 1453728817.367561] Downsampling of a done. Demo received for a
[INFO] [WallTime: 1453728817.369769] Downsampling of m done. Demo received for m
[INFO] [WallTime: 1453728817.374807] Clearing display
[INFO] [WallTime: 1453728818.384127] STATE: PUBLISHING_WORD
writing_surface
writing_surface
writing_surface
writing_surface
writing_surface
writing_surface
writing_surface
writing_surface
writing_surface
writing_surface
writing_surface
writing_surface
writing_surface
writing_surface
writing_surface
writing_surface
writing_surface
writing_surface
writing_surface
writing_surface
writing_surface
writing_surface
writing_surface
writing_surface
writing_surface
writing_surface
writing_surface
writing_surface
writing_surface
writing_surface
writing_surface
writing_surface
writing_surface
writing_surface
writing_surface
writing_surface
writing_surface
writing_surface
writing_surface
writing_surface
writing_surface
writing_surface
writing_surface
writing_surface
writing_surface
writing_surface
writing_surface
writing_surface
writing_surface
writing_surface
writing_surface
writing_surface
writing_surface
writing_surface
writing_surface
writing_surface
writing_surface
writing_surface
writing_surface
writing_surface
writing_surface
writing_surface
writing_surface
writing_surface
writing_surface
writing_surface
writing_surface
writing_surface
writing_surface
writing_surface
writing_surface
writing_surface
writing_surface
writing_surface
writing_surface
writing_surface
writing_surface
writing_surface
writing_surface
writing_surface
writing_surface
writing_surface
writing_surface
writing_surface
writing_surface
writing_surface
writing_surface
writing_surface
writing_surface
writing_surface
writing_surface
writing_surface
writing_surface
writing_surface
writing_surface
writing_surface
writing_surface
writing_surface
writing_surface
writing_surface
writing_surface
writing_surface
writing_surface
writing_surface
writing_surface
writing_surface
writing_surface
writing_surface
writing_surface
writing_surface
writing_surface
writing_surface
writing_surface
writing_surface
writing_surface
writing_surface
writing_surface
writing_surface
writing_surface
writing_surface
writing_surface
writing_surface
writing_surface
writing_surface
writing_surface
writing_surface
writing_surface
writing_surface
writing_surface
writing_surface
writing_surface
writing_surface
writing_surface
writing_surface
writing_surface
writing_surface
writing_surface
writing_surface
writing_surface
writing_surface
writing_surface
writing_surface
writing_surface
writing_surface
writing_surface
writing_surface
writing_surface
writing_surface
writing_surface
writing_surface
writing_surface
writing_surface
writing_surface
writing_surface
writing_surface
writing_surface
writing_surface
writing_surface
writing_surface
writing_surface
writing_surface
writing_surface
writing_surface
writing_surface
writing_surface
writing_surface
writing_surface
writing_surface
writing_surface
writing_surface
writing_surface
writing_surface
writing_surface
writing_surface
writing_surface
writing_surface
writing_surface
writing_surface
writing_surface
writing_surface
writing_surface
writing_surface
writing_surface
writing_surface
writing_surface
writing_surface
writing_surface
writing_surface
writing_surface
writing_surface
writing_surface
writing_surface
writing_surface
writing_surface
writing_surface
writing_surface
writing_surface
writing_surface
writing_surface
writing_surface
writing_surface
writing_surface
writing_surface
writing_surface
writing_surface
writing_surface
writing_surface
writing_surface
writing_surface
writing_surface
writing_surface
writing_surface
writing_surface
writing_surface
writing_surface
writing_surface
[INFO] [WallTime: 1453728819.143678] STATE: WAITING_FOR_LETTER_TO_FINISH
[INFO] [WallTime: 1453728819.203995] Haven't received a clear on 'watchdog_clear/tablet' topic
[INFO] [WallTime: 1453728821.424364] Re-connection
[INFO] [WallTime: 1453728830.592322] STATE: ASKING_FOR_FEEDBACK
[INFO] [WallTime: 1453728830.592821] PUBLISHING_WORD
[INFO] [WallTime: 1453728830.593230] Asking for feedback on word jam
[INFO] [WallTime: 1453728833.204952] NAO: Okay, what do you think?
[INFO] [WallTime: 1453728833.723373] STATE: WAITING_FOR_FEEDBACK
[INFO] [WallTime: 1453728836.928873] User feedback -1
[INFO] [WallTime: 1453728868.752516] Haven't received a clear on 'watchdog_clear/tablet' topic
[INFO] [WallTime: 1453728868.769055] Re-connection
[INFO] [WallTime: 1453728869.103993] Received template demonstration for letters ['j', 'a', 'm']
[INFO] [WallTime: 1453728870.191585] STATE: WAITING_FOR_ROBOT_TO_CONNECT
[INFO] [WallTime: 1453728870.692680] STATE: RESPONDING_TO_DEMONSTRATION_FULL_WORD
[INFO] [WallTime: 1453728872.390911] NAO: I'll try to copy you
[INFO] [WallTime: 1453728872.391994] Downsampling of j done. Demo received for j
[INFO] [WallTime: 1453728872.395346] Downsampling of a done. Demo received for a
[INFO] [WallTime: 1453728872.397916] Downsampling of m done. Demo received for m
[INFO] [WallTime: 1453728872.432108] Clearing display
[INFO] [WallTime: 1453728873.444039] STATE: PUBLISHING_WORD
writing_surface
writing_surface
writing_surface
writing_surface
writing_surface
writing_surface
writing_surface
writing_surface
writing_surface
writing_surface
writing_surface
writing_surface
writing_surface
writing_surface
writing_surface
writing_surface
writing_surface
writing_surface
writing_surface
writing_surface
writing_surface
writing_surface
writing_surface
writing_surface
writing_surface
writing_surface
writing_surface
writing_surface
writing_surface
writing_surface
writing_surface
writing_surface
writing_surface
writing_surface
writing_surface
writing_surface
writing_surface
writing_surface
writing_surface
writing_surface
writing_surface
writing_surface
writing_surface
writing_surface
writing_surface
writing_surface
writing_surface
writing_surface
writing_surface
writing_surface
writing_surface
writing_surface
writing_surface
writing_surface
writing_surface
writing_surface
writing_surface
writing_surface
writing_surface
writing_surface
writing_surface
writing_surface
writing_surface
writing_surface
writing_surface
writing_surface
writing_surface
writing_surface
writing_surface
writing_surface
writing_surface
writing_surface
writing_surface
writing_surface
writing_surface
writing_surface
writing_surface
writing_surface
writing_surface
writing_surface
writing_surface
writing_surface
writing_surface
writing_surface
writing_surface
writing_surface
writing_surface
writing_surface
writing_surface
writing_surface
writing_surface
writing_surface
writing_surface
writing_surface
writing_surface
writing_surface
writing_surface
writing_surface
writing_surface
writing_surface
writing_surface
writing_surface
writing_surface
writing_surface
writing_surface
writing_surface
writing_surface
writing_surface
writing_surface
writing_surface
writing_surface
writing_surface
writing_surface
writing_surface
writing_surface
writing_surface
writing_surface
writing_surface
writing_surface
writing_surface
writing_surface
writing_surface
writing_surface
writing_surface
writing_surface
writing_surface
writing_surface
writing_surface
writing_surface
writing_surface
writing_surface
writing_surface
writing_surface
writing_surface
writing_surface
writing_surface
writing_surface
writing_surface
writing_surface
writing_surface
writing_surface
writing_surface
writing_surface
writing_surface
writing_surface
writing_surface
writing_surface
writing_surface
writing_surface
writing_surface
writing_surface
writing_surface
writing_surface
writing_surface
writing_surface
writing_surface
writing_surface
writing_surface
writing_surface
writing_surface
writing_surface
writing_surface
writing_surface
writing_surface
writing_surface
writing_surface
writing_surface
writing_surface
writing_surface
writing_surface
writing_surface
writing_surface
writing_surface
writing_surface
writing_surface
writing_surface
writing_surface
writing_surface
writing_surface
writing_surface
writing_surface
writing_surface
writing_surface
writing_surface
writing_surface
writing_surface
writing_surface
writing_surface
writing_surface
writing_surface
writing_surface
writing_surface
writing_surface
writing_surface
writing_surface
writing_surface
writing_surface
writing_surface
writing_surface
writing_surface
writing_surface
writing_surface
writing_surface
writing_surface
writing_surface
writing_surface
writing_surface
writing_surface
writing_surface
writing_surface
writing_surface
writing_surface
writing_surface
writing_surface
writing_surface
writing_surface
[INFO] [WallTime: 1453728874.043581] STATE: WAITING_FOR_LETTER_TO_FINISH
[INFO] [WallTime: 1453728874.044189] Haven't received a clear on 'watchdog_clear/tablet' topic
[INFO] [WallTime: 1453728876.464356] Re-connection
[INFO] [WallTime: 1453728885.446463] STATE: ASKING_FOR_FEEDBACK
[INFO] [WallTime: 1453728885.446835] PUBLISHING_WORD
[INFO] [WallTime: 1453728885.447117] Asking for feedback on word jam
[INFO] [WallTime: 1453728887.708185] NAO: This is a hard word
[INFO] [WallTime: 1453728888.221894] STATE: WAITING_FOR_FEEDBACK
[INFO] [WallTime: 1453728890.689121] User feedback -1
[INFO] [WallTime: 1453728914.487157] Received template demonstration for letters ['j', 'a', 'm']
[INFO] [WallTime: 1453728915.263746] STATE: WAITING_FOR_ROBOT_TO_CONNECT
[INFO] [WallTime: 1453728915.764639] STATE: RESPONDING_TO_DEMONSTRATION_FULL_WORD
[INFO] [WallTime: 1453728917.136646] NAO: Let me try now
[INFO] [WallTime: 1453728917.137697] Downsampling of j done. Demo received for j
[INFO] [WallTime: 1453728917.139252] Downsampling of a done. Demo received for a
[INFO] [WallTime: 1453728917.145361] Downsampling of m done. Demo received for m
[INFO] [WallTime: 1453728917.147140] Clearing display
[INFO] [WallTime: 1453728918.164166] STATE: PUBLISHING_WORD
writing_surface
writing_surface
writing_surface
writing_surface
writing_surface
writing_surface
writing_surface
writing_surface
writing_surface
writing_surface
writing_surface
writing_surface
writing_surface
writing_surface
writing_surface
writing_surface
writing_surface
writing_surface
writing_surface
writing_surface
writing_surface
writing_surface
writing_surface
writing_surface
writing_surface
writing_surface
writing_surface
writing_surface
writing_surface
writing_surface
writing_surface
writing_surface
writing_surface
writing_surface
writing_surface
writing_surface
writing_surface
writing_surface
writing_surface
writing_surface
writing_surface
writing_surface
writing_surface
writing_surface
writing_surface
writing_surface
writing_surface
writing_surface
writing_surface
writing_surface
writing_surface
writing_surface
writing_surface
writing_surface
writing_surface
writing_surface
writing_surface
writing_surface
writing_surface
writing_surface
writing_surface
writing_surface
writing_surface
writing_surface
writing_surface
writing_surface
writing_surface
writing_surface
writing_surface
writing_surface
writing_surface
writing_surface
writing_surface
writing_surface
writing_surface
writing_surface
writing_surface
writing_surface
writing_surface
writing_surface
writing_surface
writing_surface
writing_surface
writing_surface
writing_surface
writing_surface
writing_surface
writing_surface
writing_surface
writing_surface
writing_surface
writing_surface
writing_surface
writing_surface
writing_surface
writing_surface
writing_surface
writing_surface
writing_surface
writing_surface
writing_surface
writing_surface
writing_surface
writing_surface
writing_surface
writing_surface
writing_surface
writing_surface
writing_surface
writing_surface
writing_surface
writing_surface
writing_surface
writing_surface
writing_surface
writing_surface
writing_surface
writing_surface
writing_surface
writing_surface
writing_surface
writing_surface
writing_surface
writing_surface
writing_surface
writing_surface
writing_surface
writing_surface
writing_surface
writing_surface
writing_surface
writing_surface
writing_surface
writing_surface
writing_surface
writing_surface
writing_surface
writing_surface
writing_surface
writing_surface
writing_surface
writing_surface
writing_surface
writing_surface
writing_surface
writing_surface
writing_surface
writing_surface
writing_surface
writing_surface
writing_surface
writing_surface
writing_surface
writing_surface
writing_surface
writing_surface
writing_surface
writing_surface
writing_surface
writing_surface
writing_surface
writing_surface
writing_surface
writing_surface
writing_surface
writing_surface
writing_surface
writing_surface
writing_surface
writing_surface
writing_surface
writing_surface
writing_surface
writing_surface
writing_surface
writing_surface
writing_surface
writing_surface
writing_surface
writing_surface
writing_surface
writing_surface
writing_surface
writing_surface
writing_surface
writing_surface
writing_surface
writing_surface
writing_surface
writing_surface
writing_surface
writing_surface
writing_surface
writing_surface
writing_surface
writing_surface
writing_surface
writing_surface
writing_surface
writing_surface
writing_surface
writing_surface
writing_surface
writing_surface
writing_surface
writing_surface
writing_surface
writing_surface
writing_surface
writing_surface
writing_surface
writing_surface
writing_surface
writing_surface
writing_surface
writing_surface
[INFO] [WallTime: 1453728918.750382] STATE: WAITING_FOR_LETTER_TO_FINISH
[INFO] [WallTime: 1453728918.786985] Haven't received a clear on 'watchdog_clear/tablet' topic
[INFO] [WallTime: 1453728921.181925] Re-connection
[INFO] [WallTime: 1453728930.224120] STATE: ASKING_FOR_FEEDBACK
[INFO] [WallTime: 1453728930.224615] PUBLISHING_WORD
[INFO] [WallTime: 1453728930.224879] Asking for feedback on word jam
[INFO] [WallTime: 1453728932.865329] NAO: Is this how you write it?
[INFO] [WallTime: 1453728933.664262] STATE: WAITING_FOR_FEEDBACK
[INFO] [WallTime: 1453728940.716734] User feedback +1
[INFO] [WallTime: 1453728965.092406] Received template demonstration for letters ['j', 'a', 'm']
[INFO] [WallTime: 1453728966.164740] STATE: WAITING_FOR_ROBOT_TO_CONNECT
[INFO] [WallTime: 1453728966.665921] STATE: RESPONDING_TO_DEMONSTRATION_FULL_WORD
[INFO] [WallTime: 1453728967.736543] NAO: Thank you
[INFO] [WallTime: 1453728967.737524] Downsampling of j done. Demo received for j
[INFO] [WallTime: 1453728967.744678] Downsampling of a done. Demo received for a
[INFO] [WallTime: 1453728967.749239] Downsampling of m done. Demo received for m
[INFO] [WallTime: 1453728967.751119] Clearing display
[INFO] [WallTime: 1453728968.754360] STATE: PUBLISHING_WORD
writing_surface
writing_surface
writing_surface
writing_surface
writing_surface
writing_surface
writing_surface
writing_surface
writing_surface
writing_surface
writing_surface
writing_surface
writing_surface
writing_surface
writing_surface
writing_surface
writing_surface
writing_surface
writing_surface
writing_surface
writing_surface
writing_surface
writing_surface
writing_surface
writing_surface
writing_surface
writing_surface
writing_surface
writing_surface
writing_surface
writing_surface
writing_surface
writing_surface
writing_surface
writing_surface
writing_surface
writing_surface
writing_surface
writing_surface
writing_surface
writing_surface
writing_surface
writing_surface
writing_surface
writing_surface
writing_surface
writing_surface
writing_surface
writing_surface
writing_surface
writing_surface
writing_surface
writing_surface
writing_surface
writing_surface
writing_surface
writing_surface
writing_surface
writing_surface
writing_surface
writing_surface
writing_surface
writing_surface
writing_surface
writing_surface
writing_surface
writing_surface
writing_surface
writing_surface
writing_surface
writing_surface
writing_surface
writing_surface
writing_surface
writing_surface
writing_surface
writing_surface
writing_surface
writing_surface
writing_surface
writing_surface
writing_surface
writing_surface
writing_surface
writing_surface
writing_surface
writing_surface
writing_surface
writing_surface
writing_surface
writing_surface
writing_surface
writing_surface
writing_surface
writing_surface
writing_surface
writing_surface
writing_surface
writing_surface
writing_surface
writing_surface
writing_surface
writing_surface
writing_surface
writing_surface
writing_surface
writing_surface
writing_surface
writing_surface
writing_surface
writing_surface
writing_surface
writing_surface
writing_surface
writing_surface
writing_surface
writing_surface
writing_surface
writing_surface
writing_surface
writing_surface
writing_surface
writing_surface
writing_surface
writing_surface
writing_surface
writing_surface
writing_surface
writing_surface
writing_surface
writing_surface
writing_surface
writing_surface
writing_surface
writing_surface
writing_surface
writing_surface
writing_surface
writing_surface
writing_surface
writing_surface
writing_surface
writing_surface
writing_surface
writing_surface
writing_surface
writing_surface
writing_surface
writing_surface
writing_surface
writing_surface
writing_surface
writing_surface
writing_surface
writing_surface
writing_surface
writing_surface
writing_surface
writing_surface
writing_surface
writing_surface
writing_surface
writing_surface
writing_surface
writing_surface
writing_surface
writing_surface
writing_surface
writing_surface
writing_surface
writing_surface
writing_surface
writing_surface
writing_surface
writing_surface
writing_surface
writing_surface
writing_surface
writing_surface
writing_surface
writing_surface
writing_surface
writing_surface
writing_surface
writing_surface
writing_surface
writing_surface
writing_surface
writing_surface
writing_surface
writing_surface
writing_surface
writing_surface
writing_surface
writing_surface
writing_surface
writing_surface
writing_surface
writing_surface
writing_surface
writing_surface
writing_surface
writing_surface
writing_surface
writing_surface
writing_surface
writing_surface
writing_surface
writing_surface
writing_surface
writing_surface
writing_surface
writing_surface
writing_surface
writing_surface
writing_surface
[INFO] [WallTime: 1453728969.340652] Haven't received a clear on 'watchdog_clear/tablet' topic
[INFO] [WallTime: 1453728969.343496] STATE: WAITING_FOR_LETTER_TO_FINISH
[INFO] [WallTime: 1453728971.771456] Re-connection
[INFO] [WallTime: 1453728980.903609] STATE: ASKING_FOR_FEEDBACK
[INFO] [WallTime: 1453728980.904088] PUBLISHING_WORD
[INFO] [WallTime: 1453728980.904383] Asking for feedback on word jam
[INFO] [WallTime: 1453728983.436664] NAO: Please help me
[INFO] [WallTime: 1453728983.948546] STATE: WAITING_FOR_FEEDBACK
[INFO] [WallTime: 1453728990.504090] Received word: pig
[INFO] [WallTime: 1453728991.215854] STATE: WAITING_FOR_ROBOT_TO_CONNECT
[INFO] [WallTime: 1453728991.716874] STATE: RESPONDING_TO_NEW_WORD
[INFO] [WallTime: 1453728992.249666] NAO: Hopefully I can do well with this word
[INFO] [WallTime: 1453728994.650293] Clearing display
[INFO] [WallTime: 1453728995.664192] STATE: PUBLISHING_WORD
writing_surface
writing_surface
writing_surface
writing_surface
writing_surface
writing_surface
writing_surface
writing_surface
writing_surface
writing_surface
writing_surface
writing_surface
writing_surface
writing_surface
writing_surface
writing_surface
writing_surface
writing_surface
writing_surface
writing_surface
writing_surface
writing_surface
writing_surface
writing_surface
writing_surface
writing_surface
writing_surface
writing_surface
writing_surface
writing_surface
writing_surface
writing_surface
writing_surface
writing_surface
writing_surface
writing_surface
writing_surface
writing_surface
writing_surface
writing_surface
writing_surface
writing_surface
writing_surface
writing_surface
writing_surface
writing_surface
writing_surface
writing_surface
writing_surface
writing_surface
writing_surface
writing_surface
writing_surface
writing_surface
writing_surface
writing_surface
writing_surface
writing_surface
writing_surface
writing_surface
writing_surface
writing_surface
writing_surface
writing_surface
writing_surface
writing_surface
writing_surface
writing_surface
writing_surface
writing_surface
writing_surface
writing_surface
writing_surface
writing_surface
writing_surface
writing_surface
writing_surface
writing_surface
writing_surface
writing_surface
writing_surface
writing_surface
writing_surface
writing_surface
writing_surface
writing_surface
writing_surface
writing_surface
writing_surface
writing_surface
writing_surface
writing_surface
writing_surface
writing_surface
writing_surface
writing_surface
writing_surface
writing_surface
writing_surface
writing_surface
writing_surface
writing_surface
writing_surface
writing_surface
writing_surface
writing_surface
writing_surface
writing_surface
writing_surface
writing_surface
writing_surface
writing_surface
writing_surface
writing_surface
writing_surface
writing_surface
writing_surface
writing_surface
writing_surface
writing_surface
writing_surface
writing_surface
writing_surface
writing_surface
writing_surface
writing_surface
writing_surface
writing_surface
writing_surface
writing_surface
writing_surface
writing_surface
writing_surface
writing_surface
writing_surface
writing_surface
writing_surface
writing_surface
writing_surface
writing_surface
writing_surface
writing_surface
writing_surface
writing_surface
writing_surface
writing_surface
writing_surface
writing_surface
writing_surface
writing_surface
writing_surface
writing_surface
writing_surface
writing_surface
writing_surface
writing_surface
writing_surface
writing_surface
writing_surface
writing_surface
writing_surface
writing_surface
writing_surface
writing_surface
writing_surface
writing_surface
writing_surface
writing_surface
writing_surface
writing_surface
writing_surface
writing_surface
writing_surface
writing_surface
writing_surface
writing_surface
writing_surface
writing_surface
writing_surface
writing_surface
writing_surface
writing_surface
writing_surface
writing_surface
writing_surface
writing_surface
writing_surface
writing_surface
writing_surface
writing_surface
writing_surface
writing_surface
writing_surface
writing_surface
writing_surface
writing_surface
writing_surface
writing_surface
writing_surface
writing_surface
writing_surface
writing_surface
writing_surface
writing_surface
writing_surface
writing_surface
writing_surface
writing_surface
writing_surface
writing_surface
writing_surface
writing_surface
writing_surface
writing_surface
writing_surface
writing_surface
[INFO] [WallTime: 1453728996.227686] STATE: WAITING_FOR_LETTER_TO_FINISH
[INFO] [WallTime: 1453728996.264052] Haven't received a clear on 'watchdog_clear/tablet' topic
[INFO] [WallTime: 1453728998.681560] Re-connection
[INFO] [WallTime: 1453729007.564499] STATE: ASKING_FOR_FEEDBACK
[INFO] [WallTime: 1453729007.564936] PUBLISHING_WORD
[INFO] [WallTime: 1453729007.565297] Asking for feedback on word pig
[INFO] [WallTime: 1453729010.017786] NAO: Okay, what do you think?
[INFO] [WallTime: 1453729011.504561] STATE: WAITING_FOR_FEEDBACK
[INFO] [WallTime: 1453729013.244160] User feedback -1
[INFO] [WallTime: 1453729039.956923] Received template demonstration for letters ['p', 'i', 'g']
[INFO] [WallTime: 1453729040.637065] STATE: WAITING_FOR_ROBOT_TO_CONNECT
[INFO] [WallTime: 1453729041.144197] STATE: RESPONDING_TO_DEMONSTRATION_FULL_WORD
[INFO] [WallTime: 1453729043.501281] NAO: Okay, I'll try it like you
[INFO] [WallTime: 1453729043.502549] Downsampling of p done. Demo received for p
[INFO] [WallTime: 1453729043.506989] Downsampling of i done. Demo received for i
[INFO] [WallTime: 1453729043.511399] Downsampling of g done. Demo received for g
[INFO] [WallTime: 1453729043.516923] Clearing display
[INFO] [WallTime: 1453729044.524963] STATE: PUBLISHING_WORD
writing_surface
writing_surface
writing_surface
writing_surface
writing_surface
writing_surface
writing_surface
writing_surface
writing_surface
writing_surface
writing_surface
writing_surface
writing_surface
writing_surface
writing_surface
writing_surface
writing_surface
writing_surface
writing_surface
writing_surface
writing_surface
writing_surface
writing_surface
writing_surface
writing_surface
writing_surface
writing_surface
writing_surface
writing_surface
writing_surface
writing_surface
writing_surface
writing_surface
writing_surface
writing_surface
writing_surface
writing_surface
writing_surface
writing_surface
writing_surface
writing_surface
writing_surface
writing_surface
writing_surface
writing_surface
writing_surface
writing_surface
writing_surface
writing_surface
writing_surface
writing_surface
writing_surface
writing_surface
writing_surface
writing_surface
writing_surface
writing_surface
writing_surface
writing_surface
writing_surface
writing_surface
writing_surface
writing_surface
writing_surface
writing_surface
writing_surface
writing_surface
writing_surface
writing_surface
writing_surface
writing_surface
writing_surface
writing_surface
writing_surface
writing_surface
writing_surface
writing_surface
writing_surface
writing_surface
writing_surface
writing_surface
writing_surface
writing_surface
writing_surface
writing_surface
writing_surface
writing_surface
writing_surface
writing_surface
writing_surface
writing_surface
writing_surface
writing_surface
writing_surface
writing_surface
writing_surface
writing_surface
writing_surface
writing_surface
writing_surface
writing_surface
writing_surface
writing_surface
writing_surface
writing_surface
writing_surface
writing_surface
writing_surface
writing_surface
writing_surface
writing_surface
writing_surface
writing_surface
writing_surface
writing_surface
writing_surface
writing_surface
writing_surface
writing_surface
writing_surface
writing_surface
writing_surface
writing_surface
writing_surface
writing_surface
writing_surface
writing_surface
writing_surface
writing_surface
writing_surface
writing_surface
writing_surface
writing_surface
writing_surface
writing_surface
writing_surface
writing_surface
writing_surface
writing_surface
writing_surface
writing_surface
writing_surface
writing_surface
writing_surface
writing_surface
writing_surface
writing_surface
writing_surface
writing_surface
writing_surface
writing_surface
writing_surface
writing_surface
writing_surface
writing_surface
writing_surface
writing_surface
writing_surface
writing_surface
writing_surface
writing_surface
writing_surface
writing_surface
writing_surface
writing_surface
writing_surface
writing_surface
writing_surface
writing_surface
writing_surface
writing_surface
writing_surface
writing_surface
writing_surface
writing_surface
writing_surface
writing_surface
writing_surface
writing_surface
writing_surface
writing_surface
writing_surface
writing_surface
writing_surface
writing_surface
writing_surface
writing_surface
writing_surface
writing_surface
writing_surface
writing_surface
writing_surface
writing_surface
writing_surface
writing_surface
writing_surface
writing_surface
writing_surface
writing_surface
writing_surface
writing_surface
writing_surface
writing_surface
writing_surface
writing_surface
writing_surface
writing_surface
writing_surface
writing_surface
writing_surface
writing_surface
writing_surface
writing_surface
writing_surface
writing_surface
writing_surface
[INFO] [WallTime: 1453729045.126583] STATE: WAITING_FOR_LETTER_TO_FINISH
[INFO] [WallTime: 1453729045.176939] Haven't received a clear on 'watchdog_clear/tablet' topic
[INFO] [WallTime: 1453729047.563686] Re-connection
[INFO] [WallTime: 1453729056.463736] STATE: ASKING_FOR_FEEDBACK
[INFO] [WallTime: 1453729056.464328] PUBLISHING_WORD
[INFO] [WallTime: 1453729056.464871] Asking for feedback on word pig
[INFO] [WallTime: 1453729058.738380] NAO: This is a hard word
[INFO] [WallTime: 1453729059.276895] STATE: WAITING_FOR_FEEDBACK
[INFO] [WallTime: 1453729084.645795] Received template demonstration for letters ['p', 'i', 'g']
[INFO] [WallTime: 1453729085.687486] STATE: WAITING_FOR_ROBOT_TO_CONNECT
[INFO] [WallTime: 1453729086.203743] STATE: RESPONDING_TO_DEMONSTRATION_FULL_WORD
[INFO] [WallTime: 1453729088.069601] NAO: So that's how you write pig
[INFO] [WallTime: 1453729088.070891] Downsampling of p done. Demo received for p
[INFO] [WallTime: 1453729088.072990] Downsampling of i done. Demo received for i
[INFO] [WallTime: 1453729088.075892] Downsampling of g done. Demo received for g
[INFO] [WallTime: 1453729088.078650] Clearing display
[INFO] [WallTime: 1453729089.083784] STATE: PUBLISHING_WORD
writing_surface
writing_surface
writing_surface
writing_surface
writing_surface
writing_surface
writing_surface
writing_surface
writing_surface
writing_surface
writing_surface
writing_surface
writing_surface
writing_surface
writing_surface
writing_surface
writing_surface
writing_surface
writing_surface
writing_surface
writing_surface
writing_surface
writing_surface
writing_surface
writing_surface
writing_surface
writing_surface
writing_surface
writing_surface
writing_surface
writing_surface
writing_surface
writing_surface
writing_surface
writing_surface
writing_surface
writing_surface
writing_surface
writing_surface
writing_surface
writing_surface
writing_surface
writing_surface
writing_surface
writing_surface
writing_surface
writing_surface
writing_surface
writing_surface
writing_surface
writing_surface
writing_surface
writing_surface
writing_surface
writing_surface
writing_surface
writing_surface
writing_surface
writing_surface
writing_surface
writing_surface
writing_surface
writing_surface
writing_surface
writing_surface
writing_surface
writing_surface
writing_surface
writing_surface
writing_surface
writing_surface
writing_surface
writing_surface
writing_surface
writing_surface
writing_surface
writing_surface
writing_surface
writing_surface
writing_surface
writing_surface
writing_surface
writing_surface
writing_surface
writing_surface
writing_surface
writing_surface
writing_surface
writing_surface
writing_surface
writing_surface
writing_surface
writing_surface
writing_surface
writing_surface
writing_surface
writing_surface
writing_surface
writing_surface
writing_surface
writing_surface
writing_surface
writing_surface
writing_surface
writing_surface
writing_surface
writing_surface
writing_surface
writing_surface
writing_surface
writing_surface
writing_surface
writing_surface
writing_surface
writing_surface
writing_surface
writing_surface
writing_surface
writing_surface
writing_surface
writing_surface
writing_surface
writing_surface
writing_surface
writing_surface
writing_surface
writing_surface
writing_surface
writing_surface
writing_surface
writing_surface
writing_surface
writing_surface
writing_surface
writing_surface
writing_surface
writing_surface
writing_surface
writing_surface
writing_surface
writing_surface
writing_surface
writing_surface
writing_surface
writing_surface
writing_surface
writing_surface
writing_surface
writing_surface
writing_surface
writing_surface
writing_surface
writing_surface
writing_surface
writing_surface
writing_surface
writing_surface
writing_surface
writing_surface
writing_surface
writing_surface
writing_surface
writing_surface
writing_surface
writing_surface
writing_surface
writing_surface
writing_surface
writing_surface
writing_surface
writing_surface
writing_surface
writing_surface
writing_surface
writing_surface
writing_surface
writing_surface
writing_surface
writing_surface
writing_surface
writing_surface
writing_surface
writing_surface
writing_surface
writing_surface
writing_surface
writing_surface
writing_surface
writing_surface
writing_surface
writing_surface
writing_surface
writing_surface
writing_surface
writing_surface
writing_surface
writing_surface
writing_surface
writing_surface
writing_surface
writing_surface
writing_surface
writing_surface
writing_surface
writing_surface
writing_surface
writing_surface
writing_surface
writing_surface
writing_surface
writing_surface
writing_surface
writing_surface
writing_surface
writing_surface
writing_surface
[INFO] [WallTime: 1453729089.683644] STATE: WAITING_FOR_LETTER_TO_FINISH
[INFO] [WallTime: 1453729089.743579] Haven't received a clear on 'watchdog_clear/tablet' topic
[INFO] [WallTime: 1453729092.108178] Re-connection
[INFO] [WallTime: 1453729101.140103] STATE: ASKING_FOR_FEEDBACK
[INFO] [WallTime: 1453729101.140669] PUBLISHING_WORD
[INFO] [WallTime: 1453729101.141029] Asking for feedback on word pig
[INFO] [WallTime: 1453729103.485622] NAO: Is this how you write it?
[INFO] [WallTime: 1453729104.015787] STATE: WAITING_FOR_FEEDBACK
[INFO] [WallTime: 1453729108.858774] User feedback -1
[INFO] [WallTime: 1453729135.118836] Received template demonstration for letters ['p', 'i', 'g']
[INFO] [WallTime: 1453729136.184852] STATE: WAITING_FOR_ROBOT_TO_CONNECT
[INFO] [WallTime: 1453729136.685784] STATE: RESPONDING_TO_DEMONSTRATION_FULL_WORD
[INFO] [WallTime: 1453729139.027085] NAO: That's a much better pig than mine
[INFO] [WallTime: 1453729139.028686] Downsampling of p done. Demo received for p
[INFO] [WallTime: 1453729139.033395] Downsampling of i done. Demo received for i
[INFO] [WallTime: 1453729139.035237] Downsampling of g done. Demo received for g
[INFO] [WallTime: 1453729139.036821] Clearing display
[INFO] [WallTime: 1453729140.037548] STATE: PUBLISHING_WORD
writing_surface
writing_surface
writing_surface
writing_surface
writing_surface
writing_surface
writing_surface
writing_surface
writing_surface
writing_surface
writing_surface
writing_surface
writing_surface
writing_surface
writing_surface
writing_surface
writing_surface
writing_surface
writing_surface
writing_surface
writing_surface
writing_surface
writing_surface
writing_surface
writing_surface
writing_surface
writing_surface
writing_surface
writing_surface
writing_surface
writing_surface
writing_surface
writing_surface
writing_surface
writing_surface
writing_surface
writing_surface
writing_surface
writing_surface
writing_surface
writing_surface
writing_surface
writing_surface
writing_surface
writing_surface
writing_surface
writing_surface
writing_surface
writing_surface
writing_surface
writing_surface
writing_surface
writing_surface
writing_surface
writing_surface
writing_surface
writing_surface
writing_surface
writing_surface
writing_surface
writing_surface
writing_surface
writing_surface
writing_surface
writing_surface
writing_surface
writing_surface
writing_surface
writing_surface
writing_surface
writing_surface
writing_surface
writing_surface
writing_surface
writing_surface
writing_surface
writing_surface
writing_surface
writing_surface
writing_surface
writing_surface
writing_surface
writing_surface
writing_surface
writing_surface
writing_surface
writing_surface
writing_surface
writing_surface
writing_surface
writing_surface
writing_surface
writing_surface
writing_surface
writing_surface
writing_surface
writing_surface
writing_surface
writing_surface
writing_surface
writing_surface
writing_surface
writing_surface
writing_surface
writing_surface
writing_surface
writing_surface
writing_surface
writing_surface
writing_surface
writing_surface
writing_surface
writing_surface
writing_surface
writing_surface
writing_surface
writing_surface
writing_surface
writing_surface
writing_surface
writing_surface
writing_surface
writing_surface
writing_surface
writing_surface
writing_surface
writing_surface
writing_surface
writing_surface
writing_surface
writing_surface
writing_surface
writing_surface
writing_surface
writing_surface
writing_surface
writing_surface
writing_surface
writing_surface
writing_surface
writing_surface
writing_surface
writing_surface
writing_surface
writing_surface
writing_surface
writing_surface
writing_surface
writing_surface
writing_surface
writing_surface
writing_surface
writing_surface
writing_surface
writing_surface
writing_surface
writing_surface
writing_surface
writing_surface
writing_surface
writing_surface
writing_surface
writing_surface
writing_surface
writing_surface
writing_surface
writing_surface
writing_surface
writing_surface
writing_surface
writing_surface
writing_surface
writing_surface
writing_surface
writing_surface
writing_surface
writing_surface
writing_surface
writing_surface
writing_surface
writing_surface
writing_surface
writing_surface
writing_surface
writing_surface
writing_surface
writing_surface
writing_surface
writing_surface
writing_surface
writing_surface
writing_surface
writing_surface
writing_surface
writing_surface
writing_surface
writing_surface
writing_surface
writing_surface
writing_surface
writing_surface
writing_surface
writing_surface
writing_surface
writing_surface
writing_surface
writing_surface
writing_surface
writing_surface
writing_surface
writing_surface
writing_surface
writing_surface
writing_surface
writing_surface
writing_surface
[INFO] [WallTime: 1453729140.624376] STATE: WAITING_FOR_LETTER_TO_FINISH
[INFO] [WallTime: 1453729140.655049] Haven't received a clear on 'watchdog_clear/tablet' topic
[INFO] [WallTime: 1453729143.050978] Re-connection
[INFO] [WallTime: 1453729151.974383] STATE: ASKING_FOR_FEEDBACK
[INFO] [WallTime: 1453729151.974788] PUBLISHING_WORD
[INFO] [WallTime: 1453729151.975120] Asking for feedback on word pig
[INFO] [WallTime: 1453729154.009829] NAO: Please help me
[INFO] [WallTime: 1453729154.548174] STATE: WAITING_FOR_FEEDBACK
[INFO] [WallTime: 1453729159.764980] User feedback -1
[INFO] [WallTime: 1453729182.152104] Received template demonstration for letters ['p', 'i', 'g']
[INFO] [WallTime: 1453729182.779605] STATE: WAITING_FOR_ROBOT_TO_CONNECT
[INFO] [WallTime: 1453729183.280706] STATE: RESPONDING_TO_DEMONSTRATION_FULL_WORD
[INFO] [WallTime: 1453729184.936520] NAO: I'll try to copy you
[INFO] [WallTime: 1453729184.937459] Downsampling of p done. Demo received for p
[INFO] [WallTime: 1453729184.939282] Downsampling of i done. Demo received for i
[INFO] [WallTime: 1453729184.942140] Downsampling of g done. Demo received for g
[INFO] [WallTime: 1453729184.944783] Clearing display
[INFO] [WallTime: 1453729185.945419] STATE: PUBLISHING_WORD
writing_surface
writing_surface
writing_surface
writing_surface
writing_surface
writing_surface
writing_surface
writing_surface
writing_surface
writing_surface
writing_surface
writing_surface
writing_surface
writing_surface
writing_surface
writing_surface
writing_surface
writing_surface
writing_surface
writing_surface
writing_surface
writing_surface
writing_surface
writing_surface
writing_surface
writing_surface
writing_surface
writing_surface
writing_surface
writing_surface
writing_surface
writing_surface
writing_surface
writing_surface
writing_surface
writing_surface
writing_surface
writing_surface
writing_surface
writing_surface
writing_surface
writing_surface
writing_surface
writing_surface
writing_surface
writing_surface
writing_surface
writing_surface
writing_surface
writing_surface
writing_surface
writing_surface
writing_surface
writing_surface
writing_surface
writing_surface
writing_surface
writing_surface
writing_surface
writing_surface
writing_surface
writing_surface
writing_surface
writing_surface
writing_surface
writing_surface
writing_surface
writing_surface
writing_surface
writing_surface
writing_surface
writing_surface
writing_surface
writing_surface
writing_surface
writing_surface
writing_surface
writing_surface
writing_surface
writing_surface
writing_surface
writing_surface
writing_surface
writing_surface
writing_surface
writing_surface
writing_surface
writing_surface
writing_surface
writing_surface
writing_surface
writing_surface
writing_surface
writing_surface
writing_surface
writing_surface
writing_surface
writing_surface
writing_surface
writing_surface
writing_surface
writing_surface
writing_surface
writing_surface
writing_surface
writing_surface
writing_surface
writing_surface
writing_surface
writing_surface
writing_surface
writing_surface
writing_surface
writing_surface
writing_surface
writing_surface
writing_surface
writing_surface
writing_surface
writing_surface
writing_surface
writing_surface
writing_surface
writing_surface
writing_surface
writing_surface
writing_surface
writing_surface
writing_surface
writing_surface
writing_surface
writing_surface
writing_surface
writing_surface
writing_surface
writing_surface
writing_surface
writing_surface
writing_surface
writing_surface
writing_surface
writing_surface
writing_surface
writing_surface
writing_surface
writing_surface
writing_surface
writing_surface
writing_surface
writing_surface
writing_surface
writing_surface
writing_surface
writing_surface
writing_surface
writing_surface
writing_surface
writing_surface
writing_surface
writing_surface
writing_surface
writing_surface
writing_surface
writing_surface
writing_surface
writing_surface
writing_surface
writing_surface
writing_surface
writing_surface
writing_surface
writing_surface
writing_surface
writing_surface
writing_surface
writing_surface
writing_surface
writing_surface
writing_surface
writing_surface
writing_surface
writing_surface
writing_surface
writing_surface
writing_surface
writing_surface
writing_surface
writing_surface
writing_surface
writing_surface
writing_surface
writing_surface
writing_surface
writing_surface
writing_surface
writing_surface
writing_surface
writing_surface
writing_surface
writing_surface
writing_surface
writing_surface
writing_surface
writing_surface
writing_surface
writing_surface
writing_surface
writing_surface
writing_surface
writing_surface
writing_surface
writing_surface
writing_surface
writing_surface
writing_surface
writing_surface
[INFO] [WallTime: 1453729186.658615] STATE: WAITING_FOR_LETTER_TO_FINISH
[INFO] [WallTime: 1453729186.703610] Haven't received a clear on 'watchdog_clear/tablet' topic
[INFO] [WallTime: 1453729189.024189] Re-connection
[INFO] [WallTime: 1453729198.051587] STATE: ASKING_FOR_FEEDBACK
[INFO] [WallTime: 1453729198.052109] PUBLISHING_WORD
[INFO] [WallTime: 1453729198.052498] Asking for feedback on word pig
[INFO] [WallTime: 1453729200.754982] NAO: Okay, what do you think?
[INFO] [WallTime: 1453729201.293598] STATE: WAITING_FOR_FEEDBACK
[INFO] [WallTime: 1453729208.544099] User feedback -1
[INFO] [WallTime: 1453729236.088372] Received template demonstration for letters ['p', 'i', 'g']
[INFO] [WallTime: 1453729237.785002] STATE: WAITING_FOR_ROBOT_TO_CONNECT
[INFO] [WallTime: 1453729238.303577] STATE: RESPONDING_TO_DEMONSTRATION_FULL_WORD
[INFO] [WallTime: 1453729239.864161] NAO: Let me try now
[INFO] [WallTime: 1453729239.865523] Downsampling of p done. Demo received for p
[INFO] [WallTime: 1453729239.868133] Downsampling of i done. Demo received for i
[INFO] [WallTime: 1453729239.869501] Downsampling of g done. Demo received for g
[INFO] [WallTime: 1453729239.871146] Clearing display
[INFO] [WallTime: 1453729240.871516] STATE: PUBLISHING_WORD
writing_surface
writing_surface
writing_surface
writing_surface
writing_surface
writing_surface
writing_surface
writing_surface
writing_surface
writing_surface
writing_surface
writing_surface
writing_surface
writing_surface
writing_surface
writing_surface
writing_surface
writing_surface
writing_surface
writing_surface
writing_surface
writing_surface
writing_surface
writing_surface
writing_surface
writing_surface
writing_surface
writing_surface
writing_surface
writing_surface
writing_surface
writing_surface
writing_surface
writing_surface
writing_surface
writing_surface
writing_surface
writing_surface
writing_surface
writing_surface
writing_surface
writing_surface
writing_surface
writing_surface
writing_surface
writing_surface
writing_surface
writing_surface
writing_surface
writing_surface
writing_surface
writing_surface
writing_surface
writing_surface
writing_surface
writing_surface
writing_surface
writing_surface
writing_surface
writing_surface
writing_surface
writing_surface
writing_surface
writing_surface
writing_surface
writing_surface
writing_surface
writing_surface
writing_surface
writing_surface
writing_surface
writing_surface
writing_surface
writing_surface
writing_surface
writing_surface
writing_surface
writing_surface
writing_surface
writing_surface
writing_surface
writing_surface
writing_surface
writing_surface
writing_surface
writing_surface
writing_surface
writing_surface
writing_surface
writing_surface
writing_surface
writing_surface
writing_surface
writing_surface
writing_surface
writing_surface
writing_surface
writing_surface
writing_surface
writing_surface
writing_surface
writing_surface
writing_surface
writing_surface
writing_surface
writing_surface
writing_surface
writing_surface
writing_surface
writing_surface
writing_surface
writing_surface
writing_surface
writing_surface
writing_surface
writing_surface
writing_surface
writing_surface
writing_surface
writing_surface
writing_surface
writing_surface
writing_surface
writing_surface
writing_surface
writing_surface
writing_surface
writing_surface
writing_surface
writing_surface
writing_surface
writing_surface
writing_surface
writing_surface
writing_surface
writing_surface
writing_surface
writing_surface
writing_surface
writing_surface
writing_surface
writing_surface
writing_surface
writing_surface
writing_surface
writing_surface
writing_surface
writing_surface
writing_surface
writing_surface
writing_surface
writing_surface
writing_surface
writing_surface
writing_surface
writing_surface
writing_surface
writing_surface
writing_surface
writing_surface
writing_surface
writing_surface
writing_surface
writing_surface
writing_surface
writing_surface
writing_surface
writing_surface
writing_surface
writing_surface
writing_surface
writing_surface
writing_surface
writing_surface
writing_surface
writing_surface
writing_surface
writing_surface
writing_surface
writing_surface
writing_surface
writing_surface
writing_surface
writing_surface
writing_surface
writing_surface
writing_surface
writing_surface
writing_surface
writing_surface
writing_surface
writing_surface
writing_surface
writing_surface
writing_surface
writing_surface
writing_surface
writing_surface
writing_surface
writing_surface
writing_surface
writing_surface
writing_surface
writing_surface
writing_surface
writing_surface
writing_surface
writing_surface
writing_surface
writing_surface
writing_surface
writing_surface
writing_surface
writing_surface
writing_surface
writing_surface
[INFO] [WallTime: 1453729241.424199] STATE: WAITING_FOR_LETTER_TO_FINISH
[INFO] [WallTime: 1453729241.472127] Haven't received a clear on 'watchdog_clear/tablet' topic
[INFO] [WallTime: 1453729243.891632] Re-connection
[INFO] [WallTime: 1453729252.755446] STATE: ASKING_FOR_FEEDBACK
[INFO] [WallTime: 1453729252.755900] PUBLISHING_WORD
[INFO] [WallTime: 1453729252.756284] Asking for feedback on word pig
[INFO] [WallTime: 1453729255.248947] NAO: This is a hard word
[INFO] [WallTime: 1453729255.985348] STATE: WAITING_FOR_FEEDBACK
[INFO] [WallTime: 1453729260.595259] User feedback -1
[INFO] [WallTime: 1453729278.541045] Received template demonstration for letters ['p', 'i', 'g']
[INFO] [WallTime: 1453729279.663266] STATE: WAITING_FOR_ROBOT_TO_CONNECT
[INFO] [WallTime: 1453729280.185075] STATE: RESPONDING_TO_DEMONSTRATION_FULL_WORD
[INFO] [WallTime: 1453729281.864411] NAO: Thank you
[INFO] [WallTime: 1453729281.866056] Downsampling of p done. Demo received for p
[INFO] [WallTime: 1453729281.868184] Downsampling of i done. Demo received for i
[INFO] [WallTime: 1453729281.870289] Downsampling of g done. Demo received for g
[INFO] [WallTime: 1453729281.875828] Clearing display
[INFO] [WallTime: 1453729282.883648] STATE: PUBLISHING_WORD
writing_surface
writing_surface
writing_surface
writing_surface
writing_surface
writing_surface
writing_surface
writing_surface
writing_surface
writing_surface
writing_surface
writing_surface
writing_surface
writing_surface
writing_surface
writing_surface
writing_surface
writing_surface
writing_surface
writing_surface
writing_surface
writing_surface
writing_surface
writing_surface
writing_surface
writing_surface
writing_surface
writing_surface
writing_surface
writing_surface
writing_surface
writing_surface
writing_surface
writing_surface
writing_surface
writing_surface
writing_surface
writing_surface
writing_surface
writing_surface
writing_surface
writing_surface
writing_surface
writing_surface
writing_surface
writing_surface
writing_surface
writing_surface
writing_surface
writing_surface
writing_surface
writing_surface
writing_surface
writing_surface
writing_surface
writing_surface
writing_surface
writing_surface
writing_surface
writing_surface
writing_surface
writing_surface
writing_surface
writing_surface
writing_surface
writing_surface
writing_surface
writing_surface
writing_surface
writing_surface
writing_surface
writing_surface
writing_surface
writing_surface
writing_surface
writing_surface
writing_surface
writing_surface
writing_surface
writing_surface
writing_surface
writing_surface
writing_surface
writing_surface
writing_surface
writing_surface
writing_surface
writing_surface
writing_surface
writing_surface
writing_surface
writing_surface
writing_surface
writing_surface
writing_surface
writing_surface
writing_surface
writing_surface
writing_surface
writing_surface
writing_surface
writing_surface
writing_surface
writing_surface
writing_surface
writing_surface
writing_surface
writing_surface
writing_surface
writing_surface
writing_surface
writing_surface
writing_surface
writing_surface
writing_surface
writing_surface
writing_surface
writing_surface
writing_surface
writing_surface
writing_surface
writing_surface
writing_surface
writing_surface
writing_surface
writing_surface
writing_surface
writing_surface
writing_surface
writing_surface
writing_surface
writing_surface
writing_surface
writing_surface
writing_surface
writing_surface
writing_surface
writing_surface
writing_surface
writing_surface
writing_surface
writing_surface
writing_surface
writing_surface
writing_surface
writing_surface
writing_surface
writing_surface
writing_surface
writing_surface
writing_surface
writing_surface
writing_surface
writing_surface
writing_surface
writing_surface
writing_surface
writing_surface
writing_surface
writing_surface
writing_surface
writing_surface
writing_surface
writing_surface
writing_surface
writing_surface
writing_surface
writing_surface
writing_surface
writing_surface
writing_surface
writing_surface
writing_surface
writing_surface
writing_surface
writing_surface
writing_surface
writing_surface
writing_surface
writing_surface
writing_surface
writing_surface
writing_surface
writing_surface
writing_surface
writing_surface
writing_surface
writing_surface
writing_surface
writing_surface
writing_surface
writing_surface
writing_surface
writing_surface
writing_surface
writing_surface
writing_surface
writing_surface
writing_surface
writing_surface
writing_surface
writing_surface
writing_surface
writing_surface
writing_surface
writing_surface
writing_surface
writing_surface
writing_surface
writing_surface
writing_surface
writing_surface
writing_surface
writing_surface
writing_surface
writing_surface
[INFO] [WallTime: 1453729283.483815] STATE: WAITING_FOR_LETTER_TO_FINISH
[INFO] [WallTime: 1453729283.487864] Haven't received a clear on 'watchdog_clear/tablet' topic
[INFO] [WallTime: 1453729285.904157] Re-connection
[INFO] [WallTime: 1453729294.887866] STATE: ASKING_FOR_FEEDBACK
[INFO] [WallTime: 1453729294.888301] PUBLISHING_WORD
[INFO] [WallTime: 1453729294.889199] Asking for feedback on word pig
[INFO] [WallTime: 1453729297.156864] NAO: Is this how you write it?
[INFO] [WallTime: 1453729297.672207] STATE: WAITING_FOR_FEEDBACK
[INFO] [WallTime: 1453729320.118499] Received template demonstration for letters ['p', 'i', 'g']
[INFO] [WallTime: 1453729321.103673] STATE: WAITING_FOR_ROBOT_TO_CONNECT
[INFO] [WallTime: 1453729321.605024] STATE: RESPONDING_TO_DEMONSTRATION_FULL_WORD
[INFO] [WallTime: 1453729323.748807] NAO: Okay, I'll try it like you
[INFO] [WallTime: 1453729323.749904] Downsampling of p done. Demo received for p
[INFO] [WallTime: 1453729323.753752] Downsampling of i done. Demo received for i
[INFO] [WallTime: 1453729323.756469] Downsampling of g done. Demo received for g
[INFO] [WallTime: 1453729323.760580] Clearing display
[INFO] [WallTime: 1453729324.784098] STATE: PUBLISHING_WORD
writing_surface
writing_surface
writing_surface
writing_surface
writing_surface
writing_surface
writing_surface
writing_surface
writing_surface
writing_surface
writing_surface
writing_surface
writing_surface
writing_surface
writing_surface
writing_surface
writing_surface
writing_surface
writing_surface
writing_surface
writing_surface
writing_surface
writing_surface
writing_surface
writing_surface
writing_surface
writing_surface
writing_surface
writing_surface
writing_surface
writing_surface
writing_surface
writing_surface
writing_surface
writing_surface
writing_surface
writing_surface
writing_surface
writing_surface
writing_surface
writing_surface
writing_surface
writing_surface
writing_surface
writing_surface
writing_surface
writing_surface
writing_surface
writing_surface
writing_surface
writing_surface
writing_surface
writing_surface
writing_surface
writing_surface
writing_surface
writing_surface
writing_surface
writing_surface
writing_surface
writing_surface
writing_surface
writing_surface
writing_surface
writing_surface
writing_surface
writing_surface
writing_surface
writing_surface
writing_surface
writing_surface
writing_surface
writing_surface
writing_surface
writing_surface
writing_surface
writing_surface
writing_surface
writing_surface
writing_surface
writing_surface
writing_surface
writing_surface
writing_surface
writing_surface
writing_surface
writing_surface
writing_surface
writing_surface
writing_surface
writing_surface
writing_surface
writing_surface
writing_surface
writing_surface
writing_surface
writing_surface
writing_surface
writing_surface
writing_surface
writing_surface
writing_surface
writing_surface
writing_surface
writing_surface
writing_surface
writing_surface
writing_surface
writing_surface
writing_surface
writing_surface
writing_surface
writing_surface
writing_surface
writing_surface
writing_surface
writing_surface
writing_surface
writing_surface
writing_surface
writing_surface
writing_surface
writing_surface
writing_surface
writing_surface
writing_surface
writing_surface
writing_surface
writing_surface
writing_surface
writing_surface
writing_surface
writing_surface
writing_surface
writing_surface
writing_surface
writing_surface
writing_surface
writing_surface
writing_surface
writing_surface
writing_surface
writing_surface
writing_surface
writing_surface
writing_surface
writing_surface
writing_surface
writing_surface
writing_surface
writing_surface
writing_surface
writing_surface
writing_surface
writing_surface
writing_surface
writing_surface
writing_surface
writing_surface
writing_surface
writing_surface
writing_surface
writing_surface
writing_surface
writing_surface
writing_surface
writing_surface
writing_surface
writing_surface
writing_surface
writing_surface
writing_surface
writing_surface
writing_surface
writing_surface
writing_surface
writing_surface
writing_surface
writing_surface
writing_surface
writing_surface
writing_surface
writing_surface
writing_surface
writing_surface
writing_surface
writing_surface
writing_surface
writing_surface
writing_surface
writing_surface
writing_surface
writing_surface
writing_surface
writing_surface
writing_surface
writing_surface
writing_surface
writing_surface
writing_surface
writing_surface
writing_surface
writing_surface
writing_surface
writing_surface
writing_surface
writing_surface
writing_surface
writing_surface
writing_surface
writing_surface
writing_surface
writing_surface
writing_surface
writing_surface
writing_surface
[INFO] [WallTime: 1453729325.397181] STATE: WAITING_FOR_LETTER_TO_FINISH
[INFO] [WallTime: 1453729325.424161] Haven't received a clear on 'watchdog_clear/tablet' topic
[INFO] [WallTime: 1453729327.823829] Re-connection
[INFO] [WallTime: 1453729336.943649] STATE: ASKING_FOR_FEEDBACK
[INFO] [WallTime: 1453729336.944124] PUBLISHING_WORD
[INFO] [WallTime: 1453729336.944411] Asking for feedback on word pig
[INFO] [WallTime: 1453729339.244532] NAO: Please help me
[INFO] [WallTime: 1453729339.898642] STATE: WAITING_FOR_FEEDBACK
[INFO] [WallTime: 1453729356.801493] Received template demonstration for letters ['p', 'i', 'g']
[INFO] [WallTime: 1453729357.524261] STATE: WAITING_FOR_ROBOT_TO_CONNECT
[INFO] [WallTime: 1453729358.025114] STATE: RESPONDING_TO_DEMONSTRATION_FULL_WORD
[INFO] [WallTime: 1453729359.987208] NAO: So that's how you write pig
[INFO] [WallTime: 1453729359.989388] Downsampling of p done. Demo received for p
[INFO] [WallTime: 1453729359.992239] Downsampling of i done. Demo received for i
[INFO] [WallTime: 1453729359.993800] Downsampling of g done. Demo received for g
[INFO] [WallTime: 1453729359.995160] Clearing display
[INFO] [WallTime: 1453729360.996977] STATE: PUBLISHING_WORD
writing_surface
writing_surface
writing_surface
writing_surface
writing_surface
writing_surface
writing_surface
writing_surface
writing_surface
writing_surface
writing_surface
writing_surface
writing_surface
writing_surface
writing_surface
writing_surface
writing_surface
writing_surface
writing_surface
writing_surface
writing_surface
writing_surface
writing_surface
writing_surface
writing_surface
writing_surface
writing_surface
writing_surface
writing_surface
writing_surface
writing_surface
writing_surface
writing_surface
writing_surface
writing_surface
writing_surface
writing_surface
writing_surface
writing_surface
writing_surface
writing_surface
writing_surface
writing_surface
writing_surface
writing_surface
writing_surface
writing_surface
writing_surface
writing_surface
writing_surface
writing_surface
writing_surface
writing_surface
writing_surface
writing_surface
writing_surface
writing_surface
writing_surface
writing_surface
writing_surface
writing_surface
writing_surface
writing_surface
writing_surface
writing_surface
writing_surface
writing_surface
writing_surface
writing_surface
writing_surface
writing_surface
writing_surface
writing_surface
writing_surface
writing_surface
writing_surface
writing_surface
writing_surface
writing_surface
writing_surface
writing_surface
writing_surface
writing_surface
writing_surface
writing_surface
writing_surface
writing_surface
writing_surface
writing_surface
writing_surface
writing_surface
writing_surface
writing_surface
writing_surface
writing_surface
writing_surface
writing_surface
writing_surface
writing_surface
writing_surface
writing_surface
writing_surface
writing_surface
writing_surface
writing_surface
writing_surface
writing_surface
writing_surface
writing_surface
writing_surface
writing_surface
writing_surface
writing_surface
writing_surface
writing_surface
writing_surface
writing_surface
writing_surface
writing_surface
writing_surface
writing_surface
writing_surface
writing_surface
writing_surface
writing_surface
writing_surface
writing_surface
writing_surface
writing_surface
writing_surface
writing_surface
writing_surface
writing_surface
writing_surface
writing_surface
writing_surface
writing_surface
writing_surface
writing_surface
writing_surface
writing_surface
writing_surface
writing_surface
writing_surface
writing_surface
writing_surface
writing_surface
writing_surface
writing_surface
writing_surface
writing_surface
writing_surface
writing_surface
writing_surface
writing_surface
writing_surface
writing_surface
writing_surface
writing_surface
writing_surface
writing_surface
writing_surface
writing_surface
writing_surface
writing_surface
writing_surface
writing_surface
writing_surface
writing_surface
writing_surface
writing_surface
writing_surface
writing_surface
writing_surface
writing_surface
writing_surface
writing_surface
writing_surface
writing_surface
writing_surface
writing_surface
writing_surface
writing_surface
writing_surface
writing_surface
writing_surface
writing_surface
writing_surface
writing_surface
writing_surface
writing_surface
writing_surface
writing_surface
writing_surface
writing_surface
writing_surface
writing_surface
writing_surface
writing_surface
writing_surface
writing_surface
writing_surface
writing_surface
writing_surface
writing_surface
writing_surface
writing_surface
writing_surface
writing_surface
writing_surface
writing_surface
writing_surface
writing_surface
writing_surface
writing_surface
writing_surface
[INFO] [WallTime: 1453729361.687421] STATE: WAITING_FOR_LETTER_TO_FINISH
[INFO] [WallTime: 1453729361.824223] Haven't received a clear on 'watchdog_clear/tablet' topic
[INFO] [WallTime: 1453729364.089166] Re-connection
[INFO] [WallTime: 1453729373.085156] STATE: ASKING_FOR_FEEDBACK
[INFO] [WallTime: 1453729373.085637] PUBLISHING_WORD
[INFO] [WallTime: 1453729373.085927] Asking for feedback on word pig
[INFO] [WallTime: 1453729375.672644] NAO: Okay, what do you think?
[INFO] [WallTime: 1453729376.206783] STATE: WAITING_FOR_FEEDBACK
[INFO] [WallTime: 1453729378.623978] User feedback -1
[INFO] [WallTime: 1453729379.183697] STATE: STOPPING
[INFO] [WallTime: 1453729379.904276] Haven't received a clear on 'watchdog_clear/tablet' topic
[INFO] [WallTime: 1453729380.174032] Stopped
