22/05/2015 11:04:43 [WW] WARNING: QApplication was not created in the main() thread.
22/05/2015 11:04:43  FT_New_Face failed with index 0 : 90
22/05/2015 11:04:44  Starting now
22/05/2015 11:04:44  State: num5-outset
22/05/2015 11:04:57  Touch outside the sign area
22/05/2015 11:04:58  Touch outside the sign area
22/05/2015 11:04:58  [(0.67,0.27),(0.67,0.27),(0.66,0.27),(0.63,0.27),(0.61,0.27),(0.55,0.25),(0.52,0.24),(0.48,0.23),(0.46,0.23),(0.44,0.23),(0.42,0.23),(0.38,0.23),(0.35,0.23),(0.33,0.24),(0.31,0.24),(0.31,0.24),(0.32,0.25),(0.32,0.30),(0.32,0.35),(0.31,0.38),(0.30,0.41),(0.29,0.42),(0.28,0.42),(0.28,0.43),(0.29,0.44),(0.29,0.44),(0.30,0.45),(0.31,0.45),(0.31,0.46),(0.32,0.46),(0.32,0.47),(0.32,0.47),(0.35,0.46),(0.38,0.45),(0.45,0.46),(0.49,0.47),(0.56,0.46),(0.58,0.47),(0.61,0.49),(0.64,0.52),(0.66,0.54),(0.67,0.57),(0.67,0.60),(0.67,0.63),(0.65,0.66),(0.61,0.70),(0.58,0.72),(0.55,0.74),(0.48,0.77),(0.42,0.76),(0.36,0.74),(0.32,0.71),(0.30,0.68),(0.28,0.66),(0.22,0.59)]
22/05/2015 11:04:59  Touch outside the sign area
22/05/2015 11:05:00  Touch outside the sign area
22/05/2015 11:05:00  Touch outside the sign area
22/05/2015 11:05:00  [(0.67,0.23),(0.60,0.22),(0.55,0.22),(0.45,0.22),(0.37,0.21),(0.32,0.21),(0.31,0.21),(0.31,0.24),(0.33,0.29),(0.33,0.31),(0.33,0.37),(0.33,0.43),(0.32,0.47),(0.32,0.49),(0.32,0.49),(0.37,0.47),(0.47,0.45),(0.56,0.46),(0.63,0.48),(0.67,0.51),(0.71,0.56),(0.70,0.60),(0.66,0.63),(0.58,0.69),(0.53,0.72),(0.43,0.73),(0.37,0.71),(0.33,0.68),(0.29,0.65),(0.27,0.60),(0.26,0.59),(0.26,0.59),(0.26,0.59),(0.26,0.59),(0.26,0.59),(0.26,0.59)]
22/05/2015 11:05:01  Touch outside the sign area
22/05/2015 11:05:02  Touch outside the sign area
22/05/2015 11:05:02  Touch outside the sign area
22/05/2015 11:05:03  [(0.68,0.25),(0.60,0.26),(0.34,0.27),(0.29,0.34),(0.28,0.50),(0.28,0.50),(0.55,0.47),(0.67,0.57),(0.67,0.70),(0.63,0.76),(0.57,0.78),(0.48,0.76),(0.35,0.71),(0.29,0.68),(0.27,0.65),(0.26,0.65),(0.26,0.64),(0.26,0.64)]
22/05/2015 11:05:12  Clearing
22/05/2015 11:05:15  [(0.64,0.25),(0.62,0.25),(0.57,0.25),(0.52,0.25),(0.49,0.25),(0.45,0.25),(0.42,0.25),(0.39,0.25),(0.37,0.25),(0.35,0.26),(0.33,0.26),(0.32,0.26),(0.32,0.28),(0.32,0.30),(0.32,0.34),(0.32,0.36),(0.32,0.39),(0.32,0.41),(0.32,0.44),(0.32,0.45),(0.33,0.46),(0.33,0.47),(0.34,0.47),(0.36,0.47),(0.40,0.46),(0.44,0.45),(0.46,0.45),(0.51,0.45),(0.54,0.45),(0.57,0.45),(0.61,0.47),(0.63,0.48),(0.66,0.50),(0.68,0.52),(0.69,0.54),(0.71,0.57),(0.71,0.60),(0.71,0.62),(0.70,0.64),(0.68,0.67),(0.66,0.69),(0.63,0.71),(0.59,0.73),(0.54,0.74),(0.50,0.74),(0.45,0.74),(0.38,0.71),(0.30,0.66),(0.28,0.63),(0.28,0.62),(0.28,0.62)]
22/05/2015 11:05:18  [(0.64,0.24),(0.58,0.24),(0.50,0.23),(0.43,0.24),(0.39,0.24),(0.36,0.25),(0.33,0.25),(0.31,0.26),(0.31,0.28),(0.31,0.32),(0.32,0.39),(0.32,0.44),(0.33,0.48),(0.33,0.49),(0.35,0.49),(0.40,0.47),(0.47,0.46),(0.55,0.45),(0.61,0.47),(0.65,0.50)]
22/05/2015 11:05:18  State: num5-nooutset
22/05/2015 11:05:19  Touch outside the sign area
22/05/2015 11:05:22  [(0.63,0.24),(0.62,0.24),(0.60,0.24),(0.54,0.24),(0.49,0.24),(0.45,0.24),(0.41,0.24),(0.37,0.25),(0.35,0.25),(0.33,0.27),(0.32,0.28),(0.32,0.30),(0.32,0.34),(0.32,0.37),(0.32,0.39),(0.32,0.42),(0.32,0.44),(0.32,0.45),(0.33,0.46),(0.35,0.46),(0.39,0.46),(0.43,0.45),(0.50,0.44),(0.56,0.44),(0.63,0.45),(0.68,0.48),(0.71,0.51),(0.73,0.55),(0.74,0.58),(0.73,0.62),(0.70,0.66),(0.66,0.70),(0.63,0.72),(0.57,0.74),(0.53,0.75),(0.48,0.74),(0.44,0.73),(0.39,0.70),(0.35,0.66),(0.32,0.63),(0.32,0.61),(0.31,0.61),(0.31,0.61),(0.31,0.61),(0.31,0.61),(0.32,0.61)]
22/05/2015 11:05:22  State: num5-wire
22/05/2015 11:05:26  [(0.66,0.25),(0.62,0.26),(0.55,0.25),(0.48,0.25),(0.42,0.25),(0.39,0.25),(0.36,0.25),(0.35,0.25),(0.34,0.25),(0.33,0.25),(0.32,0.25),(0.32,0.25),(0.32,0.26),(0.32,0.27),(0.32,0.31),(0.33,0.36),(0.34,0.40),(0.34,0.43),(0.35,0.45),(0.35,0.45),(0.35,0.46),(0.35,0.46),(0.35,0.46),(0.35,0.46),(0.35,0.46),(0.35,0.46),(0.35,0.45),(0.36,0.45),(0.42,0.43),(0.47,0.42),(0.52,0.42),(0.56,0.42),(0.61,0.44),(0.65,0.46),(0.70,0.51),(0.72,0.56),(0.73,0.61),(0.72,0.65),(0.70,0.68),(0.65,0.72),(0.61,0.74),(0.57,0.74),(0.50,0.75),(0.45,0.74),(0.40,0.71),(0.36,0.67),(0.33,0.64),(0.32,0.62),(0.32,0.60),(0.32,0.59),(0.32,0.59),(0.32,0.59),(0.32,0.59),(0.32,0.59),(0.32,0.59),(0.32,0.59),(0.32,0.59)]
22/05/2015 11:05:29  [(0.53,0.61),(0.41,0.57),(0.33,0.54),(0.33,0.53),(0.48,0.54),(0.63,0.57),(0.67,0.59),(0.62,0.57),(0.50,0.52),(0.44,0.50),(0.46,0.50),(0.57,0.52),(0.68,0.54),(0.70,0.54),(0.69,0.53),(0.61,0.48),(0.52,0.44),(0.49,0.42),(0.56,0.41),(0.76,0.44),(0.80,0.44),(0.69,0.37),(0.62,0.34),(0.66,0.34),(0.79,0.36),(0.81,0.36),(0.78,0.34),(0.68,0.29),(0.60,0.25),(0.57,0.23),(0.65,0.23),(0.74,0.24),(0.77,0.23),(0.66,0.17),(0.64,0.17)]
22/05/2015 11:05:29  State: num8-outset
22/05/2015 11:05:30  Touch outside the sign area
22/05/2015 11:05:31  Touch outside the sign area
22/05/2015 11:05:32  Touch outside the sign area
22/05/2015 11:05:34  [(0.63,0.41),(0.65,0.39),(0.67,0.37),(0.68,0.33),(0.67,0.30),(0.65,0.28),(0.62,0.27),(0.58,0.25),(0.54,0.24),(0.51,0.24),(0.46,0.23),(0.39,0.24),(0.35,0.25),(0.33,0.27),(0.31,0.29),(0.30,0.32),(0.30,0.34),(0.31,0.36),(0.32,0.38),(0.32,0.39),(0.33,0.40),(0.34,0.41),(0.35,0.42),(0.35,0.43),(0.35,0.43),(0.36,0.44),(0.36,0.44),(0.37,0.45),(0.38,0.45),(0.38,0.45),(0.40,0.46),(0.42,0.46),(0.44,0.47),(0.47,0.48),(0.48,0.48),(0.51,0.49),(0.54,0.49),(0.57,0.50),(0.58,0.50),(0.61,0.51),(0.62,0.52),(0.64,0.53),(0.66,0.54),(0.67,0.55),(0.68,0.56),(0.69,0.57),(0.70,0.59),(0.71,0.61),(0.71,0.63),(0.71,0.65),(0.71,0.66),(0.70,0.68),(0.68,0.69),(0.66,0.71),(0.63,0.73),(0.58,0.75),(0.55,0.75),(0.52,0.75),(0.50,0.76),(0.49,0.76),(0.46,0.76),(0.43,0.75),(0.41,0.75),(0.39,0.74),(0.36,0.73),(0.34,0.71),(0.32,0.69),(0.31,0.66),(0.30,0.63),(0.30,0.58),(0.32,0.54),(0.34,0.52),(0.39,0.50),(0.43,0.49),(0.44,0.48)]
22/05/2015 11:05:35  Touch outside the sign area
22/05/2015 11:05:35  [(0.31,0.39),(0.32,0.37),(0.34,0.34),(0.36,0.32),(0.38,0.30),(0.42,0.27),(0.46,0.25),(0.47,0.24),(0.47,0.24),(0.47,0.24),(0.46,0.24)]
22/05/2015 11:05:37  [(0.59,0.26),(0.62,0.28),(0.65,0.31),(0.67,0.34),(0.66,0.36),(0.65,0.40),(0.63,0.42),(0.61,0.43),(0.60,0.44),(0.59,0.45),(0.57,0.46),(0.54,0.47),(0.51,0.48),(0.47,0.49)]
22/05/2015 11:05:38  State: num8-nooutset
22/05/2015 11:05:39  Touch outside the sign area
22/05/2015 11:05:40  [(0.57,0.47),(0.60,0.47),(0.64,0.43),(0.66,0.39),(0.66,0.33),(0.65,0.30),(0.59,0.27),(0.54,0.25),(0.49,0.25),(0.43,0.25),(0.40,0.27),(0.37,0.29),(0.34,0.33),(0.32,0.37),(0.33,0.39),(0.35,0.42),(0.39,0.45),(0.45,0.45),(0.50,0.46),(0.57,0.48),(0.63,0.52),(0.67,0.56),(0.69,0.61),(0.69,0.66),(0.66,0.72),(0.60,0.75),(0.49,0.75),(0.34,0.69),(0.32,0.67)]
22/05/2015 11:05:42  [(0.51,0.94)]
22/05/2015 13:56:20 [WW] WARNING: QApplication was not created in the main() thread.
22/05/2015 13:56:21  FT_New_Face failed with index 0 : 90
22/05/2015 13:56:21  Starting now
22/05/2015 13:56:21  State: num5-outset
22/05/2015 13:57:08  Touch outside the sign area
22/05/2015 13:57:09  [(0.63,0.24),(0.62,0.24),(0.62,0.24),(0.62,0.23),(0.62,0.23),(0.62,0.23),(0.62,0.22),(0.62,0.22),(0.62,0.23),(0.61,0.23),(0.59,0.24),(0.57,0.25),(0.55,0.25),(0.54,0.25),(0.53,0.25),(0.52,0.25),(0.51,0.25),(0.51,0.25),(0.50,0.25),(0.50,0.25),(0.50,0.25),(0.49,0.25),(0.49,0.25),(0.48,0.25),(0.48,0.25),(0.47,0.25),(0.46,0.25),(0.45,0.25),(0.44,0.25),(0.43,0.25),(0.42,0.25),(0.40,0.25),(0.40,0.25),(0.39,0.25),(0.38,0.26),(0.38,0.26),(0.37,0.26),(0.35,0.26),(0.34,0.26),(0.33,0.26),(0.32,0.27),(0.32,0.28),(0.32,0.29),(0.31,0.30),(0.30,0.31),(0.30,0.32),(0.30,0.34),(0.30,0.35),(0.31,0.36),(0.31,0.38),(0.32,0.39),(0.32,0.40),(0.33,0.41),(0.34,0.42),(0.34,0.44),(0.35,0.45),(0.36,0.46),(0.37,0.46),(0.38,0.46),(0.40,0.46),(0.41,0.46),(0.44,0.45),(0.47,0.44),(0.49,0.44),(0.51,0.44),(0.53,0.44),(0.54,0.43),(0.56,0.44),(0.58,0.44),(0.59,0.45),(0.60,0.45),(0.62,0.46),(0.64,0.47),(0.67,0.49),(0.69,0.50),(0.71,0.51),(0.71,0.51),(0.72,0.53),(0.72,0.55),(0.72,0.57),(0.72,0.59),(0.72,0.60),(0.71,0.62),(0.69,0.63),(0.69,0.65),(0.67,0.67),(0.65,0.69),(0.63,0.70),(0.61,0.70),(0.59,0.71),(0.57,0.71),(0.54,0.72),(0.48,0.72),(0.44,0.72),(0.41,0.71),(0.38,0.70),(0.36,0.68),(0.34,0.67),(0.32,0.66),(0.31,0.65),(0.29,0.63),(0.27,0.60),(0.26,0.58),(0.25,0.55),(0.26,0.52),(0.26,0.51),(0.27,0.50)]
22/05/2015 13:57:13  State: num5-nooutset
22/05/2015 13:57:24  [(0.64,0.24),(0.63,0.24),(0.61,0.24),(0.59,0.24),(0.58,0.24),(0.57,0.24),(0.56,0.23),(0.55,0.23),(0.54,0.23),(0.53,0.23),(0.52,0.22),(0.52,0.22),(0.51,0.22),(0.50,0.22),(0.49,0.22),(0.48,0.22),(0.47,0.22),(0.46,0.22),(0.45,0.22),(0.44,0.22),(0.43,0.22),(0.42,0.22),(0.41,0.22),(0.40,0.21),(0.39,0.22),(0.39,0.22),(0.38,0.22),(0.37,0.22),(0.36,0.23),(0.36,0.24),(0.35,0.25),(0.35,0.25),(0.34,0.26),(0.33,0.26),(0.32,0.27),(0.32,0.28),(0.31,0.30),(0.31,0.31),(0.30,0.32),(0.30,0.34),(0.30,0.35),(0.30,0.36),(0.29,0.37),(0.29,0.38),(0.30,0.38),(0.30,0.39),(0.30,0.40),(0.30,0.41),(0.30,0.41),(0.31,0.42),(0.31,0.42),(0.31,0.42),(0.31,0.42),(0.31,0.42),(0.32,0.42),(0.32,0.42),(0.33,0.42),(0.34,0.42),(0.36,0.43),(0.37,0.43),(0.39,0.43),(0.40,0.43),(0.42,0.44),(0.44,0.44),(0.46,0.43),(0.47,0.43),(0.49,0.43),(0.50,0.43),(0.52,0.43),(0.54,0.43),(0.54,0.43),(0.55,0.43),(0.57,0.43),(0.58,0.43),(0.59,0.44),(0.60,0.44),(0.61,0.45),(0.62,0.46),(0.63,0.47),(0.64,0.48),(0.65,0.48),(0.65,0.49),(0.66,0.51),(0.67,0.51),(0.68,0.53),(0.68,0.54),(0.68,0.55),(0.68,0.57),(0.68,0.58),(0.68,0.60),(0.67,0.61),(0.66,0.62),(0.66,0.64),(0.66,0.65),(0.65,0.66),(0.65,0.67),(0.65,0.67),(0.65,0.68),(0.65,0.69),(0.65,0.69),(0.65,0.70),(0.65,0.71),(0.65,0.72),(0.64,0.72),(0.62,0.73),(0.61,0.74),(0.60,0.74),(0.59,0.75),(0.57,0.75),(0.56,0.75),(0.54,0.75),(0.53,0.75),(0.52,0.75),(0.51,0.75),(0.49,0.75),(0.48,0.75),(0.46,0.74),(0.45,0.74),(0.43,0.74),(0.42,0.73),(0.41,0.73),(0.39,0.73),(0.38,0.73),(0.37,0.73),(0.35,0.73),(0.34,0.72),(0.33,0.72),(0.32,0.71),(0.31,0.70),(0.30,0.67),(0.30,0.65),(0.29,0.62),(0.29,0.61),(0.29,0.60),(0.29,0.59),(0.29,0.59),(0.29,0.58),(0.29,0.58),(0.30,0.58),(0.30,0.58),(0.30,0.58),(0.30,0.58),(0.30,0.59)]
22/05/2015 13:57:41  State: num5-wire
22/05/2015 13:57:48  [(0.65,0.23),(0.65,0.23),(0.65,0.23),(0.64,0.23),(0.63,0.23),(0.62,0.23),(0.61,0.23),(0.59,0.24),(0.57,0.24),(0.54,0.24),(0.52,0.25),(0.49,0.25),(0.47,0.25),(0.45,0.25),(0.42,0.25),(0.41,0.25),(0.39,0.25),(0.38,0.24),(0.37,0.24),(0.36,0.24),(0.35,0.23),(0.34,0.23),(0.34,0.23),(0.33,0.23),(0.32,0.24),(0.32,0.24),(0.31,0.25),(0.31,0.26),(0.31,0.27),(0.31,0.27),(0.31,0.27),(0.31,0.29),(0.31,0.30),(0.32,0.31),(0.32,0.32),(0.32,0.33),(0.32,0.34),(0.33,0.35),(0.33,0.37),(0.32,0.39),(0.32,0.41),(0.32,0.42),(0.32,0.44),(0.32,0.46),(0.33,0.46),(0.33,0.46),(0.34,0.46),(0.34,0.46),(0.35,0.46),(0.36,0.45),(0.37,0.45),(0.39,0.44),(0.41,0.44),(0.43,0.44),(0.45,0.44),(0.47,0.44),(0.49,0.44),(0.51,0.45),(0.54,0.45),(0.55,0.45),(0.57,0.46),(0.59,0.46),(0.60,0.47),(0.62,0.47),(0.64,0.48),(0.65,0.49),(0.68,0.51),(0.70,0.53),(0.72,0.55),(0.73,0.57),(0.73,0.59),(0.72,0.62),(0.71,0.63),(0.68,0.65),(0.65,0.66),(0.62,0.67),(0.59,0.68),(0.58,0.68),(0.56,0.69),(0.54,0.70),(0.52,0.70),(0.51,0.71),(0.49,0.72),(0.49,0.72),(0.48,0.72),(0.46,0.72),(0.43,0.71),(0.39,0.70),(0.37,0.68),(0.35,0.66),(0.33,0.64),(0.32,0.63),(0.31,0.61),(0.31,0.60),(0.31,0.60),(0.31,0.60)]
22/05/2015 13:57:50  State: num8-outset
22/05/2015 13:57:56  Touch outside the sign area
22/05/2015 13:57:57  Touch outside the sign area
22/05/2015 13:57:59  Touch outside the sign area
22/05/2015 13:58:00  Touch outside the sign area
22/05/2015 13:58:00  Touch outside the sign area
22/05/2015 13:58:01  [(0.52,0.21),(0.54,0.21),(0.57,0.21),(0.58,0.21),(0.59,0.22),(0.61,0.23),(0.61,0.23),(0.62,0.24),(0.62,0.25),(0.63,0.25),(0.64,0.26),(0.64,0.26),(0.65,0.27),(0.65,0.27),(0.65,0.28),(0.65,0.28),(0.66,0.28),(0.66,0.28),(0.66,0.28),(0.66,0.29),(0.66,0.30),(0.66,0.31),(0.66,0.32),(0.65,0.33),(0.66,0.35),(0.66,0.38),(0.66,0.39),(0.65,0.41),(0.64,0.42),(0.63,0.43),(0.62,0.45),(0.60,0.46),(0.58,0.46),(0.57,0.46),(0.55,0.47),(0.53,0.47),(0.51,0.47),(0.49,0.47),(0.48,0.46),(0.45,0.47),(0.42,0.47),(0.40,0.46),(0.38,0.46),(0.36,0.44),(0.35,0.41),(0.35,0.38),(0.35,0.33),(0.35,0.31),(0.36,0.30),(0.36,0.29),(0.37,0.28),(0.38,0.28),(0.38,0.27),(0.40,0.26),(0.41,0.26),(0.43,0.25),(0.45,0.24),(0.47,0.24),(0.49,0.24),(0.51,0.23),(0.53,0.23),(0.54,0.24),(0.55,0.25),(0.56,0.25),(0.57,0.26),(0.57,0.27),(0.58,0.27),(0.58,0.28),(0.59,0.28),(0.59,0.29),(0.60,0.30),(0.61,0.30),(0.61,0.30),(0.61,0.30),(0.62,0.30),(0.62,0.31),(0.63,0.31),(0.64,0.31),(0.65,0.31),(0.65,0.32),(0.66,0.32),(0.67,0.34),(0.68,0.36),(0.67,0.39),(0.66,0.41),(0.65,0.44),(0.63,0.45),(0.61,0.47),(0.59,0.50),(0.58,0.51),(0.57,0.52),(0.57,0.52),(0.57,0.53),(0.57,0.53),(0.58,0.53),(0.58,0.53),(0.58,0.54),(0.59,0.54),(0.60,0.54),(0.61,0.54),(0.62,0.54),(0.63,0.54),(0.65,0.54),(0.66,0.55),(0.68,0.56),(0.69,0.58),(0.71,0.60),(0.72,0.61),(0.72,0.63),(0.72,0.64),(0.71,0.66),(0.70,0.66),(0.69,0.67),(0.68,0.68),(0.65,0.70),(0.61,0.72),(0.57,0.74),(0.54,0.75),(0.51,0.75),(0.49,0.75),(0.48,0.75),(0.47,0.75),(0.46,0.75),(0.45,0.75),(0.45,0.75),(0.44,0.75),(0.43,0.75),(0.42,0.75),(0.41,0.74),(0.39,0.73),(0.38,0.72),(0.35,0.69),(0.33,0.66),(0.32,0.61),(0.31,0.58),(0.31,0.56),(0.31,0.54),(0.33,0.52),(0.36,0.50),(0.39,0.49),(0.42,0.48),(0.44,0.48),(0.47,0.49),(0.49,0.49),(0.50,0.49),(0.51,0.49),(0.52,0.49),(0.53,0.49),(0.55,0.49),(0.58,0.49),(0.61,0.49),(0.64,0.49),(0.65,0.51),(0.68,0.53),(0.69,0.55),(0.72,0.59),(0.73,0.62),(0.72,0.64),(0.72,0.65),(0.72,0.66),(0.70,0.66),(0.69,0.66),(0.69,0.66),(0.69,0.66),(0.69,0.66),(0.69,0.66)]
22/05/2015 13:58:02  State: num8-nooutset
22/05/2015 13:58:04  Touch outside the sign area
22/05/2015 13:58:10  [(0.54,0.25),(0.57,0.25),(0.60,0.25),(0.63,0.26),(0.65,0.28),(0.67,0.28),(0.69,0.29),(0.70,0.31),(0.70,0.32),(0.70,0.34),(0.69,0.36),(0.67,0.38),(0.65,0.41),(0.63,0.42),(0.62,0.43),(0.60,0.43),(0.59,0.44),(0.58,0.44),(0.56,0.44),(0.53,0.45),(0.52,0.46),(0.49,0.46),(0.47,0.47),(0.45,0.47),(0.43,0.47),(0.40,0.47),(0.38,0.46),(0.36,0.43),(0.34,0.40),(0.34,0.36),(0.37,0.34),(0.40,0.31),(0.44,0.29),(0.47,0.27),(0.49,0.26),(0.52,0.24),(0.55,0.23),(0.57,0.23),(0.58,0.23),(0.60,0.24),(0.61,0.25),(0.62,0.25),(0.64,0.26),(0.65,0.28),(0.67,0.29),(0.68,0.31),(0.68,0.33),(0.69,0.34),(0.68,0.35),(0.68,0.36),(0.68,0.37),(0.67,0.38),(0.66,0.39),(0.66,0.41),(0.65,0.42),(0.64,0.44),(0.62,0.46),(0.62,0.48),(0.62,0.49),(0.63,0.51),(0.64,0.53),(0.65,0.56),(0.67,0.57),(0.70,0.60),(0.71,0.61),(0.72,0.62),(0.73,0.63),(0.72,0.64),(0.71,0.65),(0.70,0.66),(0.67,0.68),(0.62,0.71),(0.56,0.74),(0.51,0.75),(0.48,0.75),(0.44,0.74),(0.40,0.73),(0.36,0.71),(0.32,0.69),(0.29,0.65),(0.28,0.62),(0.28,0.60),(0.28,0.58),(0.29,0.55),(0.31,0.53),(0.33,0.51),(0.36,0.49),(0.38,0.49),(0.41,0.49),(0.44,0.49),(0.48,0.49),(0.53,0.49),(0.56,0.50),(0.60,0.51),(0.64,0.51),(0.67,0.52),(0.69,0.53),(0.69,0.53),(0.71,0.54),(0.71,0.54),(0.72,0.56),(0.72,0.57),(0.72,0.59),(0.72,0.61),(0.72,0.63),(0.71,0.63),(0.70,0.64),(0.69,0.67)]
22/05/2015 13:58:14  State: num8-wire
22/05/2015 13:58:15  State: h-outset
22/05/2015 13:58:21  Touch outside the sign area
22/05/2015 13:58:21  Touch outside the sign area
22/05/2015 13:58:23  Touch outside the sign area
22/05/2015 13:58:24  Touch outside the sign area
22/05/2015 13:58:24  [(0.41,0.72),(0.40,0.71),(0.40,0.70),(0.39,0.68),(0.39,0.67),(0.39,0.65),(0.38,0.63),(0.39,0.62),(0.39,0.61),(0.39,0.59),(0.39,0.58),(0.39,0.57),(0.40,0.55),(0.40,0.55),(0.41,0.54),(0.41,0.54),(0.41,0.54),(0.41,0.53),(0.41,0.53),(0.42,0.49),(0.44,0.45),(0.44,0.43),(0.45,0.39),(0.44,0.37),(0.44,0.35),(0.44,0.34),(0.44,0.32),(0.45,0.31),(0.45,0.29),(0.45,0.28),(0.45,0.26),(0.45,0.25),(0.46,0.23),(0.47,0.22),(0.48,0.22),(0.49,0.21),(0.50,0.21),(0.50,0.21),(0.51,0.21),(0.52,0.22),(0.54,0.24),(0.55,0.26),(0.55,0.28),(0.55,0.30),(0.55,0.32),(0.55,0.33),(0.55,0.34),(0.55,0.35),(0.55,0.37),(0.54,0.39),(0.54,0.41),(0.54,0.43),(0.54,0.45),(0.52,0.47),(0.50,0.50),(0.49,0.52),(0.48,0.54),(0.47,0.56),(0.46,0.58),(0.46,0.58),(0.46,0.59),(0.46,0.59),(0.46,0.59),(0.47,0.60),(0.47,0.60),(0.48,0.60),(0.48,0.61),(0.48,0.61),(0.48,0.60),(0.48,0.60),(0.49,0.60),(0.50,0.60),(0.52,0.60),(0.54,0.60),(0.55,0.61),(0.57,0.62),(0.58,0.64),(0.58,0.66),(0.58,0.68),(0.58,0.70),(0.58,0.72),(0.58,0.74),(0.58,0.75),(0.59,0.76),(0.60,0.76),(0.61,0.76),(0.63,0.75),(0.65,0.73),(0.71,0.67),(0.74,0.64),(0.75,0.63),(0.75,0.63),(0.75,0.64),(0.75,0.64)]
22/05/2015 13:58:26  Touch outside the sign area
22/05/2015 13:58:27  [(0.69,0.71),(0.70,0.70),(0.71,0.70),(0.72,0.69),(0.73,0.68),(0.74,0.67),(0.74,0.67),(0.74,0.67),(0.75,0.67),(0.74,0.67),(0.73,0.68)]
22/05/2015 13:58:28  [(0.74,0.72),(0.73,0.73),(0.72,0.73),(0.72,0.73),(0.71,0.74),(0.70,0.74),(0.70,0.74),(0.70,0.75)]
22/05/2015 13:58:29  State: h-nooutset
22/05/2015 13:58:34  [(0.41,0.77),(0.42,0.75),(0.43,0.73),(0.42,0.71),(0.42,0.69),(0.41,0.67),(0.41,0.65),(0.40,0.61),(0.39,0.58),(0.38,0.55),(0.38,0.51),(0.39,0.49),(0.39,0.46),(0.39,0.45),(0.40,0.43),(0.41,0.40),(0.42,0.36),(0.43,0.32),(0.44,0.29),(0.45,0.27),(0.45,0.26),(0.46,0.25),(0.48,0.24),(0.50,0.23),(0.51,0.23),(0.53,0.24),(0.55,0.27),(0.55,0.29),(0.55,0.33),(0.56,0.37),(0.55,0.43),(0.53,0.45),(0.51,0.48),(0.49,0.51),(0.47,0.54),(0.45,0.57),(0.43,0.59),(0.41,0.61),(0.40,0.63),(0.40,0.65),(0.41,0.67),(0.42,0.68),(0.42,0.69),(0.43,0.69),(0.43,0.68),(0.47,0.62),(0.50,0.59),(0.51,0.56),(0.52,0.55),(0.52,0.54),(0.53,0.54),(0.54,0.56),(0.55,0.60),(0.55,0.63),(0.55,0.66),(0.56,0.68),(0.57,0.70),(0.58,0.74),(0.59,0.76),(0.60,0.77),(0.61,0.77),(0.65,0.73),(0.68,0.70),(0.71,0.68),(0.72,0.67),(0.74,0.67),(0.74,0.66),(0.75,0.66),(0.75,0.67),(0.75,0.67)]
22/05/2015 13:58:35  State: h-wire
22/05/2015 13:58:40  [(0.38,0.78),(0.38,0.77),(0.40,0.75),(0.41,0.73),(0.41,0.70),(0.40,0.66),(0.40,0.62),(0.39,0.59),(0.38,0.56),(0.38,0.54),(0.38,0.51),(0.38,0.49),(0.39,0.46),(0.39,0.44),(0.41,0.39),(0.44,0.33),(0.47,0.28),(0.48,0.28),(0.50,0.27),(0.51,0.26),(0.52,0.25),(0.52,0.26),(0.53,0.27),(0.55,0.30),(0.56,0.33),(0.56,0.36),(0.56,0.42),(0.55,0.47),(0.52,0.52),(0.49,0.54),(0.47,0.59),(0.46,0.62),(0.46,0.63),(0.45,0.64),(0.45,0.64),(0.45,0.63),(0.46,0.60),(0.49,0.58),(0.50,0.57),(0.51,0.57),(0.52,0.57),(0.53,0.58),(0.53,0.61),(0.53,0.65),(0.55,0.68),(0.55,0.68),(0.56,0.70),(0.55,0.71),(0.55,0.74),(0.55,0.77),(0.55,0.78),(0.57,0.79),(0.62,0.78),(0.65,0.78),(0.68,0.76),(0.70,0.74),(0.72,0.71),(0.73,0.67),(0.74,0.64),(0.77,0.63)]
22/05/2015 13:58:44  Clearing
22/05/2015 13:58:49  [(0.40,0.76),(0.41,0.74),(0.40,0.71),(0.39,0.67),(0.36,0.63),(0.35,0.59),(0.36,0.53),(0.37,0.48),(0.38,0.41),(0.39,0.37),(0.39,0.32),(0.40,0.27),(0.41,0.24),(0.42,0.21),(0.45,0.19),(0.47,0.18),(0.48,0.18),(0.50,0.20),(0.50,0.23),(0.50,0.27),(0.50,0.29),(0.49,0.34),(0.49,0.38),(0.48,0.41),(0.48,0.44),(0.48,0.45),(0.48,0.48),(0.48,0.50),(0.46,0.51),(0.45,0.54),(0.43,0.58),(0.42,0.61),(0.40,0.63),(0.40,0.63),(0.42,0.62),(0.45,0.59),(0.47,0.57),(0.49,0.56),(0.51,0.57),(0.53,0.60),(0.54,0.63),(0.55,0.66),(0.55,0.68),(0.56,0.70),(0.57,0.71),(0.58,0.72),(0.59,0.72),(0.60,0.72),(0.63,0.72),(0.66,0.71),(0.69,0.71),(0.71,0.69),(0.72,0.69),(0.73,0.68),(0.74,0.68),(0.74,0.67)]
22/05/2015 13:59:01 [WW] Can't find surface 1
22/05/2015 14:38:54 [WW] WARNING: QApplication was not created in the main() thread.
22/05/2015 14:38:54  FT_New_Face failed with index 0 : 90
22/05/2015 14:38:54  Starting now
22/05/2015 14:38:54  State: num5-outset
22/05/2015 14:39:11 [WW] WARNING: QApplication was not created in the main() thread.
22/05/2015 14:39:11  FT_New_Face failed with index 0 : 90
22/05/2015 14:39:11  Starting now
22/05/2015 14:39:11  State: num5-outset
22/05/2015 14:39:18  Touch outside the sign area
22/05/2015 14:39:21  Touch outside the sign area
22/05/2015 14:39:21  [(0.61,0.24),(0.61,0.24),(0.61,0.23),(0.60,0.23),(0.59,0.23),(0.57,0.23),(0.56,0.23),(0.55,0.23),(0.54,0.23),(0.52,0.23),(0.51,0.23),(0.50,0.22),(0.48,0.22),(0.47,0.22),(0.45,0.22),(0.44,0.23),(0.42,0.23),(0.41,0.24),(0.38,0.25),(0.37,0.25),(0.36,0.25),(0.35,0.27),(0.34,0.28),(0.34,0.30),(0.32,0.32),(0.31,0.34),(0.31,0.38),(0.31,0.39),(0.32,0.40),(0.32,0.41),(0.33,0.41),(0.34,0.41),(0.35,0.41),(0.37,0.41),(0.39,0.41),(0.42,0.40),(0.44,0.40),(0.46,0.40),(0.51,0.40),(0.53,0.40),(0.57,0.41),(0.59,0.42),(0.61,0.42),(0.62,0.42),(0.62,0.43),(0.63,0.45),(0.64,0.47),(0.65,0.50),(0.66,0.51),(0.67,0.52),(0.67,0.53),(0.67,0.53),(0.67,0.53),(0.67,0.53),(0.67,0.53),(0.67,0.53),(0.67,0.53),(0.68,0.54),(0.68,0.54),(0.68,0.55),(0.69,0.57),(0.69,0.59),(0.69,0.61),(0.68,0.64),(0.68,0.66),(0.67,0.67),(0.66,0.67),(0.65,0.68),(0.64,0.68),(0.62,0.69),(0.58,0.70),(0.53,0.72),(0.47,0.73),(0.41,0.73),(0.35,0.71),(0.31,0.69),(0.28,0.67),(0.26,0.64),(0.25,0.61),(0.24,0.58),(0.24,0.57),(0.25,0.56),(0.25,0.56),(0.26,0.55),(0.26,0.55),(0.27,0.55)]
22/05/2015 14:39:22  Touch outside the sign area
22/05/2015 14:39:23  [(0.33,0.66),(0.32,0.65),(0.30,0.64),(0.29,0.63),(0.29,0.62),(0.29,0.61),(0.29,0.59),(0.29,0.58),(0.29,0.57),(0.29,0.57),(0.28,0.56),(0.28,0.55),(0.28,0.55),(0.29,0.55)]
22/05/2015 14:39:24  [(0.32,0.64),(0.32,0.65),(0.32,0.65),(0.32,0.67),(0.32,0.68),(0.33,0.69),(0.35,0.69)]
22/05/2015 14:39:25  State: num5-nooutset
22/05/2015 14:39:26  Touch outside the sign area
22/05/2015 14:39:30  [(0.65,0.26),(0.66,0.25),(0.67,0.24),(0.67,0.24),(0.66,0.24),(0.64,0.23),(0.63,0.23),(0.61,0.22),(0.59,0.22),(0.56,0.22),(0.54,0.22),(0.53,0.22),(0.52,0.22),(0.51,0.22),(0.50,0.23),(0.49,0.23),(0.48,0.23),(0.46,0.24),(0.44,0.23),(0.42,0.23),(0.39,0.23),(0.36,0.22),(0.32,0.22),(0.31,0.22),(0.30,0.23),(0.29,0.25),(0.29,0.27),(0.29,0.30),(0.28,0.33),(0.28,0.35),(0.29,0.38),(0.30,0.41),(0.31,0.42),(0.33,0.43),(0.37,0.44),(0.42,0.45),(0.47,0.45),(0.54,0.45),(0.58,0.44),(0.59,0.44),(0.62,0.45),(0.65,0.48),(0.67,0.51),(0.69,0.54),(0.70,0.57),(0.70,0.60),(0.68,0.62),(0.67,0.64),(0.65,0.65),(0.63,0.68),(0.61,0.69),(0.59,0.71),(0.56,0.72),(0.50,0.73),(0.46,0.74),(0.42,0.74),(0.38,0.72),(0.34,0.70),(0.32,0.67),(0.31,0.63),(0.31,0.61),(0.30,0.58),(0.29,0.56),(0.28,0.55),(0.28,0.55),(0.28,0.55)]
22/05/2015 14:39:31  State: num5-wire
22/05/2015 14:39:36  [(0.69,0.26),(0.68,0.25),(0.67,0.24),(0.66,0.24),(0.65,0.23),(0.64,0.23),(0.63,0.23),(0.62,0.23),(0.59,0.23),(0.55,0.23),(0.53,0.22),(0.50,0.22),(0.47,0.22),(0.44,0.23),(0.42,0.23),(0.40,0.23),(0.38,0.24),(0.35,0.25),(0.33,0.25),(0.32,0.26),(0.32,0.27),(0.32,0.29),(0.32,0.30),(0.33,0.32),(0.33,0.34),(0.33,0.36),(0.32,0.37),(0.32,0.40),(0.32,0.42),(0.32,0.44),(0.32,0.44),(0.32,0.45),(0.33,0.45),(0.34,0.44),(0.36,0.43),(0.39,0.42),(0.43,0.41),(0.48,0.41),(0.53,0.43),(0.58,0.45),(0.62,0.47),(0.65,0.48),(0.67,0.49),(0.68,0.51),(0.70,0.52),(0.71,0.55),(0.71,0.58),(0.72,0.62),(0.72,0.64),(0.71,0.66),(0.70,0.66),(0.69,0.68),(0.66,0.70),(0.61,0.74),(0.56,0.76),(0.52,0.76),(0.50,0.75),(0.48,0.73),(0.45,0.70),(0.41,0.68),(0.38,0.66),(0.35,0.63),(0.31,0.61),(0.29,0.60),(0.28,0.59),(0.26,0.57),(0.25,0.56)]
22/05/2015 14:39:37  State: num8-outset
22/05/2015 14:39:39  Touch outside the sign area
22/05/2015 14:39:40  [(0.43,0.30),(0.43,0.29),(0.45,0.26),(0.47,0.25),(0.49,0.24),(0.52,0.24),(0.55,0.24),(0.58,0.25),(0.60,0.25),(0.63,0.27),(0.64,0.27),(0.67,0.29),(0.69,0.31),(0.69,0.34),(0.69,0.36),(0.68,0.39),(0.67,0.40),(0.65,0.42),(0.62,0.44),(0.60,0.47),(0.58,0.48),(0.57,0.48),(0.57,0.49),(0.56,0.49),(0.57,0.48),(0.57,0.48)]
22/05/2015 14:39:40  [(0.58,0.45),(0.57,0.45),(0.57,0.46),(0.57,0.46),(0.57,0.46),(0.57,0.46),(0.57,0.46)]
22/05/2015 14:39:41  Touch outside the sign area
22/05/2015 14:39:42  Touch outside the sign area
22/05/2015 14:39:44  Touch outside the sign area
22/05/2015 14:39:45  Touch outside the sign area
22/05/2015 14:39:46  Touch outside the sign area
22/05/2015 14:39:47  [(0.65,0.24),(0.65,0.25),(0.65,0.27),(0.64,0.29),(0.63,0.32),(0.64,0.35),(0.65,0.38),(0.65,0.39),(0.65,0.39),(0.65,0.39),(0.65,0.39),(0.65,0.39),(0.65,0.39),(0.65,0.39),(0.65,0.39),(0.65,0.40),(0.65,0.40),(0.63,0.42),(0.60,0.45),(0.58,0.48),(0.57,0.49),(0.56,0.49),(0.55,0.49),(0.54,0.48),(0.51,0.48),(0.48,0.48),(0.45,0.48),(0.43,0.49),(0.40,0.48),(0.37,0.46),(0.34,0.44),(0.33,0.43),(0.32,0.42),(0.32,0.40),(0.32,0.38),(0.34,0.35),(0.35,0.32),(0.37,0.30),(0.38,0.28),(0.39,0.27),(0.41,0.27),(0.42,0.27),(0.42,0.26),(0.43,0.26),(0.43,0.26),(0.43,0.26),(0.43,0.27),(0.42,0.27),(0.42,0.28),(0.40,0.30),(0.38,0.31),(0.36,0.33),(0.35,0.33),(0.34,0.34),(0.34,0.34),(0.34,0.36),(0.34,0.39),(0.34,0.40),(0.34,0.42),(0.34,0.44),(0.34,0.46),(0.33,0.51),(0.32,0.55),(0.32,0.58),(0.31,0.60),(0.31,0.62),(0.31,0.65),(0.32,0.65),(0.33,0.66),(0.34,0.66),(0.35,0.67),(0.37,0.68),(0.39,0.69),(0.43,0.70),(0.46,0.71),(0.49,0.72),(0.54,0.72),(0.59,0.72),(0.64,0.72),(0.67,0.71),(0.69,0.70),(0.70,0.68),(0.70,0.66),(0.70,0.64),(0.70,0.61),(0.69,0.58),(0.69,0.56),(0.70,0.55),(0.70,0.53),(0.68,0.51),(0.66,0.49),(0.65,0.49),(0.64,0.49),(0.63,0.49),(0.62,0.48),(0.61,0.48),(0.60,0.48),(0.60,0.48)]
22/05/2015 14:39:48  Touch outside the sign area
22/05/2015 14:39:48  Touch outside the sign area
22/05/2015 14:39:49  [(0.63,0.69),(0.65,0.70),(0.66,0.72),(0.66,0.73),(0.66,0.73),(0.66,0.71),(0.69,0.69),(0.71,0.66),(0.72,0.66),(0.72,0.66),(0.72,0.66),(0.72,0.65),(0.72,0.65),(0.72,0.65),(0.71,0.64),(0.71,0.63),(0.70,0.61),(0.69,0.59),(0.68,0.57),(0.66,0.55),(0.64,0.53),(0.62,0.51),(0.59,0.48),(0.51,0.39),(0.46,0.34),(0.45,0.34),(0.45,0.37)]
22/05/2015 14:39:52  State: num8-nooutset
22/05/2015 14:39:53  Touch outside the sign area
22/05/2015 14:39:59  [(0.47,0.27),(0.46,0.26),(0.48,0.24),(0.50,0.22),(0.52,0.22),(0.55,0.24),(0.58,0.25),(0.60,0.27),(0.63,0.28),(0.66,0.30),(0.68,0.32),(0.68,0.34),(0.68,0.36),(0.66,0.39),(0.65,0.41),(0.62,0.43),(0.60,0.45),(0.56,0.46),(0.54,0.46),(0.51,0.46),(0.48,0.45),(0.45,0.45),(0.43,0.45),(0.41,0.45),(0.40,0.44),(0.39,0.44),(0.38,0.43),(0.38,0.43),(0.37,0.42),(0.37,0.40),(0.36,0.37),(0.37,0.34),(0.38,0.30),(0.39,0.27),(0.41,0.24),(0.42,0.24),(0.43,0.25),(0.44,0.25),(0.44,0.25),(0.44,0.26),(0.45,0.27),(0.44,0.28),(0.43,0.30),(0.41,0.33),(0.39,0.36),(0.37,0.40),(0.36,0.42),(0.35,0.45),(0.35,0.48),(0.34,0.51),(0.35,0.53),(0.34,0.56),(0.33,0.59),(0.32,0.61),(0.31,0.63),(0.31,0.64),(0.32,0.65),(0.33,0.66),(0.35,0.68),(0.38,0.70),(0.42,0.72),(0.45,0.73),(0.48,0.73),(0.48,0.72),(0.49,0.71),(0.51,0.71),(0.52,0.70),(0.55,0.71),(0.57,0.71),(0.58,0.72),(0.61,0.73),(0.63,0.73),(0.65,0.72),(0.66,0.72),(0.67,0.70),(0.68,0.70),(0.69,0.68),(0.70,0.65),(0.71,0.62),(0.72,0.58),(0.71,0.55),(0.68,0.53),(0.64,0.52),(0.57,0.50),(0.49,0.50),(0.44,0.50),(0.42,0.50),(0.40,0.50),(0.40,0.50),(0.39,0.49)]
22/05/2015 14:40:00  State: num8-wire
22/05/2015 14:40:01  [(0.64,0.42),(0.65,0.40)]
22/05/2015 14:40:06  [(0.49,0.46),(0.51,0.46),(0.54,0.47),(0.56,0.47),(0.58,0.48),(0.60,0.49),(0.61,0.50),(0.62,0.51),(0.62,0.51),(0.63,0.52),(0.63,0.52),(0.64,0.53),(0.65,0.53),(0.65,0.54),(0.66,0.55),(0.68,0.57),(0.69,0.59),(0.70,0.62),(0.70,0.64),(0.69,0.68),(0.68,0.71),(0.65,0.73),(0.62,0.75),(0.56,0.76),(0.53,0.77),(0.50,0.78),(0.46,0.77),(0.43,0.76),(0.41,0.74),(0.38,0.72),(0.35,0.70),(0.33,0.68),(0.32,0.65),(0.31,0.63),(0.31,0.62),(0.31,0.61),(0.31,0.60),(0.32,0.60),(0.32,0.59),(0.32,0.58),(0.34,0.57),(0.37,0.55),(0.39,0.54),(0.41,0.53),(0.43,0.52),(0.46,0.51),(0.50,0.50),(0.53,0.49),(0.55,0.49),(0.56,0.48),(0.57,0.48),(0.58,0.47),(0.60,0.46),(0.61,0.45),(0.62,0.45),(0.63,0.44),(0.65,0.42),(0.66,0.40),(0.68,0.39),(0.69,0.37),(0.69,0.36),(0.69,0.35),(0.69,0.33),(0.68,0.32),(0.66,0.30),(0.64,0.28),(0.60,0.26),(0.55,0.24),(0.50,0.23),(0.46,0.22),(0.42,0.23),(0.39,0.25),(0.36,0.27),(0.34,0.30),(0.32,0.33),(0.31,0.37),(0.31,0.40),(0.31,0.42),(0.33,0.43),(0.36,0.43),(0.40,0.44),(0.44,0.45),(0.47,0.48),(0.51,0.50),(0.53,0.51),(0.54,0.51)]
22/05/2015 14:40:07  State: h-outset
22/05/2015 14:40:10  Touch outside the sign area
22/05/2015 14:40:12  Touch outside the sign area
22/05/2015 14:40:13  Touch outside the sign area
22/05/2015 14:40:13  [(0.42,0.67),(0.41,0.65),(0.40,0.63),(0.39,0.61),(0.39,0.60),(0.39,0.59),(0.40,0.58),(0.39,0.58),(0.39,0.58),(0.39,0.58),(0.39,0.58),(0.39,0.58),(0.39,0.59),(0.39,0.61),(0.39,0.63),(0.39,0.67),(0.39,0.71),(0.39,0.74),(0.39,0.75),(0.39,0.75),(0.39,0.75),(0.39,0.72),(0.40,0.70),(0.41,0.65),(0.41,0.59),(0.41,0.56),(0.40,0.54),(0.40,0.49),(0.40,0.42),(0.39,0.37),(0.38,0.31),(0.41,0.27),(0.43,0.25),(0.45,0.24),(0.45,0.24),(0.46,0.24),(0.48,0.24),(0.51,0.25),(0.53,0.26),(0.54,0.26),(0.55,0.27),(0.55,0.28),(0.55,0.30),(0.55,0.31),(0.55,0.33),(0.55,0.36),(0.54,0.40),(0.53,0.44),(0.53,0.46),(0.52,0.49),(0.52,0.51),(0.52,0.53),(0.52,0.55),(0.51,0.58),(0.50,0.59),(0.50,0.59),(0.49,0.60),(0.49,0.60),(0.49,0.61),(0.48,0.61),(0.48,0.61),(0.49,0.61),(0.49,0.60),(0.51,0.60),(0.52,0.60),(0.53,0.60),(0.53,0.61),(0.53,0.64),(0.54,0.66),(0.55,0.70),(0.55,0.72),(0.56,0.74),(0.57,0.75),(0.60,0.77),(0.63,0.77),(0.65,0.77),(0.67,0.77),(0.69,0.76),(0.70,0.74),(0.71,0.72),(0.71,0.70),(0.71,0.69),(0.71,0.69),(0.70,0.68),(0.70,0.67),(0.70,0.67),(0.70,0.67),(0.71,0.66),(0.71,0.66)]
22/05/2015 14:40:14  Touch outside the sign area
22/05/2015 14:40:14  [(0.69,0.80),(0.68,0.79),(0.68,0.77),(0.70,0.72),(0.72,0.69),(0.72,0.68),(0.72,0.68),(0.72,0.69),(0.72,0.71),(0.71,0.74),(0.69,0.76),(0.68,0.77),(0.67,0.78),(0.68,0.77),(0.69,0.77)]
22/05/2015 14:40:15  State: h-nooutset
22/05/2015 14:40:20  [(0.40,0.75),(0.40,0.75),(0.39,0.76),(0.39,0.76),(0.39,0.76),(0.40,0.73),(0.40,0.71),(0.40,0.70),(0.39,0.67),(0.38,0.65),(0.38,0.61),(0.37,0.59),(0.38,0.55),(0.38,0.52),(0.38,0.48),(0.38,0.43),(0.38,0.39),(0.38,0.34),(0.39,0.30),(0.39,0.27),(0.40,0.24),(0.42,0.22),(0.44,0.21),(0.48,0.22),(0.50,0.24),(0.54,0.27),(0.56,0.32),(0.56,0.37),(0.55,0.39),(0.52,0.44),(0.49,0.48),(0.47,0.52),(0.45,0.55),(0.44,0.57),(0.43,0.59),(0.43,0.59),(0.44,0.60),(0.45,0.60),(0.47,0.60),(0.49,0.60),(0.52,0.62),(0.54,0.66),(0.56,0.69),(0.57,0.72),(0.58,0.74),(0.59,0.76),(0.60,0.79),(0.61,0.80),(0.62,0.81),(0.65,0.80),(0.71,0.76),(0.73,0.74),(0.74,0.72),(0.74,0.70),(0.74,0.70),(0.74,0.70),(0.74,0.69),(0.74,0.69)]
22/05/2015 14:40:20  State: h-wire
22/05/2015 14:40:25  [(0.40,0.71),(0.39,0.71),(0.38,0.71),(0.38,0.71),(0.39,0.70),(0.39,0.69),(0.39,0.66),(0.40,0.64),(0.41,0.62),(0.41,0.58),(0.41,0.54),(0.40,0.48),(0.41,0.44),(0.42,0.37),(0.43,0.32),(0.44,0.29),(0.46,0.27),(0.48,0.27),(0.50,0.27),(0.51,0.27),(0.52,0.32),(0.52,0.36),(0.51,0.45),(0.50,0.52),(0.49,0.55),(0.48,0.59),(0.47,0.61),(0.46,0.62),(0.45,0.63),(0.43,0.63),(0.43,0.64),(0.44,0.65),(0.46,0.64),(0.47,0.62),(0.48,0.61),(0.49,0.59),(0.50,0.59),(0.52,0.59),(0.54,0.60),(0.56,0.62),(0.57,0.65),(0.58,0.67),(0.59,0.68),(0.60,0.71),(0.61,0.72),(0.62,0.74),(0.64,0.75),(0.64,0.76),(0.65,0.76),(0.65,0.76),(0.65,0.76),(0.66,0.76),(0.67,0.76),(0.67,0.76),(0.68,0.75),(0.69,0.73),(0.71,0.70),(0.72,0.68),(0.72,0.67),(0.72,0.67),(0.72,0.66),(0.72,0.66),(0.73,0.66)]
22/05/2015 14:40:32  [(0.56,0.93)]
08/06/2015 16:08:56 [WW] WARNING: QApplication was not created in the main() thread.
08/06/2015 16:08:57  FT_New_Face failed with index 0 : 90
08/06/2015 16:08:57  Starting now
08/06/2015 16:08:57  State: num5-outset
08/06/2015 16:09:09  Touch outside the sign area
08/06/2015 16:09:10  [(0.62,0.26),(0.62,0.25),(0.62,0.25),(0.62,0.25),(0.58,0.24),(0.51,0.23),(0.43,0.23),(0.36,0.24),(0.33,0.25),(0.32,0.26),(0.31,0.29),(0.33,0.37),(0.32,0.43),(0.32,0.45),(0.33,0.48),(0.35,0.47),(0.42,0.43),(0.50,0.42),(0.59,0.43),(0.70,0.50),(0.72,0.56),(0.72,0.62),(0.66,0.68),(0.60,0.73),(0.48,0.73),(0.39,0.71),(0.32,0.66),(0.29,0.62),(0.27,0.59),(0.26,0.56),(0.24,0.53),(0.22,0.52),(0.22,0.51),(0.19,0.50),(0.13,0.52),(0.00,0.59),(-0.07,0.66),(-0.11,0.76),(-0.11,0.81),(-0.09,0.84),(-0.05,0.87),(0.02,0.87),(0.09,0.86),(0.18,0.83),(0.24,0.80),(0.27,0.79),(0.29,0.78)]
08/06/2015 16:09:13  Touch outside the sign area
08/06/2015 16:09:13  [(0.99,0.68),(0.90,0.69),(0.79,0.70),(0.67,0.72),(0.55,0.73),(0.41,0.76),(0.29,0.79)]
08/06/2015 16:09:15  State: num5-nooutset
08/06/2015 16:09:23  [(0.65,0.25),(0.63,0.25),(0.60,0.25),(0.56,0.24),(0.48,0.24),(0.43,0.23),(0.36,0.24),(0.32,0.25),(0.29,0.26),(0.28,0.29),(0.29,0.34),(0.30,0.37),(0.30,0.41),(0.31,0.44),(0.32,0.46),(0.34,0.49),(0.36,0.49),(0.39,0.48),(0.43,0.46),(0.49,0.45),(0.55,0.45),(0.60,0.45),(0.65,0.46),(0.71,0.45),(0.77,0.44),(0.81,0.45),(0.86,0.45),(0.88,0.46),(0.91,0.48),(0.92,0.50),(0.92,0.53),(0.90,0.56),(0.86,0.60),(0.82,0.62),(0.79,0.65),(0.75,0.67),(0.69,0.69),(0.64,0.72),(0.59,0.74),(0.53,0.76),(0.48,0.77),(0.43,0.77),(0.37,0.75),(0.33,0.72),(0.30,0.68),(0.29,0.64),(0.28,0.61),(0.28,0.59),(0.28,0.58),(0.28,0.58),(0.28,0.58),(0.28,0.58)]
08/06/2015 16:09:24  State: num5-wire
08/06/2015 16:09:28  [(0.67,0.27),(0.66,0.26),(0.65,0.26),(0.64,0.26),(0.62,0.26),(0.60,0.26),(0.58,0.26),(0.55,0.27),(0.53,0.28),(0.51,0.29),(0.48,0.31),(0.45,0.32),(0.42,0.34),(0.39,0.37),(0.36,0.41),(0.32,0.46),(0.32,0.48),(0.31,0.49),(0.31,0.50),(0.31,0.50),(0.31,0.49),(0.32,0.49),(0.33,0.49),(0.34,0.49),(0.35,0.50),(0.36,0.52),(0.39,0.55),(0.42,0.58),(0.44,0.61),(0.45,0.65),(0.48,0.69),(0.50,0.73),(0.51,0.75),(0.52,0.76),(0.52,0.77),(0.52,0.77),(0.52,0.77),(0.51,0.76),(0.50,0.76),(0.48,0.76),(0.44,0.75),(0.39,0.75),(0.34,0.76),(0.30,0.76),(0.27,0.76),(0.25,0.77),(0.25,0.77),(0.25,0.77)]
08/06/2015 16:09:28  State: num8-outset
08/06/2015 16:09:31  Touch outside the sign area
08/06/2015 16:09:32  Touch outside the sign area
08/06/2015 16:09:32  Touch outside the sign area
08/06/2015 16:09:33  Touch outside the sign area
08/06/2015 16:09:33  Touch outside the sign area
08/06/2015 16:09:34  Touch outside the sign area
08/06/2015 16:09:37  [(0.54,0.51),(0.52,0.51),(0.50,0.52),(0.46,0.50),(0.42,0.48),(0.37,0.45),(0.33,0.40),(0.34,0.36),(0.39,0.30),(0.45,0.26),(0.51,0.25),(0.60,0.26),(0.68,0.30),(0.69,0.35),(0.66,0.40),(0.62,0.45),(0.57,0.49),(0.48,0.50),(0.39,0.48),(0.34,0.43),(0.33,0.37),(0.35,0.30),(0.44,0.24),(0.58,0.25),(0.65,0.29),(0.70,0.35),(0.69,0.42),(0.62,0.47),(0.54,0.49),(0.41,0.47),(0.36,0.43),(0.35,0.35),(0.40,0.29),(0.50,0.26),(0.58,0.27),(0.65,0.33),(0.65,0.39),(0.61,0.47),(0.54,0.50),(0.45,0.49),(0.34,0.46),(0.31,0.41),(0.32,0.36),(0.40,0.29),(0.47,0.27),(0.58,0.29),(0.64,0.33),(0.62,0.39),(0.54,0.43),(0.46,0.45),(0.39,0.48),(0.33,0.51),(0.30,0.53),(0.29,0.56),(0.29,0.61),(0.31,0.65),(0.33,0.70),(0.41,0.74),(0.51,0.74),(0.58,0.72),(0.65,0.66),(0.65,0.62),(0.56,0.53),(0.41,0.52),(0.31,0.60),(0.33,0.70),(0.40,0.76),(0.53,0.76),(0.64,0.68),(0.67,0.62),(0.59,0.55),(0.45,0.53),(0.32,0.59),(0.36,0.71),(0.46,0.72),(0.59,0.69),(0.59,0.59),(0.40,0.54),(0.38,0.70),(0.56,0.75),(0.62,0.70),(0.44,0.60),(0.37,0.61),(0.46,0.59),(0.39,0.66),(0.52,0.62),(0.45,0.67),(0.56,0.62),(0.45,0.67),(0.55,0.65),(0.44,0.71),(0.55,0.66),(0.56,0.65),(0.38,0.65),(0.41,0.64)]
08/06/2015 16:09:37  State: num8-nooutset
08/06/2015 16:09:40  Touch outside the sign area
08/06/2015 16:09:40  [(0.78,0.45),(0.78,0.45)]
08/06/2015 16:09:42  [(0.09,0.38),(0.09,0.37),(0.10,0.37),(0.11,0.39),(0.13,0.42),(0.14,0.47),(0.14,0.52),(0.15,0.58),(0.17,0.64),(0.21,0.69),(0.26,0.71),(0.33,0.70),(0.39,0.68),(0.41,0.66),(0.45,0.61),(0.45,0.55),(0.45,0.49),(0.44,0.43),(0.42,0.38),(0.38,0.34),(0.35,0.34),(0.29,0.34),(0.24,0.37),(0.16,0.44),(0.11,0.50),(0.09,0.55),(0.09,0.59),(0.09,0.59)]
08/06/2015 16:09:44  State: num8-wire
12/06/2015 14:18:23 [WW] WARNING: QApplication was not created in the main() thread.
12/06/2015 14:18:24  FT_New_Face failed with index 0 : 90
12/06/2015 14:18:24  Starting now
12/06/2015 14:18:24  State: num5-outset
12/06/2015 14:18:56  Touch outside the sign area
12/06/2015 14:19:00  Touch outside the sign area
12/06/2015 14:19:01  Touch outside the sign area
12/06/2015 14:19:01  [(0.65,0.23),(0.65,0.23),(0.63,0.22),(0.60,0.22),(0.48,0.20),(0.40,0.20),(0.36,0.22),(0.34,0.23),(0.32,0.26),(0.32,0.30),(0.32,0.38),(0.33,0.40),(0.34,0.44),(0.34,0.45),(0.35,0.48),(0.36,0.48),(0.40,0.46),(0.45,0.45),(0.47,0.45),(0.50,0.45),(0.55,0.46),(0.56,0.47),(0.59,0.48),(0.65,0.51),(0.65,0.52),(0.66,0.54),(0.68,0.60),(0.68,0.61),(0.68,0.69),(0.62,0.76),(0.56,0.78),(0.47,0.76),(0.34,0.72),(0.29,0.68),(0.28,0.61),(0.28,0.55),(0.28,0.54),(0.28,0.54),(0.28,0.54),(0.28,0.54)]
12/06/2015 14:19:04  [(0.52,0.76),(0.53,0.76),(0.55,0.75),(0.57,0.74),(0.60,0.73),(0.63,0.71),(0.64,0.70),(0.65,0.70),(0.65,0.69),(0.66,0.69),(0.66,0.69),(0.66,0.69),(0.66,0.68),(0.66,0.68),(0.67,0.68)]
12/06/2015 14:19:05  Touch outside the sign area
12/06/2015 14:19:05  [(0.63,0.25),(0.63,0.24),(0.61,0.24),(0.61,0.24),(0.59,0.24),(0.57,0.24),(0.54,0.24),(0.51,0.23),(0.47,0.23),(0.42,0.22),(0.39,0.22),(0.37,0.22),(0.35,0.22),(0.34,0.21),(0.34,0.21),(0.33,0.21),(0.33,0.21),(0.33,0.21),(0.33,0.22),(0.33,0.22)]
12/06/2015 14:19:09  Clearing
12/06/2015 14:19:20  Touch outside the sign area
12/06/2015 14:19:20  Touch outside the sign area
12/06/2015 14:19:21  Touch outside the sign area
12/06/2015 14:19:22  [(0.66,0.26),(0.66,0.25),(0.64,0.24),(0.63,0.23),(0.61,0.23),(0.60,0.23),(0.58,0.22),(0.57,0.22),(0.55,0.22),(0.54,0.22),(0.52,0.22),(0.50,0.23),(0.48,0.23),(0.46,0.22),(0.44,0.22),(0.42,0.23),(0.41,0.23),(0.40,0.23),(0.39,0.24),(0.39,0.24),(0.38,0.25),(0.38,0.25),(0.37,0.26),(0.36,0.27),(0.35,0.28),(0.33,0.30),(0.32,0.32),(0.31,0.33),(0.32,0.33),(0.33,0.34),(0.33,0.34),(0.33,0.35),(0.33,0.35),(0.33,0.35),(0.33,0.35),(0.32,0.35),(0.33,0.35),(0.33,0.36),(0.34,0.36),(0.34,0.36),(0.33,0.36),(0.32,0.36),(0.32,0.37),(0.32,0.37),(0.32,0.38),(0.33,0.38),(0.33,0.40),(0.34,0.42),(0.34,0.43),(0.34,0.43),(0.34,0.43),(0.35,0.43),(0.35,0.42),(0.36,0.42),(0.36,0.42),(0.37,0.42),(0.37,0.42),(0.38,0.42),(0.38,0.42),(0.38,0.42),(0.39,0.42),(0.39,0.43),(0.39,0.43),(0.39,0.43),(0.39,0.43),(0.40,0.43),(0.40,0.43),(0.41,0.43),(0.41,0.43),(0.41,0.43),(0.41,0.43),(0.42,0.43),(0.42,0.44),(0.44,0.44),(0.47,0.45),(0.48,0.45),(0.48,0.45),(0.48,0.46),(0.49,0.46),(0.50,0.46),(0.51,0.45),(0.51,0.45),(0.53,0.44),(0.54,0.44),(0.55,0.44),(0.57,0.45),(0.58,0.45),(0.58,0.45),(0.59,0.45),(0.59,0.45),(0.60,0.45),(0.60,0.45),(0.60,0.45),(0.61,0.45),(0.62,0.46),(0.65,0.47),(0.66,0.47),(0.67,0.47),(0.67,0.47),(0.67,0.47),(0.67,0.47),(0.68,0.48),(0.68,0.48),(0.68,0.48),(0.68,0.48),(0.68,0.47),(0.68,0.47),(0.68,0.47),(0.68,0.47),(0.67,0.47),(0.67,0.47),(0.67,0.47),(0.67,0.47),(0.67,0.47),(0.67,0.47),(0.67,0.47),(0.67,0.47),(0.67,0.47),(0.68,0.48),(0.68,0.48),(0.68,0.48),(0.69,0.49),(0.69,0.49),(0.69,0.49),(0.69,0.49),(0.69,0.49),(0.69,0.49),(0.69,0.50),(0.69,0.51),(0.69,0.52),(0.70,0.53),(0.70,0.54),(0.70,0.55),(0.71,0.57),(0.71,0.59),(0.71,0.60),(0.70,0.63),(0.69,0.64),(0.67,0.67),(0.66,0.68),(0.65,0.69),(0.62,0.71),(0.59,0.74),(0.55,0.76),(0.49,0.77),(0.45,0.78),(0.41,0.77),(0.38,0.76),(0.34,0.75),(0.33,0.73),(0.33,0.72),(0.32,0.71),(0.30,0.68),(0.28,0.65),(0.26,0.62),(0.25,0.59),(0.25,0.57),(0.25,0.55),(0.26,0.53),(0.26,0.53),(0.26,0.53),(0.26,0.53)]
12/06/2015 14:19:24  State: num5-nooutset
12/06/2015 14:19:34  [(0.64,0.27),(0.63,0.26),(0.63,0.26),(0.62,0.25),(0.62,0.25),(0.61,0.25),(0.60,0.25),(0.57,0.25),(0.55,0.25),(0.52,0.25),(0.49,0.24),(0.46,0.24),(0.44,0.25),(0.42,0.26),(0.40,0.27),(0.37,0.27),(0.36,0.27),(0.34,0.26),(0.33,0.25),(0.31,0.25),(0.30,0.25),(0.30,0.25),(0.29,0.25),(0.28,0.25),(0.27,0.25),(0.28,0.27),(0.28,0.28),(0.29,0.29),(0.29,0.30),(0.30,0.31),(0.29,0.32),(0.30,0.32),(0.30,0.34),(0.31,0.37),(0.31,0.38),(0.31,0.39),(0.31,0.40),(0.31,0.41),(0.31,0.42),(0.31,0.42),(0.32,0.43),(0.32,0.43),(0.32,0.44),(0.32,0.45),(0.32,0.45),(0.33,0.46),(0.33,0.47),(0.34,0.48),(0.34,0.48),(0.34,0.49),(0.35,0.50),(0.35,0.52),(0.35,0.53),(0.35,0.54),(0.35,0.54),(0.36,0.55),(0.36,0.55),(0.37,0.55),(0.37,0.55),(0.38,0.55),(0.38,0.55),(0.38,0.55),(0.38,0.55),(0.38,0.55),(0.38,0.54),(0.38,0.54),(0.38,0.54),(0.38,0.54),(0.38,0.54),(0.38,0.54),(0.38,0.54),(0.38,0.54),(0.38,0.54),(0.38,0.54),(0.38,0.54),(0.38,0.54),(0.38,0.54),(0.38,0.54),(0.39,0.54),(0.39,0.54),(0.39,0.54),(0.39,0.54),(0.39,0.54),(0.39,0.54),(0.39,0.53),(0.40,0.54),(0.40,0.54),(0.41,0.53),(0.41,0.53),(0.41,0.53),(0.42,0.53),(0.42,0.53),(0.42,0.53),(0.43,0.53),(0.43,0.53),(0.44,0.52),(0.46,0.49),(0.48,0.49),(0.49,0.49),(0.49,0.49),(0.50,0.49),(0.51,0.49),(0.53,0.49),(0.56,0.48),(0.59,0.48),(0.61,0.48),(0.61,0.48),(0.62,0.48),(0.65,0.49),(0.65,0.50),(0.66,0.50),(0.67,0.51),(0.67,0.52),(0.67,0.53),(0.67,0.54),(0.67,0.54),(0.66,0.55),(0.66,0.56),(0.66,0.57),(0.66,0.57),(0.66,0.58),(0.66,0.59),(0.66,0.60),(0.65,0.61),(0.65,0.63),(0.65,0.64),(0.65,0.65),(0.64,0.65),(0.64,0.66),(0.63,0.68),(0.62,0.69),(0.61,0.72),(0.58,0.75),(0.55,0.77),(0.49,0.78),(0.47,0.79),(0.43,0.79),(0.37,0.78),(0.33,0.77),(0.31,0.75),(0.29,0.73),(0.27,0.68),(0.27,0.62),(0.27,0.59),(0.27,0.58),(0.27,0.57),(0.27,0.56),(0.27,0.53),(0.28,0.50),(0.28,0.50),(0.28,0.50),(0.28,0.50),(0.29,0.50),(0.30,0.50)]
12/06/2015 14:19:35  Clearing
12/06/2015 14:19:46  [(0.68,0.21),(0.68,0.22),(0.68,0.22),(0.68,0.23),(0.68,0.23),(0.67,0.23),(0.67,0.23),(0.66,0.23),(0.66,0.23),(0.65,0.23),(0.64,0.23),(0.64,0.24),(0.64,0.24),(0.63,0.24),(0.63,0.24),(0.61,0.24),(0.60,0.24),(0.58,0.24),(0.57,0.24),(0.55,0.24),(0.54,0.25),(0.53,0.25),(0.52,0.25),(0.51,0.25),(0.50,0.25),(0.49,0.25),(0.49,0.25),(0.48,0.25),(0.48,0.25),(0.47,0.25),(0.47,0.25),(0.46,0.25),(0.46,0.25),(0.45,0.25),(0.45,0.25),(0.43,0.26),(0.41,0.26),(0.40,0.26),(0.39,0.26),(0.39,0.26),(0.39,0.26),(0.39,0.27),(0.39,0.27),(0.39,0.27),(0.39,0.26),(0.40,0.26),(0.40,0.26),(0.40,0.26),(0.40,0.27),(0.40,0.27),(0.40,0.27),(0.40,0.27),(0.40,0.27),(0.40,0.27),(0.39,0.27),(0.39,0.27),(0.39,0.27),(0.40,0.27),(0.40,0.26),(0.40,0.26),(0.40,0.26),(0.40,0.26),(0.40,0.26),(0.40,0.26),(0.39,0.26),(0.39,0.26),(0.39,0.26),(0.39,0.26),(0.40,0.26),(0.40,0.26),(0.39,0.26),(0.39,0.26),(0.39,0.26),(0.38,0.26),(0.38,0.26),(0.37,0.26),(0.37,0.26),(0.37,0.25),(0.37,0.25),(0.37,0.25),(0.37,0.25),(0.37,0.26),(0.37,0.26),(0.36,0.26),(0.36,0.25),(0.35,0.25),(0.35,0.24),(0.34,0.23),(0.34,0.23),(0.33,0.22),(0.33,0.23),(0.32,0.24),(0.32,0.25),(0.32,0.25),(0.32,0.26),(0.32,0.26),(0.32,0.27),(0.33,0.31),(0.34,0.34),(0.34,0.36),(0.33,0.37),(0.34,0.38),(0.34,0.39),(0.34,0.39),(0.35,0.40),(0.35,0.42),(0.35,0.43),(0.35,0.45),(0.35,0.45),(0.37,0.46),(0.40,0.46),(0.43,0.45),(0.46,0.45),(0.48,0.45),(0.50,0.45),(0.52,0.45),(0.54,0.45),(0.56,0.45),(0.59,0.46),(0.61,0.47),(0.64,0.49),(0.66,0.50),(0.69,0.52),(0.70,0.54),(0.71,0.56),(0.72,0.58),(0.73,0.59),(0.73,0.59),(0.72,0.60),(0.72,0.59),(0.72,0.59),(0.72,0.59),(0.72,0.60),(0.72,0.60),(0.72,0.61),(0.70,0.63),(0.66,0.68),(0.58,0.77),(0.57,0.78),(0.56,0.77),(0.56,0.76),(0.55,0.76),(0.53,0.74),(0.49,0.73),(0.45,0.73),(0.42,0.73),(0.39,0.73),(0.27,0.74),(0.27,0.67),(0.27,0.63),(0.28,0.62),(0.31,0.59),(0.32,0.58),(0.32,0.58),(0.31,0.57),(0.31,0.57),(0.31,0.57),(0.31,0.57),(0.32,0.57)]
12/06/2015 14:19:47  State: num5-wire
12/06/2015 14:19:53  [(0.59,0.25),(0.58,0.24),(0.57,0.24),(0.55,0.24),(0.48,0.24),(0.45,0.24),(0.43,0.24),(0.43,0.24),(0.42,0.25),(0.42,0.25),(0.39,0.26),(0.37,0.26),(0.35,0.26),(0.34,0.26),(0.32,0.27),(0.31,0.28),(0.31,0.30),(0.31,0.32),(0.31,0.34),(0.32,0.35),(0.32,0.37),(0.33,0.38),(0.34,0.40),(0.35,0.41),(0.36,0.43),(0.37,0.44),(0.38,0.45),(0.38,0.46),(0.39,0.46),(0.39,0.47),(0.40,0.47),(0.40,0.46),(0.41,0.45),(0.43,0.45),(0.46,0.44),(0.49,0.44),(0.51,0.45),(0.52,0.45),(0.54,0.46),(0.55,0.46),(0.56,0.47),(0.58,0.47),(0.59,0.48),(0.61,0.49),(0.63,0.50),(0.65,0.52),(0.67,0.52),(0.68,0.53),(0.70,0.54),(0.71,0.55),(0.72,0.56),(0.72,0.57),(0.72,0.57),(0.72,0.58),(0.73,0.59),(0.73,0.61),(0.72,0.63),(0.70,0.65),(0.68,0.67),(0.64,0.70),(0.59,0.73),(0.56,0.74),(0.54,0.75),(0.50,0.75),(0.45,0.74),(0.41,0.72),(0.39,0.70),(0.38,0.69),(0.37,0.68),(0.36,0.66),(0.34,0.65),(0.33,0.64),(0.32,0.62),(0.31,0.60),(0.30,0.58),(0.30,0.56),(0.30,0.56),(0.30,0.56),(0.30,0.56),(0.30,0.56),(0.30,0.57)]
12/06/2015 14:19:55  State: num8-outset
12/06/2015 14:19:57  Touch outside the sign area
12/06/2015 14:19:59  Touch outside the sign area
12/06/2015 14:20:00  Touch outside the sign area
12/06/2015 14:20:01  Touch outside the sign area
12/06/2015 14:20:01  [(0.55,0.19),(0.54,0.19),(0.54,0.20),(0.53,0.20),(0.51,0.21),(0.50,0.21),(0.48,0.22),(0.46,0.22),(0.44,0.23),(0.41,0.24),(0.38,0.25),(0.35,0.26),(0.34,0.27),(0.33,0.28),(0.32,0.29),(0.32,0.30),(0.31,0.31),(0.31,0.32),(0.32,0.33),(0.32,0.34),(0.33,0.35),(0.34,0.36),(0.36,0.37),(0.38,0.38),(0.38,0.38),(0.40,0.39),(0.41,0.39),(0.41,0.40),(0.42,0.40),(0.42,0.40),(0.43,0.40),(0.43,0.40),(0.43,0.41),(0.43,0.42),(0.42,0.43),(0.42,0.44),(0.42,0.45),(0.42,0.45),(0.43,0.45),(0.45,0.45),(0.49,0.46),(0.52,0.46),(0.54,0.46),(0.56,0.46),(0.59,0.47),(0.61,0.47),(0.63,0.48),(0.65,0.49),(0.67,0.50),(0.68,0.52),(0.69,0.53),(0.69,0.56),(0.70,0.59),(0.69,0.61),(0.68,0.63),(0.65,0.66),(0.64,0.67),(0.63,0.68),(0.62,0.68),(0.62,0.68),(0.61,0.69),(0.59,0.69),(0.56,0.71),(0.53,0.74),(0.48,0.76),(0.44,0.77),(0.36,0.77),(0.31,0.76),(0.27,0.73),(0.26,0.63),(0.25,0.60),(0.25,0.58),(0.25,0.57),(0.26,0.57),(0.28,0.57),(0.28,0.57),(0.28,0.57),(0.28,0.57),(0.29,0.57),(0.29,0.56),(0.29,0.56),(0.30,0.56),(0.30,0.56),(0.30,0.55),(0.30,0.55),(0.30,0.54),(0.33,0.52),(0.33,0.52)]
12/06/2015 14:20:03  Touch outside the sign area
12/06/2015 14:20:04  Touch outside the sign area
12/06/2015 14:20:05  [(0.49,0.76),(0.48,0.75),(0.47,0.75),(0.43,0.75),(0.39,0.74),(0.35,0.73),(0.31,0.70),(0.30,0.67),(0.29,0.66),(0.29,0.64),(0.29,0.63),(0.29,0.62),(0.30,0.60),(0.30,0.59),(0.31,0.56),(0.33,0.53),(0.34,0.53),(0.36,0.53),(0.38,0.52),(0.42,0.52),(0.47,0.51),(0.51,0.51),(0.52,0.49),(0.54,0.47),(0.55,0.47),(0.57,0.46),(0.59,0.45),(0.61,0.44),(0.62,0.44),(0.63,0.43),(0.64,0.41),(0.65,0.39),(0.65,0.36),(0.65,0.32),(0.65,0.30),(0.65,0.29),(0.63,0.27),(0.61,0.25),(0.58,0.23),(0.56,0.22),(0.55,0.22),(0.54,0.22),(0.52,0.23),(0.50,0.24),(0.48,0.24),(0.46,0.24),(0.44,0.25),(0.42,0.25),(0.39,0.25),(0.34,0.27),(0.33,0.29),(0.33,0.30),(0.33,0.30),(0.34,0.31),(0.35,0.32),(0.34,0.33),(0.32,0.35)]
12/06/2015 14:20:06  State: num8-nooutset
12/06/2015 14:20:07  State: num8-wire
12/06/2015 14:20:08  Touch outside the sign area
12/06/2015 14:20:14  [(0.52,0.24),(0.51,0.24),(0.49,0.24),(0.48,0.23),(0.45,0.24),(0.43,0.24),(0.42,0.24),(0.41,0.25),(0.42,0.26),(0.42,0.27),(0.41,0.29),(0.39,0.31),(0.38,0.32),(0.36,0.35),(0.35,0.37),(0.34,0.38),(0.34,0.40),(0.35,0.41),(0.36,0.43),(0.37,0.44),(0.38,0.44),(0.38,0.45),(0.38,0.45),(0.40,0.45),(0.43,0.46),(0.44,0.46),(0.46,0.47),(0.47,0.47),(0.48,0.47),(0.50,0.47),(0.51,0.47),(0.53,0.48),(0.54,0.48),(0.56,0.48),(0.57,0.48),(0.59,0.49),(0.62,0.49),(0.64,0.49),(0.66,0.50),(0.67,0.50),(0.68,0.51),(0.68,0.52),(0.68,0.52),(0.69,0.53),(0.69,0.54),(0.69,0.55),(0.69,0.56),(0.69,0.56),(0.68,0.57),(0.68,0.58),(0.68,0.60),(0.67,0.61),(0.67,0.62),(0.67,0.62),(0.66,0.63),(0.66,0.64),(0.65,0.65),(0.65,0.66),(0.65,0.68),(0.63,0.70),(0.61,0.72),(0.58,0.73),(0.54,0.75),(0.50,0.75),(0.45,0.75),(0.43,0.75),(0.40,0.75),(0.36,0.74),(0.33,0.73),(0.31,0.72),(0.30,0.71),(0.30,0.69),(0.30,0.66),(0.30,0.64),(0.30,0.61),(0.32,0.59),(0.32,0.57),(0.33,0.57),(0.35,0.54),(0.37,0.53),(0.39,0.51),(0.40,0.51),(0.42,0.51),(0.44,0.51),(0.48,0.50),(0.51,0.50),(0.55,0.48),(0.59,0.47),(0.63,0.45),(0.64,0.43),(0.66,0.41),(0.67,0.40),(0.67,0.37),(0.66,0.35),(0.65,0.34),(0.65,0.34),(0.64,0.34),(0.64,0.33),(0.63,0.33),(0.63,0.33),(0.63,0.32),(0.62,0.32),(0.61,0.31),(0.59,0.26),(0.56,0.23),(0.55,0.22),(0.55,0.22),(0.54,0.22),(0.54,0.23),(0.54,0.23),(0.53,0.23),(0.53,0.22),(0.53,0.22),(0.53,0.22)]
12/06/2015 14:20:17  State: h-outset
12/06/2015 14:20:21  Touch outside the sign area
12/06/2015 14:20:22  Touch outside the sign area
12/06/2015 14:20:23  Touch outside the sign area
12/06/2015 14:20:23  Touch outside the sign area
12/06/2015 14:20:26  Touch outside the sign area
12/06/2015 14:20:27  [(0.71,0.69),(0.70,0.69),(0.70,0.70),(0.69,0.71),(0.68,0.74),(0.67,0.76),(0.66,0.77),(0.64,0.78),(0.61,0.78),(0.59,0.78),(0.56,0.76),(0.53,0.75),(0.49,0.73),(0.49,0.68),(0.50,0.64),(0.52,0.62),(0.53,0.61),(0.53,0.60),(0.53,0.60),(0.54,0.59),(0.54,0.59),(0.55,0.59),(0.54,0.58),(0.53,0.58),(0.53,0.58),(0.52,0.59),(0.52,0.59),(0.53,0.60),(0.54,0.60),(0.55,0.61),(0.55,0.63),(0.55,0.66),(0.55,0.73),(0.55,0.76),(0.55,0.78),(0.55,0.78),(0.55,0.78),(0.55,0.78),(0.55,0.78),(0.55,0.78),(0.55,0.78),(0.55,0.77),(0.55,0.76),(0.55,0.75),(0.55,0.71),(0.53,0.68),(0.52,0.66),(0.52,0.64),(0.51,0.63),(0.51,0.61),(0.51,0.60),(0.51,0.59),(0.51,0.59),(0.50,0.58),(0.49,0.58),(0.48,0.57),(0.47,0.58),(0.46,0.58),(0.46,0.59),(0.45,0.60),(0.45,0.61),(0.44,0.63),(0.43,0.64),(0.41,0.67),(0.40,0.69),(0.39,0.72),(0.38,0.75),(0.38,0.78),(0.38,0.79),(0.38,0.79),(0.38,0.78),(0.38,0.76),(0.38,0.74),(0.38,0.71),(0.38,0.68),(0.38,0.65),(0.38,0.63),(0.38,0.61),(0.38,0.58),(0.38,0.55),(0.38,0.50),(0.39,0.47),(0.39,0.45),(0.39,0.41),(0.40,0.39),(0.41,0.37),(0.41,0.35),(0.41,0.33),(0.42,0.30),(0.42,0.28),(0.44,0.25),(0.45,0.23),(0.46,0.21),(0.48,0.19),(0.50,0.19),(0.52,0.19),(0.53,0.20),(0.54,0.21),(0.54,0.22),(0.55,0.23),(0.58,0.27),(0.59,0.30),(0.59,0.33),(0.58,0.36),(0.57,0.37),(0.56,0.38),(0.55,0.38),(0.55,0.38),(0.55,0.39),(0.56,0.39),(0.57,0.40),(0.57,0.39)]
12/06/2015 14:20:27  Touch outside the sign area
12/06/2015 14:20:27  Touch outside the sign area
12/06/2015 14:20:28  Touch outside the sign area
12/06/2015 14:20:28  Touch outside the sign area
12/06/2015 14:20:28  [(0.45,0.21),(0.47,0.22),(0.48,0.23),(0.49,0.23),(0.53,0.26),(0.56,0.29),(0.58,0.33),(0.59,0.36),(0.58,0.38),(0.58,0.41),(0.57,0.45),(0.56,0.49),(0.55,0.52),(0.54,0.55),(0.52,0.59),(0.49,0.63),(0.47,0.67),(0.46,0.68),(0.47,0.68),(0.47,0.71)]
12/06/2015 14:20:29  Touch outside the sign area
12/06/2015 14:20:29  [(0.52,0.44),(0.53,0.45),(0.53,0.46),(0.54,0.50),(0.53,0.53),(0.52,0.56),(0.50,0.60),(0.49,0.62),(0.48,0.63),(0.48,0.67),(0.47,0.69)]
12/06/2015 14:20:30  State: h-nooutset
12/06/2015 14:20:35  [(0.43,0.73),(0.43,0.72),(0.42,0.72),(0.41,0.71),(0.40,0.70),(0.39,0.68),(0.39,0.65),(0.39,0.62),(0.38,0.58),(0.38,0.54),(0.38,0.52),(0.39,0.48),(0.40,0.45),(0.41,0.41),(0.41,0.38),(0.43,0.32),(0.44,0.28),(0.45,0.25),(0.46,0.23),(0.47,0.22),(0.49,0.23),(0.50,0.24),(0.51,0.25),(0.52,0.26),(0.54,0.29),(0.55,0.31),(0.56,0.34),(0.56,0.38),(0.55,0.43),(0.53,0.47),(0.52,0.49),(0.51,0.51),(0.49,0.52),(0.48,0.53),(0.48,0.55),(0.46,0.57),(0.46,0.59),(0.46,0.59),(0.47,0.60),(0.48,0.61),(0.48,0.61),(0.49,0.62),(0.51,0.62),(0.53,0.63),(0.56,0.65),(0.58,0.66),(0.59,0.67),(0.59,0.67),(0.59,0.68),(0.59,0.71),(0.59,0.72),(0.59,0.74),(0.59,0.75),(0.59,0.77),(0.59,0.77),(0.61,0.78),(0.63,0.78),(0.66,0.78),(0.68,0.77),(0.70,0.77),(0.73,0.75),(0.77,0.73),(0.78,0.70),(0.78,0.69),(0.77,0.68),(0.77,0.68),(0.76,0.67),(0.76,0.67),(0.76,0.67),(0.75,0.67),(0.75,0.66),(0.74,0.66),(0.74,0.66),(0.74,0.66),(0.75,0.65)]
12/06/2015 14:20:37  State: h-wire
12/06/2015 14:20:42  [(0.39,0.76),(0.40,0.76),(0.41,0.75),(0.41,0.74),(0.40,0.73),(0.40,0.68),(0.39,0.64),(0.39,0.62),(0.38,0.59),(0.38,0.55),(0.39,0.53),(0.39,0.49),(0.40,0.45),(0.41,0.42),(0.42,0.38),(0.43,0.35),(0.44,0.34),(0.44,0.32),(0.45,0.31),(0.46,0.29),(0.46,0.28),(0.47,0.27),(0.48,0.25),(0.48,0.24),(0.48,0.23),(0.48,0.23),(0.49,0.23),(0.50,0.24),(0.51,0.25),(0.51,0.25),(0.52,0.26),(0.52,0.29),(0.53,0.33),(0.54,0.36),(0.54,0.39),(0.54,0.44),(0.53,0.48),(0.52,0.52),(0.50,0.57),(0.46,0.62),(0.43,0.63),(0.41,0.64),(0.42,0.66),(0.43,0.66),(0.44,0.66),(0.46,0.64),(0.49,0.61),(0.52,0.59),(0.54,0.57),(0.55,0.57),(0.56,0.58),(0.55,0.59),(0.55,0.62),(0.55,0.65),(0.56,0.68),(0.57,0.71),(0.58,0.72),(0.58,0.73),(0.59,0.73),(0.61,0.74),(0.62,0.74),(0.63,0.72),(0.64,0.71),(0.65,0.71),(0.69,0.69),(0.71,0.67),(0.74,0.67),(0.75,0.67),(0.75,0.67),(0.75,0.67),(0.75,0.66)]
12/06/2015 15:19:09 [WW] Can't find surface 1
12/06/2015 15:19:09 [WW] Can't find surface 1
12/06/2015 15:19:22 [WW] WARNING: QApplication was not created in the main() thread.
12/06/2015 15:19:23  FT_New_Face failed with index 0 : 90
12/06/2015 15:19:23  Starting now
12/06/2015 15:19:23  State: num5-outset
12/06/2015 15:20:32  Touch outside the sign area
12/06/2015 15:20:35  Touch outside the sign area
12/06/2015 15:20:36  Touch outside the sign area
12/06/2015 15:20:37  Touch outside the sign area
12/06/2015 15:20:37  [(0.64,0.25),(0.64,0.25),(0.54,0.23),(0.45,0.23),(0.31,0.24),(0.28,0.25),(0.27,0.28),(0.28,0.32),(0.29,0.37),(0.29,0.42),(0.30,0.45),(0.30,0.47),(0.31,0.49),(0.31,0.48),(0.31,0.49),(0.31,0.49),(0.34,0.49),(0.42,0.46),(0.48,0.46),(0.52,0.46),(0.56,0.46),(0.57,0.46),(0.60,0.46),(0.61,0.46),(0.64,0.49),(0.65,0.53),(0.65,0.61),(0.64,0.66),(0.64,0.70),(0.63,0.73),(0.59,0.75),(0.53,0.77),(0.48,0.76),(0.46,0.76),(0.37,0.74),(0.29,0.70),(0.23,0.62),(0.24,0.60),(0.27,0.58),(0.28,0.57),(0.28,0.56),(0.28,0.56)]
12/06/2015 15:20:40  State: num5-nooutset
12/06/2015 15:20:45  [(0.61,0.21),(0.60,0.21),(0.59,0.21),(0.58,0.22),(0.58,0.22),(0.58,0.22),(0.58,0.22),(0.57,0.22),(0.56,0.22),(0.53,0.22),(0.50,0.21),(0.47,0.21),(0.44,0.21),(0.39,0.22),(0.36,0.22),(0.34,0.23),(0.33,0.23),(0.33,0.24),(0.33,0.25),(0.32,0.27),(0.32,0.28),(0.32,0.30),(0.32,0.32),(0.32,0.34),(0.32,0.36),(0.33,0.39),(0.34,0.42),(0.35,0.43),(0.36,0.44),(0.37,0.45),(0.37,0.45),(0.38,0.45),(0.39,0.46),(0.43,0.45),(0.49,0.44),(0.54,0.43),(0.58,0.42),(0.61,0.43),(0.63,0.43),(0.65,0.44),(0.66,0.44),(0.69,0.47),(0.70,0.49),(0.71,0.53),(0.71,0.56),(0.68,0.61),(0.66,0.65),(0.65,0.68),(0.62,0.69),(0.59,0.71),(0.55,0.71),(0.51,0.72),(0.47,0.72),(0.43,0.71),(0.39,0.70),(0.35,0.68),(0.32,0.66),(0.29,0.64),(0.28,0.60),(0.28,0.57),(0.28,0.55),(0.29,0.54),(0.29,0.54),(0.29,0.54)]
12/06/2015 15:20:47  State: num5-wire
12/06/2015 15:20:52  [(0.67,0.25),(0.68,0.25),(0.67,0.24),(0.64,0.24),(0.60,0.25),(0.57,0.24),(0.53,0.24),(0.49,0.25),(0.46,0.25),(0.41,0.25),(0.37,0.25),(0.32,0.26),(0.30,0.27),(0.29,0.28),(0.29,0.29),(0.30,0.31),(0.31,0.32),(0.32,0.33),(0.32,0.36),(0.33,0.37),(0.34,0.39),(0.35,0.41),(0.37,0.43),(0.38,0.44),(0.37,0.44),(0.37,0.45),(0.37,0.45),(0.36,0.46),(0.36,0.47),(0.37,0.47),(0.39,0.46),(0.44,0.45),(0.49,0.45),(0.54,0.45),(0.60,0.45),(0.64,0.46),(0.65,0.46),(0.66,0.47),(0.66,0.49),(0.67,0.52),(0.67,0.55),(0.67,0.59),(0.65,0.62),(0.65,0.64),(0.63,0.66),(0.62,0.68),(0.60,0.70),(0.57,0.72),(0.55,0.74),(0.52,0.76),(0.47,0.77),(0.44,0.76),(0.41,0.75),(0.39,0.74),(0.37,0.72),(0.33,0.71),(0.31,0.69),(0.31,0.66),(0.32,0.65),(0.32,0.64),(0.31,0.63),(0.31,0.62),(0.31,0.61),(0.32,0.61)]
12/06/2015 15:20:53  State: num8-outset
12/06/2015 15:20:54  Touch outside the sign area
12/06/2015 15:20:55  Touch outside the sign area
12/06/2015 15:20:58  Touch outside the sign area
12/06/2015 15:20:58  Touch outside the sign area
12/06/2015 15:21:00  Touch outside the sign area
12/06/2015 15:21:00  [(0.54,0.24),(0.54,0.23),(0.53,0.22),(0.51,0.21),(0.49,0.20),(0.47,0.20),(0.46,0.21),(0.43,0.22),(0.40,0.24),(0.39,0.25),(0.37,0.27),(0.36,0.28),(0.35,0.30),(0.35,0.32),(0.34,0.34),(0.34,0.35),(0.34,0.37),(0.33,0.37),(0.33,0.38),(0.33,0.38),(0.32,0.38),(0.32,0.39),(0.33,0.40),(0.33,0.40),(0.33,0.41),(0.33,0.42),(0.34,0.43),(0.34,0.45),(0.35,0.46),(0.37,0.47),(0.38,0.47),(0.39,0.48),(0.41,0.48),(0.42,0.47),(0.44,0.47),(0.45,0.46),(0.47,0.46),(0.50,0.47),(0.53,0.48),(0.56,0.48),(0.60,0.49),(0.62,0.50),(0.64,0.51),(0.65,0.52),(0.65,0.52),(0.66,0.54),(0.67,0.55),(0.68,0.58),(0.69,0.61),(0.68,0.63),(0.68,0.66),(0.67,0.67),(0.66,0.69),(0.65,0.70),(0.63,0.72),(0.61,0.73),(0.56,0.74),(0.52,0.75),(0.46,0.74),(0.43,0.73),(0.40,0.72),(0.36,0.69),(0.34,0.64),(0.34,0.61),(0.36,0.55),(0.37,0.53),(0.38,0.52),(0.38,0.51),(0.41,0.50),(0.44,0.48),(0.46,0.47),(0.48,0.47),(0.51,0.47),(0.54,0.47),(0.59,0.46),(0.62,0.46),(0.64,0.46),(0.65,0.45),(0.66,0.43),(0.67,0.41),(0.68,0.40),(0.69,0.38),(0.69,0.37),(0.68,0.35),(0.68,0.34),(0.67,0.32),(0.67,0.32),(0.67,0.31),(0.66,0.31),(0.65,0.30),(0.65,0.30),(0.64,0.29),(0.62,0.28),(0.61,0.27),(0.60,0.26),(0.59,0.25),(0.57,0.24),(0.55,0.24),(0.54,0.24),(0.53,0.24),(0.52,0.24),(0.50,0.25),(0.48,0.25),(0.42,0.27),(0.36,0.28),(0.35,0.28),(0.34,0.28),(0.34,0.29)]
12/06/2015 15:21:01  State: num8-nooutset
12/06/2015 15:21:03  Touch outside the sign area
12/06/2015 15:21:07  [(0.50,0.23),(0.49,0.23),(0.49,0.22),(0.48,0.22),(0.45,0.22),(0.42,0.23),(0.39,0.26),(0.36,0.28),(0.34,0.31),(0.31,0.33),(0.31,0.34),(0.31,0.35),(0.32,0.37),(0.33,0.39),(0.34,0.41),(0.35,0.42),(0.38,0.43),(0.40,0.43),(0.43,0.44),(0.47,0.45),(0.50,0.45),(0.52,0.45),(0.55,0.46),(0.59,0.47),(0.62,0.47),(0.65,0.48),(0.67,0.51),(0.68,0.53),(0.69,0.55),(0.71,0.58),(0.71,0.61),(0.71,0.63),(0.68,0.66),(0.65,0.69),(0.63,0.71),(0.59,0.72),(0.54,0.73),(0.47,0.73),(0.40,0.72),(0.35,0.69),(0.31,0.64),(0.30,0.61),(0.29,0.57),(0.30,0.55),(0.31,0.53),(0.32,0.52),(0.34,0.51),(0.38,0.50),(0.42,0.49),(0.46,0.49),(0.50,0.49),(0.54,0.49),(0.59,0.47),(0.62,0.45),(0.64,0.41),(0.65,0.39),(0.67,0.37),(0.68,0.36),(0.69,0.35),(0.69,0.34),(0.68,0.32),(0.66,0.29),(0.63,0.27),(0.59,0.24),(0.57,0.23),(0.55,0.23),(0.54,0.23),(0.53,0.24),(0.52,0.25),(0.51,0.25),(0.50,0.25)]
12/06/2015 15:21:08  State: num8-wire
12/06/2015 15:21:12  [(0.62,0.26),(0.61,0.26),(0.59,0.26),(0.58,0.25),(0.55,0.25),(0.53,0.24),(0.49,0.23),(0.44,0.23),(0.40,0.24),(0.36,0.27),(0.34,0.30),(0.35,0.34),(0.35,0.37),(0.38,0.40),(0.40,0.42),(0.43,0.43),(0.48,0.46),(0.51,0.47),(0.55,0.48),(0.58,0.49),(0.60,0.50),(0.62,0.50),(0.63,0.51),(0.64,0.52),(0.64,0.53),(0.65,0.54),(0.65,0.56),(0.65,0.59),(0.65,0.61),(0.64,0.63),(0.63,0.64),(0.62,0.64),(0.61,0.66),(0.59,0.68),(0.56,0.70),(0.53,0.72),(0.49,0.74),(0.45,0.74),(0.41,0.74),(0.36,0.73),(0.31,0.71),(0.28,0.68),(0.27,0.64),(0.28,0.62),(0.30,0.59),(0.33,0.55),(0.37,0.53),(0.41,0.51),(0.45,0.51),(0.49,0.50),(0.53,0.49),(0.57,0.48),(0.60,0.47),(0.63,0.46),(0.64,0.44),(0.65,0.42),(0.65,0.41),(0.65,0.39),(0.65,0.36),(0.65,0.33),(0.65,0.31),(0.64,0.29),(0.63,0.28),(0.63,0.28),(0.62,0.28),(0.62,0.28)]
12/06/2015 15:21:13  State: h-outset
12/06/2015 15:21:17  Touch outside the sign area
12/06/2015 15:21:17  Touch outside the sign area
12/06/2015 15:21:18  [(0.40,0.74),(0.41,0.74),(0.41,0.73),(0.41,0.73),(0.41,0.72),(0.40,0.70),(0.39,0.67),(0.39,0.60),(0.39,0.54),(0.41,0.51),(0.42,0.46),(0.42,0.41),(0.42,0.39),(0.41,0.36),(0.42,0.33),(0.43,0.29),(0.43,0.28),(0.44,0.26),(0.45,0.26),(0.45,0.26),(0.47,0.28),(0.49,0.29),(0.51,0.31),(0.52,0.34),(0.52,0.37),(0.52,0.40),(0.52,0.43),(0.53,0.47),(0.52,0.51),(0.52,0.53),(0.50,0.56),(0.48,0.59),(0.46,0.60),(0.45,0.61),(0.45,0.61),(0.45,0.61),(0.46,0.58),(0.47,0.57),(0.47,0.56),(0.47,0.57),(0.47,0.57),(0.48,0.58),(0.49,0.60),(0.50,0.61),(0.53,0.62),(0.54,0.63),(0.56,0.65),(0.57,0.68),(0.58,0.72),(0.57,0.75),(0.57,0.77),(0.58,0.78),(0.58,0.78),(0.60,0.79),(0.62,0.79),(0.66,0.79),(0.68,0.77),(0.69,0.76),(0.69,0.73),(0.70,0.71),(0.71,0.68),(0.72,0.66),(0.73,0.66),(0.73,0.66),(0.73,0.66),(0.73,0.66)]
12/06/2015 15:21:20  State: h-nooutset
12/06/2015 15:21:23  [(0.42,0.78),(0.42,0.77),(0.42,0.75),(0.41,0.71),(0.40,0.68),(0.38,0.61),(0.38,0.53),(0.41,0.46),(0.43,0.40),(0.45,0.36),(0.46,0.31),(0.47,0.29),(0.48,0.27),(0.48,0.27),(0.49,0.27),(0.51,0.28),(0.52,0.31),(0.54,0.34),(0.55,0.36),(0.55,0.41),(0.55,0.44),(0.54,0.47),(0.52,0.52),(0.49,0.54),(0.48,0.56),(0.46,0.58),(0.45,0.59),(0.45,0.59),(0.46,0.59),(0.49,0.57),(0.52,0.56),(0.54,0.57),(0.55,0.59),(0.55,0.63),(0.56,0.66),(0.57,0.70),(0.57,0.74),(0.57,0.77),(0.57,0.79),(0.58,0.79),(0.61,0.77),(0.65,0.75),(0.68,0.74),(0.71,0.73),(0.72,0.71),(0.73,0.69),(0.73,0.69),(0.73,0.68),(0.73,0.68),(0.73,0.68)]
12/06/2015 15:21:26  State: h-wire
12/06/2015 15:21:30  [(0.39,0.75),(0.39,0.74),(0.39,0.72),(0.39,0.67),(0.40,0.61),(0.42,0.52),(0.43,0.44),(0.43,0.38),(0.41,0.30),(0.41,0.25),(0.44,0.22),(0.47,0.22),(0.50,0.25),(0.50,0.29),(0.51,0.34),(0.52,0.38),(0.53,0.41),(0.53,0.43),(0.53,0.45),(0.52,0.48),(0.49,0.53),(0.47,0.57),(0.46,0.59),(0.44,0.62),(0.44,0.62),(0.44,0.62),(0.45,0.60),(0.48,0.57),(0.50,0.55),(0.52,0.55),(0.53,0.55),(0.52,0.58),(0.51,0.63),(0.50,0.65),(0.51,0.67),(0.51,0.68),(0.52,0.68),(0.53,0.68),(0.55,0.67),(0.56,0.67),(0.56,0.67),(0.57,0.67),(0.57,0.68),(0.58,0.69),(0.58,0.71),(0.58,0.73),(0.58,0.74),(0.59,0.76),(0.59,0.77),(0.61,0.78),(0.63,0.79),(0.66,0.78),(0.72,0.69),(0.74,0.66),(0.74,0.66),(0.74,0.66),(0.74,0.66),(0.74,0.66),(0.74,0.66)]
17/06/2015 11:32:23 [WW] Can't find surface 1
17/06/2015 11:32:23 [WW] Can't find surface 1
17/06/2015 11:32:25  Clearing
17/06/2015 11:32:35  [(0.35,0.73),(0.35,0.73),(0.36,0.72),(0.38,0.71),(0.39,0.69),(0.41,0.68),(0.42,0.65),(0.44,0.64),(0.45,0.61),(0.46,0.60),(0.47,0.58),(0.48,0.57),(0.49,0.55),(0.51,0.53),(0.52,0.51),(0.52,0.49),(0.54,0.46),(0.54,0.44),(0.55,0.43),(0.55,0.41),(0.56,0.40),(0.56,0.39),(0.56,0.37),(0.56,0.36),(0.57,0.35),(0.56,0.33),(0.56,0.32),(0.56,0.31),(0.56,0.29),(0.55,0.28),(0.55,0.27),(0.55,0.26),(0.54,0.25),(0.53,0.24),(0.52,0.23),(0.49,0.21),(0.48,0.21),(0.46,0.21),(0.45,0.21),(0.44,0.21),(0.42,0.22),(0.42,0.22),(0.40,0.22),(0.39,0.23),(0.38,0.23),(0.38,0.24),(0.38,0.24),(0.38,0.25),(0.37,0.26),(0.36,0.26),(0.35,0.27),(0.34,0.28),(0.33,0.29),(0.32,0.30),(0.31,0.31),(0.30,0.31),(0.29,0.32),(0.29,0.32),(0.28,0.33),(0.27,0.34),(0.26,0.35),(0.25,0.36),(0.25,0.36),(0.26,0.37),(0.27,0.37),(0.28,0.38),(0.30,0.40),(0.31,0.41),(0.32,0.42),(0.34,0.43),(0.34,0.43),(0.35,0.43),(0.35,0.44),(0.37,0.45),(0.38,0.47),(0.38,0.48),(0.38,0.49),(0.38,0.50),(0.38,0.51),(0.38,0.53),(0.39,0.56),(0.40,0.60),(0.40,0.63),(0.40,0.64),(0.41,0.67),(0.41,0.70),(0.42,0.74),(0.42,0.75),(0.42,0.77),(0.42,0.77),(0.42,0.77),(0.41,0.75),(0.39,0.69),(0.39,0.67),(0.40,0.65),(0.41,0.62),(0.44,0.60),(0.46,0.58),(0.48,0.58),(0.49,0.59),(0.51,0.60),(0.51,0.61),(0.51,0.61),(0.51,0.62),(0.52,0.61),(0.52,0.62),(0.54,0.64),(0.56,0.68),(0.56,0.72),(0.55,0.77),(0.57,0.80),(0.63,0.80),(0.68,0.77),(0.72,0.71),(0.73,0.69)]
17/06/2015 11:32:42 [WW] WARNING: QApplication was not created in the main() thread.
17/06/2015 11:32:42  FT_New_Face failed with index 0 : 90
17/06/2015 11:32:42  Starting now
17/06/2015 11:32:42  State: num5-outset
17/06/2015 11:32:49  Touch outside the sign area
17/06/2015 11:32:50  Touch outside the sign area
17/06/2015 11:32:51  [(0.65,0.24),(0.64,0.24),(0.62,0.24),(0.60,0.24),(0.59,0.23),(0.57,0.23),(0.55,0.23),(0.52,0.23),(0.49,0.23),(0.47,0.23),(0.45,0.23),(0.42,0.23),(0.40,0.23),(0.38,0.23),(0.35,0.24),(0.34,0.24),(0.33,0.24),(0.33,0.25),(0.32,0.26),(0.33,0.28),(0.33,0.32),(0.34,0.34),(0.33,0.37),(0.33,0.39),(0.33,0.40),(0.33,0.41),(0.32,0.42),(0.33,0.43),(0.33,0.44),(0.33,0.45),(0.34,0.47),(0.34,0.47),(0.35,0.47),(0.38,0.44),(0.41,0.44),(0.42,0.43),(0.45,0.43),(0.48,0.43),(0.50,0.43),(0.54,0.43),(0.56,0.44),(0.58,0.44),(0.61,0.45),(0.64,0.46),(0.66,0.47),(0.68,0.48),(0.70,0.50),(0.72,0.54),(0.74,0.57),(0.74,0.60),(0.74,0.62),(0.73,0.63),(0.72,0.65),(0.71,0.66),(0.71,0.67),(0.70,0.67),(0.70,0.68),(0.71,0.68),(0.71,0.68),(0.71,0.69),(0.71,0.69),(0.72,0.71),(0.74,0.74),(0.75,0.76),(0.75,0.78),(0.75,0.79),(0.74,0.79),(0.74,0.80),(0.74,0.80),(0.74,0.80),(0.73,0.80),(0.73,0.81),(0.71,0.82),(0.70,0.83),(0.69,0.84),(0.69,0.84),(0.68,0.84)]
17/06/2015 11:32:53  Touch outside the sign area
17/06/2015 11:32:54  [(0.69,0.50),(0.69,0.51),(0.70,0.52),(0.71,0.53),(0.71,0.55),(0.72,0.56),(0.72,0.57),(0.73,0.58),(0.74,0.59),(0.75,0.61),(0.77,0.63),(0.78,0.64),(0.79,0.66),(0.79,0.66),(0.80,0.67),(0.81,0.69),(0.81,0.70),(0.82,0.70),(0.82,0.71),(0.82,0.72),(0.82,0.72),(0.83,0.73),(0.84,0.74),(0.85,0.76),(0.86,0.77),(0.87,0.79),(0.88,0.79),(0.88,0.81),(0.89,0.81),(0.90,0.82),(0.90,0.83),(0.91,0.84),(0.91,0.84),(0.92,0.84),(0.92,0.84)]
17/06/2015 11:32:55  Touch outside the sign area
17/06/2015 11:32:56  [(0.71,0.54),(0.72,0.55),(0.75,0.59),(0.76,0.61),(0.76,0.64),(0.78,0.66),(0.79,0.68),(0.80,0.69),(0.82,0.72),(0.82,0.73),(0.82,0.74),(0.83,0.75)]
17/06/2015 11:32:56  Touch outside the sign area
17/06/2015 11:32:57  [(0.73,0.58),(0.73,0.59),(0.74,0.61),(0.73,0.63),(0.72,0.65),(0.72,0.67),(0.72,0.68),(0.71,0.70),(0.70,0.71),(0.69,0.72),(0.68,0.74),(0.67,0.75),(0.65,0.76),(0.63,0.77),(0.60,0.77),(0.59,0.77),(0.58,0.77),(0.58,0.77)]
17/06/2015 11:32:59  [(0.74,0.59),(0.72,0.61),(0.70,0.64),(0.69,0.65),(0.68,0.67),(0.67,0.68),(0.66,0.69),(0.66,0.69),(0.65,0.70),(0.63,0.71),(0.62,0.72),(0.60,0.73),(0.57,0.74),(0.55,0.75),(0.53,0.75),(0.51,0.76),(0.49,0.76),(0.47,0.76),(0.45,0.75),(0.42,0.74),(0.40,0.74),(0.37,0.72),(0.35,0.70),(0.33,0.68),(0.31,0.65),(0.31,0.63)]
17/06/2015 11:33:00  State: num5-nooutset
17/06/2015 11:33:01  Touch outside the sign area
17/06/2015 11:33:05  [(0.70,0.23),(0.69,0.23),(0.67,0.24),(0.65,0.24),(0.62,0.24),(0.60,0.24),(0.58,0.24),(0.56,0.23),(0.53,0.23),(0.52,0.23),(0.50,0.23),(0.49,0.23),(0.47,0.23),(0.45,0.23),(0.42,0.22),(0.41,0.23),(0.39,0.23),(0.37,0.23),(0.35,0.23),(0.32,0.23),(0.30,0.23),(0.29,0.23),(0.27,0.23),(0.26,0.23),(0.25,0.24),(0.24,0.24),(0.22,0.25),(0.22,0.25),(0.22,0.25),(0.23,0.27),(0.24,0.29),(0.24,0.31),(0.25,0.32),(0.25,0.34),(0.25,0.36),(0.25,0.37),(0.25,0.39),(0.25,0.40),(0.25,0.41),(0.25,0.42),(0.25,0.43),(0.24,0.44),(0.24,0.46),(0.24,0.47),(0.24,0.48),(0.24,0.49),(0.24,0.49),(0.24,0.49),(0.25,0.49),(0.25,0.50),(0.25,0.50),(0.26,0.50),(0.30,0.49),(0.33,0.47),(0.37,0.44),(0.40,0.42),(0.43,0.41),(0.46,0.40),(0.49,0.40),(0.52,0.40),(0.55,0.40),(0.58,0.41),(0.61,0.43),(0.65,0.46),(0.67,0.48),(0.70,0.51),(0.72,0.56),(0.72,0.58),(0.72,0.62),(0.71,0.64),(0.70,0.67),(0.69,0.69),(0.68,0.70),(0.67,0.71),(0.66,0.72),(0.65,0.72),(0.65,0.72),(0.65,0.72)]
17/06/2015 11:33:10  [(0.67,0.68),(0.66,0.70),(0.65,0.71),(0.67,0.74),(0.68,0.76),(0.68,0.80),(0.68,0.82),(0.68,0.83),(0.68,0.82),(0.66,0.81),(0.63,0.78),(0.61,0.76),(0.59,0.75),(0.57,0.76),(0.54,0.76),(0.49,0.75),(0.46,0.75),(0.41,0.75),(0.36,0.73),(0.32,0.70),(0.27,0.62),(0.28,0.59),(0.28,0.58),(0.28,0.58)]
17/06/2015 11:33:11  State: num5-wire
17/06/2015 11:33:15  [(0.67,0.23),(0.65,0.23),(0.62,0.23),(0.61,0.23),(0.59,0.23),(0.57,0.23),(0.54,0.23),(0.51,0.23),(0.47,0.23),(0.44,0.22),(0.42,0.22),(0.39,0.22),(0.36,0.22),(0.33,0.22),(0.31,0.22),(0.30,0.22),(0.29,0.22),(0.29,0.23),(0.29,0.24),(0.30,0.25),(0.31,0.27),(0.32,0.29),(0.33,0.31),(0.33,0.34),(0.33,0.36),(0.33,0.38),(0.32,0.41),(0.32,0.43),(0.32,0.45),(0.31,0.46),(0.31,0.47),(0.32,0.48),(0.33,0.48),(0.33,0.47),(0.37,0.44),(0.40,0.43),(0.43,0.42),(0.46,0.42),(0.50,0.43),(0.54,0.44),(0.57,0.45),(0.60,0.45),(0.62,0.47),(0.63,0.48),(0.64,0.49),(0.65,0.50),(0.65,0.51),(0.66,0.51),(0.67,0.52),(0.68,0.55),(0.69,0.59),(0.67,0.65)]
17/06/2015 11:33:16  State: num8-outset
17/06/2015 11:33:17  State: num8-nooutset
17/06/2015 11:33:17  State: num8-wire
17/06/2015 11:33:18  State: h-outset
17/06/2015 11:33:19  State: h-nooutset
17/06/2015 11:33:20  State: h-wire
19/06/2015 14:45:19 [WW] WARNING: QApplication was not created in the main() thread.
19/06/2015 14:45:20  FT_New_Face failed with index 0 : 90
19/06/2015 14:45:20  Starting now
19/06/2015 14:45:20  State: num5-outset
19/06/2015 14:46:29  Touch outside the sign area
19/06/2015 14:46:30  Touch outside the sign area
19/06/2015 14:46:31  Touch outside the sign area
19/06/2015 14:46:32  [(0.66,0.22),(0.66,0.22),(0.65,0.23),(0.65,0.23),(0.63,0.24),(0.62,0.24),(0.60,0.24),(0.59,0.24),(0.57,0.24),(0.54,0.23),(0.52,0.22),(0.49,0.22),(0.48,0.22),(0.47,0.22),(0.46,0.22),(0.44,0.22),(0.43,0.22),(0.41,0.23),(0.40,0.23),(0.38,0.23),(0.37,0.23),(0.36,0.23),(0.35,0.24),(0.35,0.24),(0.34,0.24),(0.34,0.25),(0.34,0.25),(0.33,0.25),(0.33,0.25),(0.33,0.26),(0.33,0.27),(0.33,0.28),(0.33,0.29),(0.32,0.29),(0.32,0.30),(0.32,0.32),(0.32,0.33),(0.32,0.34),(0.32,0.35),(0.32,0.37),(0.32,0.38),(0.32,0.39),(0.32,0.40),(0.32,0.40),(0.33,0.41),(0.33,0.41),(0.34,0.41),(0.34,0.41),(0.34,0.40),(0.35,0.40),(0.36,0.40),(0.39,0.40),(0.43,0.40),(0.47,0.40),(0.50,0.41),(0.52,0.41),(0.53,0.42),(0.53,0.42),(0.55,0.43),(0.56,0.43),(0.58,0.44),(0.60,0.45),(0.62,0.46),(0.64,0.47),(0.64,0.48),(0.65,0.49),(0.65,0.50),(0.66,0.51),(0.66,0.52),(0.68,0.54),(0.68,0.56),(0.69,0.57),(0.69,0.59),(0.70,0.60),(0.71,0.63),(0.71,0.66),(0.71,0.67),(0.71,0.68),(0.69,0.69),(0.67,0.71),(0.65,0.72),(0.63,0.72),(0.61,0.72),(0.60,0.72),(0.57,0.72),(0.55,0.72),(0.52,0.72),(0.48,0.71),(0.45,0.70),(0.42,0.67),(0.38,0.64),(0.35,0.63),(0.34,0.63),(0.33,0.63),(0.32,0.63),(0.32,0.63),(0.32,0.62),(0.31,0.61),(0.31,0.60),(0.31,0.60),(0.31,0.59),(0.30,0.58),(0.30,0.58)]
19/06/2015 14:46:34  [(0.51,0.74),(0.50,0.74),(0.49,0.74),(0.48,0.74),(0.43,0.75),(0.39,0.75),(0.37,0.73),(0.36,0.71),(0.35,0.70),(0.34,0.68),(0.33,0.66),(0.32,0.64),(0.31,0.63),(0.31,0.62),(0.31,0.62)]
19/06/2015 14:46:37  [(0.53,0.44),(0.53,0.44),(0.53,0.44),(0.52,0.44),(0.51,0.43),(0.49,0.43),(0.47,0.43),(0.43,0.43),(0.39,0.42),(0.37,0.41),(0.36,0.41),(0.36,0.41)]
19/06/2015 14:46:46  State: num5-nooutset
19/06/2015 14:46:46  State: num5-wire
19/06/2015 14:46:47  Touch outside the sign area
19/06/2015 14:46:51  [(0.64,0.21),(0.64,0.21),(0.64,0.22),(0.63,0.22),(0.63,0.23),(0.62,0.24),(0.62,0.24),(0.61,0.24),(0.58,0.24),(0.55,0.24),(0.52,0.24),(0.50,0.24),(0.47,0.24),(0.45,0.25),(0.44,0.25),(0.43,0.25),(0.42,0.26),(0.41,0.26),(0.39,0.26),(0.38,0.27),(0.37,0.29),(0.36,0.31),(0.35,0.33),(0.34,0.35),(0.33,0.37),(0.32,0.39),(0.31,0.40),(0.31,0.40),(0.31,0.41),(0.31,0.42),(0.32,0.43),(0.33,0.43),(0.33,0.44),(0.34,0.44),(0.34,0.44),(0.34,0.44),(0.35,0.43),(0.37,0.43),(0.39,0.43),(0.40,0.43),(0.43,0.44),(0.46,0.44),(0.50,0.45),(0.55,0.45),(0.57,0.45),(0.59,0.45),(0.62,0.45),(0.64,0.46),(0.66,0.46),(0.68,0.48),(0.69,0.51),(0.69,0.54),(0.69,0.57),(0.69,0.59),(0.70,0.60),(0.69,0.61),(0.69,0.63),(0.67,0.65),(0.65,0.68),(0.65,0.70),(0.62,0.72),(0.59,0.75),(0.54,0.77),(0.53,0.77),(0.48,0.77),(0.41,0.77),(0.38,0.75),(0.34,0.72),(0.32,0.67),(0.32,0.64),(0.32,0.62),(0.32,0.59),(0.32,0.58),(0.33,0.59),(0.34,0.59)]
19/06/2015 14:46:52  State: num8-outset
19/06/2015 14:46:54  Touch outside the sign area
19/06/2015 14:46:54  Touch outside the sign area
19/06/2015 14:46:56  [(0.50,0.22),(0.49,0.21),(0.46,0.21),(0.44,0.23),(0.40,0.25),(0.35,0.29),(0.32,0.32),(0.32,0.34),(0.34,0.37),(0.37,0.41),(0.39,0.44),(0.42,0.49),(0.44,0.51),(0.46,0.52),(0.49,0.52),(0.56,0.51),(0.61,0.49),(0.66,0.49),(0.67,0.50),(0.69,0.52),(0.70,0.54),(0.70,0.57),(0.70,0.62),(0.69,0.66),(0.68,0.69),(0.67,0.72),(0.66,0.73),(0.64,0.74),(0.60,0.75),(0.58,0.75),(0.56,0.75),(0.56,0.75),(0.55,0.75),(0.55,0.75),(0.55,0.75),(0.55,0.75),(0.55,0.75),(0.54,0.75),(0.50,0.75),(0.45,0.75),(0.39,0.74),(0.37,0.73),(0.36,0.71),(0.41,0.68)]
19/06/2015 14:46:56  Touch outside the sign area
19/06/2015 14:46:57  Touch outside the sign area
19/06/2015 14:46:58  Touch outside the sign area
19/06/2015 14:46:59  [(0.69,0.68),(0.69,0.68),(0.68,0.69),(0.67,0.71),(0.66,0.71),(0.64,0.72),(0.60,0.74),(0.58,0.75),(0.56,0.75),(0.54,0.76),(0.52,0.76),(0.48,0.76),(0.43,0.76),(0.39,0.75),(0.33,0.73),(0.30,0.70),(0.28,0.68),(0.28,0.65),(0.29,0.61),(0.31,0.59),(0.34,0.57),(0.37,0.54),(0.40,0.52),(0.41,0.51),(0.41,0.51),(0.42,0.50),(0.44,0.50),(0.48,0.49),(0.53,0.47),(0.59,0.47),(0.62,0.47),(0.64,0.47),(0.66,0.47),(0.68,0.47),(0.69,0.47),(0.70,0.46),(0.71,0.45),(0.70,0.43),(0.68,0.40),(0.67,0.38),(0.65,0.36),(0.65,0.35),(0.64,0.34),(0.62,0.33),(0.61,0.31),(0.61,0.31),(0.60,0.30),(0.60,0.30),(0.60,0.31)]
19/06/2015 14:46:59  Touch outside the sign area
19/06/2015 14:47:00  Touch outside the sign area
19/06/2015 14:47:00  [(0.63,0.47),(0.66,0.44),(0.67,0.41),(0.66,0.39),(0.65,0.36),(0.65,0.35),(0.65,0.33),(0.65,0.31),(0.63,0.29),(0.63,0.28),(0.60,0.26),(0.57,0.24),(0.53,0.22),(0.50,0.21),(0.49,0.23),(0.48,0.24),(0.47,0.25),(0.46,0.26),(0.45,0.26),(0.44,0.26),(0.43,0.26),(0.43,0.26)]
19/06/2015 14:47:04  State: num8-nooutset
19/06/2015 14:47:06  Touch outside the sign area
19/06/2015 14:47:09  [(0.52,0.23),(0.51,0.23),(0.50,0.22),(0.48,0.23),(0.45,0.24),(0.42,0.26),(0.39,0.27),(0.37,0.29),(0.37,0.30),(0.37,0.32),(0.39,0.36),(0.41,0.39),(0.42,0.41),(0.45,0.43),(0.49,0.44),(0.53,0.45),(0.58,0.46),(0.62,0.46),(0.65,0.47),(0.68,0.48),(0.70,0.50),(0.71,0.53),(0.71,0.54),(0.71,0.58),(0.71,0.62),(0.70,0.65),(0.68,0.69),(0.65,0.71),(0.61,0.73),(0.57,0.75),(0.51,0.77),(0.48,0.77),(0.40,0.77),(0.36,0.76),(0.32,0.74),(0.31,0.72),(0.28,0.67),(0.27,0.63),(0.27,0.60),(0.28,0.57),(0.31,0.55),(0.35,0.52),(0.40,0.49),(0.45,0.48),(0.49,0.47),(0.53,0.47),(0.57,0.47),(0.62,0.46),(0.66,0.44),(0.69,0.42),(0.70,0.41),(0.69,0.39),(0.68,0.36),(0.65,0.34),(0.61,0.31),(0.59,0.29),(0.57,0.29),(0.55,0.29),(0.53,0.29),(0.50,0.30),(0.49,0.30),(0.47,0.29),(0.46,0.28)]
19/06/2015 14:47:11  State: num8-wire
19/06/2015 14:47:16  [(0.64,0.25),(0.63,0.25),(0.61,0.25),(0.60,0.24),(0.58,0.24),(0.56,0.24),(0.52,0.24),(0.47,0.24),(0.41,0.25),(0.38,0.26),(0.36,0.28),(0.35,0.30),(0.37,0.33),(0.39,0.36),(0.42,0.39),(0.45,0.42),(0.48,0.44),(0.51,0.45),(0.54,0.45),(0.57,0.45),(0.59,0.46),(0.60,0.47),(0.61,0.49),(0.61,0.53),(0.62,0.55),(0.62,0.57),(0.60,0.60),(0.57,0.62),(0.55,0.65),(0.55,0.67),(0.54,0.69),(0.52,0.70),(0.48,0.72),(0.45,0.73),(0.43,0.74),(0.42,0.74),(0.40,0.74),(0.29,0.75),(0.22,0.72),(0.20,0.70),(0.21,0.65),(0.26,0.60),(0.36,0.53),(0.43,0.48),(0.48,0.48),(0.51,0.50),(0.53,0.50),(0.54,0.50),(0.56,0.50),(0.60,0.48),(0.65,0.46),(0.66,0.45),(0.66,0.44),(0.67,0.41),(0.66,0.40),(0.65,0.38),(0.63,0.36),(0.61,0.33),(0.60,0.31),(0.59,0.30),(0.58,0.30),(0.57,0.29),(0.57,0.29)]
19/06/2015 14:47:17  State: h-outset
19/06/2015 14:47:18  Touch outside the sign area
19/06/2015 14:47:19  Touch outside the sign area
19/06/2015 14:47:20  Touch outside the sign area
19/06/2015 14:47:20  Touch outside the sign area
19/06/2015 14:47:21  Touch outside the sign area
19/06/2015 14:47:22  [(0.38,0.78),(0.37,0.77),(0.37,0.73),(0.38,0.68),(0.38,0.64),(0.39,0.58),(0.39,0.52),(0.39,0.44),(0.40,0.40),(0.41,0.33),(0.46,0.28),(0.48,0.27),(0.49,0.26),(0.50,0.27),(0.51,0.29),(0.53,0.32),(0.56,0.34),(0.56,0.37),(0.56,0.38),(0.56,0.43),(0.56,0.47),(0.54,0.53),(0.51,0.57),(0.47,0.59),(0.44,0.61),(0.42,0.63),(0.41,0.63),(0.40,0.62),(0.43,0.59),(0.48,0.55),(0.54,0.53),(0.55,0.54),(0.55,0.55),(0.54,0.55),(0.53,0.54),(0.53,0.51),(0.54,0.49),(0.55,0.47),(0.55,0.45),(0.56,0.45),(0.57,0.45),(0.57,0.46),(0.56,0.48),(0.55,0.51),(0.54,0.55),(0.54,0.58),(0.55,0.60),(0.55,0.62),(0.56,0.64),(0.58,0.67),(0.58,0.70),(0.57,0.73),(0.57,0.75),(0.58,0.77),(0.59,0.78),(0.63,0.78),(0.67,0.78),(0.68,0.76),(0.71,0.71),(0.72,0.69),(0.74,0.68),(0.79,0.63),(0.84,0.61),(0.85,0.61)]
19/06/2015 14:47:23  Touch outside the sign area
19/06/2015 14:47:24  [(0.65,0.74),(0.65,0.74),(0.65,0.74),(0.65,0.73),(0.66,0.73),(0.67,0.72),(0.68,0.70),(0.69,0.69),(0.70,0.67),(0.70,0.67),(0.71,0.67),(0.70,0.67),(0.70,0.68),(0.69,0.69),(0.69,0.70),(0.68,0.71),(0.68,0.72),(0.68,0.72),(0.68,0.73),(0.68,0.74),(0.67,0.74),(0.66,0.75),(0.66,0.74),(0.66,0.74)]
19/06/2015 14:47:25  [(0.41,0.66),(0.41,0.66),(0.42,0.66),(0.42,0.69),(0.41,0.72),(0.42,0.75),(0.42,0.77),(0.42,0.77),(0.42,0.77),(0.42,0.78)]
19/06/2015 14:47:28  State: h-nooutset
19/06/2015 14:47:29  Touch outside the sign area
19/06/2015 14:47:29  [(0.93,0.80),(0.93,0.83),(0.93,0.83)]
19/06/2015 14:47:35  [(0.38,0.77),(0.39,0.78),(0.41,0.78),(0.41,0.78),(0.41,0.77),(0.40,0.76),(0.38,0.74),(0.37,0.72),(0.36,0.69),(0.36,0.66),(0.36,0.61),(0.36,0.58),(0.37,0.55),(0.38,0.52),(0.40,0.49),(0.41,0.47),(0.42,0.44),(0.43,0.40),(0.43,0.38),(0.44,0.36),(0.44,0.32),(0.45,0.30),(0.45,0.27),(0.45,0.25),(0.45,0.23),(0.46,0.23),(0.46,0.22),(0.48,0.23),(0.50,0.24),(0.52,0.25),(0.55,0.27),(0.57,0.30),(0.59,0.32),(0.60,0.36),(0.61,0.38),(0.60,0.40),(0.58,0.43),(0.54,0.48),(0.52,0.51),(0.51,0.53),(0.51,0.54),(0.50,0.55),(0.49,0.56),(0.48,0.57),(0.47,0.59),(0.46,0.60),(0.45,0.61),(0.44,0.63),(0.43,0.64),(0.42,0.65),(0.41,0.66),(0.41,0.67),(0.40,0.68),(0.39,0.68),(0.39,0.67),(0.40,0.66),(0.42,0.65),(0.44,0.63),(0.47,0.61),(0.48,0.59),(0.49,0.58),(0.49,0.58),(0.49,0.59),(0.51,0.59),(0.52,0.60),(0.54,0.61),(0.57,0.64),(0.59,0.68),(0.60,0.73),(0.60,0.77),(0.60,0.79),(0.59,0.81),(0.59,0.82),(0.59,0.83),(0.59,0.83),(0.60,0.82),(0.60,0.81),(0.63,0.79),(0.67,0.77),(0.69,0.76),(0.70,0.76),(0.71,0.75),(0.73,0.72),(0.73,0.71),(0.72,0.69),(0.72,0.68),(0.72,0.67),(0.74,0.67)]
19/06/2015 14:47:36  State: h-wire
19/06/2015 14:47:40  [(0.41,0.81),(0.41,0.78),(0.41,0.73),(0.41,0.68),(0.39,0.62),(0.38,0.55),(0.40,0.46),(0.42,0.39),(0.44,0.33),(0.45,0.28),(0.46,0.26),(0.47,0.26),(0.49,0.28),(0.51,0.30),(0.52,0.32),(0.53,0.37),(0.54,0.42),(0.54,0.46),(0.53,0.50),(0.50,0.55),(0.47,0.59),(0.45,0.61),(0.45,0.62),(0.45,0.62),(0.45,0.61),(0.49,0.58),(0.52,0.56),(0.52,0.56),(0.52,0.58),(0.52,0.59),(0.53,0.63),(0.56,0.68),(0.58,0.69),(0.58,0.72),(0.58,0.74),(0.58,0.77),(0.58,0.78),(0.58,0.79),(0.59,0.78),(0.61,0.77),(0.66,0.74),(0.70,0.73),(0.71,0.72),(0.72,0.71),(0.72,0.69),(0.73,0.68),(0.73,0.68),(0.74,0.67)]
