15/01/2012 22:44:49 [WW]} WARNING: QApplication was not created in the main() thread.
15/01/2012 22:44:50  Starting now
15/01/2012 22:44:50  State: num5-outset
15/01/2012 22:45:02  Touch outside the sign area
15/01/2012 22:45:02  [(0.65,0.25),(0.64,0.24),(0.59,0.23),(0.52,0.23),(0.46,0.24),(0.42,0.24),(0.39,0.24),(0.38,0.25),(0.36,0.25),(0.35,0.25),(0.32,0.27),(0.32,0.31),(0.34,0.38),(0.35,0.42),(0.35,0.43),(0.38,0.43),(0.42,0.41),(0.46,0.40),(0.51,0.38),(0.56,0.35),(0.60,0.33),(0.65,0.32),(0.66,0.32)]
15/01/2012 22:45:04  State: num5-nooutset
15/01/2012 22:45:06  [(0.57,0.23),(0.55,0.22),(0.36,0.31),(0.35,0.35),(0.35,0.35)]
15/01/2012 22:45:07  [(0.57,0.24),(0.52,0.25),(0.47,0.26),(0.43,0.28),(0.42,0.30),(0.41,0.32),(0.41,0.33),(0.42,0.34),(0.44,0.34),(0.47,0.33),(0.50,0.32),(0.53,0.32),(0.56,0.32),(0.58,0.33),(0.60,0.34),(0.61,0.35),(0.61,0.37),(0.60,0.39),(0.57,0.41),(0.53,0.42),(0.50,0.43),(0.47,0.44),(0.47,0.44)]
15/01/2012 22:45:09  [(0.37,0.44),(0.38,0.44),(0.42,0.44),(0.47,0.43),(0.53,0.44),(0.58,0.45),(0.61,0.46),(0.64,0.47),(0.68,0.49),(0.70,0.51),(0.73,0.55),(0.75,0.57),(0.76,0.60),(0.76,0.62),(0.76,0.65),(0.76,0.68),(0.75,0.71),(0.74,0.73),(0.73,0.74)]
15/01/2012 22:45:10  [(0.57,0.82),(0.54,0.80),(0.51,0.75),(0.48,0.70),(0.44,0.67),(0.41,0.66),(0.38,0.66),(0.36,0.66),(0.34,0.67),(0.32,0.69),(0.31,0.71),(0.31,0.73),(0.34,0.75),(0.40,0.77),(0.44,0.76),(0.47,0.75),(0.53,0.72),(0.57,0.70),(0.60,0.69),(0.61,0.69)]
15/01/2012 22:45:11  [(0.52,0.60),(0.58,0.64),(0.59,0.67),(0.56,0.69),(0.53,0.69),(0.52,0.68),(0.51,0.66)]
15/01/2012 22:45:35  [(0.95,0.47),(0.97,0.52),(1.00,0.63),(1.00,0.68),(0.99,0.70)]
15/01/2012 22:45:36  [(0.71,0.68),(0.71,0.68),(0.72,0.67),(0.73,0.66),(0.76,0.63),(0.79,0.60),(0.84,0.58),(0.90,0.59),(0.91,0.60)]
15/01/2012 22:45:47  State: num5-wire
15/01/2012 22:45:50  [(0.68,0.24),(0.66,0.24),(0.58,0.23),(0.50,0.23),(0.43,0.23),(0.37,0.23),(0.33,0.24),(0.32,0.25),(0.31,0.26),(0.31,0.30),(0.31,0.36),(0.31,0.40),(0.32,0.46),(0.32,0.49),(0.33,0.50),(0.34,0.50),(0.35,0.48),(0.41,0.44),(0.44,0.43),(0.51,0.42),(0.57,0.43),(0.62,0.46),(0.65,0.49),(0.67,0.55),(0.67,0.57),(0.66,0.57)]
15/01/2012 22:45:52  [(0.48,0.55),(0.51,0.57),(0.52,0.61),(0.52,0.64),(0.50,0.66),(0.48,0.68),(0.46,0.67),(0.44,0.65),(0.42,0.61),(0.43,0.59),(0.45,0.59),(0.46,0.61),(0.44,0.63),(0.39,0.63),(0.35,0.61),(0.31,0.59),(0.27,0.59),(0.24,0.58),(0.22,0.59),(0.21,0.60),(0.20,0.62),(0.19,0.62)]
15/01/2012 22:45:53  [(0.39,0.83),(0.41,0.82),(0.46,0.81),(0.51,0.80),(0.60,0.78),(0.65,0.77),(0.66,0.77)]
15/01/2012 22:45:54  State: num8-outset
15/01/2012 22:45:55  Touch outside the sign area
15/01/2012 22:45:56  [(0.38,0.34),(0.40,0.34),(0.50,0.37),(0.57,0.37),(0.53,0.26),(0.56,0.22),(0.65,0.26),(0.67,0.33),(0.65,0.40),(0.62,0.42),(0.56,0.43),(0.47,0.45),(0.43,0.48),(0.40,0.51),(0.38,0.53),(0.38,0.54),(0.38,0.56),(0.38,0.60),(0.42,0.67),(0.46,0.69),(0.50,0.69),(0.55,0.66),(0.55,0.61),(0.51,0.56),(0.45,0.49),(0.42,0.45)]
15/01/2012 23:02:42 [WW] WARNING: QApplication was not created in the main() thread.
15/01/2012 23:02:43  Starting now
15/01/2012 23:02:43  State: num5-outset
15/01/2012 23:08:36 [WW] WARNING: QApplication was not created in the main() thread.
15/01/2012 23:08:36  Starting now
15/01/2012 23:08:36  State: num5-outset
15/01/2012 23:09:12 [WW] WARNING: QApplication was not created in the main() thread.
15/01/2012 23:09:13  Starting now
15/01/2012 23:09:13  State: num5-outset
15/01/2012 23:09:33 [WW] WARNING: QApplication was not created in the main() thread.
15/01/2012 23:09:33  Starting now
15/01/2012 23:09:33  State: num5-outset
15/01/2012 23:10:07  Touch outside the sign area
15/01/2012 23:10:14  Touch outside the sign area
15/01/2012 23:10:16  Touch outside the sign area
15/01/2012 23:10:17  Touch outside the sign area
15/01/2012 23:10:20  Touch outside the sign area
15/01/2012 23:10:22  Touch outside the sign area
15/01/2012 23:10:25  [(0.66,0.24),(0.66,0.24),(0.66,0.24),(0.66,0.24),(0.66,0.24),(0.65,0.24),(0.64,0.24),(0.63,0.24),(0.62,0.24),(0.60,0.24),(0.59,0.23),(0.57,0.23),(0.55,0.23),(0.54,0.24),(0.52,0.24),(0.51,0.24),(0.50,0.24),(0.49,0.24),(0.48,0.24),(0.48,0.24),(0.47,0.24),(0.46,0.24),(0.46,0.24),(0.45,0.24),(0.45,0.24),(0.45,0.24),(0.45,0.24),(0.44,0.24),(0.44,0.24),(0.43,0.24),(0.43,0.24),(0.42,0.24),(0.42,0.24),(0.41,0.24),(0.41,0.24),(0.40,0.24),(0.39,0.24),(0.39,0.24),(0.38,0.24),(0.38,0.24),(0.37,0.24),(0.36,0.24),(0.35,0.23),(0.35,0.23),(0.34,0.23),(0.34,0.23),(0.33,0.23),(0.33,0.23),(0.32,0.23),(0.32,0.23),(0.31,0.24),(0.30,0.24),(0.29,0.24),(0.29,0.24),(0.28,0.24),(0.27,0.24),(0.26,0.24),(0.25,0.24),(0.25,0.25),(0.24,0.25),(0.24,0.25),(0.23,0.25),(0.22,0.25),(0.21,0.26),(0.21,0.26),(0.20,0.26),(0.20,0.26),(0.19,0.27),(0.18,0.27),(0.17,0.28),(0.17,0.28),(0.16,0.28),(0.15,0.28),(0.15,0.29),(0.14,0.30),(0.14,0.30),(0.13,0.31),(0.13,0.32),(0.12,0.32),(0.11,0.33),(0.11,0.34),(0.11,0.34),(0.10,0.35),(0.10,0.35),(0.10,0.36),(0.10,0.36),(0.10,0.37),(0.10,0.37),(0.11,0.38),(0.11,0.38),(0.11,0.39),(0.11,0.39),(0.11,0.39),(0.12,0.39),(0.12,0.39),(0.13,0.40),(0.13,0.40),(0.14,0.40),(0.14,0.40),(0.14,0.40),(0.15,0.40),(0.15,0.40),(0.15,0.40),(0.16,0.40),(0.17,0.39),(0.18,0.39),(0.18,0.38),(0.19,0.38),(0.20,0.38),(0.21,0.37),(0.22,0.36),(0.23,0.36),(0.24,0.35),(0.25,0.35),(0.26,0.35),(0.26,0.35),(0.27,0.35),(0.28,0.35),(0.29,0.35),(0.30,0.36),(0.31,0.36),(0.32,0.36),(0.32,0.37),(0.33,0.38),(0.34,0.38),(0.34,0.38),(0.34,0.39),(0.34,0.40),(0.34,0.41),(0.34,0.42),(0.34,0.43),(0.33,0.44),(0.33,0.44),(0.32,0.45),(0.32,0.46),(0.33,0.46),(0.33,0.46),(0.35,0.46),(0.36,0.46),(0.38,0.46),(0.41,0.45),(0.44,0.44),(0.48,0.41),(0.50,0.40),(0.53,0.38),(0.54,0.37),(0.56,0.36),(0.58,0.36),(0.59,0.35),(0.61,0.35),(0.63,0.35),(0.64,0.35),(0.65,0.35),(0.65,0.36),(0.64,0.37),(0.62,0.38),(0.59,0.38),(0.57,0.39),(0.55,0.39),(0.53,0.40),(0.52,0.41),(0.51,0.41),(0.51,0.41),(0.50,0.42),(0.50,0.42),(0.50,0.42),(0.50,0.43),(0.50,0.44),(0.51,0.44),(0.52,0.45),(0.54,0.46),(0.55,0.46),(0.57,0.47),(0.59,0.47),(0.63,0.48),(0.67,0.50),(0.70,0.52),(0.71,0.53),(0.72,0.53),(0.72,0.54),(0.73,0.55),(0.73,0.56),(0.73,0.57),(0.72,0.58),(0.72,0.59),(0.72,0.60),(0.71,0.60),(0.68,0.61),(0.66,0.61),(0.64,0.61),(0.62,0.61),(0.59,0.61),(0.57,0.62),(0.54,0.62),(0.50,0.62),(0.48,0.62),(0.46,0.63),(0.43,0.63),(0.43,0.64),(0.43,0.65),(0.43,0.65),(0.43,0.65),(0.43,0.65),(0.45,0.65),(0.48,0.63),(0.51,0.61),(0.55,0.59),(0.59,0.56),(0.64,0.55),(0.66,0.55),(0.68,0.56),(0.69,0.58),(0.69,0.60),(0.70,0.62),(0.70,0.64),(0.70,0.66),(0.69,0.67),(0.68,0.69),(0.65,0.71),(0.61,0.72),(0.57,0.73),(0.53,0.74),(0.51,0.74),(0.50,0.74),(0.49,0.74),(0.49,0.73),(0.49,0.71),(0.50,0.68),(0.51,0.65),(0.52,0.63),(0.52,0.61),(0.52,0.58),(0.52,0.56),(0.52,0.53),(0.51,0.51),(0.50,0.50),(0.48,0.48),(0.46,0.46),(0.45,0.46),(0.44,0.46),(0.41,0.45),(0.38,0.46),(0.34,0.47),(0.31,0.50),(0.29,0.52),(0.29,0.54),(0.29,0.57),(0.29,0.59),(0.29,0.60),(0.29,0.61),(0.29,0.63),(0.30,0.64),(0.31,0.66),(0.32,0.68),(0.33,0.69),(0.34,0.71),(0.36,0.72),(0.38,0.73),(0.39,0.73),(0.41,0.74),(0.43,0.75),(0.46,0.75),(0.50,0.75),(0.52,0.75),(0.54,0.74),(0.56,0.74),(0.58,0.73),(0.60,0.72),(0.61,0.72),(0.61,0.72),(0.61,0.72),(0.62,0.71),(0.62,0.72),(0.62,0.71),(0.62,0.72)]
15/01/2012 23:10:41  Touch outside the sign area
15/01/2012 23:10:41  [(0.00,0.46),(-0.01,0.52),(-0.01,0.61),(0.00,0.66)]
15/01/2012 23:10:46  [(0.94,0.72),(0.91,0.68),(0.92,0.57),(1.03,0.44),(1.11,0.42),(1.15,0.42),(1.16,0.42),(1.16,0.42),(1.16,0.42),(1.16,0.42),(1.16,0.42),(1.16,0.42),(1.16,0.42),(1.17,0.42)]
15/01/2012 23:10:53  [(0.30,0.37),(0.30,0.33),(0.31,0.27),(0.32,0.24),(0.32,0.22),(0.33,0.22),(0.33,0.23)]
15/01/2012 23:10:57  State: num5-nooutset
15/01/2012 23:11:06  Touch outside the sign area
15/01/2012 23:11:25  [(0.68,0.24),(0.68,0.24),(0.64,0.24),(0.58,0.25),(0.54,0.25),(0.53,0.25),(0.51,0.25),(0.51,0.25),(0.50,0.25),(0.49,0.25),(0.48,0.25),(0.48,0.25),(0.47,0.25),(0.46,0.24),(0.44,0.24),(0.42,0.24),(0.41,0.24),(0.40,0.24),(0.38,0.24),(0.37,0.24),(0.36,0.24),(0.35,0.24),(0.32,0.24),(0.31,0.24),(0.28,0.24),(0.27,0.24),(0.25,0.24),(0.24,0.24),(0.23,0.24),(0.22,0.24),(0.21,0.24),(0.20,0.24),(0.19,0.24),(0.18,0.25),(0.18,0.25),(0.17,0.25),(0.15,0.25),(0.15,0.25),(0.14,0.25),(0.14,0.26),(0.14,0.26),(0.14,0.26),(0.14,0.26),(0.14,0.26),(0.14,0.26),(0.14,0.25),(0.14,0.25),(0.15,0.25),(0.15,0.25),(0.15,0.25),(0.17,0.25),(0.18,0.25),(0.21,0.25),(0.21,0.25),(0.24,0.24),(0.25,0.24),(0.26,0.24),(0.27,0.25),(0.28,0.25),(0.28,0.25),(0.28,0.26),(0.28,0.27),(0.28,0.28),(0.28,0.28),(0.29,0.29),(0.29,0.30),(0.29,0.31),(0.29,0.32),(0.29,0.34),(0.29,0.35),(0.29,0.37),(0.29,0.38),(0.29,0.41),(0.29,0.43),(0.29,0.44),(0.30,0.45),(0.30,0.46),(0.31,0.47),(0.32,0.47),(0.33,0.46),(0.36,0.45),(0.40,0.44),(0.44,0.42),(0.48,0.41),(0.51,0.40),(0.53,0.40),(0.55,0.40),(0.57,0.40),(0.59,0.41),(0.60,0.41),(0.61,0.42),(0.62,0.43),(0.65,0.44),(0.67,0.44),(0.69,0.45),(0.71,0.45),(0.72,0.45),(0.73,0.45),(0.74,0.45),(0.74,0.45),(0.74,0.45),(0.73,0.45),(0.73,0.45),(0.73,0.45),(0.73,0.45),(0.73,0.46),(0.73,0.45),(0.73,0.45),(0.73,0.45),(0.73,0.45),(0.72,0.45),(0.72,0.45),(0.74,0.44),(0.75,0.42),(0.77,0.40),(0.77,0.40),(0.77,0.41),(0.76,0.41),(0.76,0.41)]
15/01/2012 23:11:26  [(0.71,0.49),(0.71,0.50),(0.71,0.51),(0.70,0.52),(0.70,0.54),(0.69,0.55),(0.69,0.56),(0.69,0.58),(0.69,0.58),(0.68,0.59),(0.68,0.60),(0.68,0.60),(0.68,0.60)]
15/01/2012 23:11:28  [(0.65,0.68),(0.65,0.68),(0.64,0.69),(0.64,0.70),(0.62,0.71),(0.61,0.72),(0.60,0.73),(0.58,0.73),(0.57,0.74),(0.56,0.75),(0.56,0.75)]
15/01/2012 23:11:30  [(0.50,0.75),(0.50,0.75),(0.49,0.76),(0.48,0.76),(0.47,0.76),(0.45,0.76),(0.44,0.76),(0.42,0.75),(0.40,0.75),(0.39,0.74),(0.38,0.74),(0.37,0.73),(0.36,0.73),(0.35,0.72),(0.35,0.71),(0.34,0.71)]
15/01/2012 23:11:32  [(0.29,0.60),(0.30,0.63),(0.30,0.65),(0.31,0.67),(0.32,0.68),(0.32,0.70),(0.32,0.70),(0.32,0.70),(0.32,0.70),(0.32,0.70),(0.32,0.70)]
15/01/2012 23:11:33  [(0.32,0.46),(0.32,0.47),(0.31,0.49),(0.30,0.53),(0.30,0.56),(0.29,0.58),(0.29,0.60),(0.29,0.61),(0.29,0.62),(0.29,0.62),(0.28,0.63),(0.28,0.63),(0.28,0.63)]
15/01/2012 23:11:35  [(0.14,0.61),(0.13,0.63),(0.10,0.72),(0.10,0.80),(0.10,0.82),(0.09,0.82),(0.09,0.82),(0.09,0.82),(0.09,0.82),(0.09,0.82),(0.09,0.82),(0.09,0.82)]
15/01/2012 23:11:37  [(0.08,0.59),(0.08,0.58)]
15/01/2012 23:11:38  [(0.09,0.57),(0.05,0.60),(-0.01,0.69),(-0.02,0.73),(-0.03,0.76),(-0.03,0.77),(-0.03,0.77),(-0.04,0.77),(-0.04,0.77),(-0.04,0.77),(-0.04,0.77),(-0.04,0.77),(-0.04,0.77)]
15/01/2012 23:11:40  [(0.63,0.26),(0.61,0.26),(0.59,0.26),(0.51,0.26),(0.42,0.27),(0.34,0.31),(0.31,0.35),(0.30,0.38),(0.30,0.40),(0.30,0.42),(0.31,0.45),(0.31,0.47),(0.31,0.48),(0.31,0.49),(0.31,0.49),(0.31,0.49)]
15/01/2012 23:11:44  [(0.31,0.48),(0.33,0.47),(0.39,0.45),(0.43,0.44),(0.46,0.44),(0.49,0.44),(0.54,0.45),(0.58,0.47),(0.62,0.49),(0.64,0.51),(0.66,0.54),(0.68,0.56),(0.68,0.58),(0.68,0.61),(0.68,0.66),(0.65,0.70),(0.62,0.72),(0.60,0.74),(0.56,0.75),(0.53,0.75),(0.49,0.75),(0.46,0.75),(0.42,0.75),(0.40,0.74),(0.37,0.73),(0.35,0.72),(0.34,0.71),(0.33,0.70),(0.32,0.68),(0.31,0.67),(0.30,0.65),(0.29,0.64),(0.29,0.64)]
15/01/2012 23:11:47  State: num5-wire
15/01/2012 23:11:52  [(0.78,0.27),(0.78,0.27),(0.77,0.27),(0.77,0.28),(0.75,0.28),(0.74,0.29),(0.73,0.30),(0.72,0.30),(0.71,0.30),(0.70,0.30),(0.69,0.29),(0.69,0.29),(0.68,0.28),(0.68,0.27),(0.67,0.27),(0.66,0.26),(0.66,0.26),(0.65,0.26),(0.65,0.25),(0.65,0.25),(0.64,0.24),(0.63,0.24),(0.62,0.24),(0.62,0.24),(0.61,0.24),(0.60,0.24),(0.60,0.24),(0.60,0.24)]
15/01/2012 23:11:59  [(0.64,0.25),(0.63,0.25),(0.60,0.25),(0.52,0.24),(0.46,0.23),(0.40,0.23),(0.35,0.23),(0.32,0.24),(0.32,0.24),(0.31,0.24),(0.31,0.25),(0.31,0.25),(0.32,0.25),(0.32,0.28),(0.32,0.34),(0.32,0.43),(0.32,0.48),(0.32,0.50),(0.31,0.51),(0.31,0.51),(0.31,0.51),(0.31,0.52),(0.31,0.51),(0.31,0.51),(0.31,0.51),(0.30,0.51),(0.30,0.50),(0.30,0.50)]
15/01/2012 23:12:00  [(0.14,0.42),(0.11,0.45),(0.07,0.50),(0.03,0.57),(-0.01,0.64),(-0.03,0.69),(-0.03,0.71),(-0.04,0.73),(-0.04,0.73)]
15/01/2012 23:12:05  [(0.21,0.27),(0.18,0.27),(0.15,0.26),(0.11,0.27),(0.03,0.28),(-0.03,0.31),(-0.09,0.33),(-0.12,0.36),(-0.15,0.37),(-0.16,0.39),(-0.16,0.39),(-0.16,0.40),(-0.17,0.40),(-0.17,0.40),(-0.17,0.40),(-0.17,0.41),(-0.17,0.41),(-0.17,0.41),(-0.16,0.41),(-0.15,0.42),(-0.11,0.43),(-0.06,0.42),(0.02,0.41),(0.09,0.38),(0.14,0.37),(0.22,0.35),(0.28,0.34),(0.36,0.33),(0.43,0.32),(0.48,0.32),(0.54,0.31),(0.61,0.31),(0.67,0.30),(0.74,0.30),(0.79,0.30),(0.85,0.31),(0.90,0.32),(0.96,0.33),(1.02,0.35),(1.09,0.37),(1.13,0.38),(1.18,0.40),(1.20,0.41),(1.22,0.42),(1.23,0.42),(1.23,0.42),(1.24,0.42),(1.24,0.43),(1.24,0.43),(1.24,0.43),(1.24,0.43),(1.23,0.43),(1.23,0.43),(1.23,0.43),(1.23,0.43),(1.22,0.43),(1.22,0.43)]
15/01/2012 23:12:10  [(0.30,0.52),(0.30,0.51),(0.31,0.49),(0.34,0.48),(0.36,0.46),(0.39,0.45),(0.41,0.45),(0.44,0.44),(0.46,0.44),(0.49,0.44),(0.52,0.44),(0.56,0.45),(0.59,0.46),(0.61,0.47),(0.63,0.48),(0.65,0.49),(0.66,0.50),(0.67,0.52),(0.68,0.53),(0.68,0.54),(0.69,0.56),(0.70,0.59),(0.70,0.61),(0.70,0.62),(0.71,0.62),(0.71,0.62),(0.71,0.63),(0.70,0.63),(0.70,0.63),(0.70,0.64),(0.69,0.65),(0.68,0.67),(0.65,0.70),(0.62,0.72),(0.59,0.74),(0.56,0.75),(0.53,0.75),(0.50,0.76),(0.47,0.76),(0.45,0.76),(0.43,0.75),(0.40,0.74),(0.38,0.73),(0.37,0.73),(0.35,0.71),(0.33,0.67),(0.30,0.63),(0.29,0.60),(0.29,0.59),(0.29,0.59),(0.29,0.60),(0.29,0.60),(0.29,0.60),(0.29,0.60),(0.28,0.60),(0.28,0.60),(0.28,0.60)]
15/01/2012 23:12:15  [(0.81,0.52),(0.83,0.52),(0.88,0.51),(0.94,0.50),(1.04,0.48),(1.17,0.47),(1.25,0.46),(1.27,0.46),(1.27,0.46),(1.18,0.47),(1.04,0.51),(0.93,0.58),(0.93,0.59),(1.11,0.52),(1.18,0.49),(1.10,0.53),(0.94,0.62),(0.91,0.64),(0.96,0.63),(1.14,0.56),(1.17,0.55),(1.16,0.55),(1.02,0.62),(0.91,0.67),(0.88,0.69),(0.92,0.68),(1.05,0.63),(1.11,0.60),(1.06,0.62),(0.92,0.69),(0.89,0.70),(1.07,0.64),(1.12,0.62),(1.02,0.67),(0.93,0.71),(0.93,0.72),(1.02,0.69),(1.04,0.69),(1.00,0.70)]
15/01/2012 23:12:19  [(0.32,0.55),(0.40,0.49),(0.39,0.51),(0.29,0.58),(0.38,0.53),(0.45,0.48),(0.40,0.53),(0.35,0.57),(0.42,0.53),(0.48,0.51),(0.37,0.59),(0.51,0.52),(0.42,0.59),(0.43,0.59),(0.56,0.53),(0.42,0.63),(0.57,0.56),(0.47,0.65),(0.47,0.65),(0.59,0.59),(0.54,0.63),(0.44,0.70),(0.61,0.62),(0.51,0.70),(0.56,0.68),(0.65,0.64),(0.52,0.74),(0.63,0.71)]
15/01/2012 23:12:20  [(0.89,0.30),(0.66,0.56)]
15/01/2012 23:12:22  [(0.57,0.38),(0.51,0.44)]
15/01/2012 23:12:24  [(0.08,0.76),(0.24,0.57),(0.54,0.30)]
15/01/2012 23:12:27  [(0.82,0.16),(0.79,0.15),(0.75,0.14),(0.72,0.15),(0.70,0.20),(0.71,0.22),(0.72,0.22),(0.72,0.22),(0.72,0.22)]
15/01/2012 23:12:32  [(0.25,0.76),(0.25,0.76)]
15/01/2012 23:12:32  [(0.34,0.84),(0.35,0.85)]
15/01/2012 23:12:37  [(0.89,0.42),(0.89,0.43),(0.89,0.43),(0.89,0.43),(0.89,0.43),(0.89,0.43),(0.89,0.43),(0.89,0.43),(0.89,0.43)]
15/01/2012 23:12:41  [(0.93,0.22),(0.93,0.22),(0.93,0.22),(0.93,0.22)]
15/01/2012 23:12:45  State: num8-outset
15/01/2012 23:12:55  Touch outside the sign area
15/01/2012 23:12:56  Touch outside the sign area
15/01/2012 23:12:57  Touch outside the sign area
15/01/2012 23:12:59  Touch outside the sign area
15/01/2012 23:13:00  [(0.49,0.24),(0.49,0.24),(0.50,0.24),(0.50,0.24),(0.51,0.23),(0.52,0.24),(0.53,0.24),(0.54,0.24),(0.55,0.24),(0.56,0.24),(0.57,0.24),(0.58,0.25),(0.59,0.25),(0.60,0.26),(0.61,0.27),(0.61,0.28),(0.62,0.29),(0.63,0.30),(0.64,0.31),(0.65,0.33),(0.65,0.34),(0.65,0.36),(0.65,0.37),(0.65,0.39),(0.64,0.40),(0.63,0.41),(0.62,0.43),(0.62,0.43),(0.61,0.44),(0.60,0.45),(0.59,0.46),(0.57,0.46),(0.56,0.47),(0.55,0.48),(0.53,0.48),(0.52,0.48),(0.52,0.48),(0.52,0.49),(0.52,0.49),(0.52,0.49),(0.52,0.49),(0.52,0.49),(0.52,0.49),(0.52,0.49),(0.52,0.49),(0.53,0.50),(0.54,0.50),(0.55,0.50),(0.56,0.50),(0.58,0.50),(0.59,0.51),(0.61,0.51),(0.62,0.52),(0.63,0.52),(0.64,0.53),(0.65,0.53),(0.65,0.54),(0.66,0.54),(0.67,0.55),(0.68,0.55),(0.68,0.56),(0.69,0.56),(0.70,0.57),(0.70,0.57),(0.71,0.58),(0.71,0.58),(0.72,0.59),(0.72,0.60),(0.72,0.61),(0.72,0.61),(0.72,0.62),(0.72,0.63),(0.72,0.64),(0.71,0.65),(0.71,0.66),(0.70,0.67),(0.69,0.68),(0.68,0.69),(0.66,0.70),(0.65,0.72),(0.63,0.73),(0.61,0.74),(0.60,0.74),(0.58,0.75),(0.57,0.75),(0.56,0.76),(0.55,0.76),(0.54,0.76),(0.52,0.76),(0.50,0.77),(0.49,0.77),(0.47,0.77),(0.46,0.77),(0.44,0.77),(0.42,0.77),(0.41,0.77),(0.40,0.76),(0.38,0.76),(0.37,0.75),(0.35,0.74),(0.35,0.74),(0.33,0.73),(0.32,0.71),(0.30,0.69),(0.29,0.67),(0.28,0.66),(0.28,0.64),(0.28,0.62),(0.28,0.61),(0.29,0.59),(0.29,0.58),(0.30,0.57),(0.31,0.55),(0.32,0.54),(0.33,0.53),(0.34,0.53),(0.35,0.52),(0.36,0.51),(0.37,0.50),(0.39,0.50),(0.40,0.50),(0.41,0.50),(0.42,0.49),(0.42,0.49),(0.42,0.49),(0.42,0.49),(0.40,0.48),(0.39,0.47),(0.37,0.47),(0.35,0.45),(0.34,0.44),(0.32,0.42),(0.31,0.40),(0.31,0.38),(0.31,0.36),(0.31,0.34),(0.32,0.33),(0.34,0.31),(0.35,0.30),(0.36,0.28),(0.37,0.27),(0.38,0.26),(0.40,0.25),(0.41,0.25),(0.43,0.24),(0.44,0.24),(0.45,0.24),(0.45,0.24),(0.45,0.24),(0.45,0.24)]
15/01/2012 23:14:19  State: num8-nooutset
15/01/2012 23:14:21  Touch outside the sign area
15/01/2012 23:14:22  [(0.52,0.49),(0.53,0.48),(0.53,0.48),(0.54,0.48),(0.55,0.47),(0.56,0.47),(0.57,0.47),(0.57,0.47),(0.57,0.47),(0.57,0.47),(0.57,0.47),(0.57,0.47),(0.57,0.47),(0.57,0.47),(0.57,0.47),(0.58,0.46),(0.58,0.47),(0.58,0.47)]
15/01/2012 23:14:25  [(0.55,0.49),(0.55,0.49),(0.56,0.48),(0.58,0.47),(0.61,0.46),(0.62,0.45),(0.64,0.44),(0.65,0.41),(0.65,0.40),(0.65,0.39),(0.65,0.37),(0.65,0.36),(0.65,0.35),(0.65,0.33),(0.65,0.31),(0.64,0.30),(0.63,0.28),(0.61,0.26),(0.60,0.24),(0.58,0.24),(0.56,0.23),(0.54,0.22),(0.53,0.22),(0.52,0.22),(0.51,0.22),(0.50,0.22),(0.49,0.22),(0.48,0.22),(0.48,0.22),(0.48,0.22)]
15/01/2012 23:14:27  State: num8-wire
15/01/2012 23:14:27  State: h-outset
15/01/2012 23:14:32  Touch outside the sign area
15/01/2012 23:14:38  [(0.40,0.75),(0.40,0.74),(0.40,0.73),(0.40,0.71),(0.40,0.69),(0.39,0.67),(0.39,0.64),(0.39,0.61),(0.39,0.58),(0.39,0.56),(0.39,0.54),(0.40,0.52),(0.40,0.51),(0.40,0.50),(0.40,0.49),(0.40,0.48),(0.40,0.47),(0.41,0.46),(0.41,0.45),(0.41,0.44),(0.41,0.43),(0.41,0.41),(0.42,0.41),(0.42,0.40),(0.42,0.38),(0.42,0.37),(0.42,0.36),(0.42,0.35),(0.42,0.34),(0.43,0.33),(0.43,0.31),(0.43,0.30),(0.44,0.28),(0.44,0.27),(0.45,0.26),(0.47,0.24),(0.48,0.23),(0.49,0.22),(0.50,0.22),(0.51,0.22),(0.52,0.22),(0.53,0.22),(0.54,0.23),(0.55,0.24),(0.55,0.25),(0.55,0.27),(0.56,0.28),(0.56,0.29),(0.56,0.31),(0.56,0.32),(0.56,0.33),(0.56,0.34),(0.56,0.35),(0.56,0.36),(0.56,0.37),(0.56,0.38),(0.56,0.39),(0.56,0.40),(0.56,0.41),(0.55,0.42),(0.55,0.44),(0.55,0.45),(0.54,0.46),(0.54,0.48),(0.53,0.49),(0.53,0.50),(0.53,0.51),(0.53,0.51),(0.53,0.52),(0.52,0.53),(0.52,0.53),(0.52,0.54),(0.52,0.55),(0.52,0.55),(0.52,0.55),(0.51,0.56),(0.51,0.56),(0.51,0.57),(0.51,0.57),(0.51,0.57),(0.51,0.57),(0.51,0.57),(0.51,0.58),(0.51,0.58),(0.51,0.58),(0.51,0.58),(0.51,0.58),(0.51,0.58),(0.51,0.58),(0.51,0.58),(0.52,0.59),(0.52,0.60),(0.53,0.61),(0.53,0.62),(0.54,0.63),(0.54,0.64),(0.55,0.65),(0.55,0.66),(0.55,0.67),(0.56,0.68),(0.56,0.69),(0.56,0.70),(0.56,0.71),(0.56,0.72),(0.57,0.73),(0.57,0.74),(0.57,0.76),(0.58,0.76),(0.58,0.77),(0.59,0.78),(0.60,0.78),(0.61,0.78),(0.61,0.78),(0.62,0.78),(0.63,0.78),(0.64,0.78),(0.65,0.77),(0.66,0.76),(0.67,0.76),(0.67,0.75),(0.68,0.74),(0.70,0.72),(0.71,0.70),(0.71,0.69),(0.72,0.68),(0.72,0.68),(0.72,0.68),(0.72,0.68),(0.72,0.68),(0.72,0.68),(0.72,0.68),(0.72,0.68),(0.72,0.68),(0.72,0.69),(0.72,0.69),(0.72,0.69),(0.72,0.69),(0.71,0.69)]
15/01/2012 23:14:41  Touch outside the sign area
15/01/2012 23:14:41  [(0.42,0.65),(0.45,0.64),(0.53,0.56),(0.57,0.54)]
15/01/2012 23:14:42  [(0.45,0.64),(0.46,0.62),(0.49,0.57),(0.51,0.55)]
15/01/2012 23:15:13  [(0.40,0.79)]
15/01/2012 23:15:14  [(0.41,0.36),(0.41,0.36)]
15/01/2012 23:15:14  [(0.50,0.22),(0.50,0.22)]
15/01/2012 23:15:15  [(0.54,0.49)]
15/01/2012 23:15:17  [(0.54,0.66)]
15/01/2012 23:15:27  State: h-nooutset
15/01/2012 23:15:32  Touch outside the sign area
15/01/2012 23:15:34  [(0.40,0.80),(0.40,0.79),(0.39,0.77),(0.38,0.74),(0.37,0.71),(0.37,0.66),(0.37,0.64),(0.36,0.62),(0.36,0.59),(0.37,0.56),(0.37,0.54),(0.37,0.51),(0.37,0.48),(0.38,0.41),(0.40,0.30),(0.42,0.24),(0.44,0.22),(0.45,0.22),(0.45,0.21),(0.45,0.21),(0.45,0.21)]
15/01/2012 23:15:36  [(0.38,0.69),(0.38,0.69),(0.39,0.67),(0.41,0.66),(0.43,0.63),(0.45,0.60),(0.47,0.58),(0.49,0.55),(0.51,0.53),(0.52,0.49),(0.54,0.47),(0.55,0.44),(0.55,0.40),(0.55,0.36),(0.55,0.33),(0.55,0.30),(0.53,0.27),(0.51,0.24),(0.48,0.22),(0.46,0.21),(0.46,0.21)]
15/01/2012 23:15:38  [(0.67,0.71),(0.66,0.72),(0.64,0.75),(0.62,0.76),(0.60,0.78),(0.58,0.78),(0.56,0.77),(0.55,0.76),(0.55,0.74),(0.55,0.72),(0.54,0.68),(0.54,0.66),(0.53,0.63),(0.53,0.61),(0.52,0.60)]
15/01/2012 23:16:58  [(0.88,0.83),(0.90,0.82),(0.95,0.80),(0.99,0.77),(1.03,0.73),(1.08,0.67),(1.11,0.60),(1.12,0.55),(1.14,0.48),(1.14,0.41),(1.14,0.36),(1.12,0.31),(1.10,0.29),(1.09,0.27),(1.07,0.27),(1.06,0.27),(1.05,0.27),(1.04,0.28),(1.04,0.28)]
15/01/2012 23:17:02  [(0.69,0.52),(0.68,0.53),(0.68,0.53),(0.68,0.53),(0.72,0.49),(0.76,0.44),(0.79,0.40),(0.81,0.34),(0.82,0.28),(0.81,0.24),(0.79,0.20),(0.77,0.19),(0.76,0.19),(0.75,0.21),(0.74,0.24),(0.73,0.27),(0.73,0.30),(0.74,0.34),(0.75,0.37),(0.75,0.40),(0.76,0.44),(0.76,0.46),(0.76,0.50),(0.76,0.52),(0.77,0.53),(0.77,0.54),(0.77,0.55),(0.77,0.56),(0.77,0.57),(0.77,0.58),(0.77,0.58),(0.77,0.59),(0.77,0.59),(0.77,0.58),(0.78,0.56),(0.79,0.54),(0.80,0.52),(0.81,0.50),(0.83,0.49),(0.84,0.49),(0.86,0.50),(0.87,0.52),(0.88,0.53),(0.89,0.55),(0.89,0.56),(0.89,0.57),(0.89,0.58),(0.89,0.59),(0.89,0.59),(0.89,0.60),(0.89,0.60),(0.89,0.60),(0.89,0.60)]
15/01/2012 23:17:13  [(0.38,0.69),(0.38,0.68),(0.38,0.69),(0.38,0.68),(0.39,0.67),(0.42,0.65),(0.46,0.62),(0.48,0.59),(0.50,0.56),(0.52,0.51),(0.55,0.47),(0.56,0.43),(0.56,0.39),(0.57,0.35),(0.56,0.30),(0.54,0.26),(0.51,0.24),(0.48,0.23),(0.45,0.24),(0.42,0.26),(0.38,0.31),(0.36,0.39),(0.36,0.45),(0.36,0.54),(0.36,0.59),(0.36,0.65),(0.37,0.69),(0.37,0.73),(0.37,0.76),(0.38,0.77),(0.37,0.77),(0.37,0.76),(0.37,0.74),(0.38,0.70),(0.38,0.68),(0.40,0.64),(0.43,0.61),(0.46,0.59),(0.49,0.59),(0.52,0.59),(0.54,0.61),(0.56,0.65),(0.56,0.71),(0.57,0.75),(0.58,0.78),(0.61,0.79),(0.64,0.78),(0.67,0.75),(0.70,0.72),(0.72,0.70),(0.72,0.69)]
15/01/2012 23:17:26  [(0.70,0.52),(0.70,0.52),(0.69,0.52),(0.72,0.49),(0.72,0.50),(0.69,0.52),(0.68,0.53)]
15/01/2012 23:18:50  [(0.66,0.51),(0.68,0.47),(0.69,0.42),(0.69,0.39),(0.69,0.39)]
15/01/2012 23:18:52  [(0.65,0.52),(0.65,0.49),(0.65,0.44),(0.66,0.39),(0.68,0.32),(0.68,0.28),(0.68,0.23),(0.66,0.21),(0.62,0.20),(0.58,0.20)]
15/01/2012 23:18:55  [(0.70,0.32),(0.70,0.29),(0.68,0.25),(0.65,0.21),(0.58,0.19),(0.50,0.19),(0.40,0.17),(0.31,0.17),(0.23,0.19),(0.19,0.21),(0.18,0.25),(0.18,0.28),(0.19,0.35),(0.20,0.40),(0.22,0.42),(0.24,0.43),(0.27,0.41),(0.30,0.37),(0.34,0.32),(0.38,0.29),(0.40,0.29),(0.40,0.29)]
15/01/2012 23:39:59 [WW] WARNING: QApplication was not created in the main() thread.
15/01/2012 23:40:00  Starting now
15/01/2012 23:40:00  State: num5-outset
15/01/2012 23:40:04  [(0.63,0.23),(0.61,0.23),(0.55,0.24),(0.46,0.25),(0.39,0.25),(0.35,0.26),(0.31,0.28),(0.31,0.32),(0.33,0.37),(0.34,0.41),(0.35,0.44)]
15/01/2012 23:40:04  Clearing
15/01/2012 23:40:48 [WW] WARNING: QApplication was not created in the main() thread.
15/01/2012 23:40:49  Starting now
15/01/2012 23:40:49  State: num5-outset
15/01/2012 23:40:57 [WW] WARNING: QApplication was not created in the main() thread.
15/01/2012 23:40:58  Starting now
15/01/2012 23:40:58  State: num5-outset
15/01/2012 23:41:17 [WW] WARNING: QApplication was not created in the main() thread.
15/01/2012 23:41:17  Starting now
15/01/2012 23:41:17  State: num5-outset
15/01/2012 23:42:01  [(0.68,0.23),(0.68,0.23),(0.67,0.23),(0.65,0.23),(0.65,0.23),(0.63,0.23),(0.61,0.23),(0.60,0.23),(0.59,0.23),(0.57,0.23),(0.56,0.23),(0.55,0.23),(0.53,0.23),(0.52,0.23),(0.51,0.23),(0.51,0.23),(0.49,0.23),(0.49,0.23),(0.48,0.23),(0.47,0.23),(0.46,0.23),(0.45,0.23),(0.44,0.23),(0.43,0.23),(0.42,0.23),(0.41,0.23),(0.39,0.23),(0.38,0.23),(0.37,0.23),(0.35,0.24),(0.35,0.24),(0.34,0.24),(0.33,0.25),(0.33,0.25),(0.32,0.26),(0.32,0.27),(0.32,0.28),(0.32,0.29),(0.32,0.31),(0.32,0.32),(0.33,0.34),(0.33,0.36),(0.33,0.37),(0.32,0.39),(0.32,0.39),(0.32,0.40),(0.32,0.42),(0.32,0.43),(0.32,0.44),(0.32,0.45),(0.32,0.46),(0.32,0.47),(0.32,0.48),(0.33,0.48),(0.33,0.49),(0.34,0.49),(0.34,0.49),(0.35,0.49),(0.36,0.48),(0.38,0.47),(0.39,0.46),(0.41,0.44),(0.44,0.43),(0.45,0.43),(0.46,0.43),(0.47,0.43),(0.48,0.43),(0.49,0.43),(0.50,0.43),(0.51,0.43),(0.53,0.44),(0.55,0.44),(0.57,0.44),(0.58,0.45),(0.59,0.45),(0.61,0.46),(0.63,0.47),(0.65,0.48),(0.66,0.49),(0.68,0.51),(0.68,0.52),(0.69,0.53),(0.69,0.55),(0.69,0.55),(0.70,0.57),(0.70,0.57),(0.70,0.58),(0.70,0.60),(0.70,0.60),(0.70,0.62),(0.70,0.63),(0.69,0.64),(0.68,0.66),(0.67,0.68),(0.65,0.70),(0.64,0.72),(0.62,0.73),(0.61,0.74),(0.59,0.75),(0.57,0.75),(0.55,0.76),(0.53,0.76),(0.51,0.76),(0.49,0.77),(0.46,0.76),(0.44,0.76),(0.41,0.75),(0.39,0.75),(0.36,0.73),(0.33,0.71),(0.31,0.69),(0.29,0.66),(0.28,0.62),(0.28,0.60),(0.28,0.58),(0.28,0.58)]
15/01/2012 23:42:02  State: num5-nooutset
15/01/2012 23:42:06  Touch outside the sign area
15/01/2012 23:42:10  [(0.66,0.24),(0.65,0.24),(0.64,0.24),(0.63,0.24),(0.62,0.24),(0.61,0.23),(0.59,0.23),(0.57,0.23),(0.55,0.23),(0.53,0.23),(0.52,0.23),(0.50,0.23),(0.49,0.23),(0.47,0.23),(0.45,0.23),(0.43,0.23),(0.42,0.23),(0.40,0.23),(0.38,0.23),(0.37,0.23),(0.35,0.23),(0.34,0.23),(0.32,0.24),(0.31,0.24),(0.31,0.24),(0.31,0.25),(0.31,0.27),(0.31,0.30),(0.31,0.33),(0.31,0.37),(0.31,0.40),(0.31,0.44),(0.31,0.46),(0.31,0.49),(0.32,0.48),(0.38,0.45),(0.48,0.43),(0.56,0.45),(0.61,0.47),(0.68,0.53),(0.67,0.65),(0.53,0.73),(0.41,0.73),(0.32,0.68),(0.29,0.65),(0.29,0.61),(0.29,0.60),(0.29,0.59),(0.29,0.59),(0.29,0.59)]
15/01/2012 23:42:12  State: num5-wire
15/01/2012 23:42:20  [(0.67,0.24),(0.66,0.24),(0.65,0.24),(0.63,0.24),(0.62,0.23),(0.60,0.23),(0.59,0.23),(0.57,0.23),(0.56,0.23),(0.54,0.23),(0.52,0.23),(0.50,0.22),(0.49,0.22),(0.46,0.22),(0.44,0.22),(0.41,0.22),(0.39,0.22),(0.37,0.22),(0.35,0.22),(0.32,0.22),(0.31,0.22),(0.31,0.23),(0.31,0.23),(0.31,0.25),(0.31,0.28),(0.31,0.32),(0.31,0.35),(0.31,0.38),(0.31,0.41),(0.31,0.44),(0.31,0.46),(0.32,0.47),(0.32,0.48),(0.32,0.49),(0.32,0.48),(0.32,0.48),(0.32,0.48),(0.33,0.47),(0.33,0.47),(0.34,0.46),(0.35,0.46),(0.36,0.45),(0.37,0.45),(0.38,0.44),(0.39,0.44),(0.41,0.44),(0.42,0.44),(0.44,0.44),(0.46,0.44),(0.47,0.43),(0.49,0.44),(0.50,0.44),(0.51,0.44),(0.53,0.44),(0.54,0.44),(0.55,0.44),(0.56,0.44),(0.57,0.44),(0.58,0.45),(0.59,0.45),(0.60,0.46),(0.62,0.46),(0.63,0.47),(0.64,0.47),(0.65,0.48),(0.65,0.49),(0.67,0.51),(0.68,0.52),(0.68,0.54),(0.69,0.55),(0.69,0.56),(0.69,0.57),(0.70,0.58),(0.70,0.60),(0.70,0.61),(0.69,0.62),(0.69,0.63),(0.68,0.64),(0.68,0.65),(0.67,0.67),(0.66,0.68),(0.66,0.69),(0.65,0.70),(0.63,0.71),(0.61,0.73),(0.59,0.74),(0.56,0.75),(0.54,0.76),(0.52,0.76),(0.49,0.76),(0.46,0.76),(0.44,0.76),(0.42,0.75),(0.39,0.74),(0.37,0.73),(0.35,0.71),(0.32,0.69),(0.32,0.68),(0.31,0.66),(0.30,0.64),(0.30,0.62),(0.29,0.61),(0.29,0.60),(0.29,0.60),(0.30,0.60),(0.30,0.60),(0.30,0.60)]
15/01/2012 23:42:21  State: num8-outset
15/01/2012 23:42:26  Touch outside the sign area
15/01/2012 23:42:26  Touch outside the sign area
15/01/2012 23:42:31  Touch outside the sign area
15/01/2012 23:42:32  [(0.30,0.65),(0.29,0.65),(0.29,0.61),(0.32,0.55),(0.34,0.53),(0.39,0.50),(0.42,0.49),(0.48,0.48),(0.51,0.48),(0.56,0.48),(0.58,0.47),(0.62,0.45),(0.64,0.44),(0.67,0.40),(0.68,0.37),(0.68,0.35),(0.67,0.33),(0.65,0.30),(0.64,0.29),(0.60,0.26),(0.57,0.24),(0.52,0.23),(0.47,0.23),(0.43,0.24),(0.40,0.25),(0.37,0.27),(0.34,0.30),(0.32,0.35),(0.32,0.39),(0.34,0.42),(0.37,0.44),(0.42,0.46),(0.47,0.47),(0.54,0.48),(0.58,0.49),(0.62,0.50),(0.65,0.52),(0.69,0.56),(0.70,0.61),(0.70,0.65),(0.68,0.69),(0.63,0.73),(0.59,0.75),(0.53,0.76),(0.47,0.76),(0.41,0.76),(0.37,0.74),(0.32,0.71),(0.30,0.69),(0.28,0.65),(0.28,0.63),(0.28,0.63)]
15/01/2012 23:42:36  State: num8-nooutset
15/01/2012 23:42:40  Touch outside the sign area
15/01/2012 23:42:44  [(0.32,0.61),(0.32,0.59),(0.33,0.56),(0.35,0.53),(0.39,0.51),(0.41,0.50),(0.44,0.49),(0.45,0.49),(0.48,0.49),(0.51,0.49),(0.55,0.48),(0.58,0.47),(0.61,0.44),(0.62,0.42),(0.63,0.39),(0.64,0.36),(0.63,0.34),(0.63,0.32),(0.62,0.30),(0.59,0.28),(0.57,0.27),(0.55,0.26),(0.52,0.24),(0.49,0.24),(0.46,0.23),(0.43,0.24),(0.41,0.25),(0.39,0.26),(0.38,0.27),(0.37,0.28),(0.34,0.35),(0.38,0.44),(0.55,0.48),(0.64,0.53),(0.67,0.62),(0.62,0.68),(0.55,0.75),(0.46,0.76),(0.39,0.74),(0.32,0.68),(0.29,0.63),(0.29,0.60),(0.29,0.59),(0.30,0.57),(0.31,0.56),(0.32,0.55)]
15/01/2012 23:42:45  State: num8-wire
15/01/2012 23:42:54  [(0.28,0.64),(0.28,0.62),(0.30,0.59),(0.31,0.56),(0.35,0.52),(0.38,0.51),(0.41,0.50),(0.45,0.49),(0.48,0.49),(0.52,0.48),(0.55,0.48),(0.57,0.47),(0.60,0.46),(0.61,0.45),(0.63,0.43),(0.64,0.42),(0.65,0.40),(0.65,0.39),(0.66,0.37),(0.66,0.36),(0.66,0.34),(0.65,0.33),(0.65,0.32),(0.65,0.31),(0.64,0.31),(0.62,0.30),(0.61,0.28),(0.60,0.28),(0.59,0.27),(0.57,0.26),(0.55,0.25),(0.53,0.24),(0.51,0.24),(0.48,0.23),(0.46,0.23),(0.44,0.24),(0.41,0.24),(0.37,0.26),(0.34,0.33),(0.33,0.40),(0.36,0.46),(0.41,0.47),(0.45,0.47),(0.49,0.47),(0.54,0.48),(0.57,0.49),(0.62,0.51),(0.65,0.52),(0.68,0.55),(0.69,0.58),(0.71,0.61),(0.70,0.65),(0.68,0.70),(0.62,0.74),(0.52,0.77),(0.46,0.78),(0.40,0.77),(0.37,0.76),(0.33,0.71),(0.31,0.68),(0.29,0.64),(0.30,0.61),(0.31,0.60),(0.31,0.60)]
15/01/2012 23:42:55  State: h-outset
15/01/2012 23:43:11  [(0.56,0.47)]
15/01/2012 23:43:11  [(0.54,0.49)]
15/01/2012 23:43:11  [(0.53,0.49)]
15/01/2012 23:43:12  [(0.53,0.48)]
15/01/2012 23:43:16  Touch outside the sign area
15/01/2012 23:43:17  [(0.41,0.67),(0.42,0.66),(0.44,0.64),(0.46,0.62),(0.48,0.60),(0.49,0.58),(0.49,0.56),(0.51,0.54),(0.52,0.53),(0.52,0.51),(0.53,0.50),(0.54,0.48),(0.54,0.47),(0.55,0.45),(0.55,0.43),(0.55,0.42),(0.56,0.40),(0.56,0.39),(0.56,0.37),(0.56,0.35),(0.56,0.33),(0.55,0.30),(0.55,0.28),(0.54,0.26),(0.52,0.25),(0.51,0.24),(0.49,0.24),(0.47,0.24),(0.45,0.25),(0.44,0.26),(0.42,0.29),(0.41,0.31),(0.41,0.34),(0.41,0.36),(0.40,0.38),(0.40,0.41),(0.40,0.44),(0.39,0.47),(0.39,0.50),(0.39,0.53),(0.39,0.56),(0.39,0.59),(0.38,0.61),(0.38,0.64),(0.39,0.66),(0.39,0.69),(0.39,0.71),(0.39,0.74),(0.40,0.76),(0.40,0.77),(0.40,0.79),(0.40,0.79),(0.41,0.80),(0.41,0.80),(0.41,0.77),(0.41,0.71),(0.42,0.65),(0.44,0.63),(0.45,0.60),(0.48,0.59),(0.50,0.59),(0.51,0.58),(0.54,0.59),(0.55,0.60),(0.56,0.62),(0.57,0.64),(0.57,0.67),(0.57,0.69),(0.57,0.72),(0.56,0.74),(0.57,0.76),(0.58,0.77),(0.58,0.78),(0.60,0.79),(0.62,0.79),(0.67,0.76),(0.69,0.73),(0.70,0.71),(0.71,0.70),(0.71,0.70)]
15/01/2012 23:43:18  State: h-nooutset
15/01/2012 23:43:21  Touch outside the sign area
15/01/2012 23:43:26  [(0.41,0.65),(0.43,0.62),(0.52,0.48),(0.53,0.30),(0.51,0.23),(0.41,0.31),(0.38,0.43),(0.36,0.55),(0.36,0.63),(0.38,0.71),(0.38,0.76),(0.38,0.80),(0.38,0.81),(0.42,0.67),(0.48,0.60),(0.53,0.63),(0.54,0.70),(0.55,0.77),(0.59,0.79),(0.66,0.79),(0.70,0.79),(0.74,0.79),(0.76,0.79),(0.79,0.78),(0.83,0.78),(0.91,0.78),(1.01,0.73),(1.08,0.67),(1.10,0.65),(1.13,0.60),(1.15,0.54),(1.15,0.46)]
15/01/2012 23:43:27  State: h-wire
15/01/2012 23:43:41  [(0.41,0.68),(0.41,0.67),(0.42,0.67),(0.44,0.65),(0.45,0.63),(0.46,0.62),(0.48,0.60),(0.48,0.59),(0.49,0.57),(0.50,0.55),(0.51,0.53),(0.53,0.50),(0.54,0.48),(0.55,0.47),(0.55,0.45),(0.55,0.44),(0.56,0.43),(0.56,0.41),(0.57,0.40),(0.57,0.39),(0.57,0.38),(0.58,0.36),(0.58,0.35),(0.58,0.33),(0.58,0.32),(0.59,0.31),(0.59,0.30),(0.59,0.28),(0.59,0.27),(0.59,0.26),(0.59,0.24),(0.59,0.23),(0.59,0.22),(0.59,0.20),(0.59,0.19),(0.58,0.17),(0.58,0.16),(0.57,0.14),(0.56,0.13),(0.55,0.12),(0.55,0.11),(0.53,0.10),(0.52,0.09),(0.51,0.09),(0.49,0.09),(0.48,0.09),(0.46,0.09),(0.45,0.09),(0.44,0.09),(0.42,0.09),(0.42,0.10),(0.41,0.10),(0.40,0.11),(0.40,0.12),(0.39,0.12),(0.38,0.14),(0.38,0.14),(0.38,0.16),(0.38,0.17),(0.37,0.18),(0.37,0.19),(0.37,0.20),(0.37,0.21),(0.37,0.22),(0.37,0.24),(0.37,0.25),(0.36,0.26),(0.36,0.28),(0.36,0.29),(0.36,0.31),(0.35,0.33),(0.35,0.35),(0.35,0.36),(0.35,0.38),(0.35,0.40),(0.36,0.42),(0.36,0.44),(0.36,0.46),(0.36,0.48),(0.36,0.50),(0.36,0.51),(0.36,0.53),(0.36,0.54),(0.35,0.55),(0.35,0.56),(0.35,0.57),(0.35,0.59),(0.34,0.60),(0.34,0.61),(0.33,0.63),(0.33,0.64),(0.33,0.65),(0.33,0.66),(0.34,0.66),(0.35,0.67),(0.37,0.69),(0.39,0.71),(0.40,0.73),(0.40,0.73),(0.41,0.74),(0.41,0.76),(0.41,0.76),(0.41,0.77),(0.41,0.78),(0.41,0.78),(0.41,0.77),(0.40,0.74),(0.41,0.68),(0.41,0.64),(0.42,0.63),(0.43,0.62),(0.45,0.61),(0.46,0.60),(0.48,0.60),(0.49,0.60),(0.51,0.60),(0.52,0.60),(0.54,0.60),(0.56,0.60),(0.57,0.60),(0.58,0.61),(0.58,0.61),(0.58,0.62),(0.58,0.63),(0.58,0.64),(0.58,0.64),(0.58,0.65),(0.57,0.67),(0.57,0.69),(0.56,0.70),(0.56,0.71),(0.55,0.73),(0.55,0.74),(0.55,0.76),(0.55,0.79),(0.56,0.80),(0.58,0.82),(0.60,0.82),(0.63,0.82),(0.68,0.78),(0.70,0.74),(0.72,0.70),(0.75,0.64),(0.77,0.58),(0.82,0.48),(0.85,0.41),(0.88,0.34),(0.89,0.32)]
15/01/2012 23:43:43  Clearing
15/01/2012 23:43:47  [(0.40,0.70),(0.41,0.68),(0.43,0.65),(0.46,0.61),(0.49,0.56),(0.51,0.51),(0.53,0.47),(0.55,0.43),(0.55,0.40),(0.55,0.35),(0.55,0.32),(0.54,0.29),(0.53,0.26),(0.52,0.25),(0.51,0.24),(0.49,0.24),(0.47,0.25),(0.45,0.28),(0.43,0.32),(0.42,0.36),(0.41,0.40),(0.41,0.45),(0.40,0.51),(0.39,0.56),(0.38,0.61),(0.39,0.67),(0.39,0.71),(0.39,0.75),(0.40,0.77),(0.40,0.78),(0.40,0.78),(0.39,0.78),(0.39,0.77),(0.39,0.72),(0.40,0.67),(0.41,0.65),(0.43,0.63),(0.46,0.62),(0.49,0.61),(0.52,0.62),(0.54,0.63),(0.55,0.67),(0.55,0.71),(0.56,0.75),(0.57,0.78),(0.58,0.79),(0.61,0.78),(0.65,0.75),(0.67,0.73),(0.68,0.71),(0.69,0.70),(0.69,0.70)]
15/01/2012 23:43:49  Clearing
15/01/2012 23:43:54  [(0.41,0.67),(0.42,0.66),(0.44,0.64),(0.46,0.61),(0.48,0.58),(0.51,0.54),(0.53,0.51),(0.54,0.48),(0.55,0.44),(0.56,0.41),(0.56,0.38),(0.57,0.35),(0.57,0.32),(0.56,0.30),(0.55,0.28),(0.55,0.27),(0.53,0.25),(0.52,0.24),(0.51,0.24),(0.49,0.24),(0.48,0.25),(0.45,0.27),(0.44,0.29),(0.42,0.33),(0.42,0.36),(0.41,0.39),(0.41,0.43),(0.40,0.48),(0.39,0.53),(0.39,0.59),(0.39,0.64),(0.40,0.69),(0.40,0.73),(0.40,0.77),(0.41,0.79),(0.41,0.79),(0.41,0.79),(0.40,0.74),(0.41,0.65),(0.45,0.61),(0.51,0.60),(0.54,0.62),(0.56,0.69),(0.57,0.76),(0.59,0.80),(0.62,0.79),(0.65,0.77),(0.69,0.73),(0.72,0.69),(0.72,0.68)]
15/01/2012 23:43:55  Clearing
15/01/2012 23:44:10 [WW] WARNING: QApplication was not created in the main() thread.
15/01/2012 23:44:10  Starting now
15/01/2012 23:44:10  State: num5-outset
15/01/2012 23:44:27  [(0.69,0.25),(0.68,0.24),(0.67,0.24),(0.65,0.25),(0.64,0.24),(0.61,0.24),(0.58,0.24),(0.56,0.24),(0.52,0.24),(0.47,0.23),(0.44,0.23),(0.40,0.23),(0.36,0.23),(0.33,0.24),(0.32,0.24),(0.31,0.24),(0.31,0.25),(0.31,0.27),(0.32,0.30),(0.33,0.36),(0.33,0.40),(0.33,0.43),(0.32,0.45),(0.32,0.47),(0.32,0.48),(0.32,0.49),(0.32,0.49),(0.33,0.48),(0.36,0.46),(0.42,0.43),(0.51,0.44),(0.58,0.45),(0.64,0.49),(0.68,0.53),(0.69,0.57),(0.68,0.62),(0.65,0.67),(0.61,0.70),(0.58,0.73),(0.53,0.75),(0.50,0.76),(0.47,0.76),(0.43,0.76),(0.40,0.75),(0.37,0.74),(0.35,0.72),(0.33,0.70),(0.31,0.67),(0.29,0.64),(0.28,0.61),(0.28,0.58),(0.29,0.57),(0.29,0.57),(0.29,0.57)]
15/01/2012 23:44:28  Clearing
15/01/2012 23:44:33  [(0.67,0.22),(0.65,0.23),(0.59,0.24),(0.51,0.24),(0.43,0.23),(0.37,0.23),(0.32,0.23),(0.31,0.24),(0.30,0.24),(0.30,0.24),(0.31,0.25),(0.31,0.27),(0.31,0.29),(0.30,0.32),(0.30,0.35),(0.30,0.38),(0.30,0.41),(0.31,0.44),(0.31,0.46),(0.31,0.47),(0.31,0.47),(0.32,0.47),(0.33,0.47),(0.34,0.47),(0.41,0.46),(0.46,0.45),(0.51,0.46),(0.55,0.46),(0.60,0.47),(0.65,0.49),(0.67,0.51),(0.70,0.54),(0.70,0.56),(0.69,0.60),(0.67,0.64),(0.64,0.68),(0.61,0.71),(0.58,0.75),(0.55,0.77),(0.52,0.78),(0.50,0.78),(0.47,0.78),(0.44,0.77),(0.40,0.75),(0.37,0.72),(0.34,0.69),(0.31,0.66),(0.30,0.64),(0.29,0.62),(0.29,0.61),(0.29,0.61),(0.30,0.60),(0.30,0.60)]
15/01/2012 23:44:34  State: num5-nooutset
15/01/2012 23:44:36  Touch outside the sign area
15/01/2012 23:44:40  [(0.67,0.21),(0.67,0.21),(0.41,0.22),(0.28,0.23),(0.28,0.24),(0.28,0.24),(0.28,0.24),(0.28,0.25),(0.29,0.32),(0.31,0.47),(0.32,0.49),(0.32,0.48),(0.32,0.48),(0.33,0.47),(0.38,0.45),(0.57,0.44),(0.68,0.54),(0.70,0.66),(0.62,0.74),(0.51,0.77),(0.43,0.76),(0.38,0.73),(0.35,0.71),(0.33,0.68),(0.32,0.66),(0.31,0.63),(0.31,0.61),(0.31,0.60)]
15/01/2012 23:44:45  State: num5-wire
15/01/2012 23:44:53  [(0.65,0.24),(0.65,0.23),(0.65,0.23),(0.64,0.23),(0.62,0.23),(0.59,0.24),(0.56,0.24),(0.53,0.24),(0.46,0.23),(0.43,0.23),(0.39,0.23),(0.36,0.24),(0.34,0.24),(0.32,0.24),(0.32,0.24),(0.31,0.24),(0.31,0.24),(0.31,0.25),(0.31,0.27),(0.32,0.29),(0.32,0.31),(0.32,0.34),(0.32,0.38),(0.32,0.40),(0.32,0.44),(0.32,0.45),(0.32,0.48),(0.34,0.47),(0.41,0.44),(0.49,0.45),(0.55,0.47),(0.63,0.51),(0.68,0.56),(0.70,0.62),(0.67,0.66),(0.60,0.72),(0.56,0.74),(0.54,0.75),(0.53,0.76),(0.52,0.77),(0.52,0.79),(0.55,0.82),(0.60,0.84),(0.74,0.83),(0.84,0.81),(0.88,0.83),(0.85,0.87),(0.72,0.88),(0.61,0.86),(0.48,0.83),(0.40,0.81),(0.30,0.77),(0.24,0.72),(0.21,0.69),(0.23,0.66),(0.29,0.64),(0.33,0.65),(0.33,0.63),(0.17,0.53),(-0.02,0.45),(-0.04,0.43),(-0.04,0.43)]
15/01/2012 23:44:54  State: num8-outset
15/01/2012 23:44:56  Touch outside the sign area
15/01/2012 23:44:56  Touch outside the sign area
15/01/2012 23:44:57  Touch outside the sign area
15/01/2012 23:44:57  [(0.60,0.21),(0.53,0.21),(0.34,0.25),(0.21,0.35),(0.26,0.42),(0.53,0.45),(0.72,0.53),(0.67,0.63),(0.43,0.73),(0.28,0.73),(0.26,0.65),(0.36,0.53),(0.55,0.44),(0.67,0.33),(0.57,0.25),(0.18,0.30),(0.12,0.32)]
15/01/2012 23:44:59  State: num8-nooutset
15/01/2012 23:45:02  [(0.67,0.36),(0.67,0.34),(0.45,0.28),(0.60,0.49),(0.60,0.70),(0.28,0.70),(0.53,0.48),(0.50,0.22),(0.13,0.38)]
15/01/2012 23:45:03  Clearing
15/01/2012 23:45:08  [(0.23,0.63),(0.24,0.62),(0.27,0.56),(0.34,0.50),(0.37,0.49),(0.43,0.49),(0.46,0.49),(0.52,0.50),(0.60,0.47),(0.65,0.44),(0.68,0.41),(0.68,0.39),(0.68,0.36),(0.67,0.34),(0.64,0.31),(0.62,0.29),(0.58,0.26),(0.52,0.24),(0.48,0.24),(0.39,0.27),(0.34,0.31),(0.33,0.39),(0.36,0.44),(0.43,0.47),(0.50,0.48),(0.55,0.49),(0.61,0.50),(0.64,0.51),(0.67,0.54),(0.68,0.59),(0.68,0.64),(0.66,0.68),(0.62,0.71),(0.57,0.73),(0.51,0.73),(0.44,0.73),(0.40,0.72),(0.36,0.70),(0.33,0.68),(0.32,0.67),(0.31,0.65),(0.31,0.64),(0.31,0.61),(0.31,0.58)]
15/01/2012 23:45:09  State: num8-wire
15/01/2012 23:45:14  [(0.44,0.50),(0.50,0.49),(0.68,0.39),(0.64,0.32),(0.56,0.27),(0.50,0.24),(0.42,0.25),(0.36,0.29),(0.35,0.39),(0.37,0.44),(0.44,0.47),(0.52,0.47),(0.61,0.49),(0.67,0.53),(0.72,0.62),(0.65,0.70),(0.45,0.76),(0.37,0.73),(0.31,0.68),(0.29,0.61),(0.38,0.48),(0.46,0.47),(0.53,0.48),(0.61,0.44),(0.63,0.32),(0.62,0.31)]
15/01/2012 23:45:15  State: h-outset
15/01/2012 23:45:16  Touch outside the sign area
15/01/2012 23:45:17  Touch outside the sign area
15/01/2012 23:45:17  Touch outside the sign area
15/01/2012 23:45:18  Touch outside the sign area
15/01/2012 23:45:18  Touch outside the sign area
15/01/2012 23:45:18  [(0.39,0.66),(0.42,0.64),(0.47,0.57),(0.51,0.49),(0.55,0.40),(0.56,0.32),(0.55,0.24),(0.52,0.21),(0.51,0.21),(0.48,0.23),(0.45,0.27),(0.42,0.35),(0.40,0.44),(0.38,0.53),(0.38,0.62),(0.38,0.68),(0.39,0.74),(0.39,0.77),(0.39,0.79),(0.38,0.80),(0.38,0.80),(0.38,0.75),(0.39,0.67),(0.42,0.61),(0.44,0.59),(0.47,0.57),(0.50,0.57),(0.53,0.60),(0.54,0.66),(0.55,0.73),(0.56,0.78),(0.58,0.80),(0.62,0.77),(0.66,0.68),(0.68,0.65),(0.69,0.64)]
15/01/2012 23:45:19  State: h-nooutset
15/01/2012 23:45:23  [(0.41,0.69),(0.39,0.70),(0.39,0.68),(0.52,0.45),(0.55,0.31),(0.53,0.26),(0.49,0.24),(0.47,0.26),(0.41,0.35),(0.38,0.47),(0.41,0.60),(0.42,0.70),(0.42,0.76),(0.42,0.78),(0.41,0.77),(0.42,0.67),(0.51,0.58),(0.54,0.60),(0.57,0.70),(0.57,0.76),(0.59,0.78),(0.61,0.79),(0.65,0.76),(0.70,0.71),(0.72,0.68)]
15/01/2012 23:45:24  State: h-wire
15/01/2012 23:45:30  [(0.40,0.67),(0.43,0.65),(0.47,0.62),(0.49,0.59),(0.51,0.57),(0.52,0.54),(0.52,0.53),(0.53,0.52),(0.54,0.50),(0.55,0.49),(0.55,0.47),(0.55,0.45),(0.56,0.43),(0.56,0.40),(0.57,0.38),(0.57,0.34),(0.57,0.33),(0.57,0.31),(0.57,0.29),(0.56,0.28),(0.55,0.26),(0.55,0.25),(0.55,0.25),(0.54,0.24),(0.53,0.24),(0.52,0.23),(0.50,0.23),(0.49,0.24),(0.48,0.24),(0.46,0.25),(0.45,0.26),(0.43,0.27),(0.42,0.28),(0.40,0.31),(0.39,0.35),(0.38,0.38),(0.38,0.43),(0.38,0.47),(0.38,0.50),(0.38,0.52),(0.38,0.55),(0.38,0.60),(0.38,0.63),(0.39,0.66),(0.39,0.69),(0.39,0.71),(0.39,0.74),(0.39,0.77),(0.40,0.78),(0.40,0.80),(0.39,0.81),(0.39,0.80),(0.39,0.79),(0.38,0.78),(0.38,0.76),(0.38,0.73),(0.38,0.69),(0.38,0.67),(0.39,0.64),(0.41,0.62),(0.41,0.61),(0.43,0.59),(0.45,0.59),(0.47,0.59),(0.48,0.59),(0.50,0.60),(0.51,0.60),(0.53,0.61),(0.54,0.62),(0.54,0.63),(0.55,0.65),(0.55,0.66),(0.55,0.69),(0.55,0.71),(0.55,0.73),(0.56,0.76),(0.57,0.77),(0.59,0.78),(0.61,0.77),(0.63,0.75),(0.66,0.72),(0.70,0.68),(0.72,0.66),(0.73,0.65)]
15/01/2012 23:45:32  Clearing
15/01/2012 23:45:37  [(0.39,0.65),(0.39,0.65),(0.40,0.64),(0.43,0.60),(0.44,0.59),(0.47,0.57),(0.48,0.56),(0.50,0.54),(0.52,0.52),(0.53,0.50),(0.54,0.48),(0.55,0.47),(0.55,0.46),(0.55,0.45),(0.56,0.44),(0.56,0.43),(0.56,0.40),(0.57,0.39),(0.57,0.37),(0.57,0.36),(0.57,0.35),(0.57,0.34),(0.57,0.32),(0.57,0.31),(0.56,0.29),(0.56,0.28),(0.55,0.26),(0.55,0.25),(0.54,0.23),(0.52,0.23),(0.51,0.22),(0.50,0.22),(0.45,0.27),(0.45,0.35),(0.44,0.54),(0.43,0.69),(0.41,0.77),(0.41,0.77),(0.43,0.63),(0.49,0.57),(0.55,0.64),(0.59,0.73),(0.64,0.76),(0.69,0.69),(0.71,0.68),(0.71,0.67),(0.71,0.67)]
15/01/2012 23:45:38  Clearing
15/01/2012 23:45:42  Clearing
15/01/2012 23:45:48  [(0.40,0.65),(0.41,0.64),(0.43,0.62),(0.45,0.59),(0.47,0.57),(0.49,0.55),(0.51,0.53),(0.53,0.49),(0.54,0.47),(0.55,0.43),(0.56,0.39),(0.57,0.35),(0.57,0.31),(0.57,0.30),(0.56,0.28),(0.55,0.27),(0.54,0.25),(0.52,0.23),(0.51,0.22),(0.49,0.22),(0.47,0.23),(0.46,0.24),(0.44,0.27),(0.42,0.31),(0.41,0.36),(0.40,0.43),(0.40,0.56),(0.41,0.71),(0.42,0.78),(0.41,0.79),(0.41,0.78),(0.41,0.78),(0.41,0.78),(0.41,0.75),(0.40,0.67),(0.45,0.58),(0.49,0.58),(0.53,0.62),(0.54,0.66),(0.56,0.71),(0.57,0.75),(0.59,0.78),(0.61,0.79),(0.64,0.79),(0.69,0.75),(0.73,0.67),(0.74,0.65)]
15/01/2012 23:45:50  Clearing
15/01/2012 23:45:50  Clearing
15/01/2012 23:46:02 [WW] Can't find surface 1
15/01/2012 23:46:02 [WW] Can't find surface 1
15/01/2012 23:46:09 [WW] WARNING: QApplication was not created in the main() thread.
15/01/2012 23:46:10  Starting now
15/01/2012 23:46:10  State: num5-outset
15/01/2012 23:46:13  Touch outside the sign area
15/01/2012 23:46:14  [(0.67,0.23),(0.66,0.23),(0.63,0.23),(0.57,0.22),(0.52,0.22),(0.49,0.22),(0.45,0.23),(0.41,0.23),(0.39,0.23),(0.35,0.24),(0.33,0.24),(0.32,0.24),(0.30,0.26),(0.30,0.29),(0.31,0.32),(0.31,0.37),(0.31,0.42),(0.32,0.45),(0.32,0.46),(0.33,0.46),(0.34,0.46),(0.34,0.45),(0.36,0.44),(0.40,0.44),(0.45,0.43),(0.52,0.42),(0.57,0.42),(0.62,0.44),(0.66,0.47),(0.70,0.51),(0.72,0.55),(0.75,0.61),(0.74,0.67),(0.73,0.70),(0.70,0.72),(0.66,0.74),(0.60,0.75),(0.56,0.75),(0.52,0.74),(0.49,0.74),(0.46,0.74),(0.45,0.74),(0.43,0.74),(0.41,0.73),(0.39,0.73),(0.38,0.73),(0.37,0.72),(0.36,0.72),(0.36,0.72)]
15/01/2012 23:46:15  Touch outside the sign area
15/01/2012 23:46:16  [(0.72,0.55),(0.72,0.57),(0.62,0.75),(0.48,0.74),(0.37,0.69),(0.33,0.64)]
15/01/2012 23:46:18  [(0.71,0.54),(0.71,0.55),(0.72,0.59),(0.69,0.64),(0.67,0.67),(0.64,0.69),(0.62,0.70),(0.60,0.71),(0.58,0.72),(0.55,0.73),(0.53,0.73),(0.50,0.73),(0.44,0.72),(0.38,0.70),(0.34,0.66),(0.33,0.65)]
15/01/2012 23:46:19  Clearing
15/01/2012 23:46:23  [(0.66,0.24),(0.66,0.24),(0.62,0.24),(0.58,0.24),(0.49,0.24),(0.42,0.23),(0.37,0.23),(0.34,0.23),(0.34,0.23),(0.33,0.23),(0.33,0.24),(0.32,0.26),(0.32,0.28),(0.32,0.30),(0.31,0.32),(0.31,0.36),(0.31,0.41),(0.31,0.47),(0.31,0.50),(0.31,0.51),(0.31,0.51),(0.31,0.51),(0.33,0.49),(0.38,0.47),(0.42,0.45),(0.47,0.44),(0.51,0.43),(0.55,0.43),(0.58,0.45),(0.62,0.47),(0.65,0.50),(0.68,0.53),(0.69,0.55),(0.68,0.61),(0.65,0.68),(0.62,0.72),(0.59,0.73),(0.56,0.74),(0.52,0.74),(0.50,0.74),(0.46,0.74),(0.43,0.73),(0.39,0.70),(0.36,0.68),(0.32,0.65),(0.29,0.62)]
15/01/2012 23:46:23  State: num5-nooutset
15/01/2012 23:46:25  Touch outside the sign area
15/01/2012 23:46:28  [(0.65,0.23),(0.64,0.23),(0.51,0.24),(0.32,0.24),(0.30,0.27),(0.30,0.38),(0.30,0.44),(0.31,0.48),(0.32,0.49),(0.40,0.46),(0.49,0.44),(0.61,0.46),(0.68,0.50),(0.72,0.58),(0.71,0.63),(0.66,0.70),(0.59,0.74),(0.47,0.76),(0.34,0.73),(0.28,0.60),(0.30,0.57)]
15/01/2012 23:46:31  Clearing
15/01/2012 23:46:32  Clearing
15/01/2012 23:46:33  Clearing
15/01/2012 23:46:33  Clearing
15/01/2012 23:46:36  [(0.66,0.25),(0.65,0.25),(0.65,0.25),(0.62,0.24),(0.57,0.24),(0.53,0.24),(0.45,0.25),(0.42,0.25),(0.38,0.25),(0.37,0.25),(0.35,0.26),(0.35,0.26),(0.34,0.28),(0.34,0.30),(0.33,0.33),(0.33,0.37),(0.33,0.41),(0.32,0.46),(0.33,0.49),(0.33,0.50),(0.34,0.51),(0.34,0.50),(0.35,0.49),(0.38,0.47),(0.41,0.46),(0.47,0.45),(0.51,0.44),(0.56,0.44),(0.59,0.46),(0.62,0.49),(0.64,0.52),(0.66,0.57),(0.67,0.63),(0.65,0.67),(0.62,0.71),(0.56,0.74),(0.49,0.77),(0.43,0.76),(0.37,0.73),(0.34,0.70),(0.33,0.65),(0.34,0.64)]
15/01/2012 23:46:37  Clearing
15/01/2012 23:46:42  [(0.66,0.23),(0.66,0.23),(0.63,0.23),(0.54,0.23),(0.42,0.24),(0.38,0.24),(0.35,0.24),(0.34,0.25),(0.34,0.25),(0.33,0.27),(0.33,0.31),(0.32,0.34),(0.32,0.41),(0.32,0.46),(0.32,0.47),(0.32,0.47),(0.32,0.47),(0.32,0.47),(0.33,0.46),(0.34,0.46),(0.38,0.45),(0.44,0.43),(0.53,0.42),(0.57,0.43),(0.68,0.51),(0.69,0.62),(0.62,0.70),(0.55,0.74),(0.52,0.76),(0.47,0.77),(0.35,0.73),(0.28,0.63),(0.28,0.62)]
15/01/2012 23:46:43  State: num5-wire
15/01/2012 23:46:47  [(0.64,0.23),(0.63,0.23),(0.61,0.23),(0.55,0.22),(0.47,0.23),(0.40,0.23),(0.35,0.23),(0.33,0.23),(0.32,0.23),(0.32,0.24),(0.32,0.26),(0.32,0.30),(0.32,0.34),(0.32,0.41),(0.32,0.44),(0.32,0.48),(0.32,0.49),(0.33,0.48),(0.33,0.48),(0.34,0.48),(0.35,0.47),(0.38,0.45),(0.45,0.43),(0.51,0.43),(0.60,0.43),(0.66,0.47),(0.70,0.51),(0.72,0.55),(0.72,0.59),(0.71,0.62),(0.69,0.63),(0.67,0.65),(0.63,0.68),(0.59,0.71),(0.56,0.72),(0.53,0.73),(0.49,0.74),(0.45,0.73),(0.43,0.72),(0.41,0.69),(0.38,0.67),(0.34,0.64),(0.31,0.62),(0.31,0.61)]
15/01/2012 23:46:55  State: num8-outset
15/01/2012 23:46:57  Touch outside the sign area
15/01/2012 23:46:59  Touch outside the sign area
15/01/2012 23:47:00  Touch outside the sign area
15/01/2012 23:47:01  [(0.31,0.55),(0.33,0.54),(0.45,0.48),(0.53,0.47),(0.65,0.44),(0.68,0.39),(0.67,0.33),(0.64,0.29),(0.54,0.25),(0.42,0.24),(0.35,0.27),(0.34,0.30),(0.34,0.35),(0.35,0.40),(0.40,0.44),(0.45,0.46),(0.54,0.47),(0.58,0.48),(0.64,0.50),(0.69,0.54),(0.73,0.65),(0.68,0.72),(0.62,0.75),(0.55,0.76),(0.47,0.77),(0.42,0.77),(0.38,0.76),(0.36,0.75)]
15/01/2012 23:47:03  Touch outside the sign area
15/01/2012 23:47:03  [(0.60,0.50),(0.61,0.51),(0.62,0.52),(0.64,0.55),(0.65,0.57),(0.66,0.59),(0.68,0.61),(0.68,0.64),(0.68,0.66),(0.68,0.68),(0.65,0.71),(0.61,0.73),(0.58,0.74),(0.55,0.75),(0.53,0.75),(0.51,0.75),(0.48,0.74),(0.46,0.74),(0.43,0.73),(0.39,0.72),(0.35,0.71),(0.32,0.70),(0.29,0.67),(0.28,0.64),(0.28,0.61),(0.30,0.58),(0.31,0.56),(0.33,0.55),(0.34,0.54),(0.35,0.53),(0.35,0.53)]
15/01/2012 23:47:08  Clearing
15/01/2012 23:47:14  Touch outside the sign area
15/01/2012 23:47:14  [(0.30,0.59),(0.31,0.57),(0.32,0.56),(0.34,0.55),(0.35,0.54),(0.36,0.53),(0.38,0.52),(0.39,0.51),(0.41,0.50),(0.42,0.50),(0.44,0.50),(0.46,0.49),(0.49,0.49),(0.52,0.48),(0.54,0.48),(0.57,0.47),(0.59,0.46),(0.61,0.45),(0.63,0.43),(0.63,0.43),(0.64,0.41),(0.65,0.40),(0.65,0.38),(0.65,0.37),(0.65,0.35),(0.64,0.33),(0.63,0.32),(0.62,0.31),(0.61,0.29),(0.60,0.28),(0.58,0.27),(0.57,0.27),(0.56,0.26),(0.53,0.26),(0.51,0.25),(0.48,0.25),(0.45,0.25),(0.42,0.26),(0.39,0.27),(0.37,0.27),(0.35,0.28),(0.34,0.29),(0.33,0.31),(0.32,0.32),(0.32,0.34),(0.33,0.36),(0.33,0.38),(0.34,0.40),(0.36,0.42),(0.38,0.44),(0.40,0.45),(0.41,0.46),(0.44,0.46),(0.46,0.47),(0.48,0.47),(0.51,0.47),(0.55,0.47),(0.58,0.48),(0.60,0.49),(0.62,0.50),(0.64,0.51),(0.65,0.51),(0.67,0.54),(0.68,0.55),(0.69,0.57),(0.70,0.59),(0.70,0.60),(0.70,0.62),(0.69,0.65),(0.68,0.66),(0.66,0.70),(0.64,0.71),(0.62,0.72),(0.60,0.74),(0.58,0.75),(0.55,0.75),(0.52,0.76),(0.48,0.76),(0.43,0.76),(0.40,0.75),(0.36,0.73),(0.33,0.72),(0.30,0.69),(0.28,0.66),(0.28,0.62),(0.30,0.59),(0.30,0.58)]
15/01/2012 23:47:18  State: num8-nooutset
15/01/2012 23:47:19  Touch outside the sign area
15/01/2012 23:47:25  [(0.31,0.55),(0.31,0.55),(0.33,0.53),(0.34,0.52),(0.36,0.52),(0.38,0.51),(0.39,0.50),(0.41,0.50),(0.43,0.50),(0.44,0.49),(0.47,0.49),(0.50,0.48),(0.53,0.47),(0.55,0.46),(0.58,0.46),(0.60,0.44),(0.62,0.43),(0.63,0.42),(0.65,0.40),(0.65,0.39),(0.65,0.37),(0.65,0.36),(0.65,0.34),(0.64,0.33),(0.64,0.31),(0.62,0.29),(0.60,0.28),(0.58,0.27),(0.56,0.26),(0.55,0.25),(0.53,0.24),(0.50,0.24),(0.48,0.24),(0.46,0.24),(0.43,0.24),(0.39,0.25),(0.37,0.26),(0.35,0.27),(0.35,0.28),(0.34,0.29),(0.33,0.30),(0.33,0.32),(0.33,0.33),(0.33,0.35),(0.34,0.37),(0.35,0.39),(0.36,0.41),(0.37,0.43),(0.40,0.44),(0.43,0.45),(0.46,0.46),(0.51,0.47),(0.54,0.47),(0.57,0.48),(0.59,0.49),(0.61,0.49),(0.62,0.50),(0.64,0.51),(0.65,0.52),(0.68,0.54),(0.69,0.56),(0.70,0.57),(0.70,0.58),(0.71,0.61),(0.70,0.64),(0.68,0.66),(0.66,0.69),(0.64,0.71),(0.62,0.73),(0.59,0.74),(0.57,0.75),(0.54,0.75),(0.51,0.76),(0.47,0.76),(0.44,0.75),(0.41,0.75),(0.39,0.74),(0.37,0.73),(0.35,0.73),(0.34,0.72),(0.32,0.71),(0.30,0.68),(0.29,0.66),(0.28,0.64),(0.27,0.62),(0.28,0.59),(0.29,0.56),(0.31,0.54),(0.32,0.54)]
15/01/2012 23:47:26  State: num8-wire
15/01/2012 23:47:37  [(0.40,0.49),(0.40,0.49),(0.45,0.48),(0.51,0.47),(0.57,0.46),(0.61,0.44),(0.64,0.42),(0.65,0.41),(0.66,0.39),(0.66,0.36),(0.66,0.35),(0.65,0.32),(0.63,0.30),(0.60,0.28),(0.58,0.27),(0.55,0.26),(0.52,0.25),(0.46,0.25),(0.42,0.25),(0.37,0.27),(0.35,0.30),(0.34,0.34),(0.34,0.36),(0.35,0.39),(0.37,0.42),(0.40,0.44),(0.43,0.45),(0.47,0.47),(0.50,0.49),(0.53,0.50),(0.56,0.50),(0.60,0.51),(0.63,0.52),(0.66,0.53),(0.68,0.55),(0.71,0.58),(0.72,0.59),(0.72,0.63),(0.70,0.66),(0.66,0.69),(0.61,0.72),(0.56,0.74),(0.53,0.75),(0.49,0.75),(0.46,0.75),(0.42,0.74),(0.39,0.73),(0.34,0.70),(0.31,0.67),(0.28,0.63),(0.29,0.58),(0.34,0.53),(0.38,0.50),(0.40,0.50),(0.41,0.50),(0.42,0.50),(0.42,0.49)]
15/01/2012 23:47:41  State: h-outset
15/01/2012 23:47:45  Touch outside the sign area
15/01/2012 23:47:45  [(0.42,0.64),(0.43,0.63),(0.45,0.61),(0.45,0.58),(0.47,0.57),(0.48,0.56),(0.49,0.54),(0.50,0.53),(0.51,0.51),(0.52,0.49),(0.53,0.47),(0.54,0.44),(0.55,0.41),(0.56,0.39),(0.56,0.36),(0.56,0.33),(0.55,0.32),(0.55,0.29),(0.55,0.27),(0.54,0.25),(0.52,0.24),(0.51,0.23),(0.49,0.23),(0.47,0.25),(0.45,0.27),(0.42,0.34),(0.40,0.40),(0.39,0.45),(0.39,0.50),(0.39,0.54),(0.39,0.57),(0.39,0.60),(0.39,0.62),(0.39,0.63),(0.39,0.64),(0.39,0.66),(0.39,0.68),(0.39,0.70),(0.40,0.72),(0.40,0.73),(0.40,0.74),(0.40,0.75),(0.40,0.75),(0.40,0.71),(0.42,0.65),(0.45,0.59),(0.47,0.57),(0.49,0.57),(0.51,0.59),(0.54,0.63),(0.55,0.67),(0.56,0.74),(0.57,0.76),(0.57,0.77),(0.58,0.78),(0.58,0.78),(0.60,0.78),(0.66,0.74),(0.72,0.67),(0.73,0.65)]
15/01/2012 23:47:47  Clearing
15/01/2012 23:47:50  Touch outside the sign area
15/01/2012 23:47:51  [(0.41,0.77),(0.41,0.76),(0.39,0.74),(0.40,0.69),(0.41,0.65),(0.43,0.63),(0.45,0.60),(0.48,0.57),(0.49,0.55),(0.51,0.52),(0.53,0.49),(0.55,0.44),(0.56,0.40),(0.57,0.37),(0.57,0.33),(0.55,0.29),(0.54,0.26),(0.52,0.23),(0.51,0.23),(0.49,0.23),(0.45,0.24),(0.43,0.29),(0.41,0.35),(0.41,0.40),(0.40,0.47),(0.41,0.55),(0.41,0.63),(0.42,0.68),(0.42,0.73),(0.42,0.75),(0.42,0.76),(0.42,0.76),(0.42,0.75),(0.43,0.70),(0.45,0.64),(0.49,0.60),(0.52,0.58),(0.57,0.60),(0.58,0.64),(0.58,0.71),(0.58,0.76),(0.58,0.78),(0.60,0.79),(0.67,0.74),(0.70,0.70),(0.71,0.68)]
15/01/2012 23:47:52  Clearing
15/01/2012 23:47:54  Touch outside the sign area
15/01/2012 23:47:55  [(0.40,0.66),(0.40,0.65),(0.43,0.63),(0.47,0.59),(0.50,0.54),(0.53,0.49),(0.55,0.46),(0.56,0.42),(0.55,0.38),(0.55,0.35),(0.54,0.31),(0.53,0.28),(0.51,0.26),(0.50,0.25),(0.49,0.25),(0.48,0.25),(0.46,0.29),(0.42,0.36),(0.41,0.42),(0.40,0.49),(0.40,0.54),(0.40,0.61),(0.41,0.69),(0.41,0.74),(0.41,0.77),(0.41,0.77),(0.43,0.70),(0.46,0.64),(0.50,0.60),(0.52,0.59),(0.54,0.60),(0.56,0.62),(0.57,0.66),(0.58,0.70),(0.58,0.75),(0.58,0.77),(0.58,0.78),(0.59,0.79),(0.62,0.78),(0.65,0.76),(0.70,0.72),(0.71,0.71)]
15/01/2012 23:48:00  State: h-nooutset
15/01/2012 23:48:01  Touch outside the sign area
15/01/2012 23:48:06  [(0.39,0.64),(0.41,0.63),(0.48,0.56),(0.52,0.50),(0.55,0.42),(0.57,0.38),(0.58,0.33),(0.57,0.31),(0.55,0.27),(0.52,0.24),(0.47,0.23),(0.41,0.31),(0.38,0.47),(0.38,0.59),(0.38,0.67),(0.38,0.71),(0.38,0.76),(0.38,0.78),(0.41,0.65),(0.48,0.56),(0.55,0.62),(0.56,0.70),(0.58,0.76),(0.59,0.78),(0.61,0.79),(0.62,0.79),(0.65,0.77),(0.68,0.74),(0.71,0.69),(0.71,0.69)]
15/01/2012 23:48:07  State: h-wire
15/01/2012 23:49:11  [(0.40,0.78),(0.40,0.78),(0.40,0.77),(0.40,0.76),(0.39,0.75),(0.39,0.74),(0.39,0.74),(0.39,0.73),(0.39,0.72),(0.40,0.71),(0.40,0.70),(0.41,0.69),(0.42,0.68),(0.43,0.66),(0.44,0.65),(0.45,0.63),(0.48,0.60),(0.49,0.58),(0.51,0.56),(0.52,0.53),(0.53,0.52),(0.54,0.50),(0.55,0.49),(0.55,0.47),(0.56,0.45),(0.56,0.44),(0.57,0.42),(0.57,0.40),(0.58,0.38),(0.58,0.36),(0.58,0.33),(0.58,0.31),(0.57,0.28),(0.56,0.27),(0.55,0.25),(0.55,0.24),(0.53,0.23),(0.52,0.22),(0.50,0.22),(0.49,0.22),(0.48,0.23),(0.46,0.24),(0.45,0.25),(0.45,0.27),(0.43,0.29),(0.42,0.32),(0.41,0.35),(0.40,0.37),(0.40,0.40),(0.40,0.43),(0.39,0.46),(0.39,0.48),(0.38,0.51),(0.38,0.53),(0.38,0.56),(0.38,0.59),(0.38,0.61),(0.38,0.64),(0.38,0.66),(0.38,0.68),(0.38,0.71),(0.38,0.73),(0.38,0.74),(0.38,0.75),(0.38,0.76),(0.38,0.76),(0.38,0.75),(0.38,0.72),(0.39,0.69),(0.40,0.65),(0.42,0.63),(0.44,0.61),(0.46,0.60),(0.48,0.60),(0.49,0.59),(0.50,0.60),(0.51,0.60),(0.52,0.61),(0.53,0.61),(0.54,0.62),(0.55,0.63),(0.55,0.64),(0.55,0.66),(0.56,0.68),(0.56,0.70),(0.56,0.72),(0.56,0.74),(0.57,0.76),(0.58,0.77),(0.59,0.78),(0.61,0.78),(0.63,0.78),(0.66,0.77),(0.68,0.76),(0.69,0.74),(0.70,0.72),(0.70,0.72),(0.70,0.71),(0.70,0.70),(0.70,0.70)]
15/01/2012 23:49:13  Clearing
15/01/2012 23:49:26  [(0.41,0.78),(0.40,0.77),(0.39,0.74),(0.40,0.70),(0.41,0.69),(0.42,0.67),(0.44,0.65),(0.45,0.62),(0.47,0.60),(0.49,0.58),(0.51,0.55),(0.52,0.52),(0.54,0.49),(0.55,0.46),(0.56,0.43),(0.57,0.39),(0.58,0.36),(0.58,0.34),(0.57,0.31),(0.56,0.28),(0.55,0.26),(0.54,0.24),(0.52,0.22),(0.50,0.21),(0.48,0.21),(0.46,0.23),(0.43,0.26),(0.42,0.31),(0.41,0.36),(0.40,0.42),(0.39,0.45),(0.39,0.52),(0.39,0.55),(0.38,0.60),(0.38,0.67),(0.38,0.73),(0.38,0.78),(0.38,0.78),(0.38,0.75),(0.39,0.70),(0.41,0.65),(0.44,0.60),(0.47,0.57),(0.51,0.57),(0.53,0.57),(0.55,0.60),(0.56,0.63),(0.57,0.67),(0.56,0.70),(0.56,0.72),(0.56,0.74),(0.57,0.75),(0.58,0.76),(0.59,0.77),(0.61,0.77),(0.63,0.76),(0.66,0.75),(0.69,0.72),(0.70,0.70),(0.71,0.69)]
15/01/2012 23:49:31  Clearing
16/01/2012 19:43:20 [WW] Can't find surface 1
16/01/2012 20:32:43 [WW] WARNING: QApplication was not created in the main() thread.
16/01/2012 20:32:44  Starting now
16/01/2012 20:32:44  State: num5-outset
16/01/2012 20:32:53  Touch outside the sign area
16/01/2012 20:32:56  [(0.69,0.24),(0.67,0.24),(0.64,0.24),(0.60,0.24),(0.57,0.24),(0.54,0.24),(0.52,0.24),(0.49,0.24),(0.47,0.24),(0.45,0.24),(0.45,0.24),(0.43,0.24),(0.42,0.24),(0.41,0.25),(0.39,0.25),(0.38,0.25),(0.37,0.26),(0.35,0.27),(0.34,0.28),(0.32,0.29),(0.32,0.31),(0.33,0.33),(0.34,0.34),(0.34,0.37),(0.34,0.39),(0.34,0.40),(0.34,0.42),(0.34,0.44),(0.34,0.45),(0.34,0.46),(0.35,0.47),(0.35,0.47),(0.35,0.47),(0.36,0.46),(0.38,0.45),(0.40,0.45),(0.42,0.44),(0.44,0.44),(0.46,0.44),(0.48,0.44),(0.50,0.44),(0.51,0.44),(0.53,0.45),(0.55,0.45),(0.56,0.46),(0.57,0.46),(0.58,0.46),(0.59,0.47),(0.61,0.47),(0.62,0.48),(0.64,0.48),(0.66,0.49),(0.68,0.49),(0.70,0.49),(0.72,0.50),(0.75,0.50),(0.78,0.50),(0.81,0.51),(0.84,0.52),(0.86,0.52),(0.88,0.53),(0.89,0.54),(0.91,0.56),(0.92,0.57),(0.92,0.58),(0.92,0.59),(0.92,0.60),(0.92,0.61),(0.90,0.62),(0.87,0.62),(0.80,0.60),(0.76,0.59),(0.75,0.58),(0.73,0.58),(0.72,0.59),(0.69,0.59),(0.68,0.60),(0.66,0.61),(0.66,0.63),(0.65,0.65),(0.65,0.67),(0.65,0.69),(0.65,0.70),(0.64,0.71),(0.62,0.73),(0.59,0.74),(0.56,0.75),(0.52,0.75),(0.48,0.75),(0.44,0.73),(0.42,0.73),(0.37,0.72),(0.32,0.69),(0.30,0.66),(0.29,0.64)]
16/01/2012 20:32:58  State: num5-nooutset
16/01/2012 20:32:58  Touch outside the sign area
16/01/2012 20:33:02  [(0.63,0.55),(0.63,0.54),(0.62,0.53),(0.61,0.50),(0.59,0.46),(0.56,0.43),(0.53,0.41),(0.50,0.40),(0.46,0.41),(0.41,0.43),(0.38,0.45),(0.35,0.46),(0.30,0.43),(0.28,0.42),(0.26,0.40),(0.24,0.38),(0.23,0.36),(0.23,0.32),(0.27,0.30),(0.35,0.30),(0.39,0.28),(0.41,0.26),(0.44,0.25),(0.50,0.24),(0.54,0.24),(0.56,0.23),(0.60,0.23),(0.64,0.22),(0.70,0.24),(0.73,0.27),(0.75,0.29),(0.76,0.31),(0.77,0.34),(0.77,0.35),(0.76,0.37),(0.75,0.39),(0.72,0.43),(0.70,0.44),(0.61,0.45),(0.53,0.44),(0.43,0.45),(0.37,0.48),(0.34,0.51),(0.32,0.53),(0.31,0.55),(0.28,0.56),(0.26,0.56),(0.25,0.57),(0.24,0.59),(0.26,0.63),(0.31,0.67),(0.34,0.71),(0.37,0.73),(0.42,0.76),(0.49,0.79),(0.55,0.79),(0.60,0.77),(0.63,0.75),(0.65,0.72),(0.68,0.69),(0.68,0.66),(0.69,0.60),(0.69,0.55),(0.62,0.47),(0.55,0.44)]
16/01/2012 20:33:06  [(0.73,0.22),(0.74,0.22),(0.70,0.23),(0.57,0.24)]
16/01/2012 20:33:14  [(0.72,0.22),(0.67,0.23),(0.55,0.24),(0.45,0.24),(0.39,0.24),(0.35,0.24),(0.30,0.26),(0.29,0.29),(0.29,0.33),(0.30,0.36),(0.30,0.39),(0.31,0.41),(0.31,0.44),(0.31,0.46),(0.31,0.46),(0.32,0.47),(0.34,0.46),(0.38,0.46),(0.44,0.45),(0.49,0.45),(0.55,0.45),(0.60,0.46),(0.63,0.47),(0.66,0.49),(0.67,0.50)]
16/01/2012 20:33:17  [(0.71,0.26),(0.64,0.24),(0.54,0.23),(0.44,0.23),(0.36,0.23),(0.32,0.23),(0.31,0.24),(0.30,0.25),(0.31,0.29),(0.31,0.35),(0.31,0.40),(0.32,0.41)]
16/01/2012 20:33:18  [(0.31,0.29),(0.31,0.35),(0.32,0.42),(0.35,0.46),(0.42,0.46),(0.58,0.47),(0.68,0.56)]
22/05/2015 10:28:20 [WW] WARNING: QApplication was not created in the main() thread.
22/05/2015 10:28:21  Starting now
22/05/2015 10:28:21  State: num5-outset
22/05/2015 10:32:58  Touch outside the sign area
22/05/2015 10:32:59  Touch outside the sign area
22/05/2015 10:32:59  Touch outside the sign area
22/05/2015 10:32:59  [(0.68,0.24),(0.68,0.24),(0.67,0.24),(0.67,0.24),(0.66,0.24),(0.66,0.24),(0.65,0.24),(0.64,0.24),(0.63,0.23),(0.62,0.23),(0.60,0.23),(0.57,0.24),(0.54,0.24),(0.51,0.24),(0.48,0.24),(0.45,0.24),(0.43,0.24),(0.41,0.24),(0.39,0.24),(0.38,0.24),(0.36,0.24),(0.35,0.24),(0.34,0.24),(0.33,0.24),(0.33,0.24),(0.33,0.25),(0.33,0.26),(0.33,0.26),(0.33,0.27),(0.33,0.28),(0.33,0.29),(0.33,0.30),(0.33,0.32),(0.33,0.34),(0.33,0.35),(0.33,0.37),(0.33,0.38),(0.33,0.41),(0.33,0.44),(0.33,0.46),(0.32,0.47),(0.32,0.48),(0.32,0.49),(0.32,0.49),(0.32,0.49),(0.32,0.49),(0.32,0.49),(0.32,0.49),(0.32,0.49),(0.33,0.49),(0.33,0.49),(0.33,0.48),(0.33,0.48),(0.34,0.47),(0.34,0.47),(0.35,0.46),(0.36,0.45),(0.37,0.45),(0.38,0.45),(0.40,0.44),(0.43,0.44),(0.45,0.44),(0.47,0.43),(0.48,0.43),(0.49,0.43),(0.50,0.43),(0.51,0.43),(0.53,0.43),(0.55,0.43),(0.57,0.44),(0.58,0.44),(0.59,0.44),(0.60,0.45),(0.61,0.45),(0.62,0.46),(0.63,0.46),(0.64,0.46),(0.65,0.46),(0.65,0.47),(0.66,0.47),(0.66,0.47),(0.67,0.48),(0.67,0.49),(0.68,0.49),(0.69,0.50),(0.69,0.50),(0.70,0.50),(0.71,0.50),(0.71,0.51),(0.72,0.51),(0.72,0.53),(0.72,0.54),(0.72,0.56),(0.72,0.57),(0.72,0.58),(0.72,0.58),(0.73,0.60),(0.72,0.61),(0.72,0.62),(0.71,0.63),(0.70,0.65),(0.69,0.66),(0.68,0.67),(0.66,0.69),(0.65,0.71),(0.62,0.73),(0.59,0.74),(0.57,0.75),(0.55,0.76),(0.52,0.76),(0.49,0.76),(0.48,0.76),(0.46,0.76),(0.44,0.76),(0.41,0.76),(0.39,0.75),(0.36,0.74),(0.35,0.73),(0.34,0.72),(0.32,0.71),(0.32,0.70),(0.31,0.69),(0.31,0.68),(0.30,0.68),(0.28,0.67),(0.27,0.67),(0.25,0.67),(0.25,0.67),(0.27,0.67),(0.29,0.66),(0.33,0.64),(0.35,0.64),(0.36,0.64),(0.37,0.63),(0.36,0.62),(0.35,0.61),(0.32,0.60),(0.30,0.59),(0.27,0.58),(0.25,0.58)]
22/05/2015 10:33:05  Touch outside the sign area
22/05/2015 10:33:05  [(0.71,0.24),(0.70,0.24),(0.69,0.24),(0.69,0.24),(0.69,0.24),(0.69,0.24),(0.68,0.24),(0.64,0.23),(0.57,0.23),(0.50,0.24),(0.43,0.24),(0.39,0.25),(0.33,0.26),(0.26,0.27),(0.23,0.29),(0.21,0.29),(0.22,0.29),(0.23,0.29),(0.23,0.28)]
22/05/2015 10:33:07  Touch outside the sign area
22/05/2015 10:33:08  [(0.67,0.22),(0.66,0.23),(0.63,0.24),(0.60,0.24),(0.57,0.24),(0.54,0.24),(0.51,0.24),(0.49,0.24),(0.46,0.24),(0.43,0.24),(0.41,0.24),(0.39,0.25),(0.38,0.26),(0.36,0.27),(0.35,0.28),(0.34,0.29),(0.34,0.30),(0.33,0.30),(0.32,0.31),(0.31,0.32),(0.31,0.32),(0.30,0.33),(0.29,0.34),(0.29,0.35),(0.28,0.37),(0.27,0.39),(0.26,0.41),(0.26,0.44),(0.25,0.46),(0.25,0.48),(0.25,0.49),(0.25,0.51),(0.25,0.52),(0.25,0.51)]
22/05/2015 10:33:09  Touch outside the sign area
22/05/2015 10:33:09  [(0.31,0.29),(0.31,0.32),(0.32,0.40),(0.32,0.45),(0.33,0.48),(0.33,0.50),(0.33,0.51),(0.33,0.53),(0.33,0.55),(0.33,0.56),(0.33,0.56)]
22/05/2015 10:33:10  Touch outside the sign area
22/05/2015 10:33:12  [(0.31,0.33),(0.31,0.36),(0.32,0.41),(0.34,0.46),(0.42,0.44),(0.47,0.42),(0.51,0.41),(0.53,0.41),(0.55,0.41),(0.58,0.41),(0.60,0.41),(0.62,0.41),(0.63,0.42),(0.65,0.42),(0.66,0.42),(0.67,0.42),(0.68,0.42),(0.69,0.42),(0.71,0.42),(0.72,0.42)]
22/05/2015 10:33:13  Touch outside the sign area
22/05/2015 10:33:14  [(0.48,0.41),(0.51,0.41),(0.53,0.42),(0.55,0.43),(0.56,0.44),(0.58,0.44),(0.60,0.45),(0.62,0.46),(0.64,0.46),(0.65,0.47),(0.67,0.48),(0.68,0.49),(0.69,0.49),(0.70,0.50),(0.71,0.50),(0.72,0.51),(0.72,0.52),(0.74,0.53),(0.74,0.54),(0.75,0.55),(0.75,0.55),(0.74,0.54),(0.74,0.54)]
22/05/2015 10:33:14  Touch outside the sign area
22/05/2015 10:33:15  Touch outside the sign area
22/05/2015 10:33:17  [(0.63,0.24),(0.37,0.21),(0.33,0.22),(0.33,0.28),(0.32,0.44),(0.32,0.46),(0.33,0.45),(0.35,0.45),(0.43,0.43),(0.57,0.43),(0.73,0.50),(0.82,0.60),(0.81,0.69),(0.77,0.74),(0.70,0.80),(0.60,0.84),(0.52,0.85),(0.45,0.83),(0.40,0.81),(0.38,0.79),(0.37,0.77),(0.34,0.72),(0.32,0.68),(0.31,0.64),(0.31,0.63),(0.31,0.62),(0.31,0.63),(0.31,0.63),(0.31,0.63)]
22/05/2015 10:33:18  Touch outside the sign area
22/05/2015 10:33:20  [(0.69,0.20),(0.58,0.21),(0.39,0.21),(0.35,0.28),(0.30,0.43),(0.31,0.47),(0.44,0.44),(0.59,0.45),(0.66,0.48),(0.69,0.52),(0.70,0.56),(0.69,0.61),(0.68,0.65),(0.66,0.67),(0.64,0.69),(0.61,0.71),(0.58,0.73),(0.52,0.75),(0.46,0.76),(0.40,0.75),(0.35,0.70),(0.33,0.66),(0.32,0.65)]
22/05/2015 10:33:30  Clearing
22/05/2015 10:33:33  Touch outside the sign area
22/05/2015 10:33:35  [(0.75,0.24),(0.75,0.23),(0.74,0.23),(0.74,0.23),(0.73,0.23),(0.72,0.23),(0.71,0.23),(0.71,0.23),(0.70,0.23),(0.69,0.23),(0.68,0.23),(0.67,0.22),(0.66,0.22),(0.65,0.22),(0.64,0.22),(0.62,0.22),(0.62,0.22),(0.61,0.22),(0.59,0.22),(0.58,0.22),(0.57,0.22),(0.55,0.22),(0.53,0.22),(0.51,0.22),(0.50,0.22),(0.48,0.22),(0.46,0.22),(0.45,0.22),(0.42,0.22),(0.41,0.22),(0.39,0.22),(0.37,0.22),(0.35,0.23),(0.34,0.23),(0.33,0.24),(0.32,0.24),(0.32,0.24),(0.32,0.24),(0.33,0.24)]
22/05/2015 10:33:38  Touch outside the sign area
22/05/2015 10:33:39  [(0.30,0.21),(0.30,0.24),(0.31,0.28),(0.31,0.33),(0.31,0.35),(0.31,0.39),(0.31,0.41),(0.31,0.42),(0.31,0.43),(0.31,0.44),(0.31,0.45),(0.31,0.46),(0.31,0.47),(0.31,0.47)]
22/05/2015 10:33:52  Clearing
22/05/2015 10:34:53  Touch outside the sign area
22/05/2015 10:34:57  [(0.68,0.25),(0.68,0.25),(0.68,0.25),(0.68,0.25),(0.67,0.25),(0.67,0.25),(0.66,0.25),(0.66,0.24),(0.65,0.24),(0.64,0.24),(0.62,0.24),(0.60,0.24),(0.58,0.24),(0.55,0.24),(0.53,0.24),(0.51,0.24),(0.49,0.24),(0.46,0.23),(0.43,0.23),(0.41,0.23),(0.40,0.23),(0.38,0.22),(0.37,0.22),(0.36,0.22),(0.35,0.21),(0.35,0.21),(0.35,0.20),(0.35,0.20),(0.34,0.20),(0.33,0.19),(0.32,0.19),(0.31,0.19),(0.30,0.20),(0.29,0.20),(0.28,0.21),(0.27,0.22),(0.26,0.23),(0.25,0.23),(0.25,0.24),(0.25,0.26),(0.25,0.27),(0.26,0.28),(0.26,0.29),(0.26,0.29),(0.25,0.29),(0.25,0.29),(0.26,0.30),(0.26,0.30),(0.27,0.32),(0.27,0.35),(0.28,0.35),(0.28,0.37),(0.27,0.38),(0.27,0.39),(0.27,0.41),(0.27,0.42),(0.27,0.43),(0.27,0.44),(0.27,0.45),(0.28,0.46),(0.28,0.47),(0.28,0.47),(0.29,0.48),(0.29,0.48),(0.29,0.48),(0.30,0.49),(0.30,0.49),(0.30,0.49),(0.31,0.49),(0.31,0.49),(0.32,0.48),(0.33,0.47),(0.34,0.46),(0.35,0.46),(0.36,0.45),(0.37,0.45),(0.38,0.44),(0.39,0.44),(0.39,0.44),(0.40,0.44),(0.41,0.44),(0.42,0.44),(0.44,0.44),(0.45,0.44),(0.45,0.44),(0.45,0.44),(0.46,0.44),(0.46,0.44),(0.47,0.44),(0.47,0.44),(0.47,0.44)]
22/05/2015 10:35:00  Touch outside the sign area
22/05/2015 10:35:02  Touch outside the sign area
22/05/2015 10:35:04  [(0.45,0.45),(0.45,0.45),(0.46,0.45),(0.49,0.44),(0.51,0.43),(0.52,0.43),(0.54,0.43),(0.56,0.44),(0.59,0.44),(0.60,0.44),(0.61,0.44),(0.62,0.44),(0.63,0.44),(0.64,0.44),(0.65,0.45),(0.66,0.47),(0.67,0.47),(0.68,0.49),(0.68,0.49),(0.69,0.50),(0.69,0.50),(0.70,0.52),(0.71,0.53),(0.71,0.54),(0.72,0.55),(0.72,0.56),(0.72,0.57),(0.72,0.58),(0.72,0.59),(0.72,0.60),(0.73,0.61),(0.73,0.61),(0.72,0.61),(0.72,0.62),(0.72,0.63),(0.71,0.64),(0.71,0.65),(0.70,0.67),(0.69,0.69),(0.68,0.71),(0.67,0.72),(0.66,0.73),(0.65,0.74),(0.64,0.75),(0.62,0.76),(0.62,0.76),(0.60,0.76),(0.59,0.77),(0.58,0.77),(0.56,0.76),(0.55,0.76),(0.53,0.76),(0.51,0.76),(0.49,0.76),(0.47,0.76),(0.45,0.76),(0.43,0.76),(0.40,0.76),(0.37,0.75),(0.35,0.74),(0.34,0.72),(0.32,0.71),(0.32,0.70),(0.31,0.69),(0.31,0.68),(0.31,0.67),(0.31,0.65),(0.32,0.64),(0.31,0.63),(0.31,0.62),(0.32,0.61),(0.32,0.61),(0.31,0.60),(0.31,0.59),(0.29,0.59),(0.28,0.59),(0.28,0.58),(0.28,0.58),(0.28,0.59)]
22/05/2015 10:35:07  Touch outside the sign area
22/05/2015 10:35:08  [(0.32,0.21),(0.32,0.21),(0.32,0.23),(0.32,0.26),(0.32,0.30),(0.32,0.35),(0.32,0.39),(0.32,0.42),(0.32,0.44),(0.32,0.46),(0.32,0.49),(0.32,0.51),(0.33,0.51)]
22/05/2015 10:35:11  State: num5-nooutset
22/05/2015 10:35:19  Touch outside the sign area
22/05/2015 10:35:29  [(0.69,0.23),(0.69,0.24),(0.68,0.24),(0.68,0.23),(0.67,0.23),(0.67,0.23),(0.66,0.23),(0.65,0.23),(0.65,0.23),(0.64,0.24),(0.63,0.24),(0.62,0.24),(0.62,0.24),(0.61,0.24),(0.61,0.24),(0.60,0.24),(0.59,0.24),(0.58,0.24),(0.58,0.24),(0.57,0.24),(0.56,0.24),(0.55,0.24),(0.54,0.24),(0.53,0.24),(0.52,0.24),(0.51,0.24),(0.50,0.24),(0.48,0.24),(0.47,0.24),(0.46,0.24),(0.45,0.24),(0.44,0.24),(0.43,0.24),(0.42,0.24),(0.41,0.24),(0.40,0.24),(0.39,0.24),(0.38,0.24),(0.37,0.24),(0.37,0.24),(0.36,0.24),(0.35,0.24),(0.34,0.24),(0.34,0.25),(0.33,0.25),(0.33,0.25),(0.33,0.26),(0.34,0.27),(0.34,0.28),(0.34,0.29),(0.33,0.30),(0.33,0.30),(0.33,0.30),(0.33,0.31),(0.33,0.32),(0.33,0.33),(0.33,0.35),(0.32,0.37),(0.32,0.38),(0.32,0.40),(0.32,0.41),(0.32,0.42),(0.32,0.43),(0.32,0.43),(0.32,0.44),(0.32,0.45),(0.32,0.46),(0.32,0.47),(0.33,0.47),(0.33,0.48),(0.33,0.48),(0.33,0.48),(0.33,0.49),(0.34,0.49),(0.34,0.49),(0.34,0.49),(0.34,0.49),(0.34,0.49),(0.34,0.48),(0.35,0.47),(0.36,0.46),(0.38,0.45),(0.41,0.44),(0.43,0.43),(0.44,0.43),(0.46,0.43),(0.48,0.43),(0.50,0.43),(0.51,0.44),(0.53,0.44),(0.54,0.44),(0.56,0.44),(0.58,0.45),(0.59,0.46),(0.61,0.47),(0.62,0.47),(0.63,0.48),(0.63,0.49),(0.64,0.49),(0.65,0.50),(0.66,0.51),(0.67,0.52),(0.68,0.53),(0.70,0.55),(0.71,0.56),(0.71,0.57),(0.71,0.58),(0.71,0.60),(0.71,0.61),(0.71,0.63),(0.71,0.64),(0.69,0.65),(0.68,0.67),(0.67,0.68),(0.66,0.69),(0.64,0.71),(0.63,0.72),(0.62,0.73),(0.61,0.74),(0.60,0.75),(0.59,0.76),(0.58,0.76),(0.56,0.77),(0.53,0.79),(0.50,0.80),(0.48,0.80),(0.46,0.80),(0.43,0.79),(0.41,0.79),(0.39,0.77),(0.36,0.75),(0.35,0.74),(0.34,0.71),(0.33,0.70),(0.32,0.69),(0.32,0.67),(0.32,0.66),(0.32,0.64),(0.31,0.63),(0.31,0.62),(0.31,0.61),(0.31,0.61),(0.32,0.61)]
22/05/2015 10:35:31  State: num5-wire
22/05/2015 10:35:45  [(0.64,0.24),(0.64,0.24),(0.64,0.24),(0.64,0.24),(0.64,0.24),(0.64,0.24),(0.63,0.24),(0.62,0.24),(0.61,0.24),(0.60,0.23),(0.60,0.23),(0.59,0.23),(0.59,0.23),(0.58,0.23),(0.58,0.23),(0.57,0.23),(0.56,0.23),(0.55,0.23),(0.53,0.23),(0.52,0.23),(0.51,0.23),(0.50,0.23),(0.49,0.24),(0.48,0.24),(0.47,0.24),(0.46,0.24),(0.46,0.24),(0.45,0.23),(0.44,0.23),(0.44,0.24),(0.43,0.24),(0.42,0.23),(0.41,0.24),(0.39,0.24),(0.38,0.24),(0.37,0.24),(0.36,0.24),(0.35,0.24),(0.34,0.24),(0.34,0.24),(0.33,0.24),(0.32,0.24),(0.32,0.24),(0.32,0.24),(0.32,0.24),(0.32,0.24),(0.32,0.25),(0.32,0.25),(0.32,0.25),(0.32,0.25),(0.32,0.25),(0.33,0.26),(0.33,0.26),(0.33,0.27),(0.33,0.28),(0.33,0.29),(0.33,0.30),(0.33,0.32),(0.33,0.33),(0.33,0.35),(0.34,0.36),(0.33,0.38),(0.33,0.39),(0.33,0.41),(0.33,0.42),(0.33,0.42),(0.32,0.43),(0.32,0.44),(0.32,0.45),(0.32,0.46),(0.32,0.47),(0.32,0.47),(0.32,0.47),(0.32,0.47),(0.32,0.47),(0.32,0.47),(0.32,0.47),(0.33,0.47),(0.33,0.47),(0.33,0.46),(0.34,0.45),(0.34,0.45),(0.35,0.45),(0.35,0.45),(0.35,0.44),(0.36,0.44),(0.37,0.44),(0.39,0.44),(0.41,0.44),(0.44,0.43),(0.46,0.43),(0.48,0.43),(0.50,0.44),(0.51,0.44),(0.52,0.44),(0.53,0.44),(0.54,0.44),(0.55,0.44),(0.56,0.44),(0.57,0.44),(0.58,0.44),(0.59,0.45),(0.60,0.46),(0.61,0.46),(0.63,0.47),(0.64,0.48),(0.65,0.49),(0.65,0.50),(0.66,0.51),(0.67,0.52),(0.68,0.52),(0.68,0.53),(0.68,0.53),(0.68,0.54),(0.69,0.55),(0.69,0.55),(0.69,0.56),(0.69,0.57),(0.70,0.58),(0.70,0.60),(0.70,0.61),(0.70,0.63),(0.69,0.64),(0.68,0.66),(0.68,0.67),(0.67,0.68),(0.65,0.70),(0.65,0.71),(0.64,0.71),(0.61,0.72),(0.59,0.73),(0.57,0.74),(0.55,0.75),(0.52,0.75),(0.49,0.76),(0.48,0.76),(0.45,0.76),(0.44,0.77),(0.42,0.76),(0.40,0.76),(0.38,0.75),(0.35,0.74),(0.33,0.72),(0.32,0.69),(0.31,0.66),(0.30,0.62),(0.30,0.60),(0.31,0.57),(0.32,0.56),(0.33,0.55),(0.33,0.55)]
22/05/2015 10:35:52  State: num8-outset
22/05/2015 10:35:58  Touch outside the sign area
22/05/2015 10:36:08  [(0.57,0.49),(0.57,0.48),(0.53,0.47),(0.48,0.47),(0.43,0.48),(0.40,0.48),(0.37,0.49),(0.35,0.50),(0.33,0.51),(0.32,0.53),(0.31,0.55),(0.30,0.57),(0.30,0.59),(0.30,0.61),(0.30,0.63),(0.31,0.65),(0.32,0.68),(0.33,0.69),(0.35,0.70),(0.38,0.72),(0.42,0.74),(0.44,0.75),(0.47,0.75),(0.49,0.75),(0.53,0.75),(0.56,0.74),(0.58,0.73),(0.61,0.72),(0.65,0.70),(0.67,0.68),(0.69,0.67),(0.70,0.66),(0.71,0.64),(0.71,0.63),(0.71,0.61),(0.69,0.58),(0.67,0.54),(0.65,0.53),(0.61,0.51),(0.58,0.50),(0.55,0.49),(0.52,0.48),(0.49,0.48),(0.46,0.48),(0.42,0.47),(0.38,0.46),(0.34,0.43),(0.33,0.40),(0.33,0.35),(0.34,0.33),(0.35,0.30),(0.37,0.28),(0.40,0.26),(0.43,0.25),(0.48,0.24),(0.51,0.24),(0.56,0.24),(0.58,0.25),(0.61,0.26),(0.62,0.27),(0.64,0.29),(0.65,0.32),(0.65,0.33),(0.65,0.34),(0.66,0.36),(0.65,0.38),(0.64,0.41),(0.63,0.43),(0.61,0.45),(0.59,0.46),(0.56,0.47),(0.54,0.47),(0.54,0.47)]
22/05/2015 10:36:11  State: num8-nooutset
22/05/2015 10:36:13  Touch outside the sign area
22/05/2015 10:36:21  [(0.55,0.48),(0.54,0.47),(0.53,0.47),(0.51,0.47),(0.49,0.47),(0.47,0.47),(0.45,0.47),(0.44,0.48),(0.43,0.48),(0.42,0.48),(0.42,0.48),(0.41,0.49),(0.40,0.49),(0.39,0.49),(0.38,0.49),(0.37,0.50),(0.36,0.50),(0.36,0.51),(0.35,0.52),(0.34,0.52),(0.34,0.53),(0.33,0.54),(0.33,0.54),(0.32,0.56),(0.31,0.57),(0.30,0.59),(0.29,0.61),(0.29,0.64),(0.29,0.66),(0.30,0.68),(0.32,0.69),(0.35,0.71),(0.40,0.73),(0.45,0.74),(0.51,0.75),(0.54,0.75),(0.59,0.75),(0.62,0.74),(0.64,0.73),(0.65,0.72),(0.68,0.70),(0.69,0.68),(0.71,0.65),(0.71,0.61),(0.71,0.58),(0.68,0.56),(0.66,0.54),(0.63,0.53),(0.59,0.52),(0.56,0.52),(0.52,0.51),(0.50,0.51),(0.46,0.51),(0.42,0.50),(0.37,0.48),(0.35,0.45),(0.35,0.37),(0.35,0.33),(0.40,0.25),(0.46,0.23),(0.55,0.24),(0.60,0.26),(0.64,0.30),(0.66,0.32),(0.67,0.35),(0.66,0.38),(0.64,0.43),(0.61,0.47),(0.53,0.50),(0.51,0.50)]
22/05/2015 10:36:49  State: num8-wire
22/05/2015 10:37:00  [(0.50,0.49),(0.50,0.48),(0.49,0.48),(0.49,0.48),(0.48,0.48),(0.48,0.48),(0.47,0.48),(0.46,0.48),(0.45,0.48),(0.44,0.48),(0.43,0.48),(0.42,0.49),(0.41,0.49),(0.40,0.50),(0.39,0.50),(0.38,0.50),(0.37,0.51),(0.36,0.51),(0.35,0.52),(0.34,0.53),(0.32,0.55),(0.30,0.57),(0.29,0.58),(0.28,0.60),(0.28,0.61),(0.28,0.62),(0.28,0.63),(0.28,0.63),(0.28,0.64),(0.28,0.65),(0.28,0.65),(0.29,0.66),(0.29,0.67),(0.30,0.68),(0.31,0.68),(0.32,0.69),(0.32,0.70),(0.33,0.71),(0.34,0.71),(0.35,0.71),(0.37,0.72),(0.38,0.73),(0.40,0.73),(0.41,0.73),(0.43,0.73),(0.44,0.73),(0.45,0.73),(0.46,0.73),(0.48,0.74),(0.49,0.74),(0.50,0.74),(0.51,0.74),(0.52,0.74),(0.53,0.74),(0.54,0.74),(0.55,0.74),(0.56,0.74),(0.57,0.73),(0.58,0.73),(0.59,0.73),(0.61,0.72),(0.62,0.72),(0.63,0.71),(0.64,0.71),(0.65,0.70),(0.66,0.70),(0.67,0.69),(0.68,0.69),(0.68,0.68),(0.69,0.67),(0.70,0.66),(0.71,0.65),(0.72,0.63),(0.72,0.62),(0.72,0.60),(0.72,0.59),(0.71,0.58),(0.70,0.57),(0.69,0.56),(0.67,0.55),(0.65,0.54),(0.63,0.53),(0.62,0.52),(0.59,0.52),(0.57,0.51),(0.55,0.50),(0.53,0.50),(0.51,0.50),(0.49,0.49),(0.48,0.49),(0.46,0.48),(0.45,0.48),(0.43,0.47),(0.42,0.46),(0.40,0.45),(0.39,0.44),(0.37,0.42),(0.35,0.41),(0.35,0.40),(0.34,0.38),(0.33,0.37),(0.33,0.35),(0.33,0.33),(0.34,0.32),(0.35,0.29),(0.37,0.27),(0.38,0.26),(0.41,0.25),(0.42,0.24),(0.45,0.24),(0.47,0.24),(0.49,0.24),(0.51,0.24),(0.54,0.24),(0.56,0.25),(0.58,0.25),(0.60,0.26),(0.62,0.27),(0.64,0.29),(0.65,0.29),(0.65,0.31),(0.66,0.32),(0.66,0.34),(0.67,0.35),(0.67,0.36),(0.67,0.37),(0.66,0.39),(0.65,0.40),(0.64,0.42),(0.63,0.44),(0.60,0.45),(0.59,0.45),(0.55,0.46),(0.52,0.46),(0.46,0.47),(0.41,0.47),(0.40,0.47)]
22/05/2015 10:37:07  State: h-outset
22/05/2015 10:37:14  Touch outside the sign area
22/05/2015 10:37:15  Touch outside the sign area
22/05/2015 10:37:18  [(0.41,0.78),(0.41,0.78),(0.41,0.77),(0.41,0.75),(0.41,0.72),(0.41,0.70),(0.41,0.68),(0.41,0.67),(0.41,0.65),(0.41,0.63),(0.41,0.61),(0.41,0.59),(0.41,0.58),(0.40,0.56),(0.40,0.53),(0.40,0.51),(0.40,0.48),(0.40,0.46),(0.40,0.43),(0.40,0.42),(0.40,0.39),(0.40,0.39),(0.40,0.38),(0.40,0.36),(0.40,0.36),(0.41,0.35),(0.41,0.33),(0.41,0.32),(0.42,0.30),(0.42,0.27),(0.44,0.25),(0.45,0.23),(0.45,0.22),(0.46,0.21),(0.48,0.21),(0.49,0.20),(0.50,0.21),(0.51,0.21),(0.52,0.22),(0.54,0.24),(0.55,0.26),(0.57,0.28),(0.58,0.30),(0.58,0.32),(0.58,0.34),(0.58,0.35),(0.58,0.36),(0.58,0.38),(0.57,0.39),(0.57,0.41),(0.55,0.43),(0.54,0.47),(0.52,0.50),(0.51,0.52),(0.50,0.54),(0.49,0.55),(0.48,0.57),(0.47,0.59),(0.46,0.60),(0.45,0.62),(0.45,0.63),(0.44,0.64),(0.44,0.64),(0.44,0.64),(0.45,0.64),(0.47,0.62),(0.49,0.60),(0.51,0.59),(0.52,0.58),(0.52,0.58),(0.53,0.58),(0.53,0.59),(0.54,0.60),(0.54,0.61),(0.55,0.61),(0.55,0.62),(0.56,0.63),(0.56,0.64),(0.56,0.65),(0.56,0.66),(0.56,0.69),(0.56,0.72),(0.56,0.75),(0.56,0.78),(0.57,0.79),(0.58,0.79),(0.59,0.79),(0.61,0.78),(0.65,0.76),(0.68,0.74),(0.69,0.72),(0.71,0.69)]
22/05/2015 10:37:21  State: h-nooutset
22/05/2015 10:37:31  Touch outside the sign area
22/05/2015 10:37:37  [(0.41,0.80),(0.41,0.80),(0.40,0.75),(0.41,0.67),(0.41,0.58),(0.41,0.49),(0.41,0.41),(0.41,0.36),(0.42,0.29),(0.45,0.23),(0.50,0.21),(0.54,0.23),(0.59,0.29),(0.59,0.32),(0.58,0.37),(0.55,0.42),(0.52,0.49),(0.49,0.53),(0.46,0.59),(0.44,0.62),(0.43,0.65),(0.42,0.66),(0.42,0.66),(0.46,0.63),(0.51,0.61),(0.56,0.63),(0.58,0.67),(0.57,0.71),(0.57,0.75),(0.57,0.77),(0.57,0.80),(0.58,0.79),(0.62,0.76),(0.70,0.71),(0.72,0.68),(0.72,0.69)]
22/05/2015 10:37:40  State: h-wire
22/05/2015 10:37:46  [(0.29,0.61),(0.29,0.61)]
22/05/2015 10:37:49  [(0.33,0.58),(0.34,0.58),(0.35,0.57),(0.37,0.57),(0.39,0.56),(0.41,0.56),(0.43,0.54),(0.45,0.54),(0.47,0.53),(0.49,0.52),(0.51,0.47),(0.53,0.45),(0.55,0.43),(0.57,0.36),(0.57,0.33),(0.56,0.29),(0.54,0.24),(0.52,0.22),(0.49,0.21),(0.48,0.20),(0.45,0.21),(0.41,0.21),(0.38,0.25),(0.37,0.32),(0.36,0.35),(0.37,0.39),(0.38,0.42),(0.39,0.45),(0.40,0.49),(0.41,0.53),(0.41,0.55),(0.39,0.62),(0.38,0.67),(0.38,0.74),(0.38,0.79),(0.38,0.81),(0.38,0.82),(0.39,0.80),(0.41,0.74),(0.41,0.68),(0.44,0.62),(0.48,0.56),(0.52,0.60),(0.55,0.65),(0.55,0.71),(0.55,0.75),(0.55,0.78),(0.58,0.78),(0.64,0.76),(0.69,0.70)]
22/05/2015 10:37:54  Clearing
22/05/2015 10:38:10  [(0.41,0.68),(0.43,0.66),(0.44,0.64),(0.46,0.61),(0.48,0.59),(0.49,0.57),(0.51,0.56),(0.52,0.53),(0.52,0.51),(0.54,0.48),(0.55,0.46),(0.56,0.43),(0.56,0.42),(0.57,0.40),(0.57,0.38),(0.57,0.36),(0.57,0.34),(0.56,0.33),(0.56,0.31),(0.55,0.28),(0.55,0.26),(0.53,0.24),(0.52,0.23),(0.51,0.23),(0.49,0.23),(0.48,0.23),(0.46,0.25),(0.44,0.27),(0.43,0.29),(0.42,0.31),(0.41,0.35),(0.40,0.40),(0.40,0.44),(0.39,0.48),(0.39,0.52),(0.39,0.56),(0.39,0.60),(0.39,0.64),(0.39,0.67),(0.39,0.71),(0.39,0.75),(0.39,0.79),(0.39,0.79),(0.39,0.80),(0.39,0.80),(0.39,0.79),(0.40,0.75),(0.42,0.69),(0.44,0.65),(0.45,0.63),(0.46,0.62),(0.48,0.61),(0.50,0.61),(0.52,0.61),(0.53,0.61),(0.54,0.62),(0.55,0.64),(0.56,0.68),(0.56,0.73),(0.57,0.77),(0.58,0.80),(0.62,0.80),(0.70,0.74),(0.74,0.67),(0.74,0.67)]
22/05/2015 11:07:00 [WW] Can't find surface 1
22/05/2015 11:07:01  [(0.96,0.70),(1.14,0.67)]
22/05/2015 13:49:34 [WW] WARNING: QApplication was not created in the main() thread.
22/05/2015 13:49:35  Starting now
22/05/2015 13:49:35  State: num5-outset
22/05/2015 13:49:51  Touch outside the sign area
22/05/2015 13:49:52  [(0.64,0.24),(0.63,0.24),(0.62,0.24),(0.61,0.24),(0.60,0.23),(0.59,0.23),(0.58,0.23),(0.58,0.23),(0.57,0.23),(0.56,0.24),(0.55,0.24),(0.54,0.24),(0.52,0.24),(0.52,0.24),(0.50,0.24),(0.49,0.24),(0.47,0.24),(0.45,0.24),(0.44,0.24),(0.42,0.24),(0.41,0.24),(0.40,0.24),(0.39,0.24),(0.38,0.24),(0.37,0.25),(0.36,0.25),(0.35,0.25),(0.33,0.26),(0.32,0.26),(0.31,0.27),(0.30,0.27),(0.29,0.28),(0.28,0.29),(0.27,0.29),(0.26,0.30),(0.26,0.31),(0.25,0.31),(0.25,0.32),(0.24,0.32),(0.23,0.33),(0.23,0.33),(0.22,0.34),(0.22,0.34),(0.22,0.34),(0.21,0.35),(0.21,0.35),(0.21,0.35),(0.21,0.36),(0.20,0.37),(0.20,0.38),(0.19,0.38),(0.19,0.39),(0.19,0.39)]
22/05/2015 13:49:53  [(0.32,0.27),(0.32,0.27)]
22/05/2015 13:49:56  [(0.35,0.25),(0.33,0.26),(0.32,0.27),(0.31,0.28),(0.31,0.29),(0.30,0.30),(0.30,0.31),(0.31,0.32),(0.31,0.33),(0.32,0.34),(0.32,0.35),(0.32,0.35),(0.32,0.36),(0.32,0.37),(0.32,0.37),(0.32,0.38),(0.32,0.39),(0.32,0.39),(0.32,0.40),(0.32,0.40),(0.32,0.41),(0.32,0.42),(0.33,0.43),(0.33,0.43),(0.33,0.44),(0.33,0.45),(0.33,0.46),(0.34,0.46),(0.34,0.47),(0.34,0.49),(0.35,0.49),(0.35,0.50),(0.35,0.50),(0.35,0.49),(0.36,0.48),(0.37,0.47),(0.38,0.47),(0.38,0.47),(0.38,0.47)]
22/05/2015 13:50:01  [(0.35,0.48),(0.35,0.47),(0.38,0.46),(0.40,0.46),(0.42,0.45),(0.45,0.45),(0.47,0.44),(0.49,0.44),(0.51,0.44),(0.52,0.45),(0.54,0.45),(0.55,0.45),(0.56,0.46),(0.58,0.46),(0.59,0.47),(0.63,0.49),(0.65,0.50),(0.67,0.51),(0.67,0.52),(0.68,0.54),(0.68,0.55),(0.69,0.56),(0.69,0.58),(0.69,0.60),(0.69,0.61),(0.69,0.61),(0.68,0.62),(0.68,0.63),(0.68,0.64),(0.67,0.65),(0.66,0.67),(0.65,0.69),(0.63,0.70),(0.62,0.72),(0.61,0.72),(0.60,0.73),(0.59,0.73),(0.58,0.74),(0.58,0.74),(0.57,0.74),(0.57,0.74),(0.56,0.74),(0.54,0.74),(0.53,0.74),(0.52,0.74),(0.50,0.75),(0.48,0.75),(0.46,0.75),(0.44,0.74),(0.42,0.73),(0.40,0.73),(0.38,0.72),(0.36,0.71),(0.34,0.70),(0.34,0.69),(0.33,0.67),(0.32,0.66),(0.31,0.64),(0.31,0.62),(0.31,0.61),(0.31,0.60)]
22/05/2015 13:50:09  State: num5-nooutset
22/05/2015 13:50:10  Touch outside the sign area
22/05/2015 13:50:16  [(0.75,0.24),(0.73,0.24),(0.71,0.24),(0.69,0.25),(0.67,0.25),(0.64,0.25),(0.62,0.25),(0.60,0.25),(0.58,0.26),(0.57,0.25),(0.55,0.25),(0.52,0.24),(0.49,0.23),(0.48,0.23),(0.46,0.22),(0.45,0.21),(0.43,0.21),(0.42,0.20),(0.41,0.20),(0.39,0.20),(0.38,0.20),(0.38,0.20),(0.37,0.20),(0.35,0.21),(0.33,0.23),(0.31,0.25),(0.29,0.27),(0.28,0.28),(0.28,0.28),(0.27,0.29),(0.26,0.30),(0.25,0.31),(0.25,0.32),(0.24,0.32),(0.24,0.34),(0.24,0.35),(0.24,0.35),(0.25,0.36),(0.25,0.36),(0.26,0.37),(0.26,0.38),(0.27,0.39),(0.28,0.41),(0.28,0.42),(0.29,0.43),(0.31,0.43),(0.32,0.43),(0.33,0.43),(0.34,0.44),(0.36,0.46),(0.37,0.47),(0.38,0.47),(0.40,0.48),(0.41,0.48),(0.41,0.48),(0.43,0.48),(0.44,0.47),(0.48,0.46),(0.53,0.44),(0.57,0.44),(0.59,0.44),(0.62,0.45),(0.66,0.47),(0.68,0.48),(0.69,0.50),(0.71,0.52),(0.72,0.54),(0.74,0.59),(0.74,0.63),(0.74,0.65),(0.74,0.66),(0.73,0.67),(0.73,0.67),(0.72,0.67),(0.72,0.68),(0.71,0.68),(0.70,0.70),(0.68,0.72),(0.67,0.73),(0.65,0.74),(0.64,0.75),(0.63,0.76),(0.61,0.76),(0.60,0.77),(0.59,0.77),(0.58,0.77),(0.57,0.77),(0.54,0.78),(0.48,0.78),(0.45,0.77),(0.43,0.77),(0.41,0.73),(0.38,0.69),(0.36,0.66),(0.34,0.63),(0.33,0.62),(0.31,0.60)]
22/05/2015 13:50:20  [(0.64,0.25),(0.64,0.26)]
22/05/2015 13:50:22  State: num5-wire
22/05/2015 13:50:26  [(0.70,0.23),(0.69,0.24),(0.66,0.24),(0.60,0.23),(0.56,0.23),(0.53,0.23),(0.49,0.23),(0.47,0.23),(0.44,0.23),(0.42,0.23),(0.39,0.23),(0.37,0.23),(0.36,0.23),(0.35,0.22),(0.34,0.23),(0.33,0.23),(0.32,0.25),(0.32,0.27),(0.32,0.29),(0.32,0.30),(0.32,0.31),(0.32,0.34),(0.32,0.36),(0.32,0.38),(0.32,0.39),(0.31,0.41),(0.31,0.44),(0.31,0.45),(0.32,0.46),(0.32,0.47),(0.32,0.47),(0.33,0.47),(0.34,0.47),(0.35,0.46),(0.37,0.45),(0.39,0.44),(0.43,0.43),(0.46,0.42),(0.49,0.42),(0.53,0.43),(0.57,0.45),(0.60,0.46),(0.62,0.48),(0.65,0.51),(0.67,0.53),(0.68,0.57),(0.68,0.60),(0.68,0.65),(0.67,0.68),(0.65,0.70),(0.64,0.71),(0.62,0.72),(0.60,0.73),(0.57,0.74),(0.54,0.75),(0.52,0.75),(0.48,0.75),(0.41,0.74),(0.37,0.71),(0.35,0.70),(0.33,0.65),(0.32,0.61),(0.32,0.61)]
22/05/2015 13:50:27  State: num8-outset
22/05/2015 13:50:32  [(0.48,0.48),(0.48,0.48),(0.56,0.46),(0.60,0.44),(0.63,0.43),(0.64,0.41),(0.65,0.40),(0.65,0.38),(0.65,0.33),(0.63,0.30),(0.59,0.26),(0.58,0.25),(0.55,0.25),(0.52,0.26),(0.49,0.26),(0.46,0.26),(0.42,0.27),(0.40,0.27),(0.38,0.28),(0.37,0.29),(0.36,0.30),(0.35,0.31),(0.34,0.33),(0.33,0.34),(0.34,0.34),(0.34,0.34)]
22/05/2015 13:50:35  Touch outside the sign area
22/05/2015 13:50:36  [(0.33,0.33),(0.33,0.34),(0.32,0.36),(0.33,0.37),(0.34,0.39),(0.35,0.40),(0.35,0.41),(0.36,0.42),(0.36,0.43),(0.35,0.44),(0.35,0.45),(0.33,0.46),(0.31,0.46),(0.28,0.47),(0.26,0.47),(0.24,0.48),(0.22,0.48),(0.21,0.48),(0.20,0.49),(0.19,0.49),(0.18,0.49),(0.16,0.50)]
22/05/2015 13:50:36  Touch outside the sign area
22/05/2015 13:50:37  Touch outside the sign area
22/05/2015 13:50:37  [(0.36,0.39),(0.35,0.42),(0.34,0.46),(0.32,0.52),(0.31,0.57),(0.30,0.59),(0.28,0.63),(0.26,0.65),(0.25,0.67),(0.25,0.68),(0.24,0.69),(0.24,0.70),(0.24,0.71),(0.23,0.71),(0.23,0.72),(0.23,0.73),(0.22,0.73)]
22/05/2015 13:50:38  State: num8-nooutset
22/05/2015 13:50:38  State: num8-wire
22/05/2015 13:50:40  State: h-outset
22/05/2015 13:50:44  Touch outside the sign area
22/05/2015 13:50:45  [(0.30,0.70),(0.31,0.70),(0.34,0.68),(0.37,0.67),(0.39,0.65),(0.41,0.64),(0.43,0.63),(0.44,0.62),(0.46,0.61),(0.47,0.60),(0.48,0.59),(0.49,0.58),(0.50,0.57),(0.50,0.57),(0.51,0.56),(0.51,0.55),(0.52,0.53),(0.52,0.52),(0.53,0.51),(0.54,0.49),(0.54,0.47),(0.55,0.44),(0.55,0.42),(0.55,0.39),(0.56,0.38),(0.56,0.36),(0.55,0.34),(0.55,0.32),(0.55,0.30),(0.53,0.28),(0.52,0.26),(0.50,0.24),(0.49,0.23),(0.48,0.23),(0.46,0.24),(0.45,0.25),(0.43,0.27),(0.43,0.28),(0.42,0.31),(0.42,0.33),(0.42,0.35),(0.42,0.37),(0.42,0.39),(0.42,0.41),(0.42,0.44),(0.42,0.47),(0.42,0.51),(0.42,0.54),(0.42,0.56),(0.42,0.59),(0.42,0.62),(0.43,0.65),(0.43,0.69),(0.43,0.71),(0.44,0.73),(0.44,0.75),(0.44,0.76),(0.44,0.77),(0.43,0.76),(0.42,0.73),(0.41,0.65),(0.42,0.63),(0.44,0.62),(0.44,0.62)]
22/05/2015 13:50:47  Touch outside the sign area
22/05/2015 13:50:48  Touch outside the sign area
22/05/2015 13:50:49  [(0.42,0.65),(0.43,0.65),(0.43,0.64),(0.45,0.63),(0.47,0.63),(0.49,0.62),(0.50,0.62),(0.52,0.63),(0.53,0.64),(0.54,0.66),(0.55,0.68),(0.55,0.71),(0.55,0.74),(0.55,0.75),(0.55,0.76),(0.55,0.76),(0.55,0.77),(0.56,0.77),(0.56,0.77),(0.57,0.77),(0.58,0.77),(0.58,0.78),(0.59,0.78),(0.60,0.78),(0.62,0.78),(0.64,0.76),(0.67,0.75),(0.70,0.73),(0.71,0.72),(0.72,0.71),(0.72,0.71)]
