[rospy.client][INFO] 2015-05-22 14:03:42,548: init_node, name[/joke_nao], pid[5898]
[xmlrpc][INFO] 2015-05-22 14:03:42,549: XML-RPC server binding to 0.0.0.0:0
[rospy.init][INFO] 2015-05-22 14:03:42,549: ROS Slave URI: [http://192.168.1.6:34560/]
[xmlrpc][INFO] 2015-05-22 14:03:42,549: Started XML-RPC server [http://192.168.1.6:34560/]
[rospy.impl.masterslave][INFO] 2015-05-22 14:03:42,550: _ready: http://192.168.1.6:34560/
[xmlrpc][INFO] 2015-05-22 14:03:42,550: xml rpc node: starting XML-RPC server
[rospy.registration][INFO] 2015-05-22 14:03:42,550: Registering with master node http://localhost:11311
[rospy.init][INFO] 2015-05-22 14:03:42,650: registered with master
[rospy.rosout][INFO] 2015-05-22 14:03:42,650: initializing /rosout core topic
[rospy.rosout][INFO] 2015-05-22 14:03:42,652: connected to core topic /rosout
[rospy.simtime][INFO] 2015-05-22 14:03:42,653: /use_sim_time is not set, will not subscribe to simulated time [/clock] topic
[rosout][INFO] 2015-05-22 14:03:43,451: Waiting for display manager services to become available
[rospy.internal][INFO] 2015-05-22 14:03:43,452: topic[/activity] adding connection to [http://192.168.1.6:53512/], count 0
[rospy.internal][INFO] 2015-05-22 14:03:43,452: topic[/activity] adding connection to [http://192.168.1.6:48332/], count 0
[rospy.internal][INFO] 2015-05-22 14:03:43,472: topic[/activity] adding connection to [http://192.168.1.8:48823/], count 2
[rospy.internal][INFO] 2015-05-22 14:03:43,543: topic[/rosout] adding connection to [/rosout], count 0
[rospy.internal][INFO] 2015-05-22 14:03:43,550: topic[/clear_screen] adding connection to [/trajectory_visualizer], count 0
[rospy.internal][INFO] 2015-05-22 14:03:43,578: topic[/clear_screen] adding connection to [/android_gingerbread/boxes_drawer], count 1
[rospy.internal][INFO] 2015-05-22 14:03:43,640: topic[/clear_screen] adding connection to [/learning_words_nao], count 2
[rospy.internal][INFO] 2015-05-22 14:03:43,671: topic[/clear_screen] adding connection to [/android_gingerbread/display_manager], count 3
[rosout][INFO] 2015-05-22 14:03:45,465: Starting new timer
[rosout][INFO] 2015-05-22 14:03:45,466: Nao configuration: writing=True, speaking=True (french), standing=True, handedness=right
[rosout][INFO] 2015-05-22 14:03:45,923: Haven't received a clear on 'watchdog_clear/tablet' topic
[rospy.internal][INFO] 2015-05-22 14:03:45,940: topic[/watchdog_clear/tablet] adding connection to [http://192.168.1.13:34748/], count 0
[rosout][INFO] 2015-05-22 14:03:45,983: Re-connection
[shape_logger][INFO] 2015-05-22 14:03:51,158: **************** NEW SESSION ***************
[rosout][INFO] 2015-05-22 14:03:51,659: STATE: waiting_for_robot_to_connect
[rosout][INFO] 2015-05-22 14:03:52,160: STATE: STARTING_INTERACTION
[rospy.internal][INFO] 2015-05-22 14:03:54,648: topic[/activity] adding connection to [http://192.168.1.6:44378/], count 3
[rosout][INFO] 2015-05-22 14:04:31,124: Haven't received a clear on 'watchdog_clear/tablet' topic
[rosout][INFO] 2015-05-22 14:04:33,612: Re-connection
[rosout][INFO] 2015-05-22 14:05:28,957: Haven't received a clear on 'watchdog_clear/tablet' topic
[rosout][INFO] 2015-05-22 14:05:31,418: Re-connection
[rosout][INFO] 2015-05-22 14:05:59,154: Haven't received a clear on 'watchdog_clear/tablet' topic
[rosout][INFO] 2015-05-22 14:06:01,640: Re-connection
[rosout][INFO] 2015-05-22 14:06:25,922: Haven't received a clear on 'watchdog_clear/tablet' topic
[rosout][INFO] 2015-05-22 14:06:26,080: Re-connection
[rosout][INFO] 2015-05-22 14:06:31,637: Haven't received a clear on 'watchdog_clear/tablet' topic
[rosout][INFO] 2015-05-22 14:06:34,200: Re-connection
[rosout][INFO] 2015-05-22 14:07:05,244: Haven't received a clear on 'watchdog_clear/tablet' topic
[rosout][INFO] 2015-05-22 14:07:07,674: Re-connection
[rosout][INFO] 2015-05-22 14:07:35,120: Haven't received a clear on 'watchdog_clear/tablet' topic
[rosout][INFO] 2015-05-22 14:07:37,564: Re-connection
[rosout][INFO] 2015-05-22 14:07:56,771: Haven't received a clear on 'watchdog_clear/tablet' topic
[rosout][INFO] 2015-05-22 14:07:56,793: Re-connection
[rosout][INFO] 2015-05-22 14:08:02,592: Haven't received a clear on 'watchdog_clear/tablet' topic
[rosout][INFO] 2015-05-22 14:08:05,048: Re-connection
[rosout][INFO] 2015-05-22 14:08:26,460: Haven't received a clear on 'watchdog_clear/tablet' topic
[rosout][INFO] 2015-05-22 14:08:26,559: Re-connection
[rosout][INFO] 2015-05-22 14:08:30,761: Haven't received a clear on 'watchdog_clear/tablet' topic
[rosout][INFO] 2015-05-22 14:08:33,099: Re-connection
[rosout][INFO] 2015-05-22 14:09:01,564: Haven't received a clear on 'watchdog_clear/tablet' topic
[rosout][INFO] 2015-05-22 14:09:04,032: Re-connection
[rosout][INFO] 2015-05-22 14:09:23,920: Haven't received a clear on 'watchdog_clear/tablet' topic
[rosout][INFO] 2015-05-22 14:09:24,004: Re-connection
[rosout][INFO] 2015-05-22 14:09:29,547: Haven't received a clear on 'watchdog_clear/tablet' topic
[rosout][INFO] 2015-05-22 14:09:31,977: Re-connection
[rosout][INFO] 2015-05-22 14:09:52,484: Haven't received a clear on 'watchdog_clear/tablet' topic
[rosout][INFO] 2015-05-22 14:09:54,895: Re-connection
[rosout][INFO] 2015-05-22 14:10:34,087: Haven't received a clear on 'watchdog_clear/tablet' topic
[rosout][INFO] 2015-05-22 14:10:34,171: Re-connection
[rosout][INFO] 2015-05-22 14:10:38,907: Haven't received a clear on 'watchdog_clear/tablet' topic
[rosout][INFO] 2015-05-22 14:10:38,966: Re-connection
[rosout][INFO] 2015-05-22 14:10:39,411: Haven't received a clear on 'watchdog_clear/tablet' topic
[rosout][INFO] 2015-05-22 14:10:41,546: Re-connection
[rosout][INFO] 2015-05-22 14:11:35,418: Haven't received a clear on 'watchdog_clear/tablet' topic
[rosout][INFO] 2015-05-22 14:11:35,477: Re-connection
[rosout][INFO] 2015-05-22 14:11:40,340: Haven't received a clear on 'watchdog_clear/tablet' topic
[rosout][INFO] 2015-05-22 14:11:42,807: Re-connection
[rosout][INFO] 2015-05-22 14:12:10,327: Haven't received a clear on 'watchdog_clear/tablet' topic
[rosout][INFO] 2015-05-22 14:12:12,803: Re-connection
[rosout][INFO] 2015-05-22 14:12:52,344: Haven't received a clear on 'watchdog_clear/tablet' topic
[rosout][INFO] 2015-05-22 14:12:52,455: Re-connection
[rosout][INFO] 2015-05-22 14:12:58,110: Haven't received a clear on 'watchdog_clear/tablet' topic
[rosout][INFO] 2015-05-22 14:13:00,612: Re-connection
[rosout][INFO] 2015-05-22 14:13:44,321: Haven't received a clear on 'watchdog_clear/tablet' topic
[rosout][INFO] 2015-05-22 14:13:46,811: Re-connection
[rosout][INFO] 2015-05-22 14:14:12,387: Haven't received a clear on 'watchdog_clear/tablet' topic
[rosout][INFO] 2015-05-22 14:14:12,449: Re-connection
[rosout][INFO] 2015-05-22 14:14:27,328: Haven't received a clear on 'watchdog_clear/tablet' topic
[rosout][INFO] 2015-05-22 14:14:29,759: Re-connection
[rosout][INFO] 2015-05-22 14:15:00,131: Haven't received a clear on 'watchdog_clear/tablet' topic
[rosout][INFO] 2015-05-22 14:15:02,590: Re-connection
[rosout][INFO] 2015-05-22 14:15:40,847: Haven't received a clear on 'watchdog_clear/tablet' topic
[rosout][INFO] 2015-05-22 14:15:43,284: Re-connection
[rosout][INFO] 2015-05-22 14:16:19,436: Haven't received a clear on 'watchdog_clear/tablet' topic
[rosout][INFO] 2015-05-22 14:16:21,770: Re-connection
[rosout][INFO] 2015-05-22 14:16:46,391: Haven't received a clear on 'watchdog_clear/tablet' topic
[rosout][INFO] 2015-05-22 14:16:46,400: Re-connection
[rosout][INFO] 2015-05-22 14:16:51,527: Haven't received a clear on 'watchdog_clear/tablet' topic
[rosout][INFO] 2015-05-22 14:16:53,955: Re-connection
[rosout][INFO] 2015-05-22 14:17:08,567: Haven't received a clear on 'watchdog_clear/tablet' topic
[rosout][INFO] 2015-05-22 14:17:11,011: Re-connection
[rosout][INFO] 2015-05-22 14:18:12,388: Haven't received a clear on 'watchdog_clear/tablet' topic
[rosout][INFO] 2015-05-22 14:18:12,466: Re-connection
[rosout][INFO] 2015-05-22 14:19:02,702: Haven't received a clear on 'watchdog_clear/tablet' topic
[rosout][INFO] 2015-05-22 14:19:02,758: Re-connection
[rosout][INFO] 2015-05-22 14:19:08,016: Haven't received a clear on 'watchdog_clear/tablet' topic
[rosout][INFO] 2015-05-22 14:19:10,476: Re-connection
[rosout][INFO] 2015-05-22 14:19:26,470: Haven't received a clear on 'watchdog_clear/tablet' topic
[rosout][INFO] 2015-05-22 14:19:28,935: Re-connection
[rosout][INFO] 2015-05-22 14:19:42,190: Haven't received a clear on 'watchdog_clear/tablet' topic
[rosout][INFO] 2015-05-22 14:19:44,727: Re-connection
[rosout][INFO] 2015-05-22 14:20:00,526: Haven't received a clear on 'watchdog_clear/tablet' topic
[rosout][INFO] 2015-05-22 14:20:03,017: Re-connection
[rosout][INFO] 2015-05-22 14:20:12,452: Haven't received a clear on 'watchdog_clear/tablet' topic
[rosout][INFO] 2015-05-22 14:20:12,484: Re-connection
[rosout][INFO] 2015-05-22 14:20:13,049: Haven't received a clear on 'watchdog_clear/tablet' topic
[rosout][INFO] 2015-05-22 14:20:13,056: Re-connection
[rosout][INFO] 2015-05-22 14:20:28,290: Haven't received a clear on 'watchdog_clear/tablet' topic
[rosout][INFO] 2015-05-22 14:20:30,722: Re-connection
[rosout][INFO] 2015-05-22 14:21:05,082: Haven't received a clear on 'watchdog_clear/tablet' topic
[rosout][INFO] 2015-05-22 14:21:07,515: Re-connection
[rosout][INFO] 2015-05-22 14:21:33,838: Haven't received a clear on 'watchdog_clear/tablet' topic
[rosout][INFO] 2015-05-22 14:21:36,235: Re-connection
[rosout][INFO] 2015-05-22 14:22:01,817: Haven't received a clear on 'watchdog_clear/tablet' topic
[rosout][INFO] 2015-05-22 14:22:01,860: Re-connection
[rosout][INFO] 2015-05-22 14:22:07,223: Haven't received a clear on 'watchdog_clear/tablet' topic
[rosout][INFO] 2015-05-22 14:22:09,748: Re-connection
[rosout][INFO] 2015-05-22 14:22:26,081: Haven't received a clear on 'watchdog_clear/tablet' topic
[rosout][INFO] 2015-05-22 14:22:28,541: Re-connection
[rosout][INFO] 2015-05-22 14:22:44,728: Haven't received a clear on 'watchdog_clear/tablet' topic
[rosout][INFO] 2015-05-22 14:22:47,250: Re-connection
[rosout][INFO] 2015-05-22 14:23:30,833: Haven't received a clear on 'watchdog_clear/tablet' topic
[rosout][INFO] 2015-05-22 14:23:33,295: Re-connection
[rosout][INFO] 2015-05-22 14:24:01,205: Haven't received a clear on 'watchdog_clear/tablet' topic
[rosout][INFO] 2015-05-22 14:24:01,206: Re-connection
[rosout][INFO] 2015-05-22 14:24:01,620: Haven't received a clear on 'watchdog_clear/tablet' topic
[rosout][INFO] 2015-05-22 14:24:03,733: Re-connection
[rosout][INFO] 2015-05-22 14:24:13,068: Haven't received a clear on 'watchdog_clear/tablet' topic
[rosout][INFO] 2015-05-22 14:24:13,080: Re-connection
[rosout][INFO] 2015-05-22 14:24:33,407: Haven't received a clear on 'watchdog_clear/tablet' topic
[rosout][INFO] 2015-05-22 14:24:35,832: Re-connection
[rospy.internal][WARNING] 2015-05-22 14:26:50,794: Unknown error initiating TCP/IP socket to 192.168.1.6:34509 (http://192.168.1.6:48332/): Traceback (most recent call last):
  File "/opt/ros/indigo/lib/python2.7/dist-packages/rospy/impl/tcpros_base.py", line 557, in connect
    self.read_header()
  File "/opt/ros/indigo/lib/python2.7/dist-packages/rospy/impl/tcpros_base.py", line 619, in read_header
    self._validate_header(read_ros_handshake_header(sock, self.read_buff, self.protocol.buff_size))
  File "/opt/ros/indigo/lib/python2.7/dist-packages/rosgraph/network.py", line 363, in read_ros_handshake_header
    d = sock.recv(buff_size)
error: [Errno 104] Connection reset by peer

[rospy.internal][INFO] 2015-05-22 14:26:50,794: topic[/activity] removing connection to http://192.168.1.6:48332/
[rospy.internal][INFO] 2015-05-22 14:28:04,426: topic[/stop_learning] adding connection to [http://192.168.1.6:37776/], count 0
[rospy.internal][ERROR] 2015-05-22 14:28:04,447: Unable to initiate TCP/IP socket to 192.168.1.6:53152 (http://192.168.1.6:44378/): Traceback (most recent call last):
  File "/opt/ros/indigo/lib/python2.7/dist-packages/rospy/impl/tcpros_base.py", line 557, in connect
    self.read_header()
  File "/opt/ros/indigo/lib/python2.7/dist-packages/rospy/impl/tcpros_base.py", line 619, in read_header
    self._validate_header(read_ros_handshake_header(sock, self.read_buff, self.protocol.buff_size))
  File "/opt/ros/indigo/lib/python2.7/dist-packages/rospy/impl/tcpros_base.py", line 580, in _validate_header
    raise TransportInitError("remote error reported: %s"%header['error'])
TransportInitError: remote error reported: node shutting down

[rosout][INFO] 2015-05-22 14:28:04,966: STATE: STOPPING
[rospy.internal][WARNING] 2015-05-22 14:28:05,448: Unknown error initiating TCP/IP socket to 192.168.1.6:53152 (http://192.168.1.6:44378/): Traceback (most recent call last):
  File "/opt/ros/indigo/lib/python2.7/dist-packages/rospy/impl/tcpros_base.py", line 555, in connect
    self.socket.connect((dest_addr, dest_port))
  File "/usr/lib/python2.7/socket.py", line 224, in meth
    return getattr(self._sock,name)(*args)
error: [Errno 111] Connection refused

[rospy.internal][INFO] 2015-05-22 14:28:05,449: topic[/activity] removing connection to http://192.168.1.6:44378/
[rospy.internal][ERROR] 2015-05-22 14:28:07,348: Unable to initiate TCP/IP socket to 192.168.1.6:37656 (http://192.168.1.6:37776/): Traceback (most recent call last):
  File "/opt/ros/indigo/lib/python2.7/dist-packages/rospy/impl/tcpros_base.py", line 557, in connect
    self.read_header()
  File "/opt/ros/indigo/lib/python2.7/dist-packages/rospy/impl/tcpros_base.py", line 619, in read_header
    self._validate_header(read_ros_handshake_header(sock, self.read_buff, self.protocol.buff_size))
  File "/opt/ros/indigo/lib/python2.7/dist-packages/rospy/impl/tcpros_base.py", line 580, in _validate_header
    raise TransportInitError("remote error reported: %s"%header['error'])
TransportInitError: remote error reported: node shutting down

[rospy.internal][WARNING] 2015-05-22 14:28:08,350: Unknown error initiating TCP/IP socket to 192.168.1.6:37656 (http://192.168.1.6:37776/): Traceback (most recent call last):
  File "/opt/ros/indigo/lib/python2.7/dist-packages/rospy/impl/tcpros_base.py", line 555, in connect
    self.socket.connect((dest_addr, dest_port))
  File "/usr/lib/python2.7/socket.py", line 224, in meth
    return getattr(self._sock,name)(*args)
error: [Errno 111] Connection refused

[rospy.internal][INFO] 2015-05-22 14:28:08,351: topic[/stop_learning] removing connection to http://192.168.1.6:37776/
[rospy.core][INFO] 2015-05-22 14:28:08,351: signal_shutdown [Interaction exited]
[rospy.internal][INFO] 2015-05-22 14:28:08,368: topic[/clear_screen] removing connection to /trajectory_visualizer
[rospy.internal][INFO] 2015-05-22 14:28:08,369: topic[/clear_screen] removing connection to /android_gingerbread/boxes_drawer
[rospy.internal][INFO] 2015-05-22 14:28:08,370: topic[/clear_screen] removing connection to /learning_words_nao
[rospy.internal][INFO] 2015-05-22 14:28:08,370: topic[/clear_screen] removing connection to /android_gingerbread/display_manager
[rospy.internal][INFO] 2015-05-22 14:28:08,371: topic[/rosout] removing connection to /rosout
[rospy.internal][INFO] 2015-05-22 14:28:08,371: topic[/activity] removing connection to http://192.168.1.6:53512/
[rospy.internal][INFO] 2015-05-22 14:28:08,372: topic[/activity] removing connection to http://192.168.1.8:48823/
[rospy.internal][INFO] 2015-05-22 14:28:08,372: topic[/watchdog_clear/tablet] removing connection to http://192.168.1.13:34748/
[rospy.impl.masterslave][INFO] 2015-05-22 14:28:08,372: Interaction exited
[rosout][INFO] 2015-05-22 14:28:08,743: Haven't received a clear on 'watchdog_clear/tablet' topic
[rosout][INFO] 2015-05-22 14:28:08,987: Stopped
[rospy.core][INFO] 2015-05-22 14:28:09,024: signal_shutdown [atexit]
[rospy.client][INFO] 2015-05-22 14:28:22,846: init_node, name[/joke_nao], pid[435]
[xmlrpc][INFO] 2015-05-22 14:28:22,847: XML-RPC server binding to 0.0.0.0:0
[xmlrpc][INFO] 2015-05-22 14:28:22,847: Started XML-RPC server [http://192.168.1.6:55470/]
[rospy.init][INFO] 2015-05-22 14:28:22,847: ROS Slave URI: [http://192.168.1.6:55470/]
[rospy.impl.masterslave][INFO] 2015-05-22 14:28:22,848: _ready: http://192.168.1.6:55470/
[rospy.registration][INFO] 2015-05-22 14:28:22,848: Registering with master node http://localhost:11311
[xmlrpc][INFO] 2015-05-22 14:28:22,848: xml rpc node: starting XML-RPC server
[rospy.init][INFO] 2015-05-22 14:28:22,948: registered with master
[rospy.rosout][INFO] 2015-05-22 14:28:22,948: initializing /rosout core topic
[rospy.rosout][INFO] 2015-05-22 14:28:22,950: connected to core topic /rosout
[rospy.simtime][INFO] 2015-05-22 14:28:22,951: /use_sim_time is not set, will not subscribe to simulated time [/clock] topic
[rosout][INFO] 2015-05-22 14:28:23,831: Waiting for display manager services to become available
[rospy.internal][INFO] 2015-05-22 14:28:23,833: topic[/activity] adding connection to [http://192.168.1.6:41420/], count 0
[rospy.internal][INFO] 2015-05-22 14:28:23,835: topic[/activity] adding connection to [http://192.168.1.6:53593/], count 1
[rospy.internal][INFO] 2015-05-22 14:28:23,868: topic[/activity] adding connection to [http://192.168.1.8:48823/], count 2
[rospy.internal][INFO] 2015-05-22 14:28:23,918: topic[/rosout] adding connection to [/rosout], count 0
[rospy.internal][INFO] 2015-05-22 14:28:23,964: topic[/clear_screen] adding connection to [/trajectory_visualizer], count 0
[rospy.internal][INFO] 2015-05-22 14:28:24,091: topic[/clear_screen] adding connection to [/learning_words_nao], count 1
[rospy.internal][INFO] 2015-05-22 14:28:25,185: topic[/clear_screen] adding connection to [/android_gingerbread/display_manager], count 2
[rospy.internal][INFO] 2015-05-22 14:28:25,424: topic[/clear_screen] adding connection to [/android_gingerbread/boxes_drawer], count 3
[rosout][INFO] 2015-05-22 14:28:25,843: Starting new timer
[rosout][INFO] 2015-05-22 14:28:25,843: Nao configuration: writing=True, speaking=True (french), standing=True, handedness=right
[rospy.internal][INFO] 2015-05-22 14:28:26,238: topic[/watchdog_clear/tablet] adding connection to [http://192.168.1.13:34748/], count 0
[rosout][INFO] 2015-05-22 14:28:26,244: Haven't received a clear on 'watchdog_clear/tablet' topic
[rosout][INFO] 2015-05-22 14:28:26,284: Re-connection
[shape_logger][INFO] 2015-05-22 14:28:26,497: **************** NEW SESSION ***************
[rosout][INFO] 2015-05-22 14:28:26,998: STATE: waiting_for_robot_to_connect
[rosout][INFO] 2015-05-22 14:28:27,499: STATE: STARTING_INTERACTION
[rospy.internal][INFO] 2015-05-22 14:28:32,991: topic[/activity] adding connection to [http://192.168.1.6:41437/], count 3
[rosout][INFO] 2015-05-22 14:29:05,897: Haven't received a clear on 'watchdog_clear/tablet' topic
[rosout][INFO] 2015-05-22 14:29:08,401: Re-connection
[rosout][INFO] 2015-05-22 14:29:26,730: Haven't received a clear on 'watchdog_clear/tablet' topic
[rosout][INFO] 2015-05-22 14:29:29,262: Re-connection
[rosout][INFO] 2015-05-22 14:29:43,385: Haven't received a clear on 'watchdog_clear/tablet' topic
[rosout][INFO] 2015-05-22 14:29:45,902: Re-connection
[rosout][INFO] 2015-05-22 14:30:56,720: Haven't received a clear on 'watchdog_clear/tablet' topic
[rosout][INFO] 2015-05-22 14:30:59,162: Re-connection
[rosout][INFO] 2015-05-22 14:31:21,672: Haven't received a clear on 'watchdog_clear/tablet' topic
[rosout][INFO] 2015-05-22 14:31:24,165: Re-connection
[rosout][INFO] 2015-05-22 14:31:59,967: Haven't received a clear on 'watchdog_clear/tablet' topic
[rosout][INFO] 2015-05-22 14:32:02,470: Re-connection
[rosout][INFO] 2015-05-22 14:32:17,417: Haven't received a clear on 'watchdog_clear/tablet' topic
[rosout][INFO] 2015-05-22 14:32:19,959: Re-connection
[rospy.internal][INFO] 2015-05-22 14:33:19,367: topic[/stop_learning] adding connection to [http://192.168.1.6:37710/], count 0
[rospy.internal][ERROR] 2015-05-22 14:33:19,393: Unable to initiate TCP/IP socket to 192.168.1.6:49898 (http://192.168.1.6:41437/): Traceback (most recent call last):
  File "/opt/ros/indigo/lib/python2.7/dist-packages/rospy/impl/tcpros_base.py", line 557, in connect
    self.read_header()
  File "/opt/ros/indigo/lib/python2.7/dist-packages/rospy/impl/tcpros_base.py", line 619, in read_header
    self._validate_header(read_ros_handshake_header(sock, self.read_buff, self.protocol.buff_size))
  File "/opt/ros/indigo/lib/python2.7/dist-packages/rospy/impl/tcpros_base.py", line 580, in _validate_header
    raise TransportInitError("remote error reported: %s"%header['error'])
TransportInitError: remote error reported: node shutting down

[rosout][INFO] 2015-05-22 14:33:20,263: STATE: STOPPING
[rospy.internal][WARNING] 2015-05-22 14:33:20,394: Unknown error initiating TCP/IP socket to 192.168.1.6:49898 (http://192.168.1.6:41437/): Traceback (most recent call last):
  File "/opt/ros/indigo/lib/python2.7/dist-packages/rospy/impl/tcpros_base.py", line 557, in connect
    self.read_header()
  File "/opt/ros/indigo/lib/python2.7/dist-packages/rospy/impl/tcpros_base.py", line 619, in read_header
    self._validate_header(read_ros_handshake_header(sock, self.read_buff, self.protocol.buff_size))
  File "/opt/ros/indigo/lib/python2.7/dist-packages/rosgraph/network.py", line 363, in read_ros_handshake_header
    d = sock.recv(buff_size)
error: [Errno 104] Connection reset by peer

[rospy.internal][INFO] 2015-05-22 14:33:20,395: topic[/activity] removing connection to http://192.168.1.6:41437/
[rospy.internal][ERROR] 2015-05-22 14:33:22,340: Unable to initiate TCP/IP socket to 192.168.1.6:38960 (http://192.168.1.6:37710/): Traceback (most recent call last):
  File "/opt/ros/indigo/lib/python2.7/dist-packages/rospy/impl/tcpros_base.py", line 557, in connect
    self.read_header()
  File "/opt/ros/indigo/lib/python2.7/dist-packages/rospy/impl/tcpros_base.py", line 619, in read_header
    self._validate_header(read_ros_handshake_header(sock, self.read_buff, self.protocol.buff_size))
  File "/opt/ros/indigo/lib/python2.7/dist-packages/rospy/impl/tcpros_base.py", line 580, in _validate_header
    raise TransportInitError("remote error reported: %s"%header['error'])
TransportInitError: remote error reported: node shutting down

[rospy.core][INFO] 2015-05-22 14:33:23,280: signal_shutdown [Interaction exited]
[rospy.internal][INFO] 2015-05-22 14:33:23,295: topic[/clear_screen] removing connection to /trajectory_visualizer
[rospy.internal][INFO] 2015-05-22 14:33:23,296: topic[/clear_screen] removing connection to /learning_words_nao
[rospy.internal][INFO] 2015-05-22 14:33:23,296: topic[/clear_screen] removing connection to /android_gingerbread/display_manager
[rospy.internal][INFO] 2015-05-22 14:33:23,296: topic[/clear_screen] removing connection to /android_gingerbread/boxes_drawer
[rospy.internal][INFO] 2015-05-22 14:33:23,297: topic[/rosout] removing connection to /rosout
[rospy.internal][INFO] 2015-05-22 14:33:23,297: topic[/activity] removing connection to http://192.168.1.6:41420/
[rospy.internal][INFO] 2015-05-22 14:33:23,298: topic[/activity] removing connection to http://192.168.1.6:53593/
[rospy.internal][INFO] 2015-05-22 14:33:23,298: topic[/activity] removing connection to http://192.168.1.8:48823/
[rospy.internal][INFO] 2015-05-22 14:33:23,299: topic[/stop_learning] removing connection to http://192.168.1.6:37710/
[rospy.internal][INFO] 2015-05-22 14:33:23,299: topic[/watchdog_clear/tablet] removing connection to http://192.168.1.13:34748/
[rospy.impl.masterslave][INFO] 2015-05-22 14:33:23,299: Interaction exited
[rosout][INFO] 2015-05-22 14:33:23,620: Haven't received a clear on 'watchdog_clear/tablet' topic
[rosout][INFO] 2015-05-22 14:33:23,914: Stopped
[rospy.core][INFO] 2015-05-22 14:33:23,939: signal_shutdown [atexit]
[rospy.client][INFO] 2015-05-22 14:34:39,528: init_node, name[/joke_nao], pid[14305]
[xmlrpc][INFO] 2015-05-22 14:34:39,528: XML-RPC server binding to 0.0.0.0:0
[xmlrpc][INFO] 2015-05-22 14:34:39,529: Started XML-RPC server [http://192.168.1.6:47232/]
[rospy.impl.masterslave][INFO] 2015-05-22 14:34:39,529: _ready: http://192.168.1.6:47232/
[rospy.init][INFO] 2015-05-22 14:34:39,529: ROS Slave URI: [http://192.168.1.6:47232/]
[xmlrpc][INFO] 2015-05-22 14:34:39,529: xml rpc node: starting XML-RPC server
[rospy.registration][INFO] 2015-05-22 14:34:39,529: Registering with master node http://localhost:11311
[rospy.init][INFO] 2015-05-22 14:34:39,629: registered with master
[rospy.rosout][INFO] 2015-05-22 14:34:39,630: initializing /rosout core topic
[rospy.rosout][INFO] 2015-05-22 14:34:39,631: connected to core topic /rosout
[rospy.simtime][INFO] 2015-05-22 14:34:39,632: /use_sim_time is not set, will not subscribe to simulated time [/clock] topic
[rosout][INFO] 2015-05-22 14:34:40,463: Waiting for display manager services to become available
[rospy.internal][INFO] 2015-05-22 14:34:40,467: topic[/activity] adding connection to [http://192.168.1.6:43278/], count 0
[rospy.internal][INFO] 2015-05-22 14:34:40,467: topic[/activity] adding connection to [http://192.168.1.6:37787/], count 1
[rospy.internal][INFO] 2015-05-22 14:34:40,501: topic[/activity] adding connection to [http://192.168.1.8:48823/], count 2
[rospy.internal][INFO] 2015-05-22 14:34:40,551: topic[/rosout] adding connection to [/rosout], count 0
[rospy.internal][INFO] 2015-05-22 14:34:40,576: topic[/clear_screen] adding connection to [/trajectory_visualizer], count 0
[rospy.internal][INFO] 2015-05-22 14:34:40,717: topic[/clear_screen] adding connection to [/learning_words_nao], count 1
[rospy.internal][INFO] 2015-05-22 14:34:41,309: topic[/clear_screen] adding connection to [/android_gingerbread/boxes_drawer], count 2
[rospy.internal][INFO] 2015-05-22 14:34:41,975: topic[/clear_screen] adding connection to [/android_gingerbread/display_manager], count 3
[rosout][INFO] 2015-05-22 14:34:42,475: Starting new timer
[rosout][INFO] 2015-05-22 14:34:42,476: Nao configuration: writing=True, speaking=True (french), standing=True, handedness=right
[rospy.internal][INFO] 2015-05-22 14:34:42,863: topic[/watchdog_clear/tablet] adding connection to [http://192.168.1.13:34748/], count 0
[rosout][INFO] 2015-05-22 14:34:42,876: Haven't received a clear on 'watchdog_clear/tablet' topic
[rosout][INFO] 2015-05-22 14:34:43,056: Re-connection
[shape_logger][INFO] 2015-05-22 14:34:43,242: **************** NEW SESSION ***************
[rosout][INFO] 2015-05-22 14:34:43,743: STATE: waiting_for_robot_to_connect
[rosout][INFO] 2015-05-22 14:34:44,244: STATE: STARTING_INTERACTION
[rospy.internal][INFO] 2015-05-22 14:34:49,033: topic[/activity] adding connection to [http://192.168.1.6:48943/], count 3
[rosout][INFO] 2015-05-22 14:35:33,026: Haven't received a clear on 'watchdog_clear/tablet' topic
[rosout][INFO] 2015-05-22 14:35:35,048: Re-connection
[rosout][INFO] 2015-05-22 14:36:28,030: Haven't received a clear on 'watchdog_clear/tablet' topic
[rosout][INFO] 2015-05-22 14:36:28,684: Re-connection
[rosout][INFO] 2015-05-22 14:36:33,642: Haven't received a clear on 'watchdog_clear/tablet' topic
[rosout][INFO] 2015-05-22 14:36:35,441: Re-connection
[rosout][INFO] 2015-05-22 14:38:20,023: Haven't received a clear on 'watchdog_clear/tablet' topic
[rosout][INFO] 2015-05-22 14:38:21,291: Re-connection
[rosout][INFO] 2015-05-22 14:38:28,754: Haven't received a clear on 'watchdog_clear/tablet' topic
[rosout][INFO] 2015-05-22 14:38:28,766: Re-connection
[rosout][INFO] 2015-05-22 14:38:29,174: Haven't received a clear on 'watchdog_clear/tablet' topic
[rosout][INFO] 2015-05-22 14:38:30,869: Re-connection
[rosout][INFO] 2015-05-22 14:39:22,893: Haven't received a clear on 'watchdog_clear/tablet' topic
[rosout][INFO] 2015-05-22 14:39:22,931: Re-connection
[rosout][INFO] 2015-05-22 14:39:46,693: Haven't received a clear on 'watchdog_clear/tablet' topic
[rosout][INFO] 2015-05-22 14:39:46,757: Re-connection
[rosout][INFO] 2015-05-22 14:39:52,755: Haven't received a clear on 'watchdog_clear/tablet' topic
[rosout][INFO] 2015-05-22 14:39:54,968: Re-connection
[rospy.internal][ERROR] 2015-05-22 14:40:53,114: Unable to initiate TCP/IP socket to 192.168.1.6:44420 (http://192.168.1.6:48943/): Traceback (most recent call last):
  File "/opt/ros/indigo/lib/python2.7/dist-packages/rospy/impl/tcpros_base.py", line 557, in connect
    self.read_header()
  File "/opt/ros/indigo/lib/python2.7/dist-packages/rospy/impl/tcpros_base.py", line 619, in read_header
    self._validate_header(read_ros_handshake_header(sock, self.read_buff, self.protocol.buff_size))
  File "/opt/ros/indigo/lib/python2.7/dist-packages/rospy/impl/tcpros_base.py", line 580, in _validate_header
    raise TransportInitError("remote error reported: %s"%header['error'])
TransportInitError: remote error reported: node shutting down

[rospy.internal][INFO] 2015-05-22 14:40:53,120: topic[/stop_learning] adding connection to [http://192.168.1.6:39867/], count 0
[rosout][INFO] 2015-05-22 14:40:54,072: STATE: STOPPING
[rospy.internal][WARNING] 2015-05-22 14:40:54,117: Unknown error initiating TCP/IP socket to 192.168.1.6:44420 (http://192.168.1.6:48943/): Traceback (most recent call last):
  File "/opt/ros/indigo/lib/python2.7/dist-packages/rospy/impl/tcpros_base.py", line 555, in connect
    self.socket.connect((dest_addr, dest_port))
  File "/usr/lib/python2.7/socket.py", line 224, in meth
    return getattr(self._sock,name)(*args)
error: [Errno 111] Connection refused

[rospy.internal][INFO] 2015-05-22 14:40:54,118: topic[/activity] removing connection to http://192.168.1.6:48943/
[rospy.internal][ERROR] 2015-05-22 14:40:56,095: Unable to initiate TCP/IP socket to 192.168.1.6:48317 (http://192.168.1.6:39867/): Traceback (most recent call last):
  File "/opt/ros/indigo/lib/python2.7/dist-packages/rospy/impl/tcpros_base.py", line 557, in connect
    self.read_header()
  File "/opt/ros/indigo/lib/python2.7/dist-packages/rospy/impl/tcpros_base.py", line 619, in read_header
    self._validate_header(read_ros_handshake_header(sock, self.read_buff, self.protocol.buff_size))
  File "/opt/ros/indigo/lib/python2.7/dist-packages/rospy/impl/tcpros_base.py", line 580, in _validate_header
    raise TransportInitError("remote error reported: %s"%header['error'])
TransportInitError: remote error reported: node shutting down

[rospy.internal][WARNING] 2015-05-22 14:40:57,096: Unknown error initiating TCP/IP socket to 192.168.1.6:48317 (http://192.168.1.6:39867/): Traceback (most recent call last):
  File "/opt/ros/indigo/lib/python2.7/dist-packages/rospy/impl/tcpros_base.py", line 555, in connect
    self.socket.connect((dest_addr, dest_port))
  File "/usr/lib/python2.7/socket.py", line 224, in meth
    return getattr(self._sock,name)(*args)
error: [Errno 111] Connection refused

[rospy.internal][INFO] 2015-05-22 14:40:57,096: topic[/stop_learning] removing connection to http://192.168.1.6:39867/
[rospy.core][INFO] 2015-05-22 14:40:57,508: signal_shutdown [Interaction exited]
[rospy.internal][INFO] 2015-05-22 14:40:57,532: topic[/clear_screen] removing connection to /trajectory_visualizer
[rospy.internal][INFO] 2015-05-22 14:40:57,533: topic[/clear_screen] removing connection to /learning_words_nao
[rospy.internal][INFO] 2015-05-22 14:40:57,534: topic[/clear_screen] removing connection to /android_gingerbread/boxes_drawer
[rospy.internal][INFO] 2015-05-22 14:40:57,534: topic[/clear_screen] removing connection to /android_gingerbread/display_manager
[rospy.internal][INFO] 2015-05-22 14:40:57,535: topic[/rosout] removing connection to /rosout
[rospy.internal][INFO] 2015-05-22 14:40:57,535: topic[/activity] removing connection to http://192.168.1.6:43278/
[rospy.internal][INFO] 2015-05-22 14:40:57,536: topic[/activity] removing connection to http://192.168.1.6:37787/
[rospy.internal][INFO] 2015-05-22 14:40:57,537: topic[/activity] removing connection to http://192.168.1.8:48823/
[rospy.internal][WARNING] 2015-05-22 14:40:57,537: Unknown error initiating TCP/IP socket to 192.168.1.6:34125 (http://192.168.1.6:37787/): Traceback (most recent call last):
  File "/opt/ros/indigo/lib/python2.7/dist-packages/rospy/impl/tcpros_base.py", line 557, in connect
    self.read_header()
  File "/opt/ros/indigo/lib/python2.7/dist-packages/rospy/impl/tcpros_base.py", line 619, in read_header
    self._validate_header(read_ros_handshake_header(sock, self.read_buff, self.protocol.buff_size))
  File "/opt/ros/indigo/lib/python2.7/dist-packages/rosgraph/network.py", line 365, in read_ros_handshake_header
    raise ROSHandshakeException("connection from sender terminated before handshake header received. %s bytes were received. Please check sender for additional details."%b.tell())
ROSHandshakeException: connection from sender terminated before handshake header received. 0 bytes were received. Please check sender for additional details.

[rospy.topics][ERROR] 2015-05-22 14:40:57,539: Traceback (most recent call last):
  File "/opt/ros/indigo/lib/python2.7/dist-packages/rospy/topics.py", line 307, in close
    c.close()
  File "/opt/ros/indigo/lib/python2.7/dist-packages/rospy/impl/tcpros_base.py", line 807, in close
    self.socket.close()
AttributeError: 'NoneType' object has no attribute 'close'

[rospy.internal][INFO] 2015-05-22 14:40:57,539: topic[/watchdog_clear/tablet] removing connection to http://192.168.1.13:34748/
[rospy.impl.masterslave][INFO] 2015-05-22 14:40:57,539: Interaction exited
[rospy.internal][WARNING] 2015-05-22 14:40:57,632: Unknown error initiating TCP/IP socket to 192.168.1.8:54895 (http://192.168.1.8:48823/): Traceback (most recent call last):
  File "/opt/ros/indigo/lib/python2.7/dist-packages/rospy/impl/tcpros_base.py", line 557, in connect
    self.read_header()
  File "/opt/ros/indigo/lib/python2.7/dist-packages/rospy/impl/tcpros_base.py", line 619, in read_header
    self._validate_header(read_ros_handshake_header(sock, self.read_buff, self.protocol.buff_size))
AttributeError: 'NoneType' object has no attribute 'buff_size'

[rosout][INFO] 2015-05-22 14:40:57,642: Stopped
[rospy.core][INFO] 2015-05-22 14:40:57,674: signal_shutdown [atexit]
