[rospy.client][INFO] 2015-05-22 14:03:41,497: init_node, name[/nao_writer], pid[5864]
[xmlrpc][INFO] 2015-05-22 14:03:41,497: XML-RPC server binding to 0.0.0.0:0
[rospy.init][INFO] 2015-05-22 14:03:41,501: ROS Slave URI: [http://192.168.1.6:49923/]
[xmlrpc][INFO] 2015-05-22 14:03:41,501: Started XML-RPC server [http://192.168.1.6:49923/]
[rospy.impl.masterslave][INFO] 2015-05-22 14:03:41,501: _ready: http://192.168.1.6:49923/
[xmlrpc][INFO] 2015-05-22 14:03:41,501: xml rpc node: starting XML-RPC server
[rospy.registration][INFO] 2015-05-22 14:03:41,502: Registering with master node http://localhost:11311
[rospy.init][INFO] 2015-05-22 14:03:41,601: registered with master
[rospy.rosout][INFO] 2015-05-22 14:03:41,601: initializing /rosout core topic
[rospy.rosout][INFO] 2015-05-22 14:03:41,604: connected to core topic /rosout
[rospy.simtime][INFO] 2015-05-22 14:03:41,605: /use_sim_time is not set, will not subscribe to simulated time [/clock] topic
[rosout][INFO] 2015-05-22 14:03:42,116: Subscribed to robotHasFallen event
[rospy.internal][INFO] 2015-05-22 14:03:42,213: topic[/rosout] adding connection to [/rosout], count 0
[rospy.internal][INFO] 2015-05-22 14:03:43,649: topic[/write_traj_downsampled] adding connection to [http://192.168.1.6:47738/], count 0
[rospy.internal][INFO] 2015-05-22 14:03:48,514: topic[/tf] adding connection to [http://192.168.1.6:56257/], count 0
[rospy.internal][INFO] 2015-05-22 14:03:48,515: topic[/tf] adding connection to [http://192.168.1.6:55867/], count 0
[rosout][INFO] 2015-05-22 14:04:30,585: got traj at 1432296270585885047
[rosout][INFO] 2015-05-22 14:04:33,562: executing rest of traj at 1432296273562170028
[rosout][INFO] 2015-05-22 14:04:37,851: Time taken for rest of trajectory: 4.289286852
[rosout][INFO] 2015-05-22 14:05:28,408: got traj at 1432296328408479928
[rosout][INFO] 2015-05-22 14:05:31,392: executing rest of traj at 1432296331392636060
[rosout][INFO] 2015-05-22 14:05:35,701: Time taken for rest of trajectory: 4.308597803
[rosout][INFO] 2015-05-22 14:05:58,724: got traj at 1432296358724764108
[rosout][INFO] 2015-05-22 14:06:01,648: executing rest of traj at 1432296361648427963
[rosout][INFO] 2015-05-22 14:06:05,949: Time taken for rest of trajectory: 4.300878048
[rosout][INFO] 2015-05-22 14:06:31,193: got traj at 1432296391193562984
[rosout][INFO] 2015-05-22 14:06:34,116: executing rest of traj at 1432296394116683959
[rosout][INFO] 2015-05-22 14:06:38,432: Time taken for rest of trajectory: 4.314931154
[rosout][INFO] 2015-05-22 14:07:04,672: got traj at 1432296424672616958
[rosout][INFO] 2015-05-22 14:07:07,637: executing rest of traj at 1432296427637310028
[rosout][INFO] 2015-05-22 14:07:11,931: Time taken for rest of trajectory: 4.293353081
[rosout][INFO] 2015-05-22 14:07:34,540: got traj at 1432296454540501117
[rosout][INFO] 2015-05-22 14:07:37,529: executing rest of traj at 1432296457529551029
[rosout][INFO] 2015-05-22 14:07:41,853: Time taken for rest of trajectory: 4.323199987
[rosout][INFO] 2015-05-22 14:08:02,058: got traj at 1432296482058010101
[rosout][INFO] 2015-05-22 14:08:05,025: executing rest of traj at 1432296485025484085
[rosout][INFO] 2015-05-22 14:08:09,424: Time taken for rest of trajectory: 4.398806095
[rosout][INFO] 2015-05-22 14:08:30,274: got traj at 1432296510274382114
[rosout][INFO] 2015-05-22 14:08:33,111: executing rest of traj at 1432296513111572980
[rosout][INFO] 2015-05-22 14:08:37,435: Time taken for rest of trajectory: 4.323415041
[rosout][INFO] 2015-05-22 14:09:01,091: got traj at 1432296541091403961
[rosout][INFO] 2015-05-22 14:09:04,031: executing rest of traj at 1432296544031228065
[rosout][INFO] 2015-05-22 14:09:08,429: Time taken for rest of trajectory: 4.397439956
[rosout][INFO] 2015-05-22 14:09:28,959: got traj at 1432296568959533929
[rosout][INFO] 2015-05-22 14:09:31,938: executing rest of traj at 1432296571938354015
[rosout][INFO] 2015-05-22 14:09:36,243: Time taken for rest of trajectory: 4.304821014
[rosout][INFO] 2015-05-22 14:09:51,927: got traj at 1432296591927613019
[rosout][INFO] 2015-05-22 14:09:54,865: executing rest of traj at 1432296594865721940
[rosout][INFO] 2015-05-22 14:09:59,268: Time taken for rest of trajectory: 4.402327061
[rosout][INFO] 2015-05-22 14:10:38,547: got traj at 1432296638547111988
[rosout][INFO] 2015-05-22 14:10:41,498: executing rest of traj at 1432296641498405933
[rosout][INFO] 2015-05-22 14:10:45,896: Time taken for rest of trajectory: 4.397398948
[rosout][INFO] 2015-05-22 14:11:39,866: got traj at 1432296699866311073
[rosout][INFO] 2015-05-22 14:11:42,822: executing rest of traj at 1432296702822222948
[rosout][INFO] 2015-05-22 14:11:47,130: Time taken for rest of trajectory: 4.307804108
[rosout][INFO] 2015-05-22 14:12:09,785: got traj at 1432296729785872936
[rosout][INFO] 2015-05-22 14:12:12,753: executing rest of traj at 1432296732753382921
[rosout][INFO] 2015-05-22 14:12:17,099: Time taken for rest of trajectory: 4.34582901
[rosout][INFO] 2015-05-22 14:12:57,604: got traj at 1432296777604897022
[rosout][INFO] 2015-05-22 14:13:00,566: executing rest of traj at 1432296780566318988
[rosout][INFO] 2015-05-22 14:13:04,858: Time taken for rest of trajectory: 4.291985035
[rosout][INFO] 2015-05-22 14:13:43,823: got traj at 1432296823823054075
[rosout][INFO] 2015-05-22 14:13:46,815: executing rest of traj at 1432296826815051078
[rosout][INFO] 2015-05-22 14:13:51,115: Time taken for rest of trajectory: 4.299604892
[rosout][INFO] 2015-05-22 14:14:26,792: got traj at 1432296866791990041
[rosout][INFO] 2015-05-22 14:14:29,767: executing rest of traj at 1432296869767947912
[rosout][INFO] 2015-05-22 14:14:34,076: Time taken for rest of trajectory: 4.307795048
[rosout][INFO] 2015-05-22 14:14:59,662: got traj at 1432296899662496089
[rosout][INFO] 2015-05-22 14:15:02,611: executing rest of traj at 1432296902611854076
[rosout][INFO] 2015-05-22 14:15:06,921: Time taken for rest of trajectory: 4.30926609
[rosout][INFO] 2015-05-22 14:15:40,281: got traj at 1432296940281480073
[rosout][INFO] 2015-05-22 14:15:43,249: executing rest of traj at 1432296943249685049
[rosout][INFO] 2015-05-22 14:15:47,552: Time taken for rest of trajectory: 4.302534103
[rosout][INFO] 2015-05-22 14:16:18,799: got traj at 1432296978799495935
[rosout][INFO] 2015-05-22 14:16:21,729: executing rest of traj at 1432296981729012012
[rosout][INFO] 2015-05-22 14:16:26,049: Time taken for rest of trajectory: 4.320167064
[rosout][INFO] 2015-05-22 14:16:51,016: got traj at 1432297011016788959
[rosout][INFO] 2015-05-22 14:16:53,971: executing rest of traj at 1432297013971169948
[rosout][INFO] 2015-05-22 14:16:58,273: Time taken for rest of trajectory: 4.301453113
[rosout][INFO] 2015-05-22 14:17:08,018: got traj at 1432297028018786907
[rosout][INFO] 2015-05-22 14:17:10,986: executing rest of traj at 1432297030986840009
[rosout][INFO] 2015-05-22 14:17:15,302: Time taken for rest of trajectory: 4.314862967
[rosout][INFO] 2015-05-22 14:19:07,444: got traj at 1432297147444304943
[rosout][INFO] 2015-05-22 14:19:10,429: executing rest of traj at 1432297150429755926
[rosout][INFO] 2015-05-22 14:19:14,727: Time taken for rest of trajectory: 4.2964499
[rosout][INFO] 2015-05-22 14:19:25,960: got traj at 1432297165960014104
[rosout][INFO] 2015-05-22 14:19:28,891: executing rest of traj at 1432297168891541957
[rosout][INFO] 2015-05-22 14:19:33,186: Time taken for rest of trajectory: 4.294918061
[rosout][INFO] 2015-05-22 14:19:41,776: got traj at 1432297181776782989
[rosout][INFO] 2015-05-22 14:19:44,719: executing rest of traj at 1432297184719183921
[rosout][INFO] 2015-05-22 14:19:49,043: Time taken for rest of trajectory: 4.32365489
[rosout][INFO] 2015-05-22 14:19:59,992: got traj at 1432297199992515087
[rosout][INFO] 2015-05-22 14:20:02,951: executing rest of traj at 1432297202951219081
[rosout][INFO] 2015-05-22 14:20:07,245: Time taken for rest of trajectory: 4.293545961
[rosout][INFO] 2015-05-22 14:20:27,709: got traj at 1432297227709614992
[rosout][INFO] 2015-05-22 14:20:30,696: executing rest of traj at 1432297230696372985
[rosout][INFO] 2015-05-22 14:20:35,017: Time taken for rest of trajectory: 4.320847034
[rosout][INFO] 2015-05-22 14:21:04,527: got traj at 1432297264527502059
[rosout][INFO] 2015-05-22 14:21:07,465: executing rest of traj at 1432297267465472936
[rosout][INFO] 2015-05-22 14:21:11,790: Time taken for rest of trajectory: 4.324939012
[rosout][INFO] 2015-05-22 14:21:33,345: got traj at 1432297293345448970
[rosout][INFO] 2015-05-22 14:21:36,237: executing rest of traj at 1432297296237716913
[rosout][INFO] 2015-05-22 14:21:40,542: Time taken for rest of trajectory: 4.303761005
[rosout][INFO] 2015-05-22 14:22:06,814: got traj at 1432297326814029932
[rosout][INFO] 2015-05-22 14:22:09,767: executing rest of traj at 1432297329766998052
[rosout][INFO] 2015-05-22 14:22:14,062: Time taken for rest of trajectory: 4.294860125
[rosout][INFO] 2015-05-22 14:22:25,530: got traj at 1432297345530045032
[rosout][INFO] 2015-05-22 14:22:28,513: executing rest of traj at 1432297348513423919
[rosout][INFO] 2015-05-22 14:22:32,820: Time taken for rest of trajectory: 4.306084156
[rosout][INFO] 2015-05-22 14:22:44,297: got traj at 1432297364297945976
[rosout][INFO] 2015-05-22 14:22:47,252: executing rest of traj at 1432297367252777099
[rosout][INFO] 2015-05-22 14:22:51,559: Time taken for rest of trajectory: 4.305845022
[rosout][INFO] 2015-05-22 14:23:30,302: got traj at 1432297410301997900
[rosout][INFO] 2015-05-22 14:23:33,258: executing rest of traj at 1432297413258932113
[rosout][INFO] 2015-05-22 14:23:37,558: Time taken for rest of trajectory: 4.298906088
[rosout][INFO] 2015-05-22 14:24:00,620: got traj at 1432297440619986057
[rosout][INFO] 2015-05-22 14:24:03,568: executing rest of traj at 1432297443568713903
[rosout][INFO] 2015-05-22 14:24:07,877: Time taken for rest of trajectory: 4.307958126
[rosout][INFO] 2015-05-22 14:24:32,794: got traj at 1432297472794075965
[rosout][INFO] 2015-05-22 14:24:35,775: executing rest of traj at 1432297475775351047
[rosout][INFO] 2015-05-22 14:24:40,104: Time taken for rest of trajectory: 4.328355074
[rospy.internal][ERROR] 2015-05-22 14:28:08,371: Unable to initiate TCP/IP socket to 192.168.1.6:58278 (http://192.168.1.6:47738/): Traceback (most recent call last):
  File "/opt/ros/indigo/lib/python2.7/dist-packages/rospy/impl/tcpros_base.py", line 557, in connect
    self.read_header()
  File "/opt/ros/indigo/lib/python2.7/dist-packages/rospy/impl/tcpros_base.py", line 619, in read_header
    self._validate_header(read_ros_handshake_header(sock, self.read_buff, self.protocol.buff_size))
  File "/opt/ros/indigo/lib/python2.7/dist-packages/rospy/impl/tcpros_base.py", line 580, in _validate_header
    raise TransportInitError("remote error reported: %s"%header['error'])
TransportInitError: remote error reported: node shutting down

[rospy.internal][WARNING] 2015-05-22 14:28:09,373: Unknown error initiating TCP/IP socket to 192.168.1.6:58278 (http://192.168.1.6:47738/): Traceback (most recent call last):
  File "/opt/ros/indigo/lib/python2.7/dist-packages/rospy/impl/tcpros_base.py", line 555, in connect
    self.socket.connect((dest_addr, dest_port))
  File "/usr/lib/python2.7/socket.py", line 224, in meth
    return getattr(self._sock,name)(*args)
error: [Errno 111] Connection refused

[rospy.internal][INFO] 2015-05-22 14:28:09,373: topic[/write_traj_downsampled] removing connection to http://192.168.1.6:47738/
[rospy.core][INFO] 2015-05-22 14:28:12,758: signal_shutdown [signal-2]
[rospy.internal][INFO] 2015-05-22 14:28:12,778: topic[/rosout] removing connection to /rosout
[rospy.internal][INFO] 2015-05-22 14:28:12,778: topic[/tf] removing connection to http://192.168.1.6:56257/
[rospy.internal][INFO] 2015-05-22 14:28:12,779: topic[/tf] removing connection to http://192.168.1.6:55867/
[rospy.impl.masterslave][INFO] 2015-05-22 14:28:12,779: signal-2
[rospy.core][INFO] 2015-05-22 14:28:12,920: signal_shutdown [atexit]
[rospy.client][INFO] 2015-05-22 14:28:21,830: init_node, name[/nao_writer], pid[395]
[xmlrpc][INFO] 2015-05-22 14:28:21,831: XML-RPC server binding to 0.0.0.0:0
[rospy.init][INFO] 2015-05-22 14:28:21,831: ROS Slave URI: [http://192.168.1.6:34173/]
[xmlrpc][INFO] 2015-05-22 14:28:21,832: Started XML-RPC server [http://192.168.1.6:34173/]
[rospy.impl.masterslave][INFO] 2015-05-22 14:28:21,832: _ready: http://192.168.1.6:34173/
[xmlrpc][INFO] 2015-05-22 14:28:21,832: xml rpc node: starting XML-RPC server
[rospy.registration][INFO] 2015-05-22 14:28:21,833: Registering with master node http://localhost:11311
[rospy.init][INFO] 2015-05-22 14:28:21,932: registered with master
[rospy.rosout][INFO] 2015-05-22 14:28:21,932: initializing /rosout core topic
[rospy.rosout][INFO] 2015-05-22 14:28:21,935: connected to core topic /rosout
[rospy.simtime][INFO] 2015-05-22 14:28:21,937: /use_sim_time is not set, will not subscribe to simulated time [/clock] topic
[rosout][INFO] 2015-05-22 14:28:22,461: Subscribed to robotHasFallen event
[rospy.internal][INFO] 2015-05-22 14:28:22,562: topic[/rosout] adding connection to [/rosout], count 0
[rospy.internal][INFO] 2015-05-22 14:28:24,035: topic[/write_traj_downsampled] adding connection to [http://192.168.1.6:43435/], count 0
[rospy.internal][INFO] 2015-05-22 14:28:28,950: topic[/tf] adding connection to [http://192.168.1.6:57974/], count 0
[rospy.internal][INFO] 2015-05-22 14:28:28,953: topic[/tf] adding connection to [http://192.168.1.6:44722/], count 1
[rosout][INFO] 2015-05-22 14:29:05,357: got traj at 1432297745357778072
[rosout][INFO] 2015-05-22 14:29:08,325: executing rest of traj at 1432297748325553894
[rosout][INFO] 2015-05-22 14:29:12,642: Time taken for rest of trajectory: 4.316300869
[rosout][INFO] 2015-05-22 14:29:26,224: got traj at 1432297766224849939
[rosout][INFO] 2015-05-22 14:29:29,217: executing rest of traj at 1432297769217470884
[rosout][INFO] 2015-05-22 14:29:33,526: Time taken for rest of trajectory: 4.308909893
[rosout][INFO] 2015-05-22 14:29:42,895: got traj at 1432297782895211935
[rosout][INFO] 2015-05-22 14:29:45,852: executing rest of traj at 1432297785852525949
[rosout][INFO] 2015-05-22 14:29:50,189: Time taken for rest of trajectory: 4.336209058
[rosout][INFO] 2015-05-22 14:30:56,165: got traj at 1432297856165635108
[rosout][INFO] 2015-05-22 14:30:59,115: executing rest of traj at 1432297859115945100
[rosout][INFO] 2015-05-22 14:31:03,444: Time taken for rest of trajectory: 4.328502178
[rosout][INFO] 2015-05-22 14:31:21,136: got traj at 1432297881136776924
[rosout][INFO] 2015-05-22 14:31:24,089: executing rest of traj at 1432297884089730024
[rosout][INFO] 2015-05-22 14:31:28,398: Time taken for rest of trajectory: 4.308408975
[rosout][INFO] 2015-05-22 14:31:59,505: got traj at 1432297919505023002
[rosout][INFO] 2015-05-22 14:32:02,436: executing rest of traj at 1432297922436299085
[rosout][INFO] 2015-05-22 14:32:06,750: Time taken for rest of trajectory: 4.313446999
[rosout][INFO] 2015-05-22 14:32:17,020: got traj at 1432297937020617961
[rosout][INFO] 2015-05-22 14:32:19,966: executing rest of traj at 1432297939966527938
[rosout][INFO] 2015-05-22 14:32:24,261: Time taken for rest of trajectory: 4.294250965
[rospy.internal][ERROR] 2015-05-22 14:33:23,306: Unable to initiate TCP/IP socket to 192.168.1.6:59638 (http://192.168.1.6:43435/): Traceback (most recent call last):
  File "/opt/ros/indigo/lib/python2.7/dist-packages/rospy/impl/tcpros_base.py", line 557, in connect
    self.read_header()
  File "/opt/ros/indigo/lib/python2.7/dist-packages/rospy/impl/tcpros_base.py", line 619, in read_header
    self._validate_header(read_ros_handshake_header(sock, self.read_buff, self.protocol.buff_size))
  File "/opt/ros/indigo/lib/python2.7/dist-packages/rospy/impl/tcpros_base.py", line 580, in _validate_header
    raise TransportInitError("remote error reported: %s"%header['error'])
TransportInitError: remote error reported: node shutting down

[rospy.internal][WARNING] 2015-05-22 14:33:24,308: Unknown error initiating TCP/IP socket to 192.168.1.6:59638 (http://192.168.1.6:43435/): Traceback (most recent call last):
  File "/opt/ros/indigo/lib/python2.7/dist-packages/rospy/impl/tcpros_base.py", line 555, in connect
    self.socket.connect((dest_addr, dest_port))
  File "/usr/lib/python2.7/socket.py", line 224, in meth
    return getattr(self._sock,name)(*args)
error: [Errno 111] Connection refused

[rospy.internal][INFO] 2015-05-22 14:33:24,309: topic[/write_traj_downsampled] removing connection to http://192.168.1.6:43435/
[rosout][INFO] 2015-05-22 14:33:24,368: Stopped task
[rospy.core][INFO] 2015-05-22 14:33:39,274: signal_shutdown [signal-2]
[rospy.internal][WARNING] 2015-05-22 14:33:39,301: Unknown error initiating TCP/IP socket to 192.168.1.6:58534 (http://192.168.1.6:44722/): Traceback (most recent call last):
  File "/opt/ros/indigo/lib/python2.7/dist-packages/rospy/impl/tcpros_base.py", line 557, in connect
    self.read_header()
  File "/opt/ros/indigo/lib/python2.7/dist-packages/rospy/impl/tcpros_base.py", line 619, in read_header
    self._validate_header(read_ros_handshake_header(sock, self.read_buff, self.protocol.buff_size))
  File "/opt/ros/indigo/lib/python2.7/dist-packages/rosgraph/network.py", line 363, in read_ros_handshake_header
    d = sock.recv(buff_size)
error: [Errno 104] Connection reset by peer

[rospy.internal][INFO] 2015-05-22 14:33:39,302: topic[/tf] removing connection to http://192.168.1.6:44722/
[rospy.internal][INFO] 2015-05-22 14:33:39,303: topic[/rosout] removing connection to /rosout
[rospy.internal][INFO] 2015-05-22 14:33:39,304: topic[/tf] removing connection to http://192.168.1.6:57974/
[rospy.impl.masterslave][INFO] 2015-05-22 14:33:39,304: signal-2
[rospy.core][INFO] 2015-05-22 14:33:39,951: signal_shutdown [atexit]
[rospy.client][INFO] 2015-05-22 14:34:38,456: init_node, name[/nao_writer], pid[14262]
[xmlrpc][INFO] 2015-05-22 14:34:38,456: XML-RPC server binding to 0.0.0.0:0
[rospy.init][INFO] 2015-05-22 14:34:38,457: ROS Slave URI: [http://192.168.1.6:37045/]
[xmlrpc][INFO] 2015-05-22 14:34:38,457: Started XML-RPC server [http://192.168.1.6:37045/]
[rospy.impl.masterslave][INFO] 2015-05-22 14:34:38,457: _ready: http://192.168.1.6:37045/
[rospy.registration][INFO] 2015-05-22 14:34:38,458: Registering with master node http://localhost:11311
[xmlrpc][INFO] 2015-05-22 14:34:38,465: xml rpc node: starting XML-RPC server
[rospy.init][INFO] 2015-05-22 14:34:38,557: registered with master
[rospy.rosout][INFO] 2015-05-22 14:34:38,557: initializing /rosout core topic
[rospy.rosout][INFO] 2015-05-22 14:34:38,560: connected to core topic /rosout
[rospy.simtime][INFO] 2015-05-22 14:34:38,562: /use_sim_time is not set, will not subscribe to simulated time [/clock] topic
[rospy.internal][INFO] 2015-05-22 14:34:39,288: topic[/rosout] adding connection to [/rosout], count 0
[rosout][INFO] 2015-05-22 14:34:39,343: Subscribed to robotHasFallen event
[rospy.internal][INFO] 2015-05-22 14:34:40,720: topic[/write_traj_downsampled] adding connection to [http://192.168.1.6:50075/], count 0
[rospy.internal][INFO] 2015-05-22 14:34:45,886: topic[/tf] adding connection to [http://192.168.1.6:38859/], count 0
[rospy.internal][INFO] 2015-05-22 14:34:45,890: topic[/tf] adding connection to [http://192.168.1.6:33583/], count 1
[rosout][INFO] 2015-05-22 14:35:32,138: got traj at 1432298132138886928
[rosout][INFO] 2015-05-22 14:35:35,127: executing rest of traj at 1432298135127569913
[rosout][INFO] 2015-05-22 14:35:45,455: Time taken for rest of trajectory: 10.327602863
[rosout][INFO] 2015-05-22 14:36:32,642: got traj at 1432298192642066955
[rosout][INFO] 2015-05-22 14:36:35,573: executing rest of traj at 1432298195573708057
[rosout][INFO] 2015-05-22 14:36:45,914: Time taken for rest of trajectory: 10.340048075
[rosout][INFO] 2015-05-22 14:38:28,021: got traj at 1432298308021430969
[rosout][INFO] 2015-05-22 14:38:30,997: executing rest of traj at 1432298310997845888
[rosout][INFO] 2015-05-22 14:38:41,348: Time taken for rest of trajectory: 10.350405216
[rosout][INFO] 2015-05-22 14:39:52,054: got traj at 1432298392054466009
[rosout][INFO] 2015-05-22 14:39:55,026: executing rest of traj at 1432298395026822090
[rosout][INFO] 2015-05-22 14:40:05,367: Time taken for rest of trajectory: 10.34009695
[rospy.internal][ERROR] 2015-05-22 14:40:57,546: Unable to initiate TCP/IP socket to 192.168.1.6:50657 (http://192.168.1.6:50075/): Traceback (most recent call last):
  File "/opt/ros/indigo/lib/python2.7/dist-packages/rospy/impl/tcpros_base.py", line 557, in connect
    self.read_header()
  File "/opt/ros/indigo/lib/python2.7/dist-packages/rospy/impl/tcpros_base.py", line 619, in read_header
    self._validate_header(read_ros_handshake_header(sock, self.read_buff, self.protocol.buff_size))
  File "/opt/ros/indigo/lib/python2.7/dist-packages/rospy/impl/tcpros_base.py", line 580, in _validate_header
    raise TransportInitError("remote error reported: %s"%header['error'])
TransportInitError: remote error reported: node shutting down

[rospy.internal][WARNING] 2015-05-22 14:40:58,548: Unknown error initiating TCP/IP socket to 192.168.1.6:50657 (http://192.168.1.6:50075/): Traceback (most recent call last):
  File "/opt/ros/indigo/lib/python2.7/dist-packages/rospy/impl/tcpros_base.py", line 555, in connect
    self.socket.connect((dest_addr, dest_port))
  File "/usr/lib/python2.7/socket.py", line 224, in meth
    return getattr(self._sock,name)(*args)
error: [Errno 111] Connection refused

[rospy.internal][INFO] 2015-05-22 14:40:58,548: topic[/write_traj_downsampled] removing connection to http://192.168.1.6:50075/
[rospy.internal][ERROR] 2015-05-22 17:11:34,323: Traceback (most recent call last):
  File "/opt/ros/indigo/lib/python2.7/dist-packages/rospy/impl/tcpros_base.py", line 698, in receive_once
    self.stat_bytes += recv_buff(sock, b, p.buff_size)
  File "/opt/ros/indigo/lib/python2.7/dist-packages/rospy/impl/tcpros_base.py", line 103, in recv_buff
    d = sock.recv(buff_size)
error: [Errno 110] Connection timed out

[rospy.internal][ERROR] 2015-05-22 17:11:34,324: Traceback (most recent call last):
  File "/opt/ros/indigo/lib/python2.7/dist-packages/rospy/impl/tcpros_base.py", line 698, in receive_once
    self.stat_bytes += recv_buff(sock, b, p.buff_size)
  File "/opt/ros/indigo/lib/python2.7/dist-packages/rospy/impl/tcpros_base.py", line 103, in recv_buff
    d = sock.recv(buff_size)
error: [Errno 110] Connection timed out

[rospy.internal][WARNING] 2015-05-22 17:12:04,347: Unknown error initiating TCP/IP socket to 192.168.1.6:57504 (http://192.168.1.6:33583/): Traceback (most recent call last):
  File "/opt/ros/indigo/lib/python2.7/dist-packages/rospy/impl/tcpros_base.py", line 555, in connect
    self.socket.connect((dest_addr, dest_port))
  File "/usr/lib/python2.7/socket.py", line 224, in meth
    return getattr(self._sock,name)(*args)
timeout: timed out

[rospy.internal][INFO] 2015-05-22 17:12:04,347: topic[/tf] removing connection to http://192.168.1.6:33583/
[rospy.internal][WARNING] 2015-05-22 17:12:04,354: Unknown error initiating TCP/IP socket to 192.168.1.6:52594 (http://192.168.1.6:38859/): Traceback (most recent call last):
  File "/opt/ros/indigo/lib/python2.7/dist-packages/rospy/impl/tcpros_base.py", line 555, in connect
    self.socket.connect((dest_addr, dest_port))
  File "/usr/lib/python2.7/socket.py", line 224, in meth
    return getattr(self._sock,name)(*args)
timeout: timed out

[rospy.internal][INFO] 2015-05-22 17:12:04,355: topic[/tf] removing connection to http://192.168.1.6:38859/
[rospy.core][INFO] 2015-05-29 08:53:08,716: signal_shutdown [signal-2]
[rospy.internal][INFO] 2015-05-29 08:53:08,729: topic[/rosout] removing connection to /rosout
[rospy.impl.masterslave][INFO] 2015-05-29 08:53:08,729: signal-2
[rospy.core][INFO] 2015-05-29 08:53:08,865: signal_shutdown [atexit]
