[rospy.client][INFO] 2016-01-25 09:14:52,348: init_node, name[/display_manager_server], pid[11262]
[xmlrpc][INFO] 2016-01-25 09:14:52,359: XML-RPC server binding to 0.0.0.0:0
[xmlrpc][INFO] 2016-01-25 09:14:52,360: Started XML-RPC server [http://10.0.0.11:35595/]
[rospy.impl.masterslave][INFO] 2016-01-25 09:14:52,360: _ready: http://10.0.0.11:35595/
[rospy.init][INFO] 2016-01-25 09:14:52,371: ROS Slave URI: [http://10.0.0.11:35595/]
[rospy.registration][INFO] 2016-01-25 09:14:52,381: Registering with master node http://10.0.0.11:11311/
[xmlrpc][INFO] 2016-01-25 09:14:52,381: xml rpc node: starting XML-RPC server
[rospy.init][INFO] 2016-01-25 09:14:52,472: registered with master
[rospy.rosout][INFO] 2016-01-25 09:14:52,472: initializing /rosout core topic
[rospy.rosout][INFO] 2016-01-25 09:14:52,486: connected to core topic /rosout
[rospy.simtime][INFO] 2016-01-25 09:14:52,503: /use_sim_time is not set, will not subscribe to simulated time [/clock] topic
[rosout][INFO] 2016-01-25 09:14:52,601: Ready to clear all shapes.
[rosout][INFO] 2016-01-25 09:14:52,618: Ready to display new shapes.
[rosout][INFO] 2016-01-25 09:14:52,628: Ready to determine index of location.
[rosout][INFO] 2016-01-25 09:14:52,645: Ready to determine shape at location.
[rosout][INFO] 2016-01-25 09:14:52,648: Ready to determine closest shape(s) to location.
[rosout][INFO] 2016-01-25 09:14:52,651: Ready to display new shapes at specific location.
[rosout][INFO] 2016-01-25 09:14:52,669: Ready to determine is shape fits.
[rospy.internal][INFO] 2016-01-25 09:14:52,743: topic[/rosout] adding connection to [/rosout], count 0
[rospy.core][INFO] 2016-01-25 09:15:20,426: signal_shutdown [signal-2]
[rospy.internal][INFO] 2016-01-25 09:15:20,444: topic[/rosout] removing connection to /rosout
[rospy.impl.masterslave][INFO] 2016-01-25 09:15:20,444: signal-2
[rosout][INFO] 2016-01-25 09:15:21,059: shut down
[rospy.core][INFO] 2016-01-25 09:15:21,060: signal_shutdown [atexit]
[rospy.client][INFO] 2016-01-25 09:15:43,993: init_node, name[/display_manager_server], pid[11997]
[xmlrpc][INFO] 2016-01-25 09:15:44,013: XML-RPC server binding to 0.0.0.0:0
[rospy.init][INFO] 2016-01-25 09:15:44,013: ROS Slave URI: [http://10.0.0.11:37510/]
[xmlrpc][INFO] 2016-01-25 09:15:44,014: Started XML-RPC server [http://10.0.0.11:37510/]
[rospy.impl.masterslave][INFO] 2016-01-25 09:15:44,014: _ready: http://10.0.0.11:37510/
[xmlrpc][INFO] 2016-01-25 09:15:44,027: xml rpc node: starting XML-RPC server
[rospy.registration][INFO] 2016-01-25 09:15:44,028: Registering with master node http://10.0.0.11:11311/
[rospy.init][INFO] 2016-01-25 09:15:44,114: registered with master
[rospy.rosout][INFO] 2016-01-25 09:15:44,114: initializing /rosout core topic
[rospy.rosout][INFO] 2016-01-25 09:15:44,140: connected to core topic /rosout
[rospy.simtime][INFO] 2016-01-25 09:15:44,151: /use_sim_time is not set, will not subscribe to simulated time [/clock] topic
[rosout][INFO] 2016-01-25 09:15:44,184: Ready to clear all shapes.
[rosout][INFO] 2016-01-25 09:15:44,195: Ready to display new shapes.
[rosout][INFO] 2016-01-25 09:15:44,214: Ready to determine index of location.
[rosout][INFO] 2016-01-25 09:15:44,234: Ready to determine shape at location.
[rosout][INFO] 2016-01-25 09:15:44,275: Ready to determine closest shape(s) to location.
[rosout][INFO] 2016-01-25 09:15:44,284: Ready to display new shapes at specific location.
[rosout][INFO] 2016-01-25 09:15:44,317: Ready to determine is shape fits.
[rospy.internal][INFO] 2016-01-25 09:15:44,351: topic[/rosout] adding connection to [/rosout], count 0
[rosout][INFO] 2016-01-25 09:18:20,173: Shapes cleared
[rosout][INFO] 2016-01-25 09:19:29,932: Shapes cleared
[rosout][INFO] 2016-01-25 09:20:22,478: Shapes cleared
[rosout][INFO] 2016-01-25 09:22:00,991: Shapes cleared
[rosout][INFO] 2016-01-25 09:23:42,888: Shapes cleared
[rosout][INFO] 2016-01-25 09:24:35,508: Shapes cleared
[rosout][INFO] 2016-01-25 09:25:24,224: Shapes cleared
[rosout][INFO] 2016-01-25 09:26:47,193: Shapes cleared
[rosout][INFO] 2016-01-25 09:27:39,034: Shapes cleared
[rosout][INFO] 2016-01-25 09:28:29,560: Shapes cleared
[rosout][INFO] 2016-01-25 09:29:38,517: Shapes cleared
[rospy.core][INFO] 2016-01-25 09:31:22,235: signal_shutdown [signal-2]
[rospy.internal][INFO] 2016-01-25 09:31:22,249: topic[/rosout] removing connection to /rosout
[rospy.impl.masterslave][INFO] 2016-01-25 09:31:22,250: signal-2
[rosout][INFO] 2016-01-25 09:31:22,381: shut down
[rospy.core][INFO] 2016-01-25 09:31:22,382: signal_shutdown [atexit]
