[I] 11995 qimessaging.session: Session listener created on tcp://0.0.0.0:0
[I] 11995 qimessaging.transportserver: TransportServer will listen on: tcp://172.17.0.1:50707
[I] 11995 qimessaging.transportserver: TransportServer will listen on: tcp://127.0.0.1:50707
[I] 11995 qimessaging.transportserver: TransportServer will listen on: tcp://10.0.0.11:50707
[INFO] [WallTime: 1453709746.091681] Waiting for display manager services to become available
[INFO] [WallTime: 1453709748.105856] Starting new timer
[INFO] [WallTime: 1453709748.106400] Nao configuration: writing=True, speaking=True (english), standing=False, handedness=right
inaoqi-broker: construct at 0.0.0.0:0, parent : 10.0.0.2:9559
[I] 11995 qimessaging.session: Session listener created on tcp://0.0.0.0:0
[I] 11995 qimessaging.transportserver: TransportServer will listen on: tcp://172.17.0.1:41059
[I] 11995 qimessaging.transportserver: TransportServer will listen on: tcp://127.0.0.1:41059
[I] 11995 qimessaging.transportserver: TransportServer will listen on: tcp://10.0.0.11:41059
[INFO] [WallTime: 1453709751.263595] STATE: WAITING_FOR_ROBOT_TO_CONNECT
[INFO] [WallTime: 1453709751.764552] STATE: STARTING_INTERACTION
[INFO] [WallTime: 1453709757.839072] NAO: I want to practice my writing... Can you help me?
[INFO] [WallTime: 1453709758.344074] STATE: WAITING_FOR_WORD
[INFO] [WallTime: 1453709896.747312] Received word: box
[INFO] [WallTime: 1453709897.761147] STATE: RESPONDING_TO_NEW_WORD
[INFO] [WallTime: 1453709898.220265] NAO: Let's try the word box
[INFO] [WallTime: 1453709900.170336] Clearing display
[INFO] [WallTime: 1453709900.583756] Haven't received a clear on 'watchdog_clear/tablet' topic
[INFO] [WallTime: 1453709900.722875] Re-connection
[INFO] [WallTime: 1453709901.171132] STATE: PUBLISHING_WORD
writing_surface
writing_surface
writing_surface
writing_surface
writing_surface
writing_surface
writing_surface
writing_surface
writing_surface
writing_surface
writing_surface
writing_surface
writing_surface
writing_surface
writing_surface
writing_surface
writing_surface
writing_surface
writing_surface
writing_surface
writing_surface
writing_surface
writing_surface
writing_surface
writing_surface
writing_surface
writing_surface
writing_surface
writing_surface
writing_surface
writing_surface
writing_surface
writing_surface
writing_surface
writing_surface
writing_surface
writing_surface
writing_surface
writing_surface
writing_surface
writing_surface
writing_surface
writing_surface
writing_surface
writing_surface
writing_surface
writing_surface
writing_surface
writing_surface
writing_surface
writing_surface
writing_surface
writing_surface
writing_surface
writing_surface
writing_surface
writing_surface
writing_surface
writing_surface
writing_surface
writing_surface
writing_surface
writing_surface
writing_surface
writing_surface
writing_surface
writing_surface
writing_surface
writing_surface
writing_surface
writing_surface
writing_surface
writing_surface
writing_surface
writing_surface
writing_surface
writing_surface
writing_surface
writing_surface
writing_surface
writing_surface
writing_surface
writing_surface
writing_surface
writing_surface
writing_surface
writing_surface
writing_surface
writing_surface
writing_surface
writing_surface
writing_surface
writing_surface
writing_surface
writing_surface
writing_surface
writing_surface
writing_surface
writing_surface
writing_surface
writing_surface
writing_surface
writing_surface
writing_surface
writing_surface
writing_surface
writing_surface
writing_surface
writing_surface
writing_surface
writing_surface
writing_surface
writing_surface
writing_surface
writing_surface
writing_surface
writing_surface
writing_surface
writing_surface
writing_surface
writing_surface
writing_surface
writing_surface
writing_surface
writing_surface
writing_surface
writing_surface
writing_surface
writing_surface
writing_surface
writing_surface
writing_surface
writing_surface
writing_surface
writing_surface
writing_surface
writing_surface
writing_surface
writing_surface
writing_surface
writing_surface
writing_surface
writing_surface
writing_surface
writing_surface
writing_surface
writing_surface
writing_surface
writing_surface
writing_surface
writing_surface
writing_surface
writing_surface
writing_surface
writing_surface
writing_surface
writing_surface
writing_surface
writing_surface
writing_surface
writing_surface
writing_surface
writing_surface
writing_surface
writing_surface
writing_surface
writing_surface
writing_surface
writing_surface
writing_surface
writing_surface
writing_surface
writing_surface
writing_surface
writing_surface
writing_surface
writing_surface
writing_surface
writing_surface
writing_surface
writing_surface
writing_surface
writing_surface
writing_surface
writing_surface
writing_surface
writing_surface
writing_surface
writing_surface
writing_surface
writing_surface
writing_surface
writing_surface
writing_surface
writing_surface
writing_surface
writing_surface
writing_surface
writing_surface
writing_surface
writing_surface
writing_surface
writing_surface
writing_surface
writing_surface
writing_surface
writing_surface
writing_surface
writing_surface
writing_surface
writing_surface
writing_surface
writing_surface
writing_surface
writing_surface
writing_surface
[INFO] [WallTime: 1453709901.682036] Haven't received a clear on 'watchdog_clear/tablet' topic
[INFO] [WallTime: 1453709901.725145] STATE: WAITING_FOR_LETTER_TO_FINISH
[INFO] [WallTime: 1453709904.191466] Re-connection
[INFO] [WallTime: 1453709913.144408] STATE: ASKING_FOR_FEEDBACK
[INFO] [WallTime: 1453709913.144935] PUBLISHING_WORD
[INFO] [WallTime: 1453709913.145295] Asking for feedback on word box
[INFO] [WallTime: 1453709915.752857] NAO: Okay, what do you think?
[INFO] [WallTime: 1453709916.923801] STATE: WAITING_FOR_FEEDBACK
[INFO] [WallTime: 1453709965.194561] Received template demonstration for letters ['b', 'o', 'x']
[INFO] [WallTime: 1453709966.692340] STATE: WAITING_FOR_ROBOT_TO_CONNECT
[INFO] [WallTime: 1453709967.193455] STATE: RESPONDING_TO_DEMONSTRATION_FULL_WORD
[INFO] [WallTime: 1453709969.904823] NAO: Okay, I'll try it like you
[INFO] [WallTime: 1453709969.905920] Downsampling of b done. Demo received for b
[INFO] [WallTime: 1453709969.909555] Downsampling of o done. Demo received for o
[INFO] [WallTime: 1453709969.916705] Downsampling of x done. Demo received for x
[INFO] [WallTime: 1453709969.925813] Clearing display
[INFO] [WallTime: 1453709970.928994] STATE: PUBLISHING_WORD
writing_surface
writing_surface
writing_surface
writing_surface
writing_surface
writing_surface
writing_surface
writing_surface
writing_surface
writing_surface
writing_surface
writing_surface
writing_surface
writing_surface
writing_surface
writing_surface
writing_surface
writing_surface
writing_surface
writing_surface
writing_surface
writing_surface
writing_surface
writing_surface
writing_surface
writing_surface
writing_surface
writing_surface
writing_surface
writing_surface
writing_surface
writing_surface
writing_surface
writing_surface
writing_surface
writing_surface
writing_surface
writing_surface
writing_surface
writing_surface
writing_surface
writing_surface
writing_surface
writing_surface
writing_surface
writing_surface
writing_surface
writing_surface
writing_surface
writing_surface
writing_surface
writing_surface
writing_surface
writing_surface
writing_surface
writing_surface
writing_surface
writing_surface
writing_surface
writing_surface
writing_surface
writing_surface
writing_surface
writing_surface
writing_surface
writing_surface
writing_surface
writing_surface
writing_surface
writing_surface
writing_surface
writing_surface
writing_surface
writing_surface
writing_surface
writing_surface
writing_surface
writing_surface
writing_surface
writing_surface
writing_surface
writing_surface
writing_surface
writing_surface
writing_surface
writing_surface
writing_surface
writing_surface
writing_surface
writing_surface
writing_surface
writing_surface
writing_surface
writing_surface
writing_surface
writing_surface
writing_surface
writing_surface
writing_surface
writing_surface
writing_surface
writing_surface
writing_surface
writing_surface
writing_surface
writing_surface
writing_surface
writing_surface
writing_surface
writing_surface
writing_surface
writing_surface
writing_surface
writing_surface
writing_surface
writing_surface
writing_surface
writing_surface
writing_surface
writing_surface
writing_surface
writing_surface
writing_surface
writing_surface
writing_surface
writing_surface
writing_surface
writing_surface
writing_surface
writing_surface
writing_surface
writing_surface
writing_surface
writing_surface
writing_surface
writing_surface
writing_surface
writing_surface
writing_surface
writing_surface
writing_surface
writing_surface
writing_surface
writing_surface
writing_surface
writing_surface
writing_surface
writing_surface
writing_surface
writing_surface
writing_surface
writing_surface
writing_surface
writing_surface
writing_surface
writing_surface
writing_surface
writing_surface
writing_surface
writing_surface
writing_surface
writing_surface
writing_surface
writing_surface
writing_surface
writing_surface
writing_surface
writing_surface
writing_surface
writing_surface
writing_surface
writing_surface
writing_surface
writing_surface
writing_surface
writing_surface
writing_surface
writing_surface
writing_surface
writing_surface
writing_surface
writing_surface
writing_surface
writing_surface
writing_surface
writing_surface
writing_surface
writing_surface
writing_surface
writing_surface
writing_surface
writing_surface
writing_surface
writing_surface
writing_surface
writing_surface
writing_surface
writing_surface
writing_surface
writing_surface
writing_surface
writing_surface
writing_surface
writing_surface
writing_surface
writing_surface
writing_surface
writing_surface
writing_surface
writing_surface
writing_surface
writing_surface
writing_surface
writing_surface
writing_surface
writing_surface
[INFO] [WallTime: 1453709971.503821] STATE: WAITING_FOR_LETTER_TO_FINISH
[INFO] [WallTime: 1453709971.522300] Haven't received a clear on 'watchdog_clear/tablet' topic
[INFO] [WallTime: 1453709973.945798] Re-connection
[INFO] [WallTime: 1453709982.928235] STATE: ASKING_FOR_FEEDBACK
[INFO] [WallTime: 1453709982.928802] PUBLISHING_WORD
[INFO] [WallTime: 1453709982.929107] Asking for feedback on word box
[INFO] [WallTime: 1453709985.194218] NAO: This is a hard word
[INFO] [WallTime: 1453709985.708582] STATE: WAITING_FOR_FEEDBACK
[INFO] [WallTime: 1453710019.100910] Received template demonstration for letters ['b', 'o', 'x']
[INFO] [WallTime: 1453710019.946840] STATE: WAITING_FOR_ROBOT_TO_CONNECT
[INFO] [WallTime: 1453710020.447616] STATE: RESPONDING_TO_DEMONSTRATION_FULL_WORD
[INFO] [WallTime: 1453710022.465608] NAO: So that's how you write box
[INFO] [WallTime: 1453710022.466732] Downsampling of b done. Demo received for b
[INFO] [WallTime: 1453710022.469321] Downsampling of o done. Demo received for o
[INFO] [WallTime: 1453710022.470673] Downsampling of x done. Demo received for x
[INFO] [WallTime: 1453710022.475428] Clearing display
[INFO] [WallTime: 1453710023.477717] STATE: PUBLISHING_WORD
writing_surface
writing_surface
writing_surface
writing_surface
writing_surface
writing_surface
writing_surface
writing_surface
writing_surface
writing_surface
writing_surface
writing_surface
writing_surface
writing_surface
writing_surface
writing_surface
writing_surface
writing_surface
writing_surface
writing_surface
writing_surface
writing_surface
writing_surface
writing_surface
writing_surface
writing_surface
writing_surface
writing_surface
writing_surface
writing_surface
writing_surface
writing_surface
writing_surface
writing_surface
writing_surface
writing_surface
writing_surface
writing_surface
writing_surface
writing_surface
writing_surface
writing_surface
writing_surface
writing_surface
writing_surface
writing_surface
writing_surface
writing_surface
writing_surface
writing_surface
writing_surface
writing_surface
writing_surface
writing_surface
writing_surface
writing_surface
writing_surface
writing_surface
writing_surface
writing_surface
writing_surface
writing_surface
writing_surface
writing_surface
writing_surface
writing_surface
writing_surface
writing_surface
writing_surface
writing_surface
writing_surface
writing_surface
writing_surface
writing_surface
writing_surface
writing_surface
writing_surface
writing_surface
writing_surface
writing_surface
writing_surface
writing_surface
writing_surface
writing_surface
writing_surface
writing_surface
writing_surface
writing_surface
writing_surface
writing_surface
writing_surface
writing_surface
writing_surface
writing_surface
writing_surface
writing_surface
writing_surface
writing_surface
writing_surface
writing_surface
writing_surface
writing_surface
writing_surface
writing_surface
writing_surface
writing_surface
writing_surface
writing_surface
writing_surface
writing_surface
writing_surface
writing_surface
writing_surface
writing_surface
writing_surface
writing_surface
writing_surface
writing_surface
writing_surface
writing_surface
writing_surface
writing_surface
writing_surface
writing_surface
writing_surface
writing_surface
writing_surface
writing_surface
writing_surface
writing_surface
writing_surface
writing_surface
writing_surface
writing_surface
writing_surface
writing_surface
writing_surface
writing_surface
writing_surface
writing_surface
writing_surface
writing_surface
writing_surface
writing_surface
writing_surface
writing_surface
writing_surface
writing_surface
writing_surface
writing_surface
writing_surface
writing_surface
writing_surface
writing_surface
writing_surface
writing_surface
writing_surface
writing_surface
writing_surface
writing_surface
writing_surface
writing_surface
writing_surface
writing_surface
writing_surface
writing_surface
writing_surface
writing_surface
writing_surface
writing_surface
writing_surface
writing_surface
writing_surface
writing_surface
writing_surface
writing_surface
writing_surface
writing_surface
writing_surface
writing_surface
writing_surface
writing_surface
writing_surface
writing_surface
writing_surface
writing_surface
writing_surface
writing_surface
writing_surface
writing_surface
writing_surface
writing_surface
writing_surface
writing_surface
writing_surface
writing_surface
writing_surface
writing_surface
writing_surface
writing_surface
writing_surface
writing_surface
writing_surface
writing_surface
writing_surface
writing_surface
writing_surface
writing_surface
writing_surface
writing_surface
writing_surface
writing_surface
writing_surface
writing_surface
writing_surface
writing_surface
[INFO] [WallTime: 1453710024.040689] STATE: WAITING_FOR_LETTER_TO_FINISH
[INFO] [WallTime: 1453710024.095650] Haven't received a clear on 'watchdog_clear/tablet' topic
[INFO] [WallTime: 1453710026.558914] Re-connection
[INFO] [WallTime: 1453710035.485046] STATE: ASKING_FOR_FEEDBACK
[INFO] [WallTime: 1453710035.485976] PUBLISHING_WORD
[INFO] [WallTime: 1453710035.486674] Asking for feedback on word box
[INFO] [WallTime: 1453710038.244713] NAO: Is this how you write it?
[INFO] [WallTime: 1453710038.931704] STATE: WAITING_FOR_FEEDBACK
[INFO] [WallTime: 1453710117.128399] Received template demonstration for letters ['b', 'o', 'x']
[INFO] [WallTime: 1453710118.186757] STATE: WAITING_FOR_ROBOT_TO_CONNECT
[INFO] [WallTime: 1453710118.687810] STATE: RESPONDING_TO_DEMONSTRATION_FULL_WORD
[INFO] [WallTime: 1453710120.977640] NAO: That's a much better box than mine
[INFO] [WallTime: 1453710120.978927] Downsampling of b done. Demo received for b
[INFO] [WallTime: 1453710120.982859] Downsampling of o done. Demo received for o
[INFO] [WallTime: 1453710120.985987] Downsampling of x done. Demo received for x
[INFO] [WallTime: 1453710120.987626] Clearing display
[INFO] [WallTime: 1453710121.993846] STATE: PUBLISHING_WORD
writing_surface
writing_surface
writing_surface
writing_surface
writing_surface
writing_surface
writing_surface
writing_surface
writing_surface
writing_surface
writing_surface
writing_surface
writing_surface
writing_surface
writing_surface
writing_surface
writing_surface
writing_surface
writing_surface
writing_surface
writing_surface
writing_surface
writing_surface
writing_surface
writing_surface
writing_surface
writing_surface
writing_surface
writing_surface
writing_surface
writing_surface
writing_surface
writing_surface
writing_surface
writing_surface
writing_surface
writing_surface
writing_surface
writing_surface
writing_surface
writing_surface
writing_surface
writing_surface
writing_surface
writing_surface
writing_surface
writing_surface
writing_surface
writing_surface
writing_surface
writing_surface
writing_surface
writing_surface
writing_surface
writing_surface
writing_surface
writing_surface
writing_surface
writing_surface
writing_surface
writing_surface
writing_surface
writing_surface
writing_surface
writing_surface
writing_surface
writing_surface
writing_surface
writing_surface
writing_surface
writing_surface
writing_surface
writing_surface
writing_surface
writing_surface
writing_surface
writing_surface
writing_surface
writing_surface
writing_surface
writing_surface
writing_surface
writing_surface
writing_surface
writing_surface
writing_surface
writing_surface
writing_surface
writing_surface
writing_surface
writing_surface
writing_surface
writing_surface
writing_surface
writing_surface
writing_surface
writing_surface
writing_surface
writing_surface
writing_surface
writing_surface
writing_surface
writing_surface
writing_surface
writing_surface
writing_surface
writing_surface
writing_surface
writing_surface
writing_surface
writing_surface
writing_surface
writing_surface
writing_surface
writing_surface
writing_surface
writing_surface
writing_surface
writing_surface
writing_surface
writing_surface
writing_surface
writing_surface
writing_surface
writing_surface
writing_surface
writing_surface
writing_surface
writing_surface
writing_surface
writing_surface
writing_surface
writing_surface
writing_surface
writing_surface
writing_surface
writing_surface
writing_surface
writing_surface
writing_surface
writing_surface
writing_surface
writing_surface
writing_surface
writing_surface
writing_surface
writing_surface
writing_surface
writing_surface
writing_surface
writing_surface
writing_surface
writing_surface
writing_surface
writing_surface
writing_surface
writing_surface
writing_surface
writing_surface
writing_surface
writing_surface
writing_surface
writing_surface
writing_surface
writing_surface
writing_surface
writing_surface
writing_surface
writing_surface
writing_surface
writing_surface
writing_surface
writing_surface
writing_surface
writing_surface
writing_surface
writing_surface
writing_surface
writing_surface
writing_surface
writing_surface
writing_surface
writing_surface
writing_surface
writing_surface
writing_surface
writing_surface
writing_surface
writing_surface
writing_surface
writing_surface
writing_surface
writing_surface
writing_surface
writing_surface
writing_surface
writing_surface
writing_surface
writing_surface
writing_surface
writing_surface
writing_surface
writing_surface
writing_surface
writing_surface
writing_surface
writing_surface
writing_surface
writing_surface
writing_surface
writing_surface
writing_surface
writing_surface
writing_surface
writing_surface
writing_surface
[INFO] [WallTime: 1453710122.532832] Haven't received a clear on 'watchdog_clear/tablet' topic
[INFO] [WallTime: 1453710122.556080] STATE: WAITING_FOR_LETTER_TO_FINISH
[INFO] [WallTime: 1453710125.013616] Re-connection
[INFO] [WallTime: 1453710133.868146] STATE: ASKING_FOR_FEEDBACK
[INFO] [WallTime: 1453710133.868999] PUBLISHING_WORD
[INFO] [WallTime: 1453710133.869687] Asking for feedback on word box
[INFO] [WallTime: 1453710136.161781] NAO: Please help me
[INFO] [WallTime: 1453710136.681912] STATE: WAITING_FOR_FEEDBACK
[INFO] [WallTime: 1453710219.849185] Received template demonstration for letters ['b', 'o', 'x']
[INFO] [WallTime: 1453710220.464405] STATE: WAITING_FOR_ROBOT_TO_CONNECT
[INFO] [WallTime: 1453710220.965322] STATE: RESPONDING_TO_DEMONSTRATION_FULL_WORD
[INFO] [WallTime: 1453710222.863797] NAO: I'll try to copy you
[INFO] [WallTime: 1453710222.866339] Downsampling of b done. Demo received for b
[INFO] [WallTime: 1453710222.877118] Downsampling of o done. Demo received for o
[INFO] [WallTime: 1453710222.882233] Downsampling of x done. Demo received for x
[INFO] [WallTime: 1453710222.886301] Clearing display
[INFO] [WallTime: 1453710223.903672] STATE: PUBLISHING_WORD
writing_surface
writing_surface
writing_surface
writing_surface
writing_surface
writing_surface
writing_surface
writing_surface
writing_surface
writing_surface
writing_surface
writing_surface
writing_surface
writing_surface
writing_surface
writing_surface
writing_surface
writing_surface
writing_surface
writing_surface
writing_surface
writing_surface
writing_surface
writing_surface
writing_surface
writing_surface
writing_surface
writing_surface
writing_surface
writing_surface
writing_surface
writing_surface
writing_surface
writing_surface
writing_surface
writing_surface
writing_surface
writing_surface
writing_surface
writing_surface
writing_surface
writing_surface
writing_surface
writing_surface
writing_surface
writing_surface
writing_surface
writing_surface
writing_surface
writing_surface
writing_surface
writing_surface
writing_surface
writing_surface
writing_surface
writing_surface
writing_surface
writing_surface
writing_surface
writing_surface
writing_surface
writing_surface
writing_surface
writing_surface
writing_surface
writing_surface
writing_surface
writing_surface
writing_surface
writing_surface
writing_surface
writing_surface
writing_surface
writing_surface
writing_surface
writing_surface
writing_surface
writing_surface
writing_surface
writing_surface
writing_surface
writing_surface
writing_surface
writing_surface
writing_surface
writing_surface
writing_surface
writing_surface
writing_surface
writing_surface
writing_surface
writing_surface
writing_surface
writing_surface
writing_surface
writing_surface
writing_surface
writing_surface
writing_surface
writing_surface
writing_surface
writing_surface
writing_surface
writing_surface
writing_surface
writing_surface
writing_surface
writing_surface
writing_surface
writing_surface
writing_surface
writing_surface
writing_surface
writing_surface
writing_surface
writing_surface
writing_surface
writing_surface
writing_surface
writing_surface
writing_surface
writing_surface
writing_surface
writing_surface
writing_surface
writing_surface
writing_surface
writing_surface
writing_surface
writing_surface
writing_surface
writing_surface
writing_surface
writing_surface
writing_surface
writing_surface
writing_surface
writing_surface
writing_surface
writing_surface
writing_surface
writing_surface
writing_surface
writing_surface
writing_surface
writing_surface
writing_surface
writing_surface
writing_surface
writing_surface
writing_surface
writing_surface
writing_surface
writing_surface
writing_surface
writing_surface
writing_surface
writing_surface
writing_surface
writing_surface
writing_surface
writing_surface
writing_surface
writing_surface
writing_surface
writing_surface
writing_surface
writing_surface
writing_surface
writing_surface
writing_surface
writing_surface
writing_surface
writing_surface
writing_surface
writing_surface
writing_surface
writing_surface
writing_surface
writing_surface
writing_surface
writing_surface
writing_surface
writing_surface
writing_surface
writing_surface
writing_surface
writing_surface
writing_surface
writing_surface
writing_surface
writing_surface
writing_surface
writing_surface
writing_surface
writing_surface
writing_surface
writing_surface
writing_surface
writing_surface
writing_surface
writing_surface
writing_surface
writing_surface
writing_surface
writing_surface
writing_surface
writing_surface
writing_surface
writing_surface
writing_surface
writing_surface
writing_surface
writing_surface
writing_surface
writing_surface
[INFO] [WallTime: 1453710224.463872] STATE: WAITING_FOR_LETTER_TO_FINISH
[INFO] [WallTime: 1453710224.469170] Haven't received a clear on 'watchdog_clear/tablet' topic
[INFO] [WallTime: 1453710226.944598] Re-connection
[INFO] [WallTime: 1453710235.873374] STATE: ASKING_FOR_FEEDBACK
[INFO] [WallTime: 1453710235.873901] PUBLISHING_WORD
[INFO] [WallTime: 1453710235.874274] Asking for feedback on word box
[INFO] [WallTime: 1453710238.464261] NAO: Okay, what do you think?
[INFO] [WallTime: 1453710238.977295] STATE: WAITING_FOR_FEEDBACK
[INFO] [WallTime: 1453710270.824351] Received template demonstration for letters ['b', 'o', 'x']
[INFO] [WallTime: 1453710273.743696] STATE: WAITING_FOR_ROBOT_TO_CONNECT
[INFO] [WallTime: 1453710274.244730] STATE: RESPONDING_TO_DEMONSTRATION_FULL_WORD
[INFO] [WallTime: 1453710275.484244] NAO: Let me try now
[INFO] [WallTime: 1453710275.485341] Downsampling of b done. Demo received for b
[INFO] [WallTime: 1453710275.492139] Downsampling of o done. Demo received for o
[INFO] [WallTime: 1453710275.494623] Downsampling of x done. Demo received for x
[INFO] [WallTime: 1453710275.502448] Clearing display
[INFO] [WallTime: 1453710276.524554] STATE: PUBLISHING_WORD
writing_surface
writing_surface
writing_surface
writing_surface
writing_surface
writing_surface
writing_surface
writing_surface
writing_surface
writing_surface
writing_surface
writing_surface
writing_surface
writing_surface
writing_surface
writing_surface
writing_surface
writing_surface
writing_surface
writing_surface
writing_surface
writing_surface
writing_surface
writing_surface
writing_surface
writing_surface
writing_surface
writing_surface
writing_surface
writing_surface
writing_surface
writing_surface
writing_surface
writing_surface
writing_surface
writing_surface
writing_surface
writing_surface
writing_surface
writing_surface
writing_surface
writing_surface
writing_surface
writing_surface
writing_surface
writing_surface
writing_surface
writing_surface
writing_surface
writing_surface
writing_surface
writing_surface
writing_surface
writing_surface
writing_surface
writing_surface
writing_surface
writing_surface
writing_surface
writing_surface
writing_surface
writing_surface
writing_surface
writing_surface
writing_surface
writing_surface
writing_surface
writing_surface
writing_surface
writing_surface
writing_surface
writing_surface
writing_surface
writing_surface
writing_surface
writing_surface
writing_surface
writing_surface
writing_surface
writing_surface
writing_surface
writing_surface
writing_surface
writing_surface
writing_surface
writing_surface
writing_surface
writing_surface
writing_surface
writing_surface
writing_surface
writing_surface
writing_surface
writing_surface
writing_surface
writing_surface
writing_surface
writing_surface
writing_surface
writing_surface
writing_surface
writing_surface
writing_surface
writing_surface
writing_surface
writing_surface
writing_surface
writing_surface
writing_surface
writing_surface
writing_surface
writing_surface
writing_surface
writing_surface
writing_surface
writing_surface
writing_surface
writing_surface
writing_surface
writing_surface
writing_surface
writing_surface
writing_surface
writing_surface
writing_surface
writing_surface
writing_surface
writing_surface
writing_surface
writing_surface
writing_surface
writing_surface
writing_surface
writing_surface
writing_surface
writing_surface
writing_surface
writing_surface
writing_surface
writing_surface
writing_surface
writing_surface
writing_surface
writing_surface
writing_surface
writing_surface
writing_surface
writing_surface
writing_surface
writing_surface
writing_surface
writing_surface
writing_surface
writing_surface
writing_surface
writing_surface
writing_surface
writing_surface
writing_surface
writing_surface
writing_surface
writing_surface
writing_surface
writing_surface
writing_surface
writing_surface
writing_surface
writing_surface
writing_surface
writing_surface
writing_surface
writing_surface
writing_surface
writing_surface
writing_surface
writing_surface
writing_surface
writing_surface
writing_surface
writing_surface
writing_surface
writing_surface
writing_surface
writing_surface
writing_surface
writing_surface
writing_surface
writing_surface
writing_surface
writing_surface
writing_surface
writing_surface
writing_surface
writing_surface
writing_surface
writing_surface
writing_surface
writing_surface
writing_surface
writing_surface
writing_surface
writing_surface
writing_surface
writing_surface
writing_surface
writing_surface
writing_surface
writing_surface
writing_surface
writing_surface
writing_surface
writing_surface
writing_surface
writing_surface
writing_surface
writing_surface
[INFO] [WallTime: 1453710277.163583] STATE: WAITING_FOR_LETTER_TO_FINISH
[INFO] [WallTime: 1453710277.285481] Haven't received a clear on 'watchdog_clear/tablet' topic
[INFO] [WallTime: 1453710279.664284] Re-connection
[INFO] [WallTime: 1453710288.572489] STATE: ASKING_FOR_FEEDBACK
[INFO] [WallTime: 1453710288.573594] PUBLISHING_WORD
[INFO] [WallTime: 1453710288.573934] Asking for feedback on word box
[INFO] [WallTime: 1453710290.914702] NAO: This is a hard word
[INFO] [WallTime: 1453710291.517324] STATE: WAITING_FOR_FEEDBACK
[INFO] [WallTime: 1453710322.039424] Received template demonstration for letters ['b', 'o', 'x']
[INFO] [WallTime: 1453710322.637944] STATE: WAITING_FOR_ROBOT_TO_CONNECT
[INFO] [WallTime: 1453710323.138982] STATE: RESPONDING_TO_DEMONSTRATION_FULL_WORD
[INFO] [WallTime: 1453710324.210566] NAO: Thank you
[INFO] [WallTime: 1453710324.212091] Downsampling of b done. Demo received for b
[INFO] [WallTime: 1453710324.214282] Downsampling of o done. Demo received for o
[INFO] [WallTime: 1453710324.218517] Downsampling of x done. Demo received for x
[INFO] [WallTime: 1453710324.220865] Clearing display
[INFO] [WallTime: 1453710325.224193] STATE: PUBLISHING_WORD
writing_surface
writing_surface
writing_surface
writing_surface
writing_surface
writing_surface
writing_surface
writing_surface
writing_surface
writing_surface
writing_surface
writing_surface
writing_surface
writing_surface
writing_surface
writing_surface
writing_surface
writing_surface
writing_surface
writing_surface
writing_surface
writing_surface
writing_surface
writing_surface
writing_surface
writing_surface
writing_surface
writing_surface
writing_surface
writing_surface
writing_surface
writing_surface
writing_surface
writing_surface
writing_surface
writing_surface
writing_surface
writing_surface
writing_surface
writing_surface
writing_surface
writing_surface
writing_surface
writing_surface
writing_surface
writing_surface
writing_surface
writing_surface
writing_surface
writing_surface
writing_surface
writing_surface
writing_surface
writing_surface
writing_surface
writing_surface
writing_surface
writing_surface
writing_surface
writing_surface
writing_surface
writing_surface
writing_surface
writing_surface
writing_surface
writing_surface
writing_surface
writing_surface
writing_surface
writing_surface
writing_surface
writing_surface
writing_surface
writing_surface
writing_surface
writing_surface
writing_surface
writing_surface
writing_surface
writing_surface
writing_surface
writing_surface
writing_surface
writing_surface
writing_surface
writing_surface
writing_surface
writing_surface
writing_surface
writing_surface
writing_surface
writing_surface
writing_surface
writing_surface
writing_surface
writing_surface
writing_surface
writing_surface
writing_surface
writing_surface
writing_surface
writing_surface
writing_surface
writing_surface
writing_surface
writing_surface
writing_surface
writing_surface
writing_surface
writing_surface
writing_surface
writing_surface
writing_surface
writing_surface
writing_surface
writing_surface
writing_surface
writing_surface
writing_surface
writing_surface
writing_surface
writing_surface
writing_surface
writing_surface
writing_surface
writing_surface
writing_surface
writing_surface
writing_surface
writing_surface
writing_surface
writing_surface
writing_surface
writing_surface
writing_surface
writing_surface
writing_surface
writing_surface
writing_surface
writing_surface
writing_surface
writing_surface
writing_surface
writing_surface
writing_surface
writing_surface
writing_surface
writing_surface
writing_surface
writing_surface
writing_surface
writing_surface
writing_surface
writing_surface
writing_surface
writing_surface
writing_surface
writing_surface
writing_surface
writing_surface
writing_surface
writing_surface
writing_surface
writing_surface
writing_surface
writing_surface
writing_surface
writing_surface
writing_surface
writing_surface
writing_surface
writing_surface
writing_surface
writing_surface
writing_surface
writing_surface
writing_surface
writing_surface
writing_surface
writing_surface
writing_surface
writing_surface
writing_surface
writing_surface
writing_surface
writing_surface
writing_surface
writing_surface
writing_surface
writing_surface
writing_surface
writing_surface
writing_surface
writing_surface
writing_surface
writing_surface
writing_surface
writing_surface
writing_surface
writing_surface
writing_surface
writing_surface
writing_surface
writing_surface
writing_surface
writing_surface
writing_surface
writing_surface
writing_surface
writing_surface
writing_surface
writing_surface
writing_surface
writing_surface
writing_surface
writing_surface
[INFO] [WallTime: 1453710326.063636] STATE: WAITING_FOR_LETTER_TO_FINISH
[INFO] [WallTime: 1453710326.085990] Haven't received a clear on 'watchdog_clear/tablet' topic
[INFO] [WallTime: 1453710328.245296] Re-connection
[INFO] [WallTime: 1453710337.445925] STATE: ASKING_FOR_FEEDBACK
[INFO] [WallTime: 1453710337.446318] PUBLISHING_WORD
[INFO] [WallTime: 1453710337.446577] Asking for feedback on word box
[INFO] [WallTime: 1453710339.865772] NAO: Is this how you write it?
[INFO] [WallTime: 1453710340.379494] STATE: WAITING_FOR_FEEDBACK
[INFO] [WallTime: 1453710403.127390] Received word: cat
[INFO] [WallTime: 1453710403.777450] STATE: WAITING_FOR_ROBOT_TO_CONNECT
[INFO] [WallTime: 1453710404.278575] STATE: RESPONDING_TO_NEW_WORD
[INFO] [WallTime: 1453710404.808826] NAO: cat seems like a good word to write
[INFO] [WallTime: 1453710407.188949] Clearing display
[INFO] [WallTime: 1453710408.190267] STATE: PUBLISHING_WORD
writing_surface
writing_surface
writing_surface
writing_surface
writing_surface
writing_surface
writing_surface
writing_surface
writing_surface
writing_surface
writing_surface
writing_surface
writing_surface
writing_surface
writing_surface
writing_surface
writing_surface
writing_surface
writing_surface
writing_surface
writing_surface
writing_surface
writing_surface
writing_surface
writing_surface
writing_surface
writing_surface
writing_surface
writing_surface
writing_surface
writing_surface
writing_surface
writing_surface
writing_surface
writing_surface
writing_surface
writing_surface
writing_surface
writing_surface
writing_surface
writing_surface
writing_surface
writing_surface
writing_surface
writing_surface
writing_surface
writing_surface
writing_surface
writing_surface
writing_surface
writing_surface
writing_surface
writing_surface
writing_surface
writing_surface
writing_surface
writing_surface
writing_surface
writing_surface
writing_surface
writing_surface
writing_surface
writing_surface
writing_surface
writing_surface
writing_surface
writing_surface
writing_surface
writing_surface
writing_surface
writing_surface
writing_surface
writing_surface
writing_surface
writing_surface
writing_surface
writing_surface
writing_surface
writing_surface
writing_surface
writing_surface
writing_surface
writing_surface
writing_surface
writing_surface
writing_surface
writing_surface
writing_surface
writing_surface
writing_surface
writing_surface
writing_surface
writing_surface
writing_surface
writing_surface
writing_surface
writing_surface
writing_surface
writing_surface
writing_surface
writing_surface
writing_surface
writing_surface
writing_surface
writing_surface
writing_surface
writing_surface
writing_surface
writing_surface
writing_surface
writing_surface
writing_surface
writing_surface
writing_surface
writing_surface
writing_surface
writing_surface
writing_surface
writing_surface
writing_surface
writing_surface
writing_surface
writing_surface
writing_surface
writing_surface
writing_surface
writing_surface
writing_surface
writing_surface
writing_surface
writing_surface
writing_surface
writing_surface
writing_surface
writing_surface
writing_surface
writing_surface
writing_surface
writing_surface
writing_surface
writing_surface
writing_surface
writing_surface
writing_surface
writing_surface
writing_surface
writing_surface
writing_surface
writing_surface
writing_surface
writing_surface
writing_surface
writing_surface
writing_surface
writing_surface
writing_surface
writing_surface
writing_surface
writing_surface
writing_surface
writing_surface
writing_surface
writing_surface
writing_surface
writing_surface
writing_surface
writing_surface
writing_surface
writing_surface
writing_surface
writing_surface
writing_surface
writing_surface
writing_surface
writing_surface
writing_surface
writing_surface
writing_surface
writing_surface
writing_surface
writing_surface
writing_surface
writing_surface
writing_surface
writing_surface
writing_surface
writing_surface
writing_surface
writing_surface
writing_surface
writing_surface
writing_surface
writing_surface
writing_surface
writing_surface
writing_surface
writing_surface
writing_surface
writing_surface
writing_surface
writing_surface
writing_surface
writing_surface
writing_surface
writing_surface
writing_surface
writing_surface
writing_surface
writing_surface
writing_surface
writing_surface
writing_surface
writing_surface
writing_surface
writing_surface
writing_surface
[INFO] [WallTime: 1453710408.744155] STATE: WAITING_FOR_LETTER_TO_FINISH
[INFO] [WallTime: 1453710408.819647] Haven't received a clear on 'watchdog_clear/tablet' topic
[INFO] [WallTime: 1453710411.329522] Re-connection
[INFO] [WallTime: 1453710420.143782] STATE: ASKING_FOR_FEEDBACK
[INFO] [WallTime: 1453710420.144235] PUBLISHING_WORD
[INFO] [WallTime: 1453710420.144607] Asking for feedback on word cat
[INFO] [WallTime: 1453710422.351872] NAO: Please help me
[INFO] [WallTime: 1453710423.520280] STATE: WAITING_FOR_FEEDBACK
[INFO] [WallTime: 1453710455.302803] Received template demonstration for letters ['c', 'a', 't']
[INFO] [WallTime: 1453710456.261080] STATE: WAITING_FOR_ROBOT_TO_CONNECT
[INFO] [WallTime: 1453710456.767623] STATE: RESPONDING_TO_DEMONSTRATION_FULL_WORD
[INFO] [WallTime: 1453710458.983395] NAO: Okay, I'll try it like you
[INFO] [WallTime: 1453710458.984404] Downsampling of c done. Demo received for c
[INFO] [WallTime: 1453710458.986387] Downsampling of a done. Demo received for a
[INFO] [WallTime: 1453710458.997441] Downsampling of t done. Demo received for t
[INFO] [WallTime: 1453710459.027087] Clearing display
[INFO] [WallTime: 1453710460.043609] STATE: PUBLISHING_WORD
writing_surface
writing_surface
writing_surface
writing_surface
writing_surface
writing_surface
writing_surface
writing_surface
writing_surface
writing_surface
writing_surface
writing_surface
writing_surface
writing_surface
writing_surface
writing_surface
writing_surface
writing_surface
writing_surface
writing_surface
writing_surface
writing_surface
writing_surface
writing_surface
writing_surface
writing_surface
writing_surface
writing_surface
writing_surface
writing_surface
writing_surface
writing_surface
writing_surface
writing_surface
writing_surface
writing_surface
writing_surface
writing_surface
writing_surface
writing_surface
writing_surface
writing_surface
writing_surface
writing_surface
writing_surface
writing_surface
writing_surface
writing_surface
writing_surface
writing_surface
writing_surface
writing_surface
writing_surface
writing_surface
writing_surface
writing_surface
writing_surface
writing_surface
writing_surface
writing_surface
writing_surface
writing_surface
writing_surface
writing_surface
writing_surface
writing_surface
writing_surface
writing_surface
writing_surface
writing_surface
writing_surface
writing_surface
writing_surface
writing_surface
writing_surface
writing_surface
writing_surface
writing_surface
writing_surface
writing_surface
writing_surface
writing_surface
writing_surface
writing_surface
writing_surface
writing_surface
writing_surface
writing_surface
writing_surface
writing_surface
writing_surface
writing_surface
writing_surface
writing_surface
writing_surface
writing_surface
writing_surface
writing_surface
writing_surface
writing_surface
writing_surface
writing_surface
writing_surface
writing_surface
writing_surface
writing_surface
writing_surface
writing_surface
writing_surface
writing_surface
writing_surface
writing_surface
writing_surface
writing_surface
writing_surface
writing_surface
writing_surface
writing_surface
writing_surface
writing_surface
writing_surface
writing_surface
writing_surface
writing_surface
writing_surface
writing_surface
writing_surface
writing_surface
writing_surface
writing_surface
writing_surface
writing_surface
writing_surface
writing_surface
writing_surface
writing_surface
writing_surface
writing_surface
writing_surface
writing_surface
writing_surface
writing_surface
writing_surface
writing_surface
writing_surface
writing_surface
writing_surface
writing_surface
writing_surface
writing_surface
writing_surface
writing_surface
writing_surface
writing_surface
writing_surface
writing_surface
writing_surface
writing_surface
writing_surface
writing_surface
writing_surface
writing_surface
writing_surface
writing_surface
writing_surface
writing_surface
writing_surface
writing_surface
writing_surface
writing_surface
writing_surface
writing_surface
writing_surface
writing_surface
writing_surface
writing_surface
writing_surface
writing_surface
writing_surface
writing_surface
writing_surface
writing_surface
writing_surface
writing_surface
writing_surface
writing_surface
writing_surface
writing_surface
writing_surface
writing_surface
writing_surface
writing_surface
writing_surface
writing_surface
writing_surface
writing_surface
writing_surface
writing_surface
writing_surface
writing_surface
writing_surface
writing_surface
writing_surface
writing_surface
writing_surface
writing_surface
writing_surface
writing_surface
writing_surface
writing_surface
writing_surface
writing_surface
writing_surface
writing_surface
writing_surface
writing_surface
[INFO] [WallTime: 1453710460.643713] STATE: WAITING_FOR_LETTER_TO_FINISH
[INFO] [WallTime: 1453710460.703731] Haven't received a clear on 'watchdog_clear/tablet' topic
[INFO] [WallTime: 1453710463.063123] Re-connection
[INFO] [WallTime: 1453710472.048654] STATE: ASKING_FOR_FEEDBACK
[INFO] [WallTime: 1453710472.049269] PUBLISHING_WORD
[INFO] [WallTime: 1453710472.049721] Asking for feedback on word cat
[INFO] [WallTime: 1453710474.761997] NAO: Okay, what do you think?
[INFO] [WallTime: 1453710475.278759] STATE: WAITING_FOR_FEEDBACK
[INFO] [WallTime: 1453710506.422451] Received template demonstration for letters ['c', 'a', 't']
[INFO] [WallTime: 1453710507.091339] STATE: WAITING_FOR_ROBOT_TO_CONNECT
[INFO] [WallTime: 1453710507.592383] STATE: RESPONDING_TO_DEMONSTRATION_FULL_WORD
[INFO] [WallTime: 1453710509.552537] NAO: So that's how you write cat
[INFO] [WallTime: 1453710509.553576] Downsampling of c done. Demo received for c
[INFO] [WallTime: 1453710509.555167] Downsampling of a done. Demo received for a
[INFO] [WallTime: 1453710509.556892] Downsampling of t done. Demo received for t
[INFO] [WallTime: 1453710509.558281] Clearing display
[INFO] [WallTime: 1453710510.559562] STATE: PUBLISHING_WORD
writing_surface
writing_surface
writing_surface
writing_surface
writing_surface
writing_surface
writing_surface
writing_surface
writing_surface
writing_surface
writing_surface
writing_surface
writing_surface
writing_surface
writing_surface
writing_surface
writing_surface
writing_surface
writing_surface
writing_surface
writing_surface
writing_surface
writing_surface
writing_surface
writing_surface
writing_surface
writing_surface
writing_surface
writing_surface
writing_surface
writing_surface
writing_surface
writing_surface
writing_surface
writing_surface
writing_surface
writing_surface
writing_surface
writing_surface
writing_surface
writing_surface
writing_surface
writing_surface
writing_surface
writing_surface
writing_surface
writing_surface
writing_surface
writing_surface
writing_surface
writing_surface
writing_surface
writing_surface
writing_surface
writing_surface
writing_surface
writing_surface
writing_surface
writing_surface
writing_surface
writing_surface
writing_surface
writing_surface
writing_surface
writing_surface
writing_surface
writing_surface
writing_surface
writing_surface
writing_surface
writing_surface
writing_surface
writing_surface
writing_surface
writing_surface
writing_surface
writing_surface
writing_surface
writing_surface
writing_surface
writing_surface
writing_surface
writing_surface
writing_surface
writing_surface
writing_surface
writing_surface
writing_surface
writing_surface
writing_surface
writing_surface
writing_surface
writing_surface
writing_surface
writing_surface
writing_surface
writing_surface
writing_surface
writing_surface
writing_surface
writing_surface
writing_surface
writing_surface
writing_surface
writing_surface
writing_surface
writing_surface
writing_surface
writing_surface
writing_surface
writing_surface
writing_surface
writing_surface
writing_surface
writing_surface
writing_surface
writing_surface
writing_surface
writing_surface
writing_surface
writing_surface
writing_surface
writing_surface
writing_surface
writing_surface
writing_surface
writing_surface
writing_surface
writing_surface
writing_surface
writing_surface
writing_surface
writing_surface
writing_surface
writing_surface
writing_surface
writing_surface
writing_surface
writing_surface
writing_surface
writing_surface
writing_surface
writing_surface
writing_surface
writing_surface
writing_surface
writing_surface
writing_surface
writing_surface
writing_surface
writing_surface
writing_surface
writing_surface
writing_surface
writing_surface
writing_surface
writing_surface
writing_surface
writing_surface
writing_surface
writing_surface
writing_surface
writing_surface
writing_surface
writing_surface
writing_surface
writing_surface
writing_surface
writing_surface
writing_surface
writing_surface
writing_surface
writing_surface
writing_surface
writing_surface
writing_surface
writing_surface
writing_surface
writing_surface
writing_surface
writing_surface
writing_surface
writing_surface
writing_surface
writing_surface
writing_surface
writing_surface
writing_surface
writing_surface
writing_surface
writing_surface
writing_surface
writing_surface
writing_surface
writing_surface
writing_surface
writing_surface
writing_surface
writing_surface
writing_surface
writing_surface
writing_surface
writing_surface
writing_surface
writing_surface
writing_surface
writing_surface
writing_surface
writing_surface
writing_surface
writing_surface
writing_surface
writing_surface
writing_surface
writing_surface
writing_surface
[INFO] [WallTime: 1453710511.146617] STATE: WAITING_FOR_LETTER_TO_FINISH
[INFO] [WallTime: 1453710511.217896] Haven't received a clear on 'watchdog_clear/tablet' topic
[INFO] [WallTime: 1453710513.664279] Re-connection
[INFO] [WallTime: 1453710522.564689] STATE: ASKING_FOR_FEEDBACK
[INFO] [WallTime: 1453710522.565247] PUBLISHING_WORD
[INFO] [WallTime: 1453710522.565732] Asking for feedback on word cat
[INFO] [WallTime: 1453710525.100671] NAO: This is a hard word
[INFO] [WallTime: 1453710525.637253] STATE: WAITING_FOR_FEEDBACK
[INFO] [WallTime: 1453710531.527181] User feedback +1
[INFO] [WallTime: 1453710534.774122] User feedback +1
[INFO] [WallTime: 1453710556.943987] User feedback +1
[INFO] [WallTime: 1453710574.715095] Received template demonstration for letters ['c', 'a', 't']
[INFO] [WallTime: 1453710575.818083] STATE: WAITING_FOR_ROBOT_TO_CONNECT
[INFO] [WallTime: 1453710576.320560] STATE: RESPONDING_TO_DEMONSTRATION_FULL_WORD
[INFO] [WallTime: 1453710578.505904] NAO: That's a much better cat than mine
[INFO] [WallTime: 1453710578.506827] Downsampling of c done. Demo received for c
[INFO] [WallTime: 1453710578.508594] Downsampling of a done. Demo received for a
[INFO] [WallTime: 1453710578.511855] Downsampling of t done. Demo received for t
[INFO] [WallTime: 1453710578.514507] Clearing display
[INFO] [WallTime: 1453710579.524098] STATE: PUBLISHING_WORD
writing_surface
writing_surface
writing_surface
writing_surface
writing_surface
writing_surface
writing_surface
writing_surface
writing_surface
writing_surface
writing_surface
writing_surface
writing_surface
writing_surface
writing_surface
writing_surface
writing_surface
writing_surface
writing_surface
writing_surface
writing_surface
writing_surface
writing_surface
writing_surface
writing_surface
writing_surface
writing_surface
writing_surface
writing_surface
writing_surface
writing_surface
writing_surface
writing_surface
writing_surface
writing_surface
writing_surface
writing_surface
writing_surface
writing_surface
writing_surface
writing_surface
writing_surface
writing_surface
writing_surface
writing_surface
writing_surface
writing_surface
writing_surface
writing_surface
writing_surface
writing_surface
writing_surface
writing_surface
writing_surface
writing_surface
writing_surface
writing_surface
writing_surface
writing_surface
writing_surface
writing_surface
writing_surface
writing_surface
writing_surface
writing_surface
writing_surface
writing_surface
writing_surface
writing_surface
writing_surface
writing_surface
writing_surface
writing_surface
writing_surface
writing_surface
writing_surface
writing_surface
writing_surface
writing_surface
writing_surface
writing_surface
writing_surface
writing_surface
writing_surface
writing_surface
writing_surface
writing_surface
writing_surface
writing_surface
writing_surface
writing_surface
writing_surface
writing_surface
writing_surface
writing_surface
writing_surface
writing_surface
writing_surface
writing_surface
writing_surface
writing_surface
writing_surface
writing_surface
writing_surface
writing_surface
writing_surface
writing_surface
writing_surface
writing_surface
writing_surface
writing_surface
writing_surface
writing_surface
writing_surface
writing_surface
writing_surface
writing_surface
writing_surface
writing_surface
writing_surface
writing_surface
writing_surface
writing_surface
writing_surface
writing_surface
writing_surface
writing_surface
writing_surface
writing_surface
writing_surface
writing_surface
writing_surface
writing_surface
writing_surface
writing_surface
writing_surface
writing_surface
writing_surface
writing_surface
writing_surface
writing_surface
writing_surface
writing_surface
writing_surface
writing_surface
writing_surface
writing_surface
writing_surface
writing_surface
writing_surface
writing_surface
writing_surface
writing_surface
writing_surface
writing_surface
writing_surface
writing_surface
writing_surface
writing_surface
writing_surface
writing_surface
writing_surface
writing_surface
writing_surface
writing_surface
writing_surface
writing_surface
writing_surface
writing_surface
writing_surface
writing_surface
writing_surface
writing_surface
writing_surface
writing_surface
writing_surface
writing_surface
writing_surface
writing_surface
writing_surface
writing_surface
writing_surface
writing_surface
writing_surface
writing_surface
writing_surface
writing_surface
writing_surface
writing_surface
writing_surface
writing_surface
writing_surface
writing_surface
writing_surface
writing_surface
writing_surface
writing_surface
writing_surface
writing_surface
writing_surface
writing_surface
writing_surface
writing_surface
writing_surface
writing_surface
writing_surface
writing_surface
writing_surface
writing_surface
writing_surface
writing_surface
writing_surface
writing_surface
writing_surface
writing_surface
writing_surface
[INFO] [WallTime: 1453710580.143739] STATE: WAITING_FOR_LETTER_TO_FINISH
[INFO] [WallTime: 1453710580.159979] Haven't received a clear on 'watchdog_clear/tablet' topic
[INFO] [WallTime: 1453710582.537711] Re-connection
[INFO] [WallTime: 1453710591.504088] STATE: ASKING_FOR_FEEDBACK
[INFO] [WallTime: 1453710591.504710] PUBLISHING_WORD
[INFO] [WallTime: 1453710591.505063] Asking for feedback on word cat
[INFO] [WallTime: 1453710593.898861] NAO: Is this how you write it?
[INFO] [WallTime: 1453710594.415137] STATE: WAITING_FOR_FEEDBACK
[INFO] [WallTime: 1453710599.637796] STATE: STOPPING
[INFO] [WallTime: 1453710600.538695] Haven't received a clear on 'watchdog_clear/tablet' topic
[INFO] [WallTime: 1453710600.757712] Stopped
