[rospy.client][INFO] 2016-01-28 14:33:01,580: init_node, name[/drawing_nao], pid[27966]
[xmlrpc][INFO] 2016-01-28 14:33:01,580: XML-RPC server binding to 0.0.0.0:0
[xmlrpc][INFO] 2016-01-28 14:33:01,581: Started XML-RPC server [http://10.0.0.11:35194/]
[rospy.init][INFO] 2016-01-28 14:33:01,581: ROS Slave URI: [http://10.0.0.11:35194/]
[rospy.impl.masterslave][INFO] 2016-01-28 14:33:01,581: _ready: http://10.0.0.11:35194/
[rospy.registration][INFO] 2016-01-28 14:33:01,581: Registering with master node http://10.0.0.11:11311/
[xmlrpc][INFO] 2016-01-28 14:33:01,581: xml rpc node: starting XML-RPC server
[rospy.init][INFO] 2016-01-28 14:33:01,681: registered with master
[rospy.rosout][INFO] 2016-01-28 14:33:01,681: initializing /rosout core topic
[rospy.rosout][INFO] 2016-01-28 14:33:01,683: connected to core topic /rosout
[rospy.simtime][INFO] 2016-01-28 14:33:01,684: /use_sim_time is not set, will not subscribe to simulated time [/clock] topic
[rosout][INFO] 2016-01-28 14:33:01,694: Waiting for display manager services to become available
[rospy.internal][INFO] 2016-01-28 14:33:01,697: topic[/activity] adding connection to [http://10.0.0.11:44159/], count 0
[rospy.internal][INFO] 2016-01-28 14:33:01,698: topic[/activity] adding connection to [http://10.0.0.11:35194/], count 0
[rospy.internal][INFO] 2016-01-28 14:33:01,699: topic[/activity] adding connection to [/drawing_nao], count 0
[rospy.internal][INFO] 2016-01-28 14:33:01,750: topic[/clear_screen] adding connection to [/trajectory_visualizer], count 0
[rospy.internal][INFO] 2016-01-28 14:33:01,751: topic[/activity] adding connection to [/activity_manager], count 1
[rospy.internal][INFO] 2016-01-28 14:33:01,772: topic[/activity] adding connection to [/log], count 2
[rospy.internal][INFO] 2016-01-28 14:33:01,774: topic[/clear_screen] adding connection to [/log], count 1
[rospy.internal][INFO] 2016-01-28 14:33:01,780: topic[/activity] adding connection to [/learning_words_nao], count 3
[rospy.internal][INFO] 2016-01-28 14:33:01,781: topic[/clear_screen] adding connection to [/learning_words_nao], count 2
[rospy.internal][INFO] 2016-01-28 14:33:01,940: topic[/rosout] adding connection to [/rosout], count 0
[rospy.internal][INFO] 2016-01-28 14:33:02,295: topic[/clear_screen] adding connection to [/android_gingerbread/display_manager], count 3
[rospy.internal][INFO] 2016-01-28 14:33:02,296: topic[/clear_screen] adding connection to [/android_gingerbread/boxes_drawer], count 4
[rosout][INFO] 2016-01-28 14:33:03,700: Starting new timer
[rosout][INFO] 2016-01-28 14:33:03,701: Nao configuration: writing=True, speaking=True (english), standing=False, handedness=right
[rospy.internal][INFO] 2016-01-28 14:33:03,807: topic[/watchdog_clear/tablet] adding connection to [http://10.0.0.3:54932/], count 0
[rosout][INFO] 2016-01-28 14:33:05,957: STATE: waiting_for_robot_to_connect
[rosout][INFO] 2016-01-28 14:33:06,459: STATE: STARTING_INTERACTION
[rosout][INFO] 2016-01-28 14:33:24,824: Haven't received a clear on 'watchdog_clear/tablet' topic
[rosout][INFO] 2016-01-28 14:33:27,230: Re-connection
[rosout][INFO] 2016-01-28 14:34:06,562: Haven't received a clear on 'watchdog_clear/tablet' topic
[rosout][INFO] 2016-01-28 14:34:09,086: Re-connection
[rosout][INFO] 2016-01-28 14:34:57,920: Haven't received a clear on 'watchdog_clear/tablet' topic
[rosout][INFO] 2016-01-28 14:35:00,409: Re-connection
[rosout][INFO] 2016-01-28 14:35:41,345: Haven't received a clear on 'watchdog_clear/tablet' topic
[rosout][INFO] 2016-01-28 14:35:41,915: Re-connection
[rosout][INFO] 2016-01-28 14:35:42,377: Haven't received a clear on 'watchdog_clear/tablet' topic
[rosout][INFO] 2016-01-28 14:35:42,432: Re-connection
[rosout][INFO] 2016-01-28 14:35:42,840: Haven't received a clear on 'watchdog_clear/tablet' topic
[rosout][INFO] 2016-01-28 14:35:42,940: Re-connection
[rosout][INFO] 2016-01-28 14:35:43,343: Haven't received a clear on 'watchdog_clear/tablet' topic
[rosout][INFO] 2016-01-28 14:35:43,456: Re-connection
[rosout][INFO] 2016-01-28 14:35:43,858: Haven't received a clear on 'watchdog_clear/tablet' topic
[rosout][INFO] 2016-01-28 14:35:46,763: Re-connection
[rosout][INFO] 2016-01-28 14:35:47,167: Haven't received a clear on 'watchdog_clear/tablet' topic
[rosout][INFO] 2016-01-28 14:35:48,696: Re-connection
[rosout][INFO] 2016-01-28 14:35:49,097: Haven't received a clear on 'watchdog_clear/tablet' topic
[rosout][INFO] 2016-01-28 14:35:53,534: Re-connection
[rosout][INFO] 2016-01-28 14:35:53,936: Haven't received a clear on 'watchdog_clear/tablet' topic
[rospy.internal][WARNING] 2016-01-28 14:36:20,611: Unknown error initiating TCP/IP socket to 10.0.0.3:40790 (http://10.0.0.3:54932/): Traceback (most recent call last):
  File "/opt/ros/indigo/lib/python2.7/dist-packages/rospy/impl/tcpros_base.py", line 555, in connect
    self.socket.connect((dest_addr, dest_port))
  File "/usr/lib/python2.7/socket.py", line 224, in meth
    return getattr(self._sock,name)(*args)
error: [Errno 111] Connection refused

[rospy.internal][INFO] 2016-01-28 14:36:20,611: topic[/watchdog_clear/tablet] removing connection to http://10.0.0.3:54932/
[rospy.internal][INFO] 2016-01-28 14:36:27,444: topic[/clear_screen] adding connection to [/android_gingerbread/boxes_drawer], count 5
[rospy.internal][INFO] 2016-01-28 14:36:27,444: topic[/clear_screen] removing connection to /android_gingerbread/boxes_drawer
[rospy.internal][INFO] 2016-01-28 14:36:27,537: topic[/clear_screen] adding connection to [/android_gingerbread/display_manager], count 5
[rospy.internal][INFO] 2016-01-28 14:36:27,537: topic[/clear_screen] removing connection to /android_gingerbread/display_manager
[rospy.internal][INFO] 2016-01-28 14:36:27,598: topic[/watchdog_clear/tablet] adding connection to [http://10.0.0.3:37095/], count 0
[rosout][INFO] 2016-01-28 14:36:27,672: Re-connection
[rosout][INFO] 2016-01-28 14:36:44,336: Haven't received a clear on 'watchdog_clear/tablet' topic
[rosout][INFO] 2016-01-28 14:36:46,746: Re-connection
[rosout][INFO] 2016-01-28 14:37:22,846: Haven't received a clear on 'watchdog_clear/tablet' topic
[rosout][INFO] 2016-01-28 14:37:25,365: Re-connection
[rosout][INFO] 2016-01-28 14:38:02,871: Haven't received a clear on 'watchdog_clear/tablet' topic
[rosout][INFO] 2016-01-28 14:38:05,342: Re-connection
[rospy.internal][INFO] 2016-01-28 14:59:27,292: topic[/stop_learning] adding connection to [http://10.0.0.11:46366/], count 0
[rosout][INFO] 2016-01-28 14:59:28,050: STATE: STOPPING
[rospy.core][INFO] 2016-01-28 14:59:28,066: signal_shutdown [Interaction exited]
[rospy.internal][INFO] 2016-01-28 14:59:28,070: topic[/clear_screen] removing connection to /trajectory_visualizer
[rospy.internal][INFO] 2016-01-28 14:59:28,071: topic[/clear_screen] removing connection to /log
[rospy.internal][INFO] 2016-01-28 14:59:28,071: topic[/clear_screen] removing connection to /learning_words_nao
[rospy.internal][INFO] 2016-01-28 14:59:28,071: topic[/clear_screen] removing connection to /android_gingerbread/boxes_drawer
[rospy.internal][INFO] 2016-01-28 14:59:28,072: topic[/clear_screen] removing connection to /android_gingerbread/display_manager
[rospy.internal][INFO] 2016-01-28 14:59:28,072: topic[/rosout] removing connection to /rosout
[rospy.internal][INFO] 2016-01-28 14:59:28,072: topic[/activity] removing connection to /drawing_nao
[rospy.internal][INFO] 2016-01-28 14:59:28,072: topic[/activity] removing connection to /activity_manager
[rospy.internal][INFO] 2016-01-28 14:59:28,073: topic[/activity] removing connection to /log
[rospy.internal][INFO] 2016-01-28 14:59:28,073: topic[/activity] removing connection to /learning_words_nao
[rospy.internal][ERROR] 2016-01-28 14:59:28,073: Unable to initiate TCP/IP socket to 10.0.0.11:39580 (http://10.0.0.11:35194/): Traceback (most recent call last):
  File "/opt/ros/indigo/lib/python2.7/dist-packages/rospy/impl/tcpros_base.py", line 557, in connect
    self.read_header()
  File "/opt/ros/indigo/lib/python2.7/dist-packages/rospy/impl/tcpros_base.py", line 619, in read_header
    self._validate_header(read_ros_handshake_header(sock, self.read_buff, self.protocol.buff_size))
  File "/opt/ros/indigo/lib/python2.7/dist-packages/rospy/impl/tcpros_base.py", line 580, in _validate_header
    raise TransportInitError("remote error reported: %s"%header['error'])
TransportInitError: remote error reported: node shutting down

[rospy.internal][INFO] 2016-01-28 14:59:28,073: topic[/activity] removing connection to http://10.0.0.11:44159/
[rospy.internal][INFO] 2016-01-28 14:59:28,074: topic[/activity] removing connection to http://10.0.0.11:35194/
[rospy.internal][INFO] 2016-01-28 14:59:28,074: topic[/stop_learning] removing connection to http://10.0.0.11:46366/
[rospy.internal][INFO] 2016-01-28 14:59:28,074: topic[/watchdog_clear/tablet] removing connection to http://10.0.0.3:37095/
[rospy.impl.masterslave][INFO] 2016-01-28 14:59:28,075: Interaction exited
[rosout][INFO] 2016-01-28 14:59:28,206: Stopped
[rospy.core][INFO] 2016-01-28 14:59:28,207: signal_shutdown [atexit]
