[I] 27968 qimessaging.session: Session listener created on tcp://0.0.0.0:0
[I] 27968 qimessaging.transportserver: TransportServer will listen on: tcp://172.17.0.1:51130
[I] 27968 qimessaging.transportserver: TransportServer will listen on: tcp://127.0.0.1:51130
[I] 27968 qimessaging.transportserver: TransportServer will listen on: tcp://10.0.0.11:51130
[INFO] [WallTime: 1453987981.626302] Waiting for display manager services to become available
[INFO] [WallTime: 1453987983.634444] Starting new timer
[INFO] [WallTime: 1453987983.634896] Nao configuration: writing=True, speaking=True (english), standing=False, handedness=right
inaoqi-broker: construct at 0.0.0.0:0, parent : 10.0.0.10:9559
[I] 27968 qimessaging.session: Session listener created on tcp://0.0.0.0:0
[I] 27968 qimessaging.transportserver: TransportServer will listen on: tcp://172.17.0.1:38105
[I] 27968 qimessaging.transportserver: TransportServer will listen on: tcp://127.0.0.1:38105
[I] 27968 qimessaging.transportserver: TransportServer will listen on: tcp://10.0.0.11:38105
[INFO] [WallTime: 1453987986.057628] STATE: WAITING_FOR_ROBOT_TO_CONNECT
[INFO] [WallTime: 1453987986.558209] STATE: STARTING_INTERACTION
[INFO] [WallTime: 1453987993.696217] NAO: I want to practice my writing... Can you help me?
[INFO] [WallTime: 1453987994.197099] STATE: WAITING_FOR_WORD
[INFO] [WallTime: 1453987999.807747] Received word: box
[INFO] [WallTime: 1453988000.703877] STATE: RESPONDING_TO_NEW_WORD
[INFO] [WallTime: 1453988001.184431] NAO: Let's try the word box
[INFO] [WallTime: 1453988003.174395] Clearing display
[INFO] [WallTime: 1453988004.175726] STATE: PUBLISHING_WORD
writing_surface
writing_surface
writing_surface
writing_surface
writing_surface
writing_surface
writing_surface
writing_surface
writing_surface
writing_surface
writing_surface
writing_surface
writing_surface
writing_surface
writing_surface
writing_surface
writing_surface
writing_surface
writing_surface
writing_surface
writing_surface
writing_surface
writing_surface
writing_surface
writing_surface
writing_surface
writing_surface
writing_surface
writing_surface
writing_surface
writing_surface
writing_surface
writing_surface
writing_surface
writing_surface
writing_surface
writing_surface
writing_surface
writing_surface
writing_surface
writing_surface
writing_surface
writing_surface
writing_surface
writing_surface
writing_surface
writing_surface
writing_surface
writing_surface
writing_surface
writing_surface
writing_surface
writing_surface
writing_surface
writing_surface
writing_surface
writing_surface
writing_surface
writing_surface
writing_surface
writing_surface
writing_surface
writing_surface
writing_surface
writing_surface
writing_surface
writing_surface
writing_surface
writing_surface
writing_surface
writing_surface
writing_surface
writing_surface
writing_surface
writing_surface
writing_surface
writing_surface
writing_surface
writing_surface
writing_surface
writing_surface
writing_surface
writing_surface
writing_surface
writing_surface
writing_surface
writing_surface
writing_surface
writing_surface
writing_surface
writing_surface
writing_surface
writing_surface
writing_surface
writing_surface
writing_surface
writing_surface
writing_surface
writing_surface
writing_surface
writing_surface
writing_surface
writing_surface
writing_surface
writing_surface
writing_surface
writing_surface
writing_surface
writing_surface
writing_surface
writing_surface
writing_surface
writing_surface
writing_surface
writing_surface
writing_surface
writing_surface
writing_surface
writing_surface
writing_surface
writing_surface
writing_surface
writing_surface
writing_surface
writing_surface
writing_surface
writing_surface
writing_surface
writing_surface
writing_surface
writing_surface
writing_surface
writing_surface
writing_surface
writing_surface
writing_surface
writing_surface
writing_surface
writing_surface
writing_surface
writing_surface
writing_surface
writing_surface
writing_surface
writing_surface
writing_surface
writing_surface
writing_surface
writing_surface
writing_surface
writing_surface
writing_surface
writing_surface
writing_surface
writing_surface
writing_surface
writing_surface
writing_surface
writing_surface
writing_surface
writing_surface
writing_surface
writing_surface
writing_surface
writing_surface
writing_surface
writing_surface
writing_surface
writing_surface
writing_surface
writing_surface
writing_surface
writing_surface
writing_surface
writing_surface
writing_surface
writing_surface
writing_surface
writing_surface
writing_surface
writing_surface
writing_surface
writing_surface
writing_surface
writing_surface
writing_surface
writing_surface
writing_surface
writing_surface
writing_surface
writing_surface
writing_surface
writing_surface
writing_surface
writing_surface
writing_surface
writing_surface
writing_surface
writing_surface
writing_surface
writing_surface
writing_surface
writing_surface
writing_surface
writing_surface
writing_surface
writing_surface
writing_surface
writing_surface
writing_surface
writing_surface
writing_surface
writing_surface
writing_surface
writing_surface
writing_surface
[INFO] [WallTime: 1453988004.716744] STATE: WAITING_FOR_LETTER_TO_FINISH
[INFO] [WallTime: 1453988004.824424] Haven't received a clear on 'watchdog_clear/tablet' topic
[INFO] [WallTime: 1453988007.230386] Re-connection
[INFO] [WallTime: 1453988016.030106] STATE: ASKING_FOR_FEEDBACK
[INFO] [WallTime: 1453988016.030450] PUBLISHING_WORD
[INFO] [WallTime: 1453988016.030805] Asking for feedback on word box
[INFO] [WallTime: 1453988018.506742] NAO: Okay, what do you think?
[INFO] [WallTime: 1453988019.697471] STATE: WAITING_FOR_FEEDBACK
[INFO] [WallTime: 1453988032.152214] User feedback -1
[INFO] [WallTime: 1453988040.968148] Received word: cat
[INFO] [WallTime: 1453988041.652036] STATE: WAITING_FOR_ROBOT_TO_CONNECT
[INFO] [WallTime: 1453988042.153043] STATE: RESPONDING_TO_NEW_WORD
[INFO] [WallTime: 1453988042.602150] NAO: cat seems like a good word to write
[INFO] [WallTime: 1453988044.982835] Clearing display
[INFO] [WallTime: 1453988045.983556] STATE: PUBLISHING_WORD
writing_surface
writing_surface
writing_surface
writing_surface
writing_surface
writing_surface
writing_surface
writing_surface
writing_surface
writing_surface
writing_surface
writing_surface
writing_surface
writing_surface
writing_surface
writing_surface
writing_surface
writing_surface
writing_surface
writing_surface
writing_surface
writing_surface
writing_surface
writing_surface
writing_surface
writing_surface
writing_surface
writing_surface
writing_surface
writing_surface
writing_surface
writing_surface
writing_surface
writing_surface
writing_surface
writing_surface
writing_surface
writing_surface
writing_surface
writing_surface
writing_surface
writing_surface
writing_surface
writing_surface
writing_surface
writing_surface
writing_surface
writing_surface
writing_surface
writing_surface
writing_surface
writing_surface
writing_surface
writing_surface
writing_surface
writing_surface
writing_surface
writing_surface
writing_surface
writing_surface
writing_surface
writing_surface
writing_surface
writing_surface
writing_surface
writing_surface
writing_surface
writing_surface
writing_surface
writing_surface
writing_surface
writing_surface
writing_surface
writing_surface
writing_surface
writing_surface
writing_surface
writing_surface
writing_surface
writing_surface
writing_surface
writing_surface
writing_surface
writing_surface
writing_surface
writing_surface
writing_surface
writing_surface
writing_surface
writing_surface
writing_surface
writing_surface
writing_surface
writing_surface
writing_surface
writing_surface
writing_surface
writing_surface
writing_surface
writing_surface
writing_surface
writing_surface
writing_surface
writing_surface
writing_surface
writing_surface
writing_surface
writing_surface
writing_surface
writing_surface
writing_surface
writing_surface
writing_surface
writing_surface
writing_surface
writing_surface
writing_surface
writing_surface
writing_surface
writing_surface
writing_surface
writing_surface
writing_surface
writing_surface
writing_surface
writing_surface
writing_surface
writing_surface
writing_surface
writing_surface
writing_surface
writing_surface
writing_surface
writing_surface
writing_surface
writing_surface
writing_surface
writing_surface
writing_surface
writing_surface
writing_surface
writing_surface
writing_surface
writing_surface
writing_surface
writing_surface
writing_surface
writing_surface
writing_surface
writing_surface
writing_surface
writing_surface
writing_surface
writing_surface
writing_surface
writing_surface
writing_surface
writing_surface
writing_surface
writing_surface
writing_surface
writing_surface
writing_surface
writing_surface
writing_surface
writing_surface
writing_surface
writing_surface
writing_surface
writing_surface
writing_surface
writing_surface
writing_surface
writing_surface
writing_surface
writing_surface
writing_surface
writing_surface
writing_surface
writing_surface
writing_surface
writing_surface
writing_surface
writing_surface
writing_surface
writing_surface
writing_surface
writing_surface
writing_surface
writing_surface
writing_surface
writing_surface
writing_surface
writing_surface
writing_surface
writing_surface
writing_surface
writing_surface
writing_surface
writing_surface
writing_surface
writing_surface
writing_surface
writing_surface
writing_surface
writing_surface
writing_surface
writing_surface
writing_surface
writing_surface
writing_surface
writing_surface
writing_surface
writing_surface
writing_surface
writing_surface
[INFO] [WallTime: 1453988046.524063] STATE: WAITING_FOR_LETTER_TO_FINISH
[INFO] [WallTime: 1453988046.562258] Haven't received a clear on 'watchdog_clear/tablet' topic
[INFO] [WallTime: 1453988049.086521] Re-connection
[INFO] [WallTime: 1453988057.837121] STATE: ASKING_FOR_FEEDBACK
[INFO] [WallTime: 1453988057.837460] PUBLISHING_WORD
[INFO] [WallTime: 1453988057.837701] Asking for feedback on word cat
[INFO] [WallTime: 1453988060.024507] NAO: This is a hard word
[INFO] [WallTime: 1453988061.264055] STATE: WAITING_FOR_FEEDBACK
[INFO] [WallTime: 1453988092.597158] Received template demonstration for letters ['c', 'a', 't']
[INFO] [WallTime: 1453988093.674387] STATE: WAITING_FOR_ROBOT_TO_CONNECT
[INFO] [WallTime: 1453988094.175417] STATE: RESPONDING_TO_DEMONSTRATION_FULL_WORD
[INFO] [WallTime: 1453988096.394858] NAO: Okay, I'll try it like you
[INFO] [WallTime: 1453988096.395690] Downsampling of c done. Demo received for c
[INFO] [WallTime: 1453988096.396963] Downsampling of a done. Demo received for a
[INFO] [WallTime: 1453988096.398222] Downsampling of t done. Demo received for t
[INFO] [WallTime: 1453988096.399241] Clearing display
[INFO] [WallTime: 1453988097.400906] STATE: PUBLISHING_WORD
writing_surface
writing_surface
writing_surface
writing_surface
writing_surface
writing_surface
writing_surface
writing_surface
writing_surface
writing_surface
writing_surface
writing_surface
writing_surface
writing_surface
writing_surface
writing_surface
writing_surface
writing_surface
writing_surface
writing_surface
writing_surface
writing_surface
writing_surface
writing_surface
writing_surface
writing_surface
writing_surface
writing_surface
writing_surface
writing_surface
writing_surface
writing_surface
writing_surface
writing_surface
writing_surface
writing_surface
writing_surface
writing_surface
writing_surface
writing_surface
writing_surface
writing_surface
writing_surface
writing_surface
writing_surface
writing_surface
writing_surface
writing_surface
writing_surface
writing_surface
writing_surface
writing_surface
writing_surface
writing_surface
writing_surface
writing_surface
writing_surface
writing_surface
writing_surface
writing_surface
writing_surface
writing_surface
writing_surface
writing_surface
writing_surface
writing_surface
writing_surface
writing_surface
writing_surface
writing_surface
writing_surface
writing_surface
writing_surface
writing_surface
writing_surface
writing_surface
writing_surface
writing_surface
writing_surface
writing_surface
writing_surface
writing_surface
writing_surface
writing_surface
writing_surface
writing_surface
writing_surface
writing_surface
writing_surface
writing_surface
writing_surface
writing_surface
writing_surface
writing_surface
writing_surface
writing_surface
writing_surface
writing_surface
writing_surface
writing_surface
writing_surface
writing_surface
writing_surface
writing_surface
writing_surface
writing_surface
writing_surface
writing_surface
writing_surface
writing_surface
writing_surface
writing_surface
writing_surface
writing_surface
writing_surface
writing_surface
writing_surface
writing_surface
writing_surface
writing_surface
writing_surface
writing_surface
writing_surface
writing_surface
writing_surface
writing_surface
writing_surface
writing_surface
writing_surface
writing_surface
writing_surface
writing_surface
writing_surface
writing_surface
writing_surface
writing_surface
writing_surface
writing_surface
writing_surface
writing_surface
writing_surface
writing_surface
writing_surface
writing_surface
writing_surface
writing_surface
writing_surface
writing_surface
writing_surface
writing_surface
writing_surface
writing_surface
writing_surface
writing_surface
writing_surface
writing_surface
writing_surface
writing_surface
writing_surface
writing_surface
writing_surface
writing_surface
writing_surface
writing_surface
writing_surface
writing_surface
writing_surface
writing_surface
writing_surface
writing_surface
writing_surface
writing_surface
writing_surface
writing_surface
writing_surface
writing_surface
writing_surface
writing_surface
writing_surface
writing_surface
writing_surface
writing_surface
writing_surface
writing_surface
writing_surface
writing_surface
writing_surface
writing_surface
writing_surface
writing_surface
writing_surface
writing_surface
writing_surface
writing_surface
writing_surface
writing_surface
writing_surface
writing_surface
writing_surface
writing_surface
writing_surface
writing_surface
writing_surface
writing_surface
writing_surface
writing_surface
writing_surface
writing_surface
writing_surface
writing_surface
writing_surface
writing_surface
writing_surface
writing_surface
writing_surface
writing_surface
[INFO] [WallTime: 1453988097.920568] Haven't received a clear on 'watchdog_clear/tablet' topic
[INFO] [WallTime: 1453988097.943406] STATE: WAITING_FOR_LETTER_TO_FINISH
[INFO] [WallTime: 1453988100.409072] Re-connection
[INFO] [WallTime: 1453988109.255382] STATE: ASKING_FOR_FEEDBACK
[INFO] [WallTime: 1453988109.255786] PUBLISHING_WORD
[INFO] [WallTime: 1453988109.256138] Asking for feedback on word cat
[INFO] [WallTime: 1453988111.554593] NAO: Is this how you write it?
[INFO] [WallTime: 1453988112.069170] STATE: WAITING_FOR_FEEDBACK
[INFO] [WallTime: 1453988141.346046] Haven't received a clear on 'watchdog_clear/tablet' topic
[INFO] [WallTime: 1453988141.915424] Re-connection
[INFO] [WallTime: 1453988142.320292] Haven't received a clear on 'watchdog_clear/tablet' topic
[INFO] [WallTime: 1453988142.431750] Re-connection
[INFO] [WallTime: 1453988142.839412] Haven't received a clear on 'watchdog_clear/tablet' topic
[INFO] [WallTime: 1453988142.941303] Re-connection
[INFO] [WallTime: 1453988143.344907] Haven't received a clear on 'watchdog_clear/tablet' topic
[INFO] [WallTime: 1453988144.875996] Re-connection
[INFO] [WallTime: 1453988145.282570] Haven't received a clear on 'watchdog_clear/tablet' topic
[INFO] [WallTime: 1453988146.762319] Re-connection
[INFO] [WallTime: 1453988147.164979] Haven't received a clear on 'watchdog_clear/tablet' topic
[INFO] [WallTime: 1453988152.070596] Re-connection
[INFO] [WallTime: 1453988152.473005] Haven't received a clear on 'watchdog_clear/tablet' topic
[INFO] [WallTime: 1453988158.275688] Re-connection
[INFO] [WallTime: 1453988158.677705] Haven't received a clear on 'watchdog_clear/tablet' topic
[INFO] [WallTime: 1453988187.670533] Re-connection
[INFO] [WallTime: 1453988199.128963] Received word: cat
[INFO] [WallTime: 1453988200.162719] STATE: WAITING_FOR_ROBOT_TO_CONNECT
[INFO] [WallTime: 1453988200.663497] STATE: RESPONDING_TO_NEW_WORD
[INFO] [WallTime: 1453988201.124880] NAO: Let's try cat again.
[INFO] [WallTime: 1453988202.724052] Clearing display
[INFO] [WallTime: 1453988203.724998] STATE: PUBLISHING_WORD
writing_surface
writing_surface
writing_surface
writing_surface
writing_surface
writing_surface
writing_surface
writing_surface
writing_surface
writing_surface
writing_surface
writing_surface
writing_surface
writing_surface
writing_surface
writing_surface
writing_surface
writing_surface
writing_surface
writing_surface
writing_surface
writing_surface
writing_surface
writing_surface
writing_surface
writing_surface
writing_surface
writing_surface
writing_surface
writing_surface
writing_surface
writing_surface
writing_surface
writing_surface
writing_surface
writing_surface
writing_surface
writing_surface
writing_surface
writing_surface
writing_surface
writing_surface
writing_surface
writing_surface
writing_surface
writing_surface
writing_surface
writing_surface
writing_surface
writing_surface
writing_surface
writing_surface
writing_surface
writing_surface
writing_surface
writing_surface
writing_surface
writing_surface
writing_surface
writing_surface
writing_surface
writing_surface
writing_surface
writing_surface
writing_surface
writing_surface
writing_surface
writing_surface
writing_surface
writing_surface
writing_surface
writing_surface
writing_surface
writing_surface
writing_surface
writing_surface
writing_surface
writing_surface
writing_surface
writing_surface
writing_surface
writing_surface
writing_surface
writing_surface
writing_surface
writing_surface
writing_surface
writing_surface
writing_surface
writing_surface
writing_surface
writing_surface
writing_surface
writing_surface
writing_surface
writing_surface
writing_surface
writing_surface
writing_surface
writing_surface
writing_surface
writing_surface
writing_surface
writing_surface
writing_surface
writing_surface
writing_surface
writing_surface
writing_surface
writing_surface
writing_surface
writing_surface
writing_surface
writing_surface
writing_surface
writing_surface
writing_surface
writing_surface
writing_surface
writing_surface
writing_surface
writing_surface
writing_surface
writing_surface
writing_surface
writing_surface
writing_surface
writing_surface
writing_surface
writing_surface
writing_surface
writing_surface
writing_surface
writing_surface
writing_surface
writing_surface
writing_surface
writing_surface
writing_surface
writing_surface
writing_surface
writing_surface
writing_surface
writing_surface
writing_surface
writing_surface
writing_surface
writing_surface
writing_surface
writing_surface
writing_surface
writing_surface
writing_surface
writing_surface
writing_surface
writing_surface
writing_surface
writing_surface
writing_surface
writing_surface
writing_surface
writing_surface
writing_surface
writing_surface
writing_surface
writing_surface
writing_surface
writing_surface
writing_surface
writing_surface
writing_surface
writing_surface
writing_surface
writing_surface
writing_surface
writing_surface
writing_surface
writing_surface
writing_surface
writing_surface
writing_surface
writing_surface
writing_surface
writing_surface
writing_surface
writing_surface
writing_surface
writing_surface
writing_surface
writing_surface
writing_surface
writing_surface
writing_surface
writing_surface
writing_surface
writing_surface
writing_surface
writing_surface
writing_surface
writing_surface
writing_surface
writing_surface
writing_surface
writing_surface
writing_surface
writing_surface
writing_surface
writing_surface
writing_surface
writing_surface
writing_surface
writing_surface
writing_surface
writing_surface
writing_surface
writing_surface
[INFO] [WallTime: 1453988204.267150] STATE: WAITING_FOR_LETTER_TO_FINISH
[INFO] [WallTime: 1453988204.335627] Haven't received a clear on 'watchdog_clear/tablet' topic
[INFO] [WallTime: 1453988206.745859] Re-connection
[INFO] [WallTime: 1453988215.579650] STATE: ASKING_FOR_FEEDBACK
[INFO] [WallTime: 1453988215.580137] PUBLISHING_WORD
[INFO] [WallTime: 1453988215.580445] Asking for feedback on word cat
[INFO] [WallTime: 1453988217.597350] NAO: Please help me
[INFO] [WallTime: 1453988218.652916] STATE: WAITING_FOR_FEEDBACK
[INFO] [WallTime: 1453988238.000235] Received template demonstration for letters ['c', 'a', 't']
[INFO] [WallTime: 1453988238.739805] STATE: WAITING_FOR_ROBOT_TO_CONNECT
[INFO] [WallTime: 1453988239.240723] STATE: RESPONDING_TO_DEMONSTRATION_FULL_WORD
[INFO] [WallTime: 1453988241.280905] NAO: So that's how you write cat
[INFO] [WallTime: 1453988241.281753] Downsampling of c done. Demo received for c
[INFO] [WallTime: 1453988241.283257] Downsampling of a done. Demo received for a
[INFO] [WallTime: 1453988241.284522] Downsampling of t done. Demo received for t
[INFO] [WallTime: 1453988241.285606] Clearing display
[INFO] [WallTime: 1453988242.287223] STATE: PUBLISHING_WORD
writing_surface
writing_surface
writing_surface
writing_surface
writing_surface
writing_surface
writing_surface
writing_surface
writing_surface
writing_surface
writing_surface
writing_surface
writing_surface
writing_surface
writing_surface
writing_surface
writing_surface
writing_surface
writing_surface
writing_surface
writing_surface
writing_surface
writing_surface
writing_surface
writing_surface
writing_surface
writing_surface
writing_surface
writing_surface
writing_surface
writing_surface
writing_surface
writing_surface
writing_surface
writing_surface
writing_surface
writing_surface
writing_surface
writing_surface
writing_surface
writing_surface
writing_surface
writing_surface
writing_surface
writing_surface
writing_surface
writing_surface
writing_surface
writing_surface
writing_surface
writing_surface
writing_surface
writing_surface
writing_surface
writing_surface
writing_surface
writing_surface
writing_surface
writing_surface
writing_surface
writing_surface
writing_surface
writing_surface
writing_surface
writing_surface
writing_surface
writing_surface
writing_surface
writing_surface
writing_surface
writing_surface
writing_surface
writing_surface
writing_surface
writing_surface
writing_surface
writing_surface
writing_surface
writing_surface
writing_surface
writing_surface
writing_surface
writing_surface
writing_surface
writing_surface
writing_surface
writing_surface
writing_surface
writing_surface
writing_surface
writing_surface
writing_surface
writing_surface
writing_surface
writing_surface
writing_surface
writing_surface
writing_surface
writing_surface
writing_surface
writing_surface
writing_surface
writing_surface
writing_surface
writing_surface
writing_surface
writing_surface
writing_surface
writing_surface
writing_surface
writing_surface
writing_surface
writing_surface
writing_surface
writing_surface
writing_surface
writing_surface
writing_surface
writing_surface
writing_surface
writing_surface
writing_surface
writing_surface
writing_surface
writing_surface
writing_surface
writing_surface
writing_surface
writing_surface
writing_surface
writing_surface
writing_surface
writing_surface
writing_surface
writing_surface
writing_surface
writing_surface
writing_surface
writing_surface
writing_surface
writing_surface
writing_surface
writing_surface
writing_surface
writing_surface
writing_surface
writing_surface
writing_surface
writing_surface
writing_surface
writing_surface
writing_surface
writing_surface
writing_surface
writing_surface
writing_surface
writing_surface
writing_surface
writing_surface
writing_surface
writing_surface
writing_surface
writing_surface
writing_surface
writing_surface
writing_surface
writing_surface
writing_surface
writing_surface
writing_surface
writing_surface
writing_surface
writing_surface
writing_surface
writing_surface
writing_surface
writing_surface
writing_surface
writing_surface
writing_surface
writing_surface
writing_surface
writing_surface
writing_surface
writing_surface
writing_surface
writing_surface
writing_surface
writing_surface
writing_surface
writing_surface
writing_surface
writing_surface
writing_surface
writing_surface
writing_surface
writing_surface
writing_surface
writing_surface
writing_surface
writing_surface
writing_surface
writing_surface
writing_surface
writing_surface
writing_surface
writing_surface
writing_surface
writing_surface
writing_surface
writing_surface
writing_surface
writing_surface
writing_surface
writing_surface
writing_surface
[INFO] [WallTime: 1453988242.824663] STATE: WAITING_FOR_LETTER_TO_FINISH
[INFO] [WallTime: 1453988242.845350] Haven't received a clear on 'watchdog_clear/tablet' topic
[INFO] [WallTime: 1453988245.366224] Re-connection
[INFO] [WallTime: 1453988254.136457] STATE: ASKING_FOR_FEEDBACK
[INFO] [WallTime: 1453988254.136843] PUBLISHING_WORD
[INFO] [WallTime: 1453988254.137430] Asking for feedback on word cat
[INFO] [WallTime: 1453988256.714840] NAO: Okay, what do you think?
[INFO] [WallTime: 1453988257.230520] STATE: WAITING_FOR_FEEDBACK
[INFO] [WallTime: 1453988277.605967] Received template demonstration for letters ['c', 'a', 't']
[INFO] [WallTime: 1453988278.531500] STATE: WAITING_FOR_ROBOT_TO_CONNECT
[INFO] [WallTime: 1453988279.032650] STATE: RESPONDING_TO_DEMONSTRATION_FULL_WORD
[INFO] [WallTime: 1453988281.260758] NAO: That's a much better cat than mine
[INFO] [WallTime: 1453988281.261534] Downsampling of c done. Demo received for c
[INFO] [WallTime: 1453988281.262830] Downsampling of a done. Demo received for a
[INFO] [WallTime: 1453988281.264034] Downsampling of t done. Demo received for t
[INFO] [WallTime: 1453988281.265593] Clearing display
[INFO] [WallTime: 1453988282.266273] STATE: PUBLISHING_WORD
writing_surface
writing_surface
writing_surface
writing_surface
writing_surface
writing_surface
writing_surface
writing_surface
writing_surface
writing_surface
writing_surface
writing_surface
writing_surface
writing_surface
writing_surface
writing_surface
writing_surface
writing_surface
writing_surface
writing_surface
writing_surface
writing_surface
writing_surface
writing_surface
writing_surface
writing_surface
writing_surface
writing_surface
writing_surface
writing_surface
writing_surface
writing_surface
writing_surface
writing_surface
writing_surface
writing_surface
writing_surface
writing_surface
writing_surface
writing_surface
writing_surface
writing_surface
writing_surface
writing_surface
writing_surface
writing_surface
writing_surface
writing_surface
writing_surface
writing_surface
writing_surface
writing_surface
writing_surface
writing_surface
writing_surface
writing_surface
writing_surface
writing_surface
writing_surface
writing_surface
writing_surface
writing_surface
writing_surface
writing_surface
writing_surface
writing_surface
writing_surface
writing_surface
writing_surface
writing_surface
writing_surface
writing_surface
writing_surface
writing_surface
writing_surface
writing_surface
writing_surface
writing_surface
writing_surface
writing_surface
writing_surface
writing_surface
writing_surface
writing_surface
writing_surface
writing_surface
writing_surface
writing_surface
writing_surface
writing_surface
writing_surface
writing_surface
writing_surface
writing_surface
writing_surface
writing_surface
writing_surface
writing_surface
writing_surface
writing_surface
writing_surface
writing_surface
writing_surface
writing_surface
writing_surface
writing_surface
writing_surface
writing_surface
writing_surface
writing_surface
writing_surface
writing_surface
writing_surface
writing_surface
writing_surface
writing_surface
writing_surface
writing_surface
writing_surface
writing_surface
writing_surface
writing_surface
writing_surface
writing_surface
writing_surface
writing_surface
writing_surface
writing_surface
writing_surface
writing_surface
writing_surface
writing_surface
writing_surface
writing_surface
writing_surface
writing_surface
writing_surface
writing_surface
writing_surface
writing_surface
writing_surface
writing_surface
writing_surface
writing_surface
writing_surface
writing_surface
writing_surface
writing_surface
writing_surface
writing_surface
writing_surface
writing_surface
writing_surface
writing_surface
writing_surface
writing_surface
writing_surface
writing_surface
writing_surface
writing_surface
writing_surface
writing_surface
writing_surface
writing_surface
writing_surface
writing_surface
writing_surface
writing_surface
writing_surface
writing_surface
writing_surface
writing_surface
writing_surface
writing_surface
writing_surface
writing_surface
writing_surface
writing_surface
writing_surface
writing_surface
writing_surface
writing_surface
writing_surface
writing_surface
writing_surface
writing_surface
writing_surface
writing_surface
writing_surface
writing_surface
writing_surface
writing_surface
writing_surface
writing_surface
writing_surface
writing_surface
writing_surface
writing_surface
writing_surface
writing_surface
writing_surface
writing_surface
writing_surface
writing_surface
writing_surface
writing_surface
writing_surface
writing_surface
writing_surface
writing_surface
writing_surface
writing_surface
writing_surface
writing_surface
writing_surface
writing_surface
[INFO] [WallTime: 1453988282.813751] STATE: WAITING_FOR_LETTER_TO_FINISH
[INFO] [WallTime: 1453988282.870706] Haven't received a clear on 'watchdog_clear/tablet' topic
[INFO] [WallTime: 1453988285.343523] Re-connection
[INFO] [WallTime: 1453988294.126735] STATE: ASKING_FOR_FEEDBACK
[INFO] [WallTime: 1453988294.127128] PUBLISHING_WORD
[INFO] [WallTime: 1453988294.127435] Asking for feedback on word cat
[INFO] [WallTime: 1453988296.297135] NAO: This is a hard word
[INFO] [WallTime: 1453988296.811150] STATE: WAITING_FOR_FEEDBACK
[INFO] [WallTime: 1453988425.420845] User feedback +1
[INFO] [WallTime: 1453988425.603238] User feedback +1
[INFO] [WallTime: 1453989568.350702] STATE: STOPPING
[INFO] [WallTime: 1453989569.011808] Stopped
