[INFO] [WallTime: 1453812676.012305] Ready to clear all shapes.
[INFO] [WallTime: 1453812676.040240] Ready to display new shapes.
[INFO] [WallTime: 1453812676.060459] Ready to determine index of location.
[INFO] [WallTime: 1453812676.105812] Ready to determine shape at location.
[INFO] [WallTime: 1453812676.132117] Ready to determine closest shape(s) to location.
[INFO] [WallTime: 1453812676.170971] Ready to display new shapes at specific location.
[INFO] [WallTime: 1453812676.199186] Ready to determine is shape fits.
[INFO] [WallTime: 1453812702.310070] Shapes cleared
[INFO] [WallTime: 1453812779.616050] Shapes cleared
[INFO] [WallTime: 1453812830.651280] Shapes cleared
[INFO] [WallTime: 1453812862.591742] Shapes cleared
[INFO] [WallTime: 1453812932.678104] Shapes cleared
[INFO] [WallTime: 1453812997.288538] Shapes cleared
[INFO] [WallTime: 1453813039.541495] Shapes cleared
[INFO] [WallTime: 1453813084.504080] Shapes cleared
[INFO] [WallTime: 1453813144.523481] Shapes cleared
[INFO] [WallTime: 1453813185.687110] Shapes cleared
[INFO] [WallTime: 1453813268.382670] Shapes cleared
[INFO] [WallTime: 1453813341.935701] Shapes cleared
[INFO] [WallTime: 1453813392.082878] Shapes cleared
[INFO] [WallTime: 1453813423.816438] Shape at location returned: 0_-1
[INFO] [WallTime: 1453813447.233626] Shapes cleared
[INFO] [WallTime: 1453813479.289663] Shapes cleared
[INFO] [WallTime: 1453813526.318192] Shapes cleared
[INFO] [WallTime: 1453813567.397902] Shapes cleared
[INFO] [WallTime: 1453813607.746997] Shapes cleared
[INFO] [WallTime: 1453813647.539551] Shapes cleared
[INFO] [WallTime: 1453813704.175679] Shapes cleared
[INFO] [WallTime: 1453813745.122547] Shapes cleared
[INFO] [WallTime: 1453813769.857139] Shapes cleared
[INFO] [WallTime: 1453813803.875868] Shapes cleared
[INFO] [WallTime: 1453813844.245350] Shapes cleared
[INFO] [WallTime: 1453813882.047154] Shapes cleared
[INFO] [WallTime: 1453813917.999092] Shapes cleared
[INFO] [WallTime: 1453813953.481279] Shapes cleared
[INFO] [WallTime: 1453813988.093110] Shapes cleared
[INFO] [WallTime: 1453814021.281925] Shapes cleared
[INFO] [WallTime: 1453814101.214186] Shapes cleared
[INFO] [WallTime: 1453814200.714144] Shapes cleared
[INFO] [WallTime: 1453814272.654957] Shapes cleared
[INFO] [WallTime: 1453814337.530857] Shapes cleared
[INFO] [WallTime: 1453814377.923532] Shapes cleared
[INFO] [WallTime: 1453814431.092013] Shape at location returned: 0_-1
[INFO] [WallTime: 1453814440.825696] Shapes cleared
[INFO] [WallTime: 1453814492.831979] Shapes cleared
[INFO] [WallTime: 1453814547.448936] Shapes cleared
[INFO] [WallTime: 1453814580.593883] Shapes cleared
[INFO] [WallTime: 1453814630.857965] Shape at location returned: 0_-1
[INFO] [WallTime: 1453814646.367555] Shapes cleared
[INFO] [WallTime: 1453814704.758319] Shapes cleared
[INFO] [WallTime: 1453814741.379685] Shapes cleared
[INFO] [WallTime: 1453814782.656750] Shapes cleared
[INFO] [WallTime: 1453814851.517342] Shapes cleared
[INFO] [WallTime: 1453814910.269490] Shapes cleared
[INFO] [WallTime: 1453814964.434384] Shapes cleared
[INFO] [WallTime: 1453814976.011193] shut down
