[INFO] [WallTime: 1453718076.199707] Ready to clear all shapes.
[INFO] [WallTime: 1453718076.214972] Ready to display new shapes.
[INFO] [WallTime: 1453718076.239381] Ready to determine index of location.
[INFO] [WallTime: 1453718076.261287] Ready to determine shape at location.
[INFO] [WallTime: 1453718076.283060] Ready to determine closest shape(s) to location.
[INFO] [WallTime: 1453718076.294566] Ready to display new shapes at specific location.
[INFO] [WallTime: 1453718076.312810] Ready to determine is shape fits.
[INFO] [WallTime: 1453718096.782103] Shapes cleared
[INFO] [WallTime: 1453718138.790246] Shapes cleared
[INFO] [WallTime: 1453718172.033631] Shapes cleared
[INFO] [WallTime: 1453718217.408197] Shapes cleared
[INFO] [WallTime: 1453718242.108527] Shapes cleared
[INFO] [WallTime: 1453718272.070352] Shapes cleared
[INFO] [WallTime: 1453718309.448238] Shapes cleared
[INFO] [WallTime: 1453718341.419247] Shapes cleared
[INFO] [WallTime: 1453718364.029322] Shapes cleared
[INFO] [WallTime: 1453718392.051082] Shapes cleared
[INFO] [WallTime: 1453718421.917166] Shapes cleared
[INFO] [WallTime: 1453718454.986306] Shapes cleared
[INFO] [WallTime: 1453718478.871208] Shapes cleared
[INFO] [WallTime: 1453718512.662688] Shapes cleared
[INFO] [WallTime: 1453718536.069724] Shapes cleared
[INFO] [WallTime: 1453718567.489700] Shapes cleared
[INFO] [WallTime: 1453718593.749515] Shapes cleared
[INFO] [WallTime: 1453718625.515266] Shapes cleared
[INFO] [WallTime: 1453718647.885379] Shapes cleared
[INFO] [WallTime: 1453718685.280402] Shapes cleared
[INFO] [WallTime: 1453718709.461540] Shapes cleared
[INFO] [WallTime: 1453718751.402897] Shapes cleared
[INFO] [WallTime: 1453718780.432050] Shapes cleared
[INFO] [WallTime: 1453718828.655766] Shapes cleared
[INFO] [WallTime: 1453721649.084955] shut down
