[roslaunch][INFO] 2016-01-25 13:06:00,801: Checking log directory for disk usage. This may take awhile.
Press Ctrl-C to interrupt
[roslaunch][INFO] 2016-01-25 13:06:00,804: Done checking log file disk usage. Usage is <1GB.
[roslaunch][INFO] 2016-01-25 13:06:00,804: roslaunch starting with args ['roscore', '--core']
[roslaunch][INFO] 2016-01-25 13:06:00,804: roslaunch env is {'SHELL': '/bin/bash', 'XDG_DATA_DIRS': '/usr/share/ubuntu:/usr/share/gnome:/usr/local/share/:/usr/share/', 'MANDATORY_PATH': '/usr/share/gconf/ubuntu.mandatory.path', 'COMPIZ_CONFIG_PROFILE': 'ubuntu', 'JOB': 'dbus', 'SESSION': 'ubuntu', 'XMODIFIERS': '@im=ibus', 'JAVA_HOME': '/usr/lib/jvm/java-7-openjdk-amd64', 'TURTLEBOT_INTERACTIONS_LIST': '[turtlebot_bringup/admin.interactions, turtlebot_bringup/documentation.interactions, turtlebot_bringup/pairing.interactions, turtlebot_bringup/visualisation.interactions]', 'SELINUX_INIT': 'YES', 'XDG_RUNTIME_DIR': '/run/user/1000', 'PYTHONPATH': '/home/wafa/naoqi/pynaoqi-python2.7-2.1.4.13-linux64:/home/wafa/catkin_ws/devel/lib/python2.7/dist-packages:/opt/ros/indigo/lib/python2.7/dist-packages:/opt/ros/indigo/share/ros/core/rosbuild', 'COMPIZ_BIN_PATH': '/usr/bin/', 'ROS_ROOT': '/opt/ros/indigo/share/ros', 'XDG_SESSION_ID': 'c2', 'DBUS_SESSION_BUS_ADDRESS': 'unix:abstract=/tmp/dbus-B0nM5E0GsN', 'DEFAULTS_PATH': '/usr/share/gconf/ubuntu.default.path', 'DESKTOP_SESSION': 'ubuntu', 'GTK_MODULES': 'overlay-scrollbar:unity-gtk-module', 'INSTANCE': '', 'TURTLEBOT_GAZEBO_WORLD_FILE': '/opt/ros/indigo/share/turtlebot_gazebo/worlds/playground.world', 'TURTLEBOT_3D_SENSOR': 'asus_xtion_pro', 'TURTLEBOT_RAPP_PACKAGE_BLACKLIST': '[]', 'XDG_MENU_PREFIX': 'gnome-', 'LS_COLORS': 'rs=0:di=01;34:ln=01;36:mh=00:pi=40;33:so=01;35:do=01;35:bd=40;33;01:cd=40;33;01:or=40;31;01:su=37;41:sg=30;43:ca=30;41:tw=30;42:ow=34;42:st=37;44:ex=01;32:*.tar=01;31:*.tgz=01;31:*.arj=01;31:*.taz=01;31:*.lzh=01;31:*.lzma=01;31:*.tlz=01;31:*.txz=01;31:*.zip=01;31:*.z=01;31:*.Z=01;31:*.dz=01;31:*.gz=01;31:*.lz=01;31:*.xz=01;31:*.bz2=01;31:*.bz=01;31:*.tbz=01;31:*.tbz2=01;31:*.tz=01;31:*.deb=01;31:*.rpm=01;31:*.jar=01;31:*.war=01;31:*.ear=01;31:*.sar=01;31:*.rar=01;31:*.ace=01;31:*.zoo=01;31:*.cpio=01;31:*.7z=01;31:*.rz=01;31:*.jpg=01;35:*.jpeg=01;35:*.gif=01;35:*.bmp=01;35:*.pbm=01;35:*.pgm=01;35:*.ppm=01;35:*.tga=01;35:*.xbm=01;35:*.xpm=01;35:*.tif=01;35:*.tiff=01;35:*.png=01;35:*.svg=01;35:*.svgz=01;35:*.mng=01;35:*.pcx=01;35:*.mov=01;35:*.mpg=01;35:*.mpeg=01;35:*.m2v=01;35:*.mkv=01;35:*.webm=01;35:*.ogm=01;35:*.mp4=01;35:*.m4v=01;35:*.mp4v=01;35:*.vob=01;35:*.qt=01;35:*.nuv=01;35:*.wmv=01;35:*.asf=01;35:*.rm=01;35:*.rmvb=01;35:*.flc=01;35:*.avi=01;35:*.fli=01;35:*.flv=01;35:*.gl=01;35:*.dl=01;35:*.xcf=01;35:*.xwd=01;35:*.yuv=01;35:*.cgm=01;35:*.emf=01;35:*.axv=01;35:*.anx=01;35:*.ogv=01;35:*.ogx=01;35:*.aac=00;36:*.au=00;36:*.flac=00;36:*.mid=00;36:*.midi=00;36:*.mka=00;36:*.mp3=00;36:*.mpc=00;36:*.ogg=00;36:*.ra=00;36:*.wav=00;36:*.axa=00;36:*.oga=00;36:*.spx=00;36:*.xspf=00;36:', 'TURTLEBOT_TYPE': 'turtlebot', 'GNOME_DESKTOP_SESSION_ID': 'this-is-deprecated', 'XDG_CURRENT_DESKTOP': 'Unity', 'TURTLEBOT_MAP_FILE': '/opt/ros/indigo/share/turtlebot_navigation/maps/willow-2010-02-18-0.10.yaml', 'ROS_MAVEN_DEPLOYMENT_REPOSITORY': '/home/wafa/android_interactions/devel/share/maven', 'CPATH': '/home/wafa/catkin_ws/devel/include:/opt/ros/indigo/include', 'USER': 'wafa', 'XDG_VTNR': '7', 'CMAKE_PREFIX_PATH': '/home/wafa/catkin_ws/devel:/opt/ros/indigo', 'XAUTHORITY': '/home/wafa/.Xauthority', 'LANGUAGE': 'fr_CH:fr', 'SESSION_MANAGER': 'local/frisette:@/tmp/.ICE-unix/1967,unix/frisette:/tmp/.ICE-unix/1967', 'SHLVL': '1', 'QT_QPA_PLATFORMTHEME': 'appmenu-qt5', 'DISPLAY': ':0', 'CLUTTER_IM_MODULE': 'xim', 'WINDOWID': '54525963', 'GPG_AGENT_INFO': '/run/user/1000/keyring-LBZCzi/gpg:0:1', 'GDMSESSION': 'ubuntu', 'TURTLEBOT_GAZEBO_MAP_FILE': '/opt/ros/indigo/share/turtlebot_gazebo/maps/playground.yaml', 'PKG_CONFIG_PATH': '/home/wafa/catkin_ws/devel/lib/x86_64-linux-gnu/pkgconfig:/opt/ros/indigo/lib/x86_64-linux-gnu/pkgconfig:/home/wafa/android_interactions/devel/lib/pkgconfig:/home/wafa/android_core/devel/lib/pkgconfig:/home/wafa/rosjava/devel/lib/pkgconfig:/home/wafa/catkin_ws/devel/lib/pkgconfig:/opt/ros/indigo/lib/pkgconfig', 'ROS_PACKAGE_PATH': '/home/wafa/catkin_ws/src:/opt/ros/indigo/share:/opt/ros/indigo/stacks', 'TURTLEBOT_BASE': 'kobuki', '_': '/opt/ros/indigo/bin/roscore', 'GTK_IM_MODULE': 'ibus', 'XDG_CONFIG_DIRS': '/etc/xdg/xdg-ubuntu:/usr/share/upstart/xdg:/etc/xdg', 'TURTLEBOT_BATTERY': '/sys/class/power_supply/BAT0', 'ROS_MASTER_URI': 'http://10.0.0.11:11311/', 'COLORTERM': 'gnome-terminal', 'XDG_GREETER_DATA_DIR': '/var/lib/lightdm-data/wafa', 'QT4_IM_MODULE': 'xim', 'XDG_SEAT_PATH': '/org/freedesktop/DisplayManager/Seat0', 'ROS_IP': '10.0.0.11', 'HOME': '/home/wafa', 'LD_LIBRARY_PATH': '/home/wafa/catkin_ws/devel/lib/x86_64-linux-gnu:/opt/ros/indigo/lib/x86_64-linux-gnu:/home/wafa/android_interactions/devel/lib:/home/wafa/android_core/devel/lib:/home/wafa/rosjava/devel/lib:/home/wafa/catkin_ws/devel/lib:/opt/ros/indigo/lib', 'LANG': 'fr_CH.UTF-8', 'ROS_LOG_FILENAME': '/home/wafa/.ros/log/ffe7f454-c35b-11e5-a46b-6067205d9d50/roslaunch-frisette-20991.log', 'TURTLEBOT_SIMULATION': 'false', 'TEXTDOMAIN': 'im-config', 'ROS_MAVEN_PATH': '/home/wafa/catkin_ws/devel/share/maven:/opt/ros/indigo/share/maven', 'VTE_VERSION': '3409', 'TURTLEBOT_SERIAL_PORT': '/dev/kobuki', 'ANDROID_HOME': '/home/wafa/android-sdk-linux', 'LESSOPEN': '| /usr/bin/lesspipe %s', 'TURTLEBOT_NAME': 'turtlebot', 'LESSCLOSE': '/usr/bin/lesspipe %s %s', 'GNOME_KEYRING_PID': '1744', 'AL_DIR': '/home/wafa/naoqi/naoqi-sdk-2.1.4.13-linux64', 'ROS_ETC_DIR': '/opt/ros/indigo/etc/ros', 'ROS_MAVEN_REPOSITORY': 'https://github.com/rosjava/rosjava_mvn_repo/raw/master', 'ROS_DISTRO': 'indigo', 'ROSLISP_PACKAGE_DIRECTORIES': '/home/wafa/catkin_ws/devel/share/common-lisp', 'QT_IM_MODULE': 'ibus', 'LOGNAME': 'wafa', 'XDG_SEAT': 'seat0', 'PATH': '/opt/ros/indigo/share/ros/bin:/home/wafa/catkin_ws/devel/bin:/opt/ros/indigo/bin:/usr/local/sbin:/usr/local/bin:/usr/sbin:/usr/bin:/sbin:/bin:/usr/games:/usr/local/games:/home/wafa/naoqi/naoqi-sdk-2.1.4.13-linux64:/home/wafa/android-sdk-linux/tools:/home/wafa/android-sdk-linux/platform-tools:/home/wafa/android-sdk-linux/NDK/:/home/wafa/android-sdk-linux/tools/:/usr/lib/jvm/java-7-openjdk-amd64:/home/wafa/Documents/CODING/LIBS/processing-3.0.1/processing', 'GNOME_KEYRING_CONTROL': '/run/user/1000/keyring-LBZCzi', 'TERM': 'xterm', 'XDG_SESSION_PATH': '/org/freedesktop/DisplayManager/Session0', 'TURTLEBOT_STACKS': 'hexagons', 'TURTLEBOT_RAPP_PACKAGE_WHITELIST': '[rocon_apps, turtlebot_rapps]', 'SESSIONTYPE': 'gnome-session', 'IM_CONFIG_PHASE': '1', 'SSH_AUTH_SOCK': '/run/user/1000/keyring-LBZCzi/ssh', 'DLIB_PATH': '/home/wafa/Documents/CODING/LIBS/dlib-18.18/dlib', 'TEXTDOMAINDIR': '/usr/share/locale/', 'NDK_ROOT': '/home/wafa/Documents/CODING/LIBS/android-ndk-r8e:/home/wafa/android-sdk-linux/NDK/', 'UPSTART_SESSION': 'unix:abstract=/com/ubuntu/upstart-session/1000/1746', 'GDM_LANG': 'fr_FR', 'PWD': '/home/wafa'}
[roslaunch][INFO] 2016-01-25 13:06:00,804: starting in server mode
[roslaunch.parent][INFO] 2016-01-25 13:06:00,804: starting roslaunch parent run
[roslaunch][INFO] 2016-01-25 13:06:00,805: loading roscore config file /opt/ros/indigo/etc/ros/roscore.xml
[roslaunch][INFO] 2016-01-25 13:06:00,935: Added core node of type [rosout/rosout] in namespace [/]
[roslaunch.pmon][INFO] 2016-01-25 13:06:00,935: start_process_monitor: creating ProcessMonitor
[roslaunch.pmon][INFO] 2016-01-25 13:06:00,935: created process monitor <ProcessMonitor(ProcessMonitor-1, initial daemon)>
[roslaunch.pmon][INFO] 2016-01-25 13:06:00,936: start_process_monitor: ProcessMonitor started
[roslaunch.parent][INFO] 2016-01-25 13:06:00,936: starting parent XML-RPC server
[roslaunch.server][INFO] 2016-01-25 13:06:00,936: starting roslaunch XML-RPC server
[roslaunch.server][INFO] 2016-01-25 13:06:00,936: waiting for roslaunch XML-RPC server to initialize
[xmlrpc][INFO] 2016-01-25 13:06:00,936: XML-RPC server binding to 0.0.0.0:0
[xmlrpc][INFO] 2016-01-25 13:06:00,936: Started XML-RPC server [http://10.0.0.11:47297/]
[xmlrpc][INFO] 2016-01-25 13:06:00,936: xml rpc node: starting XML-RPC server
[roslaunch.pmon][INFO] 2016-01-25 13:08:08,331: ProcessMonitor.shutdown <ProcessMonitor(ProcessMonitor-1, started daemon 140273904908032)>
[roslaunch.pmon][INFO] 2016-01-25 13:08:08,333: ProcessMonitor._post_run <ProcessMonitor(ProcessMonitor-1, started daemon 140273904908032)>
[roslaunch.pmon][INFO] 2016-01-25 13:08:08,333: ProcessMonitor._post_run <ProcessMonitor(ProcessMonitor-1, started daemon 140273904908032)>: remaining procs are []
[roslaunch.pmon][INFO] 2016-01-25 13:08:08,335: ProcessMonitor exit: cleaning up data structures and signals
[roslaunch.pmon][INFO] 2016-01-25 13:08:08,335: ProcessMonitor exit: pmon has shutdown
[roslaunch][ERROR] 2016-01-25 13:08:08,335: Unable to contact my own server at [http://10.0.0.11:47297/].
This usually means that the network is not configured properly.

A common cause is that the machine cannot ping itself.  Please check
for errors by running:

	ping 10.0.0.11

For more tips, please see

	http://www.ros.org/wiki/ROS/NetworkSetup

[roslaunch][ERROR] 2016-01-25 13:08:08,335: The traceback for the exception was written to the log file
[roslaunch][ERROR] 2016-01-25 13:08:08,338: Traceback (most recent call last):
  File "/opt/ros/indigo/lib/python2.7/dist-packages/roslaunch/__init__.py", line 307, in main
    p.start()
  File "/opt/ros/indigo/lib/python2.7/dist-packages/roslaunch/parent.py", line 268, in start
    self._start_infrastructure()
  File "/opt/ros/indigo/lib/python2.7/dist-packages/roslaunch/parent.py", line 226, in _start_infrastructure
    self._start_server()
  File "/opt/ros/indigo/lib/python2.7/dist-packages/roslaunch/parent.py", line 177, in _start_server
    self.server.start()
  File "/opt/ros/indigo/lib/python2.7/dist-packages/roslaunch/server.py", line 405, in start
    """%(self.uri, p.hostname))
RLException: Unable to contact my own server at [http://10.0.0.11:47297/].
This usually means that the network is not configured properly.

A common cause is that the machine cannot ping itself.  Please check
for errors by running:

	ping 10.0.0.11

For more tips, please see

	http://www.ros.org/wiki/ROS/NetworkSetup


[rospy.core][INFO] 2016-01-25 13:08:08,338: signal_shutdown [atexit]
