[INFO] [WallTime: 1453985363.864855] Ready to clear all shapes.
[INFO] [WallTime: 1453985363.873978] Ready to display new shapes.
[INFO] [WallTime: 1453985363.889844] Ready to determine index of location.
[INFO] [WallTime: 1453985363.902667] Ready to determine shape at location.
[INFO] [WallTime: 1453985363.920413] Ready to determine closest shape(s) to location.
[INFO] [WallTime: 1453985363.939244] Ready to display new shapes at specific location.
[INFO] [WallTime: 1453985363.961004] Ready to determine is shape fits.
[INFO] [WallTime: 1453985389.898198] Shapes cleared
[INFO] [WallTime: 1453985424.872354] Shapes cleared
[INFO] [WallTime: 1453985453.855160] Shape at location returned: 0_-1
[INFO] [WallTime: 1453985475.287024] Shapes cleared
[INFO] [WallTime: 1453985512.810270] Shapes cleared
[INFO] [WallTime: 1453985559.304013] Shapes cleared
[INFO] [WallTime: 1453985598.482640] Shapes cleared
[INFO] [WallTime: 1453985635.013084] Shapes cleared
[INFO] [WallTime: 1453985664.546895] Shapes cleared
[INFO] [WallTime: 1453985714.145421] Shapes cleared
[INFO] [WallTime: 1453985795.087894] Shapes cleared
[INFO] [WallTime: 1453985859.841796] Shapes cleared
[INFO] [WallTime: 1453985901.083952] Shapes cleared
[INFO] [WallTime: 1453985928.805097] Shapes cleared
[INFO] [WallTime: 1453985964.273367] Shapes cleared
[INFO] [WallTime: 1453985990.557014] Shapes cleared
[INFO] [WallTime: 1453986036.377266] Shapes cleared
[INFO] [WallTime: 1453986058.083141] Shapes cleared
[INFO] [WallTime: 1453986093.462548] Shapes cleared
[INFO] [WallTime: 1453986113.824365] Shapes cleared
[INFO] [WallTime: 1453986156.952897] Shapes cleared
[INFO] [WallTime: 1453986178.479819] Shapes cleared
[INFO] [WallTime: 1453986212.130892] Shapes cleared
[INFO] [WallTime: 1453986244.709646] Shapes cleared
[INFO] [WallTime: 1453986279.749285] Shapes cleared
[INFO] [WallTime: 1453986316.704309] Shapes cleared
[INFO] [WallTime: 1453986396.221172] Shapes cleared
[INFO] [WallTime: 1453986479.266170] Shapes cleared
[INFO] [WallTime: 1453986517.876020] Shapes cleared
[INFO] [WallTime: 1453986608.449887] Shape at location returned: 0_-1
[INFO] [WallTime: 1453986613.586915] Shapes cleared
[INFO] [WallTime: 1453986653.999966] Shapes cleared
[INFO] [WallTime: 1453986721.424053] Shapes cleared
[INFO] [WallTime: 1453986783.131992] Shapes cleared
[INFO] [WallTime: 1453987743.278128] shut down
