[rospy.client][INFO] 2015-05-22 09:08:54,512: init_node, name[/display_manager_server], pid[26226]
[xmlrpc][INFO] 2015-05-22 09:08:54,515: XML-RPC server binding to 0.0.0.0:0
[xmlrpc][INFO] 2015-05-22 09:08:54,515: Started XML-RPC server [http://192.168.1.13:45139/]
[rospy.impl.masterslave][INFO] 2015-05-22 09:08:54,515: _ready: http://192.168.1.13:45139/
[rospy.init][INFO] 2015-05-22 09:08:54,516: ROS Slave URI: [http://192.168.1.13:45139/]
[xmlrpc][INFO] 2015-05-22 09:08:54,516: xml rpc node: starting XML-RPC server
[rospy.registration][INFO] 2015-05-22 09:08:54,517: Registering with master node http://localhost:11311
[rospy.init][INFO] 2015-05-22 09:08:54,616: registered with master
[rospy.rosout][INFO] 2015-05-22 09:08:54,616: initializing /rosout core topic
[rospy.rosout][INFO] 2015-05-22 09:08:54,619: connected to core topic /rosout
[rospy.simtime][INFO] 2015-05-22 09:08:54,621: /use_sim_time is not set, will not subscribe to simulated time [/clock] topic
[rosout][INFO] 2015-05-22 09:08:54,626: Ready to clear all shapes.
[rosout][INFO] 2015-05-22 09:08:54,628: Ready to display new shapes.
[rosout][INFO] 2015-05-22 09:08:54,630: Ready to determine index of location.
[rosout][INFO] 2015-05-22 09:08:54,637: Ready to determine shape at location.
[rosout][INFO] 2015-05-22 09:08:54,639: Ready to determine closest shape(s) to location.
[rosout][INFO] 2015-05-22 09:08:54,641: Ready to display new shapes at specific location.
[rosout][INFO] 2015-05-22 09:08:54,643: Ready to determine is shape fits.
[rospy.internal][INFO] 2015-05-22 09:08:54,807: topic[/rosout] adding connection to [/rosout], count 0
[rospy.core][INFO] 2015-05-22 09:13:01,513: signal_shutdown [signal-2]
[rospy.internal][INFO] 2015-05-22 09:13:01,548: topic[/rosout] removing connection to /rosout
[rospy.impl.masterslave][INFO] 2015-05-22 09:13:01,548: signal-2
[rosout][INFO] 2015-05-22 09:13:02,163: shut down
[rospy.core][INFO] 2015-05-22 09:13:02,164: signal_shutdown [atexit]
[rospy.client][INFO] 2015-05-22 09:13:08,880: init_node, name[/display_manager_server], pid[27454]
[xmlrpc][INFO] 2015-05-22 09:13:08,880: XML-RPC server binding to 0.0.0.0:0
[rospy.init][INFO] 2015-05-22 09:13:08,881: ROS Slave URI: [http://192.168.1.13:59726/]
[xmlrpc][INFO] 2015-05-22 09:13:08,881: Started XML-RPC server [http://192.168.1.13:59726/]
[rospy.impl.masterslave][INFO] 2015-05-22 09:13:08,881: _ready: http://192.168.1.13:59726/
[rospy.registration][INFO] 2015-05-22 09:13:08,882: Registering with master node http://localhost:11311
[xmlrpc][INFO] 2015-05-22 09:13:08,883: xml rpc node: starting XML-RPC server
[rospy.init][INFO] 2015-05-22 09:13:08,981: registered with master
[rospy.rosout][INFO] 2015-05-22 09:13:08,981: initializing /rosout core topic
[rospy.rosout][INFO] 2015-05-22 09:13:08,985: connected to core topic /rosout
[rospy.simtime][INFO] 2015-05-22 09:13:08,986: /use_sim_time is not set, will not subscribe to simulated time [/clock] topic
[rosout][INFO] 2015-05-22 09:13:08,996: Ready to clear all shapes.
[rosout][INFO] 2015-05-22 09:13:09,000: Ready to display new shapes.
[rosout][INFO] 2015-05-22 09:13:09,002: Ready to determine index of location.
[rosout][INFO] 2015-05-22 09:13:09,004: Ready to determine shape at location.
[rosout][INFO] 2015-05-22 09:13:09,006: Ready to determine closest shape(s) to location.
[rosout][INFO] 2015-05-22 09:13:09,009: Ready to display new shapes at specific location.
[rosout][INFO] 2015-05-22 09:13:09,011: Ready to determine is shape fits.
[rospy.internal][INFO] 2015-05-22 09:13:09,289: topic[/rosout] adding connection to [/rosout], count 0
[rospy.core][INFO] 2015-05-22 09:17:50,667: signal_shutdown [signal-2]
[rospy.internal][INFO] 2015-05-22 09:17:50,697: topic[/rosout] removing connection to /rosout
[rospy.impl.masterslave][INFO] 2015-05-22 09:17:50,698: signal-2
[rosout][INFO] 2015-05-22 09:17:51,313: shut down
[rospy.core][INFO] 2015-05-22 09:17:51,314: signal_shutdown [atexit]
[rospy.client][INFO] 2015-05-22 09:17:55,139: init_node, name[/display_manager_server], pid[29036]
[xmlrpc][INFO] 2015-05-22 09:17:55,140: XML-RPC server binding to 0.0.0.0:0
[xmlrpc][INFO] 2015-05-22 09:17:55,140: Started XML-RPC server [http://192.168.1.13:41533/]
[rospy.impl.masterslave][INFO] 2015-05-22 09:17:55,140: _ready: http://192.168.1.13:41533/
[rospy.registration][INFO] 2015-05-22 09:17:55,141: Registering with master node http://localhost:11311
[xmlrpc][INFO] 2015-05-22 09:17:55,142: xml rpc node: starting XML-RPC server
[rospy.init][INFO] 2015-05-22 09:17:55,143: ROS Slave URI: [http://192.168.1.13:41533/]
[rospy.init][INFO] 2015-05-22 09:17:55,143: registered with master
[rospy.rosout][INFO] 2015-05-22 09:17:55,143: initializing /rosout core topic
[rospy.rosout][INFO] 2015-05-22 09:17:55,147: connected to core topic /rosout
[rospy.simtime][INFO] 2015-05-22 09:17:55,151: /use_sim_time is not set, will not subscribe to simulated time [/clock] topic
[rosout][INFO] 2015-05-22 09:17:55,162: Ready to clear all shapes.
[rosout][INFO] 2015-05-22 09:17:55,169: Ready to display new shapes.
[rosout][INFO] 2015-05-22 09:17:55,171: Ready to determine index of location.
[rosout][INFO] 2015-05-22 09:17:55,173: Ready to determine shape at location.
[rosout][INFO] 2015-05-22 09:17:55,181: Ready to determine closest shape(s) to location.
[rosout][INFO] 2015-05-22 09:17:55,184: Ready to display new shapes at specific location.
[rosout][INFO] 2015-05-22 09:17:55,189: Ready to determine is shape fits.
[rospy.internal][INFO] 2015-05-22 09:17:55,330: topic[/rosout] adding connection to [/rosout], count 0
[rosout][INFO] 2015-05-22 09:18:17,343: Shapes cleared
[rospy.core][INFO] 2015-05-22 09:28:01,878: signal_shutdown [signal-2]
[rospy.internal][INFO] 2015-05-22 09:28:01,901: topic[/rosout] removing connection to /rosout
[rospy.impl.masterslave][INFO] 2015-05-22 09:28:01,902: signal-2
[rosout][INFO] 2015-05-22 09:28:02,517: shut down
[rospy.core][INFO] 2015-05-22 09:28:02,517: signal_shutdown [atexit]
[rospy.client][INFO] 2015-05-22 09:28:07,186: init_node, name[/display_manager_server], pid[15448]
[xmlrpc][INFO] 2015-05-22 09:28:07,186: XML-RPC server binding to 0.0.0.0:0
[xmlrpc][INFO] 2015-05-22 09:28:07,187: Started XML-RPC server [http://192.168.1.13:56351/]
[rospy.impl.masterslave][INFO] 2015-05-22 09:28:07,187: _ready: http://192.168.1.13:56351/
[rospy.registration][INFO] 2015-05-22 09:28:07,188: Registering with master node http://localhost:11311
[xmlrpc][INFO] 2015-05-22 09:28:07,188: xml rpc node: starting XML-RPC server
[rospy.init][INFO] 2015-05-22 09:28:07,195: ROS Slave URI: [http://192.168.1.13:56351/]
[rospy.init][INFO] 2015-05-22 09:28:07,195: registered with master
[rospy.rosout][INFO] 2015-05-22 09:28:07,195: initializing /rosout core topic
[rospy.rosout][INFO] 2015-05-22 09:28:07,198: connected to core topic /rosout
[rospy.simtime][INFO] 2015-05-22 09:28:07,200: /use_sim_time is not set, will not subscribe to simulated time [/clock] topic
[rosout][INFO] 2015-05-22 09:28:07,206: Ready to clear all shapes.
[rosout][INFO] 2015-05-22 09:28:07,209: Ready to display new shapes.
[rosout][INFO] 2015-05-22 09:28:07,217: Ready to determine index of location.
[rosout][INFO] 2015-05-22 09:28:07,219: Ready to determine shape at location.
[rosout][INFO] 2015-05-22 09:28:07,224: Ready to determine closest shape(s) to location.
[rosout][INFO] 2015-05-22 09:28:07,226: Ready to display new shapes at specific location.
[rosout][INFO] 2015-05-22 09:28:07,228: Ready to determine is shape fits.
[rospy.internal][INFO] 2015-05-22 09:28:07,453: topic[/rosout] adding connection to [/rosout], count 0
[rosout][INFO] 2015-05-22 09:28:43,459: Shapes cleared
[rosout][INFO] 2015-05-22 09:29:18,383: Shapes cleared
[rospy.core][INFO] 2015-05-22 09:45:01,451: signal_shutdown [signal-2]
[rospy.internal][INFO] 2015-05-22 09:45:01,475: topic[/rosout] removing connection to /rosout
[rospy.impl.masterslave][INFO] 2015-05-22 09:45:01,476: signal-2
[rosout][INFO] 2015-05-22 09:45:02,090: shut down
[rospy.core][INFO] 2015-05-22 09:45:02,091: signal_shutdown [atexit]
[rospy.client][INFO] 2015-05-22 09:45:27,741: init_node, name[/display_manager_server], pid[21186]
[xmlrpc][INFO] 2015-05-22 09:45:27,743: XML-RPC server binding to 0.0.0.0:0
[xmlrpc][INFO] 2015-05-22 09:45:27,743: Started XML-RPC server [http://192.168.1.13:58400/]
[rospy.impl.masterslave][INFO] 2015-05-22 09:45:27,743: _ready: http://192.168.1.13:58400/
[rospy.init][INFO] 2015-05-22 09:45:27,744: ROS Slave URI: [http://192.168.1.13:58400/]
[xmlrpc][INFO] 2015-05-22 09:45:27,744: xml rpc node: starting XML-RPC server
[rospy.registration][INFO] 2015-05-22 09:45:27,744: Registering with master node http://localhost:11311
[rospy.init][INFO] 2015-05-22 09:45:27,844: registered with master
[rospy.rosout][INFO] 2015-05-22 09:45:27,844: initializing /rosout core topic
[rospy.rosout][INFO] 2015-05-22 09:45:27,847: connected to core topic /rosout
[rospy.simtime][INFO] 2015-05-22 09:45:27,848: /use_sim_time is not set, will not subscribe to simulated time [/clock] topic
[rosout][INFO] 2015-05-22 09:45:27,854: Ready to clear all shapes.
[rosout][INFO] 2015-05-22 09:45:27,856: Ready to display new shapes.
[rosout][INFO] 2015-05-22 09:45:27,857: Ready to determine index of location.
[rosout][INFO] 2015-05-22 09:45:27,859: Ready to determine shape at location.
[rosout][INFO] 2015-05-22 09:45:27,863: Ready to determine closest shape(s) to location.
[rosout][INFO] 2015-05-22 09:45:27,866: Ready to display new shapes at specific location.
[rosout][INFO] 2015-05-22 09:45:27,870: Ready to determine is shape fits.
[rospy.internal][INFO] 2015-05-22 09:45:28,122: topic[/rosout] adding connection to [/rosout], count 0
[rosout][INFO] 2015-05-22 09:46:28,013: Shapes cleared
[rosout][INFO] 2015-05-22 09:46:52,872: Shapes cleared
[rosout][INFO] 2015-05-22 09:47:14,403: Shapes cleared
[rosout][INFO] 2015-05-22 09:47:34,437: Shapes cleared
[rosout][INFO] 2015-05-22 09:47:51,517: Shapes cleared
[rosout][INFO] 2015-05-22 09:48:08,434: Shapes cleared
[rosout][INFO] 2015-05-22 09:48:32,053: Shapes cleared
[rosout][INFO] 2015-05-22 09:48:50,022: Shapes cleared
[rosout][INFO] 2015-05-22 09:49:09,557: Shapes cleared
[rosout][INFO] 2015-05-22 09:49:25,275: Shapes cleared
[rosout][INFO] 2015-05-22 09:49:44,896: Shapes cleared
[rosout][INFO] 2015-05-22 09:50:09,171: Shapes cleared
[rosout][INFO] 2015-05-22 09:50:37,170: Shapes cleared
[rosout][INFO] 2015-05-22 09:50:56,024: Shapes cleared
[rosout][INFO] 2015-05-22 09:51:12,239: Shapes cleared
[rosout][INFO] 2015-05-22 09:51:26,208: Shapes cleared
[rosout][INFO] 2015-05-22 09:51:47,992: Shapes cleared
[rosout][INFO] 2015-05-22 09:52:07,633: Shapes cleared
[rosout][INFO] 2015-05-22 09:52:27,450: Shapes cleared
[rosout][INFO] 2015-05-22 09:53:07,438: Shapes cleared
[rosout][INFO] 2015-05-22 09:53:27,750: Shapes cleared
[rosout][INFO] 2015-05-22 09:53:45,892: Shapes cleared
[rosout][INFO] 2015-05-22 09:54:04,229: Shapes cleared
[rosout][INFO] 2015-05-22 09:54:22,332: Shapes cleared
[rosout][INFO] 2015-05-22 09:54:40,281: Shapes cleared
[rosout][INFO] 2015-05-22 09:54:58,169: Shapes cleared
[rosout][INFO] 2015-05-22 09:55:16,934: Shapes cleared
[rosout][INFO] 2015-05-22 09:55:36,151: Shapes cleared
[rosout][INFO] 2015-05-22 10:00:33,897: Shapes cleared
[rosout][INFO] 2015-05-22 10:02:00,618: Shapes cleared
[rosout][INFO] 2015-05-22 10:02:30,542: Shapes cleared
[rospy.core][INFO] 2015-05-22 10:04:42,122: signal_shutdown [signal-2]
[rospy.internal][INFO] 2015-05-22 10:04:42,141: topic[/rosout] removing connection to /rosout
[rospy.impl.masterslave][INFO] 2015-05-22 10:04:42,141: signal-2
[rosout][INFO] 2015-05-22 10:04:42,756: shut down
[rospy.core][INFO] 2015-05-22 10:04:42,757: signal_shutdown [atexit]
[rospy.client][INFO] 2015-05-22 10:31:20,998: init_node, name[/display_manager_server], pid[5944]
[xmlrpc][INFO] 2015-05-22 10:31:20,998: XML-RPC server binding to 0.0.0.0:0
[xmlrpc][INFO] 2015-05-22 10:31:20,999: Started XML-RPC server [http://192.168.1.13:55439/]
[rospy.impl.masterslave][INFO] 2015-05-22 10:31:20,999: _ready: http://192.168.1.13:55439/
[rospy.init][INFO] 2015-05-22 10:31:20,999: ROS Slave URI: [http://192.168.1.13:55439/]
[rospy.registration][INFO] 2015-05-22 10:31:21,000: Registering with master node http://localhost:11311
[xmlrpc][INFO] 2015-05-22 10:31:21,007: xml rpc node: starting XML-RPC server
[rospy.init][INFO] 2015-05-22 10:31:21,099: registered with master
[rospy.rosout][INFO] 2015-05-22 10:31:21,100: initializing /rosout core topic
[rospy.rosout][INFO] 2015-05-22 10:31:21,108: connected to core topic /rosout
[rospy.simtime][INFO] 2015-05-22 10:31:21,111: /use_sim_time is not set, will not subscribe to simulated time [/clock] topic
[rosout][INFO] 2015-05-22 10:31:21,125: Ready to clear all shapes.
[rosout][INFO] 2015-05-22 10:31:21,144: Ready to display new shapes.
[rosout][INFO] 2015-05-22 10:31:21,151: Ready to determine index of location.
[rosout][INFO] 2015-05-22 10:31:21,153: Ready to determine shape at location.
[rosout][INFO] 2015-05-22 10:31:21,156: Ready to determine closest shape(s) to location.
[rosout][INFO] 2015-05-22 10:31:21,159: Ready to display new shapes at specific location.
[rosout][INFO] 2015-05-22 10:31:21,163: Ready to determine is shape fits.
[rospy.internal][INFO] 2015-05-22 10:31:21,338: topic[/rosout] adding connection to [/rosout], count 0
[rospy.core][INFO] 2015-05-22 10:38:58,249: signal_shutdown [signal-2]
[rospy.internal][INFO] 2015-05-22 10:38:58,281: topic[/rosout] removing connection to /rosout
[rospy.impl.masterslave][INFO] 2015-05-22 10:38:58,281: signal-2
[rosout][INFO] 2015-05-22 10:38:58,389: shut down
[rospy.core][INFO] 2015-05-22 10:38:58,391: signal_shutdown [atexit]
[rospy.client][INFO] 2015-05-22 10:40:33,906: init_node, name[/display_manager_server], pid[9135]
[xmlrpc][INFO] 2015-05-22 10:40:33,907: XML-RPC server binding to 0.0.0.0:0
[xmlrpc][INFO] 2015-05-22 10:40:33,907: Started XML-RPC server [http://192.168.1.13:46155/]
[rospy.impl.masterslave][INFO] 2015-05-22 10:40:33,907: _ready: http://192.168.1.13:46155/
[xmlrpc][INFO] 2015-05-22 10:40:33,908: xml rpc node: starting XML-RPC server
[rospy.registration][INFO] 2015-05-22 10:40:33,908: Registering with master node http://localhost:11311
[rospy.init][INFO] 2015-05-22 10:40:33,910: ROS Slave URI: [http://192.168.1.13:46155/]
[rospy.init][INFO] 2015-05-22 10:40:33,910: registered with master
[rospy.rosout][INFO] 2015-05-22 10:40:33,911: initializing /rosout core topic
[rospy.rosout][INFO] 2015-05-22 10:40:33,920: connected to core topic /rosout
[rospy.simtime][INFO] 2015-05-22 10:40:33,922: /use_sim_time is not set, will not subscribe to simulated time [/clock] topic
[rosout][INFO] 2015-05-22 10:40:33,947: Ready to clear all shapes.
[rosout][INFO] 2015-05-22 10:40:33,952: Ready to display new shapes.
[rosout][INFO] 2015-05-22 10:40:33,955: Ready to determine index of location.
[rosout][INFO] 2015-05-22 10:40:33,959: Ready to determine shape at location.
[rosout][INFO] 2015-05-22 10:40:33,964: Ready to determine closest shape(s) to location.
[rosout][INFO] 2015-05-22 10:40:33,968: Ready to display new shapes at specific location.
[rosout][INFO] 2015-05-22 10:40:33,972: Ready to determine is shape fits.
[rospy.internal][INFO] 2015-05-22 10:40:34,156: topic[/rosout] adding connection to [/rosout], count 0
[rosout][INFO] 2015-05-22 10:43:33,796: Shapes cleared
[rosout][INFO] 2015-05-22 10:44:17,454: Shapes cleared
[rosout][INFO] 2015-05-22 10:44:45,424: Shapes cleared
[rosout][INFO] 2015-05-22 10:45:14,395: Shapes cleared
[rosout][INFO] 2015-05-22 10:45:43,467: Shapes cleared
[rosout][INFO] 2015-05-22 10:46:08,971: Shapes cleared
[rosout][INFO] 2015-05-22 10:46:38,259: Shapes cleared
[rosout][INFO] 2015-05-22 10:47:13,035: Shapes cleared
[rosout][INFO] 2015-05-22 10:47:36,436: Shapes cleared
[rosout][INFO] 2015-05-22 10:48:07,853: Shapes cleared
[rosout][INFO] 2015-05-22 10:49:10,301: Shapes cleared
[rosout][INFO] 2015-05-22 10:49:34,767: Shapes cleared
[rosout][INFO] 2015-05-22 10:49:57,724: Shapes cleared
[rosout][INFO] 2015-05-22 10:50:20,760: Shapes cleared
[rosout][INFO] 2015-05-22 10:50:44,757: Shapes cleared
[rosout][INFO] 2015-05-22 10:51:01,024: Shapes cleared
[rosout][INFO] 2015-05-22 10:51:26,761: Shapes cleared
[rosout][INFO] 2015-05-22 10:51:51,906: Shapes cleared
[rosout][INFO] 2015-05-22 10:52:17,179: Shapes cleared
[rosout][INFO] 2015-05-22 10:52:42,986: Shapes cleared
[rosout][INFO] 2015-05-22 10:53:05,440: Shapes cleared
[rosout][INFO] 2015-05-22 10:53:29,273: Shapes cleared
[rosout][INFO] 2015-05-22 10:53:52,195: Shapes cleared
[rosout][INFO] 2015-05-22 10:55:10,789: Shapes cleared
[rosout][INFO] 2015-05-22 10:55:38,100: Shapes cleared
[rosout][INFO] 2015-05-22 10:56:21,424: Shapes cleared
[rosout][INFO] 2015-05-22 10:56:46,928: Shapes cleared
[rosout][INFO] 2015-05-22 10:57:09,496: Shapes cleared
[rosout][INFO] 2015-05-22 10:57:30,529: Shapes cleared
[rosout][INFO] 2015-05-22 10:57:51,208: Shapes cleared
[rosout][INFO] 2015-05-22 10:58:19,977: Shapes cleared
[rosout][INFO] 2015-05-22 10:58:42,382: Shapes cleared
[rosout][INFO] 2015-05-22 10:59:01,565: Shapes cleared
[rosout][INFO] 2015-05-22 10:59:27,437: Shapes cleared
[rosout][INFO] 2015-05-22 11:00:00,253: Shapes cleared
[rosout][INFO] 2015-05-22 11:02:13,132: Shapes cleared
[rosout][INFO] 2015-05-22 11:02:49,111: Shapes cleared
[rosout][INFO] 2015-05-22 11:03:03,676: Shapes cleared
[rospy.core][INFO] 2015-05-22 12:02:57,986: signal_shutdown [signal-2]
[rospy.internal][INFO] 2015-05-22 12:02:58,015: topic[/rosout] removing connection to /rosout
[rospy.impl.masterslave][INFO] 2015-05-22 12:02:58,016: signal-2
[rosout][INFO] 2015-05-22 12:02:58,119: shut down
[rospy.core][INFO] 2015-05-22 12:02:58,120: signal_shutdown [atexit]
[rospy.client][INFO] 2015-05-22 12:03:02,172: init_node, name[/display_manager_server], pid[8341]
[xmlrpc][INFO] 2015-05-22 12:03:02,173: XML-RPC server binding to 0.0.0.0:0
[rospy.init][INFO] 2015-05-22 12:03:02,173: ROS Slave URI: [http://192.168.1.13:49759/]
[xmlrpc][INFO] 2015-05-22 12:03:02,173: Started XML-RPC server [http://192.168.1.13:49759/]
[rospy.impl.masterslave][INFO] 2015-05-22 12:03:02,174: _ready: http://192.168.1.13:49759/
[xmlrpc][INFO] 2015-05-22 12:03:02,174: xml rpc node: starting XML-RPC server
[rospy.registration][INFO] 2015-05-22 12:03:02,175: Registering with master node http://localhost:11311
[rospy.init][INFO] 2015-05-22 12:03:02,274: registered with master
[rospy.rosout][INFO] 2015-05-22 12:03:02,274: initializing /rosout core topic
[rospy.rosout][INFO] 2015-05-22 12:03:02,277: connected to core topic /rosout
[rospy.simtime][INFO] 2015-05-22 12:03:02,278: /use_sim_time is not set, will not subscribe to simulated time [/clock] topic
[rosout][INFO] 2015-05-22 12:03:02,284: Ready to clear all shapes.
[rosout][INFO] 2015-05-22 12:03:02,286: Ready to display new shapes.
[rosout][INFO] 2015-05-22 12:03:02,288: Ready to determine index of location.
[rosout][INFO] 2015-05-22 12:03:02,294: Ready to determine shape at location.
[rosout][INFO] 2015-05-22 12:03:02,298: Ready to determine closest shape(s) to location.
[rosout][INFO] 2015-05-22 12:03:02,300: Ready to display new shapes at specific location.
[rosout][INFO] 2015-05-22 12:03:02,304: Ready to determine is shape fits.
[rospy.internal][INFO] 2015-05-22 12:03:02,512: topic[/rosout] adding connection to [/rosout], count 0
[rosout][INFO] 2015-05-22 12:03:57,372: Shapes cleared
[rosout][INFO] 2015-05-22 12:05:38,601: Shapes cleared
[rospy.core][INFO] 2015-05-22 12:06:19,930: signal_shutdown [signal-2]
[rospy.internal][INFO] 2015-05-22 12:06:19,964: topic[/rosout] removing connection to /rosout
[rospy.impl.masterslave][INFO] 2015-05-22 12:06:19,964: signal-2
[rosout][INFO] 2015-05-22 12:06:20,579: shut down
[rospy.core][INFO] 2015-05-22 12:06:20,579: signal_shutdown [atexit]
[rospy.client][INFO] 2015-05-22 12:06:25,463: init_node, name[/display_manager_server], pid[16591]
[xmlrpc][INFO] 2015-05-22 12:06:25,463: XML-RPC server binding to 0.0.0.0:0
[xmlrpc][INFO] 2015-05-22 12:06:25,463: Started XML-RPC server [http://192.168.1.13:36858/]
[rospy.impl.masterslave][INFO] 2015-05-22 12:06:25,464: _ready: http://192.168.1.13:36858/
[rospy.registration][INFO] 2015-05-22 12:06:25,465: Registering with master node http://localhost:11311
[xmlrpc][INFO] 2015-05-22 12:06:25,465: xml rpc node: starting XML-RPC server
[rospy.init][INFO] 2015-05-22 12:06:25,474: ROS Slave URI: [http://192.168.1.13:36858/]
[rospy.init][INFO] 2015-05-22 12:06:25,474: registered with master
[rospy.rosout][INFO] 2015-05-22 12:06:25,474: initializing /rosout core topic
[rospy.rosout][INFO] 2015-05-22 12:06:25,478: connected to core topic /rosout
[rospy.simtime][INFO] 2015-05-22 12:06:25,481: /use_sim_time is not set, will not subscribe to simulated time [/clock] topic
[rosout][INFO] 2015-05-22 12:06:25,488: Ready to clear all shapes.
[rosout][INFO] 2015-05-22 12:06:25,494: Ready to display new shapes.
[rosout][INFO] 2015-05-22 12:06:25,496: Ready to determine index of location.
[rosout][INFO] 2015-05-22 12:06:25,499: Ready to determine shape at location.
[rosout][INFO] 2015-05-22 12:06:25,500: Ready to determine closest shape(s) to location.
[rosout][INFO] 2015-05-22 12:06:25,503: Ready to display new shapes at specific location.
[rosout][INFO] 2015-05-22 12:06:25,505: Ready to determine is shape fits.
[rospy.internal][INFO] 2015-05-22 12:06:25,730: topic[/rosout] adding connection to [/rosout], count 0
[rosout][INFO] 2015-05-22 12:06:45,313: Shapes cleared
[rosout][INFO] 2015-05-22 12:07:31,035: Shapes cleared
[rospy.core][INFO] 2015-05-22 12:18:15,801: signal_shutdown [signal-2]
[rospy.internal][INFO] 2015-05-22 12:18:15,823: topic[/rosout] removing connection to /rosout
[rospy.impl.masterslave][INFO] 2015-05-22 12:18:15,823: signal-2
[rosout][INFO] 2015-05-22 12:18:15,955: shut down
[rospy.core][INFO] 2015-05-22 12:18:15,955: signal_shutdown [atexit]
