[I] 16565 qimessaging.session: Session listener created on tcp://0.0.0.0:0
[I] 16565 qimessaging.transportserver: TransportServer will listen on: tcp://128.178.116.95:49271
[I] 16565 qimessaging.transportserver: TransportServer will listen on: tcp://127.0.0.1:49271
[I] 16565 qimessaging.transportserver: TransportServer will listen on: tcp://192.168.1.13:49271
[INFO] [WallTime: 1432289186.779029] Waiting for display manager services to become available
[INFO] [WallTime: 1432289188.796084] Starting new timer
[INFO] [WallTime: 1432289188.797042] Nao configuration: writing=True, speaking=True (french), standing=True, handedness=right
inaoqi-broker: construct at 0.0.0.0:0, parent : 192.168.1.12:9559
[I] 16565 qimessaging.session: Session listener created on tcp://0.0.0.0:0
[I] 16565 qimessaging.transportserver: TransportServer will listen on: tcp://128.178.116.95:47467
[I] 16565 qimessaging.transportserver: TransportServer will listen on: tcp://127.0.0.1:47467
[I] 16565 qimessaging.transportserver: TransportServer will listen on: tcp://192.168.1.13:47467
[INFO] [WallTime: 1432289189.197274] Haven't received a clear on 'watchdog_clear/tablet' topic
[INFO] [WallTime: 1432289189.232694] Re-connection
[INFO] [WallTime: 1432289189.894354] STATE: WAITING_FOR_ROBOT_TO_CONNECT
[INFO] [WallTime: 1432289190.395882] STATE: STARTING_INTERACTION
[INFO] [WallTime: 1432289198.067201] Received word: 1
[INFO] [WallTime: 1432289202.814811] NAO: J'aimerai m'entrainer à l'écriture... Peux-tu m'aider ?
[INFO] [WallTime: 1432289203.315776] STATE: WAITING_FOR_WORD
[INFO] [WallTime: 1432289203.817294] STATE: RESPONDING_TO_NEW_WORD
/home/ferran/CoWriter/shape_learning/share/letter_model_datasets/bad_letters//1.dat
[INFO] [WallTime: 1432289203.963168] NAO: D'accord pour 1
[INFO] [WallTime: 1432289205.308238] Clearing display
[INFO] [WallTime: 1432289206.267121] STATE: PUBLISHING_WORD
[INFO] [WallTime: 1432289206.823889] STATE: WAITING_FOR_LETTER_TO_FINISH
[INFO] [WallTime: 1432289206.885624] Haven't received a clear on 'watchdog_clear/tablet' topic
[INFO] [WallTime: 1432289209.340928] Re-connection
[INFO] [WallTime: 1432289214.733661] STATE: ASKING_FOR_FEEDBACK
[INFO] [WallTime: 1432289214.734498] PUBLISHING_WORD
[INFO] [WallTime: 1432289214.735371] Asking for feedback on word 1
[INFO] [WallTime: 1432289217.324815] NAO: Bon, qu'est ce que tu en penses ?
[INFO] [WallTime: 1432289218.034486] STATE: WAITING_FOR_FEEDBACK
[INFO] [WallTime: 1432289247.032423] Received word: 8
[INFO] [WallTime: 1432289248.059781] STATE: WAITING_FOR_ROBOT_TO_CONNECT
[INFO] [WallTime: 1432289248.561198] STATE: RESPONDING_TO_NEW_WORD
/home/ferran/CoWriter/shape_learning/share/letter_model_datasets/bad_letters//8.dat
[INFO] [WallTime: 1432289248.765039] NAO: Ok, j'essaye 8
[INFO] [WallTime: 1432289251.030512] Clearing display
[INFO] [WallTime: 1432289251.996604] STATE: PUBLISHING_WORD
[INFO] [WallTime: 1432289252.581853] STATE: WAITING_FOR_LETTER_TO_FINISH
[INFO] [WallTime: 1432289252.677255] Haven't received a clear on 'watchdog_clear/tablet' topic
[INFO] [WallTime: 1432289255.117462] Re-connection
[INFO] [WallTime: 1432289260.491875] STATE: ASKING_FOR_FEEDBACK
[INFO] [WallTime: 1432289260.492741] PUBLISHING_WORD
[INFO] [WallTime: 1432289260.493399] Asking for feedback on word 8
[INFO] [WallTime: 1432289262.399774] NAO: Pas facile !
[INFO] [WallTime: 1432289263.158028] STATE: WAITING_FOR_FEEDBACK
[INFO] [WallTime: 1432289327.783223] Haven't received a clear on 'watchdog_clear/tablet' topic
[INFO] [WallTime: 1432289328.647376] Re-connection
[INFO] [WallTime: 1432289428.238790] Haven't received a clear on 'watchdog_clear/tablet' topic
[INFO] [WallTime: 1432289428.294384] Re-connection
