[rospy.client][INFO] 2016-01-25 14:42:58,184: init_node, name[/rostopic_6808_1453729378130], pid[6808]
[xmlrpc][INFO] 2016-01-25 14:42:58,184: XML-RPC server binding to 0.0.0.0:0
[xmlrpc][INFO] 2016-01-25 14:42:58,184: Started XML-RPC server [http://10.0.0.11:46114/]
[rospy.init][INFO] 2016-01-25 14:42:58,184: ROS Slave URI: [http://10.0.0.11:46114/]
[rospy.impl.masterslave][INFO] 2016-01-25 14:42:58,185: _ready: http://10.0.0.11:46114/
[xmlrpc][INFO] 2016-01-25 14:42:58,185: xml rpc node: starting XML-RPC server
[rospy.registration][INFO] 2016-01-25 14:42:58,185: Registering with master node http://10.0.0.11:11311/
[rospy.init][INFO] 2016-01-25 14:42:58,285: registered with master
[rospy.internal][INFO] 2016-01-25 14:42:58,399: topic[/stop_learning] adding connection to [/learning_words_nao], count 0
[rospy.internal][INFO] 2016-01-25 14:42:58,400: topic[/stop_learning] adding connection to [/drawing_nao], count 1
[rospy.internal][INFO] 2016-01-25 14:42:58,401: topic[/stop_learning] adding connection to [/activity_manager], count 2
[rospy.internal][INFO] 2016-01-25 14:42:58,402: topic[/stop_learning] adding connection to [/log], count 3
[rosout][WARNING] 2016-01-25 14:42:59,719: Inbound TCP/IP connection failed: connection from sender terminated before handshake header received. 0 bytes were received. Please check sender for additional details.
[rospy.internal][ERROR] 2016-01-25 14:42:59,724: Inbound TCP/IP connection failed:
Traceback (most recent call last):
  File "/opt/ros/indigo/lib/python2.7/dist-packages/rospy/impl/tcpros_base.py", line 321, in _tcp_server_callback
    header = read_ros_handshake_header(sock, StringIO(), buff_size)
  File "/opt/ros/indigo/lib/python2.7/dist-packages/rosgraph/network.py", line 365, in read_ros_handshake_header
    raise ROSHandshakeException("connection from sender terminated before handshake header received. %s bytes were received. Please check sender for additional details."%b.tell())
ROSHandshakeException: connection from sender terminated before handshake header received. 0 bytes were received. Please check sender for additional details.

[rosout][WARNING] 2016-01-25 14:43:00,229: Inbound TCP/IP connection failed: connection from sender terminated before handshake header received. 0 bytes were received. Please check sender for additional details.
[rospy.internal][ERROR] 2016-01-25 14:43:00,229: Inbound TCP/IP connection failed:
Traceback (most recent call last):
  File "/opt/ros/indigo/lib/python2.7/dist-packages/rospy/impl/tcpros_base.py", line 321, in _tcp_server_callback
    header = read_ros_handshake_header(sock, StringIO(), buff_size)
  File "/opt/ros/indigo/lib/python2.7/dist-packages/rosgraph/network.py", line 365, in read_ros_handshake_header
    raise ROSHandshakeException("connection from sender terminated before handshake header received. %s bytes were received. Please check sender for additional details."%b.tell())
ROSHandshakeException: connection from sender terminated before handshake header received. 0 bytes were received. Please check sender for additional details.

[rospy.core][INFO] 2016-01-25 14:43:01,307: signal_shutdown [atexit]
[rospy.internal][INFO] 2016-01-25 14:43:01,309: topic[/stop_learning] removing connection to /learning_words_nao
[rospy.internal][INFO] 2016-01-25 14:43:01,310: topic[/stop_learning] removing connection to /drawing_nao
[rospy.internal][INFO] 2016-01-25 14:43:01,310: topic[/stop_learning] removing connection to /activity_manager
[rospy.internal][INFO] 2016-01-25 14:43:01,310: topic[/stop_learning] removing connection to /log
[rospy.impl.masterslave][INFO] 2016-01-25 14:43:01,310: atexit
