[rospy.client][INFO] 2016-01-25 10:18:08,077: init_node, name[/rostopic_323_1453713488027], pid[323]
[xmlrpc][INFO] 2016-01-25 10:18:08,077: XML-RPC server binding to 0.0.0.0:0
[xmlrpc][INFO] 2016-01-25 10:18:08,078: Started XML-RPC server [http://10.0.0.11:55601/]
[rospy.init][INFO] 2016-01-25 10:18:08,078: ROS Slave URI: [http://10.0.0.11:55601/]
[rospy.impl.masterslave][INFO] 2016-01-25 10:18:08,078: _ready: http://10.0.0.11:55601/
[rospy.registration][INFO] 2016-01-25 10:18:08,078: Registering with master node http://10.0.0.11:11311/
[xmlrpc][INFO] 2016-01-25 10:18:08,078: xml rpc node: starting XML-RPC server
[rospy.init][INFO] 2016-01-25 10:18:08,178: registered with master
[rospy.internal][INFO] 2016-01-25 10:18:08,237: topic[/stop_learning] adding connection to [/drawing_nao], count 0
[rospy.internal][INFO] 2016-01-25 10:18:08,238: topic[/stop_learning] adding connection to [/activity_manager], count 1
[rospy.internal][INFO] 2016-01-25 10:18:08,255: topic[/stop_learning] adding connection to [/learning_words_nao], count 2
[rospy.internal][INFO] 2016-01-25 10:18:08,266: topic[/stop_learning] adding connection to [/log], count 3
[rosout][WARNING] 2016-01-25 10:18:10,083: Inbound TCP/IP connection failed: connection from sender terminated before handshake header received. 0 bytes were received. Please check sender for additional details.
[rospy.internal][ERROR] 2016-01-25 10:18:10,083: Inbound TCP/IP connection failed:
Traceback (most recent call last):
  File "/opt/ros/indigo/lib/python2.7/dist-packages/rospy/impl/tcpros_base.py", line 321, in _tcp_server_callback
    header = read_ros_handshake_header(sock, StringIO(), buff_size)
  File "/opt/ros/indigo/lib/python2.7/dist-packages/rosgraph/network.py", line 365, in read_ros_handshake_header
    raise ROSHandshakeException("connection from sender terminated before handshake header received. %s bytes were received. Please check sender for additional details."%b.tell())
ROSHandshakeException: connection from sender terminated before handshake header received. 0 bytes were received. Please check sender for additional details.

[rospy.core][INFO] 2016-01-25 10:18:11,187: signal_shutdown [atexit]
[rospy.internal][INFO] 2016-01-25 10:18:11,189: topic[/stop_learning] removing connection to /drawing_nao
[rospy.internal][INFO] 2016-01-25 10:18:11,190: topic[/stop_learning] removing connection to /activity_manager
[rospy.internal][INFO] 2016-01-25 10:18:11,190: topic[/stop_learning] removing connection to /learning_words_nao
[rospy.internal][INFO] 2016-01-25 10:18:11,190: topic[/stop_learning] removing connection to /log
[rospy.impl.masterslave][INFO] 2016-01-25 10:18:11,190: atexit
