[rospy.client][INFO] 2016-01-26 08:34:23,695: init_node, name[/display_manager_server], pid[16927]
[xmlrpc][INFO] 2016-01-26 08:34:23,703: XML-RPC server binding to 0.0.0.0:0
[rospy.init][INFO] 2016-01-26 08:34:23,705: ROS Slave URI: [http://10.0.0.11:54121/]
[xmlrpc][INFO] 2016-01-26 08:34:23,705: Started XML-RPC server [http://10.0.0.11:54121/]
[rospy.impl.masterslave][INFO] 2016-01-26 08:34:23,706: _ready: http://10.0.0.11:54121/
[rospy.registration][INFO] 2016-01-26 08:34:23,732: Registering with master node http://10.0.0.11:11311/
[xmlrpc][INFO] 2016-01-26 08:34:23,732: xml rpc node: starting XML-RPC server
[rospy.init][INFO] 2016-01-26 08:34:23,806: registered with master
[rospy.rosout][INFO] 2016-01-26 08:34:23,806: initializing /rosout core topic
[rospy.rosout][INFO] 2016-01-26 08:34:23,840: connected to core topic /rosout
[rospy.simtime][INFO] 2016-01-26 08:34:23,856: /use_sim_time is not set, will not subscribe to simulated time [/clock] topic
[rosout][INFO] 2016-01-26 08:34:23,928: Ready to clear all shapes.
[rosout][INFO] 2016-01-26 08:34:23,945: Ready to display new shapes.
[rosout][INFO] 2016-01-26 08:34:23,961: Ready to determine index of location.
[rospy.internal][INFO] 2016-01-26 08:34:23,972: topic[/rosout] adding connection to [/rosout], count 0
[rosout][INFO] 2016-01-26 08:34:23,982: Ready to determine shape at location.
[rosout][INFO] 2016-01-26 08:34:23,997: Ready to determine closest shape(s) to location.
[rosout][INFO] 2016-01-26 08:34:24,029: Ready to display new shapes at specific location.
[rosout][INFO] 2016-01-26 08:34:24,053: Ready to determine is shape fits.
[rosout][INFO] 2016-01-26 08:34:50,640: Shapes cleared
[rospy.core][INFO] 2016-01-26 08:38:21,758: signal_shutdown [signal-2]
[rospy.internal][INFO] 2016-01-26 08:38:21,774: topic[/rosout] removing connection to /rosout
[rospy.impl.masterslave][INFO] 2016-01-26 08:38:21,774: signal-2
[rosout][INFO] 2016-01-26 08:38:21,890: shut down
[rospy.core][INFO] 2016-01-26 08:38:21,890: signal_shutdown [atexit]
[rospy.client][INFO] 2016-01-26 08:40:40,839: init_node, name[/display_manager_server], pid[22136]
[xmlrpc][INFO] 2016-01-26 08:40:40,851: XML-RPC server binding to 0.0.0.0:0
[xmlrpc][INFO] 2016-01-26 08:40:40,852: Started XML-RPC server [http://10.0.0.11:38687/]
[rospy.impl.masterslave][INFO] 2016-01-26 08:40:40,852: _ready: http://10.0.0.11:38687/
[rospy.init][INFO] 2016-01-26 08:40:40,855: ROS Slave URI: [http://10.0.0.11:38687/]
[rospy.registration][INFO] 2016-01-26 08:40:40,864: Registering with master node http://10.0.0.11:11311/
[xmlrpc][INFO] 2016-01-26 08:40:40,864: xml rpc node: starting XML-RPC server
[rospy.init][INFO] 2016-01-26 08:40:40,955: registered with master
[rospy.rosout][INFO] 2016-01-26 08:40:40,956: initializing /rosout core topic
[rospy.rosout][INFO] 2016-01-26 08:40:40,971: connected to core topic /rosout
[rospy.simtime][INFO] 2016-01-26 08:40:40,978: /use_sim_time is not set, will not subscribe to simulated time [/clock] topic
[rosout][INFO] 2016-01-26 08:40:41,038: Ready to clear all shapes.
[rosout][INFO] 2016-01-26 08:40:41,044: Ready to display new shapes.
[rosout][INFO] 2016-01-26 08:40:41,053: Ready to determine index of location.
[rosout][INFO] 2016-01-26 08:40:41,071: Ready to determine shape at location.
[rosout][INFO] 2016-01-26 08:40:41,088: Ready to determine closest shape(s) to location.
[rosout][INFO] 2016-01-26 08:40:41,125: Ready to display new shapes at specific location.
[rospy.internal][INFO] 2016-01-26 08:40:41,131: topic[/rosout] adding connection to [/rosout], count 0
[rosout][INFO] 2016-01-26 08:40:41,136: Ready to determine is shape fits.
[rosout][INFO] 2016-01-26 08:41:08,927: Shapes cleared
[rospy.core][INFO] 2016-01-26 08:41:39,894: signal_shutdown [signal-2]
[rospy.internal][INFO] 2016-01-26 08:41:39,925: topic[/rosout] removing connection to /rosout
[rospy.impl.masterslave][INFO] 2016-01-26 08:41:39,925: signal-2
[rosout][INFO] 2016-01-26 08:41:40,540: shut down
[rospy.core][INFO] 2016-01-26 08:41:40,541: signal_shutdown [atexit]
[rospy.client][INFO] 2016-01-26 08:41:50,364: init_node, name[/display_manager_server], pid[23703]
[xmlrpc][INFO] 2016-01-26 08:41:50,369: XML-RPC server binding to 0.0.0.0:0
[xmlrpc][INFO] 2016-01-26 08:41:50,370: Started XML-RPC server [http://10.0.0.11:53917/]
[rospy.impl.masterslave][INFO] 2016-01-26 08:41:50,370: _ready: http://10.0.0.11:53917/
[rospy.init][INFO] 2016-01-26 08:41:50,370: ROS Slave URI: [http://10.0.0.11:53917/]
[xmlrpc][INFO] 2016-01-26 08:41:50,378: xml rpc node: starting XML-RPC server
[rospy.registration][INFO] 2016-01-26 08:41:50,379: Registering with master node http://10.0.0.11:11311/
[rospy.init][INFO] 2016-01-26 08:41:50,471: registered with master
[rospy.rosout][INFO] 2016-01-26 08:41:50,471: initializing /rosout core topic
[rospy.rosout][INFO] 2016-01-26 08:41:50,488: connected to core topic /rosout
[rospy.simtime][INFO] 2016-01-26 08:41:50,500: /use_sim_time is not set, will not subscribe to simulated time [/clock] topic
[rosout][INFO] 2016-01-26 08:41:50,547: Ready to clear all shapes.
[rosout][INFO] 2016-01-26 08:41:50,558: Ready to display new shapes.
[rosout][INFO] 2016-01-26 08:41:50,582: Ready to determine index of location.
[rosout][INFO] 2016-01-26 08:41:50,608: Ready to determine shape at location.
[rosout][INFO] 2016-01-26 08:41:50,633: Ready to determine closest shape(s) to location.
[rosout][INFO] 2016-01-26 08:41:50,642: Ready to display new shapes at specific location.
[rosout][INFO] 2016-01-26 08:41:50,654: Ready to determine is shape fits.
[rospy.internal][INFO] 2016-01-26 08:41:50,750: topic[/rosout] adding connection to [/rosout], count 0
[rosout][INFO] 2016-01-26 08:42:13,165: Shapes cleared
[rospy.core][INFO] 2016-01-26 08:43:35,295: signal_shutdown [signal-2]
[rospy.internal][INFO] 2016-01-26 08:43:35,322: topic[/rosout] removing connection to /rosout
[rospy.impl.masterslave][INFO] 2016-01-26 08:43:35,322: signal-2
[rosout][INFO] 2016-01-26 08:43:35,938: shut down
[rospy.core][INFO] 2016-01-26 08:43:35,938: signal_shutdown [atexit]
[rospy.client][INFO] 2016-01-26 08:43:49,708: init_node, name[/display_manager_server], pid[26562]
[xmlrpc][INFO] 2016-01-26 08:43:49,748: XML-RPC server binding to 0.0.0.0:0
[rospy.init][INFO] 2016-01-26 08:43:49,751: ROS Slave URI: [http://10.0.0.11:57700/]
[xmlrpc][INFO] 2016-01-26 08:43:49,751: Started XML-RPC server [http://10.0.0.11:57700/]
[rospy.impl.masterslave][INFO] 2016-01-26 08:43:49,767: _ready: http://10.0.0.11:57700/
[rospy.registration][INFO] 2016-01-26 08:43:49,776: Registering with master node http://10.0.0.11:11311/
[xmlrpc][INFO] 2016-01-26 08:43:49,776: xml rpc node: starting XML-RPC server
[rospy.init][INFO] 2016-01-26 08:43:49,857: registered with master
[rospy.rosout][INFO] 2016-01-26 08:43:49,858: initializing /rosout core topic
[rospy.rosout][INFO] 2016-01-26 08:43:49,878: connected to core topic /rosout
[rospy.simtime][INFO] 2016-01-26 08:43:49,940: /use_sim_time is not set, will not subscribe to simulated time [/clock] topic
[rosout][INFO] 2016-01-26 08:43:50,093: Ready to clear all shapes.
[rosout][INFO] 2016-01-26 08:43:50,113: Ready to display new shapes.
[rosout][INFO] 2016-01-26 08:43:50,152: Ready to determine index of location.
[rosout][INFO] 2016-01-26 08:43:50,168: Ready to determine shape at location.
[rospy.internal][INFO] 2016-01-26 08:43:50,171: topic[/rosout] adding connection to [/rosout], count 0
[rosout][INFO] 2016-01-26 08:43:50,180: Ready to determine closest shape(s) to location.
[rosout][INFO] 2016-01-26 08:43:50,194: Ready to display new shapes at specific location.
[rosout][INFO] 2016-01-26 08:43:50,236: Ready to determine is shape fits.
[rosout][INFO] 2016-01-26 08:44:11,107: Shapes cleared
[rosout][INFO] 2016-01-26 08:44:58,942: Shape at location returned: 0_-1
[rosout][INFO] 2016-01-26 08:44:59,931: Shape at location returned: 0_-1
[rosout][INFO] 2016-01-26 08:45:00,500: Shape at location returned: 0_-1
[rosout][INFO] 2016-01-26 08:45:20,873: Shapes cleared
[rosout][INFO] 2016-01-26 08:46:15,106: Shapes cleared
[rosout][INFO] 2016-01-26 08:47:11,205: Shapes cleared
[rosout][INFO] 2016-01-26 08:48:22,989: Shapes cleared
[rosout][INFO] 2016-01-26 08:49:00,763: Shapes cleared
[rosout][INFO] 2016-01-26 08:49:52,580: Shapes cleared
[rosout][INFO] 2016-01-26 08:50:15,191: Shape at location returned: 0_-1
[rosout][INFO] 2016-01-26 08:50:48,284: Shapes cleared
[rosout][INFO] 2016-01-26 08:51:13,361: Shape at location returned: 0_-1
[rosout][INFO] 2016-01-26 08:51:46,806: Shapes cleared
[rosout][INFO] 2016-01-26 08:52:44,709: Shapes cleared
[rosout][INFO] 2016-01-26 08:53:38,184: Shapes cleared
[rosout][INFO] 2016-01-26 08:54:28,074: Shapes cleared
[rosout][INFO] 2016-01-26 08:55:06,549: Shapes cleared
[rosout][INFO] 2016-01-26 08:55:58,576: Shapes cleared
[rosout][INFO] 2016-01-26 08:56:38,723: Shapes cleared
[rosout][INFO] 2016-01-26 08:57:39,145: Shapes cleared
[rosout][INFO] 2016-01-26 08:58:32,523: Shapes cleared
[rosout][INFO] 2016-01-26 08:59:22,236: Shapes cleared
[rosout][INFO] 2016-01-26 09:00:07,265: Shapes cleared
[rosout][INFO] 2016-01-26 09:00:43,884: Shapes cleared
[rosout][INFO] 2016-01-26 09:01:49,598: Shapes cleared
[rosout][INFO] 2016-01-26 09:02:27,649: Shapes cleared
[rospy.core][INFO] 2016-01-26 09:03:21,821: signal_shutdown [signal-2]
[rospy.internal][INFO] 2016-01-26 09:03:21,839: topic[/rosout] removing connection to /rosout
[rospy.impl.masterslave][INFO] 2016-01-26 09:03:21,840: signal-2
[rosout][INFO] 2016-01-26 09:03:22,455: shut down
[rospy.core][INFO] 2016-01-26 09:03:22,456: signal_shutdown [atexit]
[rospy.client][INFO] 2016-01-26 09:12:25,727: init_node, name[/display_manager_server], pid[31805]
[xmlrpc][INFO] 2016-01-26 09:12:25,728: XML-RPC server binding to 0.0.0.0:0
[rospy.init][INFO] 2016-01-26 09:12:25,728: ROS Slave URI: [http://10.0.0.11:60049/]
[xmlrpc][INFO] 2016-01-26 09:12:25,728: Started XML-RPC server [http://10.0.0.11:60049/]
[rospy.impl.masterslave][INFO] 2016-01-26 09:12:25,728: _ready: http://10.0.0.11:60049/
[xmlrpc][INFO] 2016-01-26 09:12:25,728: xml rpc node: starting XML-RPC server
[rospy.registration][INFO] 2016-01-26 09:12:25,729: Registering with master node http://10.0.0.11:11311/
[rospy.init][INFO] 2016-01-26 09:12:25,828: registered with master
[rospy.rosout][INFO] 2016-01-26 09:12:25,829: initializing /rosout core topic
[rospy.rosout][INFO] 2016-01-26 09:12:25,847: connected to core topic /rosout
[rospy.simtime][INFO] 2016-01-26 09:12:25,855: /use_sim_time is not set, will not subscribe to simulated time [/clock] topic
[rosout][INFO] 2016-01-26 09:12:25,925: Ready to clear all shapes.
[rosout][INFO] 2016-01-26 09:12:25,945: Ready to display new shapes.
[rosout][INFO] 2016-01-26 09:12:25,960: Ready to determine index of location.
[rosout][INFO] 2016-01-26 09:12:25,972: Ready to determine shape at location.
[rosout][INFO] 2016-01-26 09:12:25,997: Ready to determine closest shape(s) to location.
[rosout][INFO] 2016-01-26 09:12:26,020: Ready to display new shapes at specific location.
[rosout][INFO] 2016-01-26 09:12:26,044: Ready to determine is shape fits.
[rospy.internal][INFO] 2016-01-26 09:12:26,123: topic[/rosout] adding connection to [/rosout], count 0
[rosout][INFO] 2016-01-26 09:12:57,276: Shapes cleared
[rosout][INFO] 2016-01-26 09:14:01,116: Shapes cleared
[rosout][INFO] 2016-01-26 09:14:24,202: Shape at location returned: 0_-1
[rosout][INFO] 2016-01-26 09:14:45,341: Shapes cleared
[rosout][INFO] 2016-01-26 09:15:23,234: Shapes cleared
[rosout][INFO] 2016-01-26 09:16:13,370: Shapes cleared
[rosout][INFO] 2016-01-26 09:16:53,573: Shape at location returned: 0_-1
[rosout][INFO] 2016-01-26 09:17:05,376: Shapes cleared
[rosout][INFO] 2016-01-26 09:17:47,326: Shapes cleared
[rosout][INFO] 2016-01-26 09:18:33,100: Shapes cleared
[rosout][INFO] 2016-01-26 09:19:21,035: Shapes cleared
[rosout][INFO] 2016-01-26 09:20:23,027: Shapes cleared
[rosout][INFO] 2016-01-26 09:21:13,970: Shapes cleared
[rosout][INFO] 2016-01-26 09:22:01,865: Shapes cleared
[rosout][INFO] 2016-01-26 09:22:21,715: Shape at location returned: 0_-1
[rosout][INFO] 2016-01-26 09:22:37,411: Shape at location returned: 0_-1
[rosout][INFO] 2016-01-26 09:22:41,501: Shapes cleared
[rospy.core][INFO] 2016-01-26 09:23:49,022: signal_shutdown [signal-2]
[rospy.internal][INFO] 2016-01-26 09:23:49,076: topic[/rosout] removing connection to /rosout
[rospy.impl.masterslave][INFO] 2016-01-26 09:23:49,077: signal-2
[rosout][INFO] 2016-01-26 09:23:49,731: shut down
[rospy.core][INFO] 2016-01-26 09:23:49,732: signal_shutdown [atexit]
[rospy.client][INFO] 2016-01-26 09:29:02,630: init_node, name[/display_manager_server], pid[21671]
[xmlrpc][INFO] 2016-01-26 09:29:02,643: XML-RPC server binding to 0.0.0.0:0
[xmlrpc][INFO] 2016-01-26 09:29:02,644: Started XML-RPC server [http://10.0.0.11:36502/]
[rospy.impl.masterslave][INFO] 2016-01-26 09:29:02,644: _ready: http://10.0.0.11:36502/
[rospy.init][INFO] 2016-01-26 09:29:02,644: ROS Slave URI: [http://10.0.0.11:36502/]
[xmlrpc][INFO] 2016-01-26 09:29:02,655: xml rpc node: starting XML-RPC server
[rospy.registration][INFO] 2016-01-26 09:29:02,658: Registering with master node http://10.0.0.11:11311/
[rospy.init][INFO] 2016-01-26 09:29:02,744: registered with master
[rospy.rosout][INFO] 2016-01-26 09:29:02,745: initializing /rosout core topic
[rospy.rosout][INFO] 2016-01-26 09:29:02,769: connected to core topic /rosout
[rospy.simtime][INFO] 2016-01-26 09:29:02,805: /use_sim_time is not set, will not subscribe to simulated time [/clock] topic
[rosout][INFO] 2016-01-26 09:29:02,908: Ready to clear all shapes.
[rosout][INFO] 2016-01-26 09:29:02,948: Ready to display new shapes.
[rosout][INFO] 2016-01-26 09:29:02,977: Ready to determine index of location.
[rosout][INFO] 2016-01-26 09:29:03,003: Ready to determine shape at location.
[rosout][INFO] 2016-01-26 09:29:03,028: Ready to determine closest shape(s) to location.
[rospy.internal][INFO] 2016-01-26 09:29:03,045: topic[/rosout] adding connection to [/rosout], count 0
[rosout][INFO] 2016-01-26 09:29:03,049: Ready to display new shapes at specific location.
[rosout][INFO] 2016-01-26 09:29:03,081: Ready to determine is shape fits.
[rosout][INFO] 2016-01-26 09:29:26,577: Shapes cleared
[rosout][INFO] 2016-01-26 09:30:07,756: Shape at location returned: 0_-1
[rosout][INFO] 2016-01-26 09:30:09,415: Shape at location returned: 0_-1
[rosout][INFO] 2016-01-26 09:30:11,046: Shape at location returned: 0_-1
[rosout][INFO] 2016-01-26 09:30:17,391: Shape at location returned: 0_-1
[rosout][INFO] 2016-01-26 09:30:38,311: Shapes cleared
[rosout][INFO] 2016-01-26 09:31:54,624: Shapes cleared
[rosout][INFO] 2016-01-26 09:32:42,212: Shapes cleared
[rosout][INFO] 2016-01-26 09:33:23,043: Shapes cleared
[rosout][INFO] 2016-01-26 09:34:14,078: Shapes cleared
[rosout][INFO] 2016-01-26 09:34:37,359: Shape at location returned: 0_-1
[rosout][INFO] 2016-01-26 09:34:59,074: Shapes cleared
[rosout][INFO] 2016-01-26 09:36:20,965: Shapes cleared
[rosout][INFO] 2016-01-26 09:37:15,289: Shapes cleared
[rosout][INFO] 2016-01-26 09:38:28,556: Shapes cleared
[rosout][INFO] 2016-01-26 09:39:23,720: Shapes cleared
[rosout][INFO] 2016-01-26 09:40:03,549: Shapes cleared
[rospy.core][INFO] 2016-01-26 09:41:19,963: signal_shutdown [signal-2]
[rospy.internal][INFO] 2016-01-26 09:41:19,975: topic[/rosout] removing connection to /rosout
[rospy.impl.masterslave][INFO] 2016-01-26 09:41:19,975: signal-2
[rosout][INFO] 2016-01-26 09:41:20,139: shut down
[rospy.core][INFO] 2016-01-26 09:41:20,140: signal_shutdown [atexit]
[rospy.client][INFO] 2016-01-26 10:24:03,242: init_node, name[/display_manager_server], pid[13642]
[xmlrpc][INFO] 2016-01-26 10:24:03,251: XML-RPC server binding to 0.0.0.0:0
[rospy.init][INFO] 2016-01-26 10:24:03,252: ROS Slave URI: [http://10.0.0.11:49380/]
[xmlrpc][INFO] 2016-01-26 10:24:03,252: Started XML-RPC server [http://10.0.0.11:49380/]
[rospy.impl.masterslave][INFO] 2016-01-26 10:24:03,252: _ready: http://10.0.0.11:49380/
[rospy.registration][INFO] 2016-01-26 10:24:03,264: Registering with master node http://10.0.0.11:11311/
[xmlrpc][INFO] 2016-01-26 10:24:03,264: xml rpc node: starting XML-RPC server
[rospy.init][INFO] 2016-01-26 10:24:03,352: registered with master
[rospy.rosout][INFO] 2016-01-26 10:24:03,352: initializing /rosout core topic
[rospy.rosout][INFO] 2016-01-26 10:24:03,371: connected to core topic /rosout
[rospy.simtime][INFO] 2016-01-26 10:24:03,378: /use_sim_time is not set, will not subscribe to simulated time [/clock] topic
[rosout][INFO] 2016-01-26 10:24:03,421: Ready to clear all shapes.
[rosout][INFO] 2016-01-26 10:24:03,452: Ready to display new shapes.
[rosout][INFO] 2016-01-26 10:24:03,457: Ready to determine index of location.
[rosout][INFO] 2016-01-26 10:24:03,469: Ready to determine shape at location.
[rosout][INFO] 2016-01-26 10:24:03,471: Ready to determine closest shape(s) to location.
[rosout][INFO] 2016-01-26 10:24:03,481: Ready to display new shapes at specific location.
[rosout][INFO] 2016-01-26 10:24:03,491: Ready to determine is shape fits.
[rospy.internal][INFO] 2016-01-26 10:24:03,634: topic[/rosout] adding connection to [/rosout], count 0
[rosout][INFO] 2016-01-26 10:24:24,316: Shapes cleared
[rosout][INFO] 2016-01-26 10:25:31,012: Shapes cleared
[rosout][INFO] 2016-01-26 10:26:09,083: Shapes cleared
[rosout][INFO] 2016-01-26 10:26:57,186: Shapes cleared
[rosout][INFO] 2016-01-26 10:27:54,477: Shapes cleared
[rosout][INFO] 2016-01-26 10:28:31,527: Shapes cleared
[rosout][INFO] 2016-01-26 10:29:11,780: Shapes cleared
[rosout][INFO] 2016-01-26 10:29:45,763: Shapes cleared
[rosout][INFO] 2016-01-26 10:30:14,983: Shapes cleared
[rosout][INFO] 2016-01-26 10:30:39,757: Shapes cleared
[rosout][INFO] 2016-01-26 10:31:08,970: Shapes cleared
[rosout][INFO] 2016-01-26 10:31:44,170: Shapes cleared
[rosout][INFO] 2016-01-26 10:32:37,357: Shapes cleared
[rosout][INFO] 2016-01-26 10:33:47,948: Shapes cleared
[rosout][INFO] 2016-01-26 10:34:58,235: Shapes cleared
[rosout][INFO] 2016-01-26 10:35:33,708: Shapes cleared
[rosout][INFO] 2016-01-26 10:36:21,784: Shapes cleared
[rosout][INFO] 2016-01-26 10:37:13,191: Shapes cleared
[rosout][INFO] 2016-01-26 10:37:41,836: Shapes cleared
[rosout][INFO] 2016-01-26 10:38:36,944: Shapes cleared
[rospy.core][INFO] 2016-01-26 10:39:08,193: signal_shutdown [signal-2]
[rospy.internal][INFO] 2016-01-26 10:39:08,218: topic[/rosout] removing connection to /rosout
[rospy.impl.masterslave][INFO] 2016-01-26 10:39:08,218: signal-2
[rosout][INFO] 2016-01-26 10:39:08,350: shut down
[rospy.core][INFO] 2016-01-26 10:39:08,350: signal_shutdown [atexit]
[rospy.client][INFO] 2016-01-26 10:48:41,863: init_node, name[/display_manager_server], pid[10001]
[xmlrpc][INFO] 2016-01-26 10:48:41,884: XML-RPC server binding to 0.0.0.0:0
[rospy.init][INFO] 2016-01-26 10:48:41,890: ROS Slave URI: [http://10.0.0.11:44516/]
[xmlrpc][INFO] 2016-01-26 10:48:41,890: Started XML-RPC server [http://10.0.0.11:44516/]
[rospy.impl.masterslave][INFO] 2016-01-26 10:48:41,890: _ready: http://10.0.0.11:44516/
[rospy.registration][INFO] 2016-01-26 10:48:41,904: Registering with master node http://10.0.0.11:11311/
[xmlrpc][INFO] 2016-01-26 10:48:41,904: xml rpc node: starting XML-RPC server
[rospy.init][INFO] 2016-01-26 10:48:41,990: registered with master
[rospy.rosout][INFO] 2016-01-26 10:48:41,991: initializing /rosout core topic
[rospy.rosout][INFO] 2016-01-26 10:48:42,023: connected to core topic /rosout
[rospy.simtime][INFO] 2016-01-26 10:48:42,040: /use_sim_time is not set, will not subscribe to simulated time [/clock] topic
[rosout][INFO] 2016-01-26 10:48:42,117: Ready to clear all shapes.
[rosout][INFO] 2016-01-26 10:48:42,140: Ready to display new shapes.
[rosout][INFO] 2016-01-26 10:48:42,168: Ready to determine index of location.
[rosout][INFO] 2016-01-26 10:48:42,188: Ready to determine shape at location.
[rosout][INFO] 2016-01-26 10:48:42,200: Ready to determine closest shape(s) to location.
[rosout][INFO] 2016-01-26 10:48:42,222: Ready to display new shapes at specific location.
[rosout][INFO] 2016-01-26 10:48:42,276: Ready to determine is shape fits.
[rospy.internal][INFO] 2016-01-26 10:48:42,318: topic[/rosout] adding connection to [/rosout], count 0
[rospy.core][INFO] 2016-01-26 10:49:24,410: signal_shutdown [signal-2]
[rospy.internal][INFO] 2016-01-26 10:49:24,432: topic[/rosout] removing connection to /rosout
[rospy.impl.masterslave][INFO] 2016-01-26 10:49:24,432: signal-2
[rosout][INFO] 2016-01-26 10:49:25,047: shut down
[rospy.core][INFO] 2016-01-26 10:49:25,048: signal_shutdown [atexit]
[rospy.client][INFO] 2016-01-26 10:50:31,451: init_node, name[/display_manager_server], pid[10891]
[xmlrpc][INFO] 2016-01-26 10:50:31,467: XML-RPC server binding to 0.0.0.0:0
[xmlrpc][INFO] 2016-01-26 10:50:31,468: Started XML-RPC server [http://10.0.0.11:57226/]
[rospy.impl.masterslave][INFO] 2016-01-26 10:50:31,468: _ready: http://10.0.0.11:57226/
[rospy.init][INFO] 2016-01-26 10:50:31,468: ROS Slave URI: [http://10.0.0.11:57226/]
[xmlrpc][INFO] 2016-01-26 10:50:31,478: xml rpc node: starting XML-RPC server
[rospy.registration][INFO] 2016-01-26 10:50:31,484: Registering with master node http://10.0.0.11:11311/
[rospy.init][INFO] 2016-01-26 10:50:31,568: registered with master
[rospy.rosout][INFO] 2016-01-26 10:50:31,568: initializing /rosout core topic
[rospy.rosout][INFO] 2016-01-26 10:50:31,593: connected to core topic /rosout
[rospy.simtime][INFO] 2016-01-26 10:50:31,625: /use_sim_time is not set, will not subscribe to simulated time [/clock] topic
[rosout][INFO] 2016-01-26 10:50:31,679: Ready to clear all shapes.
[rosout][INFO] 2016-01-26 10:50:31,700: Ready to display new shapes.
[rosout][INFO] 2016-01-26 10:50:31,719: Ready to determine index of location.
[rosout][INFO] 2016-01-26 10:50:31,731: Ready to determine shape at location.
[rosout][INFO] 2016-01-26 10:50:31,745: Ready to determine closest shape(s) to location.
[rosout][INFO] 2016-01-26 10:50:31,756: Ready to display new shapes at specific location.
[rosout][INFO] 2016-01-26 10:50:31,768: Ready to determine is shape fits.
[rospy.internal][INFO] 2016-01-26 10:50:31,804: topic[/rosout] adding connection to [/rosout], count 0
[rosout][INFO] 2016-01-26 10:51:10,686: Shapes cleared
[rosout][INFO] 2016-01-26 10:52:33,371: Shapes cleared
[rosout][INFO] 2016-01-26 10:53:26,612: Shapes cleared
[rosout][INFO] 2016-01-26 10:54:29,027: Shapes cleared
[rosout][INFO] 2016-01-26 10:55:08,525: Shapes cleared
[rosout][INFO] 2016-01-26 10:55:55,012: Shapes cleared
[rosout][INFO] 2016-01-26 10:56:40,257: Shapes cleared
[rosout][INFO] 2016-01-26 10:57:28,747: Shapes cleared
[rosout][INFO] 2016-01-26 10:58:16,526: Shapes cleared
[rosout][INFO] 2016-01-26 10:59:10,020: Shapes cleared
[rosout][INFO] 2016-01-26 11:00:03,263: Shapes cleared
[rosout][INFO] 2016-01-26 11:00:41,152: Shapes cleared
[rosout][INFO] 2016-01-26 11:01:22,987: Shapes cleared
[rospy.core][INFO] 2016-01-26 11:02:36,899: signal_shutdown [signal-2]
[rospy.internal][INFO] 2016-01-26 11:02:36,918: topic[/rosout] removing connection to /rosout
[rospy.impl.masterslave][INFO] 2016-01-26 11:02:36,918: signal-2
[rosout][INFO] 2016-01-26 11:02:37,533: shut down
[rospy.core][INFO] 2016-01-26 11:02:37,533: signal_shutdown [atexit]
[rospy.client][INFO] 2016-01-26 11:12:09,151: init_node, name[/display_manager_server], pid[1901]
[xmlrpc][INFO] 2016-01-26 11:12:09,177: XML-RPC server binding to 0.0.0.0:0
[xmlrpc][INFO] 2016-01-26 11:12:09,179: Started XML-RPC server [http://10.0.0.11:51955/]
[rospy.init][INFO] 2016-01-26 11:12:09,179: ROS Slave URI: [http://10.0.0.11:51955/]
[rospy.impl.masterslave][INFO] 2016-01-26 11:12:09,182: _ready: http://10.0.0.11:51955/
[rospy.registration][INFO] 2016-01-26 11:12:09,200: Registering with master node http://10.0.0.11:11311/
[xmlrpc][INFO] 2016-01-26 11:12:09,203: xml rpc node: starting XML-RPC server
[rospy.init][INFO] 2016-01-26 11:12:09,282: registered with master
[rospy.rosout][INFO] 2016-01-26 11:12:09,282: initializing /rosout core topic
[rospy.rosout][INFO] 2016-01-26 11:12:09,292: connected to core topic /rosout
[rospy.simtime][INFO] 2016-01-26 11:12:09,308: /use_sim_time is not set, will not subscribe to simulated time [/clock] topic
[rosout][INFO] 2016-01-26 11:12:09,431: Ready to clear all shapes.
[rosout][INFO] 2016-01-26 11:12:09,472: Ready to display new shapes.
[rospy.internal][INFO] 2016-01-26 11:12:09,499: topic[/rosout] adding connection to [/rosout], count 0
[rosout][INFO] 2016-01-26 11:12:09,500: Ready to determine index of location.
[rosout][INFO] 2016-01-26 11:12:09,525: Ready to determine shape at location.
[rosout][INFO] 2016-01-26 11:12:09,555: Ready to determine closest shape(s) to location.
[rosout][INFO] 2016-01-26 11:12:09,590: Ready to display new shapes at specific location.
[rosout][INFO] 2016-01-26 11:12:09,619: Ready to determine is shape fits.
[rosout][INFO] 2016-01-26 11:12:29,923: Shapes cleared
[rosout][INFO] 2016-01-26 11:13:12,605: Shape at location returned: 0_-1
[rosout][INFO] 2016-01-26 11:13:13,366: Shape at location returned: 0_-1
[rosout][INFO] 2016-01-26 11:13:21,871: Shape at location returned: 0_-1
[rosout][INFO] 2016-01-26 11:13:33,321: Shapes cleared
[rosout][INFO] 2016-01-26 11:14:23,842: Shapes cleared
[rosout][INFO] 2016-01-26 11:15:14,479: Shapes cleared
[rosout][INFO] 2016-01-26 11:15:53,916: Shapes cleared
[rosout][INFO] 2016-01-26 11:16:25,878: Shape at location returned: 0_-1
[rosout][INFO] 2016-01-26 11:16:35,975: Shapes cleared
[rosout][INFO] 2016-01-26 11:17:36,171: Shapes cleared
[rosout][INFO] 2016-01-26 11:18:12,822: Shapes cleared
[rosout][INFO] 2016-01-26 11:18:55,366: Shapes cleared
[rosout][INFO] 2016-01-26 11:19:32,470: Shapes cleared
[rosout][INFO] 2016-01-26 11:20:06,402: Shapes cleared
[rosout][INFO] 2016-01-26 11:20:35,852: Shapes cleared
[rosout][INFO] 2016-01-26 11:21:10,071: Shapes cleared
[rosout][INFO] 2016-01-26 11:21:43,938: Shapes cleared
[rosout][INFO] 2016-01-26 11:22:19,134: Shapes cleared
[rospy.core][INFO] 2016-01-26 11:23:43,164: signal_shutdown [signal-2]
[rospy.internal][INFO] 2016-01-26 11:23:43,187: topic[/rosout] removing connection to /rosout
[rospy.impl.masterslave][INFO] 2016-01-26 11:23:43,188: signal-2
[rosout][INFO] 2016-01-26 11:23:43,303: shut down
[rospy.core][INFO] 2016-01-26 11:23:43,304: signal_shutdown [atexit]
[rospy.client][INFO] 2016-01-26 11:32:48,367: init_node, name[/display_manager_server], pid[23902]
[xmlrpc][INFO] 2016-01-26 11:32:48,376: XML-RPC server binding to 0.0.0.0:0
[xmlrpc][INFO] 2016-01-26 11:32:48,376: Started XML-RPC server [http://10.0.0.11:36213/]
[rospy.impl.masterslave][INFO] 2016-01-26 11:32:48,376: _ready: http://10.0.0.11:36213/
[rospy.init][INFO] 2016-01-26 11:32:48,376: ROS Slave URI: [http://10.0.0.11:36213/]
[rospy.registration][INFO] 2016-01-26 11:32:48,388: Registering with master node http://10.0.0.11:11311/
[xmlrpc][INFO] 2016-01-26 11:32:48,391: xml rpc node: starting XML-RPC server
[rospy.init][INFO] 2016-01-26 11:32:48,477: registered with master
[rospy.rosout][INFO] 2016-01-26 11:32:48,477: initializing /rosout core topic
[rospy.rosout][INFO] 2016-01-26 11:32:48,485: connected to core topic /rosout
[rospy.simtime][INFO] 2016-01-26 11:32:48,503: /use_sim_time is not set, will not subscribe to simulated time [/clock] topic
[rosout][INFO] 2016-01-26 11:32:48,576: Ready to clear all shapes.
[rosout][INFO] 2016-01-26 11:32:48,596: Ready to display new shapes.
[rosout][INFO] 2016-01-26 11:32:48,621: Ready to determine index of location.
[rosout][INFO] 2016-01-26 11:32:48,644: Ready to determine shape at location.
[rosout][INFO] 2016-01-26 11:32:48,684: Ready to determine closest shape(s) to location.
[rosout][INFO] 2016-01-26 11:32:48,720: Ready to display new shapes at specific location.
[rosout][INFO] 2016-01-26 11:32:48,743: Ready to determine is shape fits.
[rospy.internal][INFO] 2016-01-26 11:32:48,770: topic[/rosout] adding connection to [/rosout], count 0
[rosout][INFO] 2016-01-26 11:33:08,179: Shapes cleared
[rosout][INFO] 2016-01-26 11:34:01,418: Shapes cleared
[rosout][INFO] 2016-01-26 11:34:32,500: Shapes cleared
[rosout][INFO] 2016-01-26 11:35:14,113: Shape at location returned: 0_-1
[rosout][INFO] 2016-01-26 11:36:15,641: Shapes cleared
[rosout][INFO] 2016-01-26 11:36:47,515: Shapes cleared
[rosout][INFO] 2016-01-26 11:38:06,316: Shapes cleared
[rosout][INFO] 2016-01-26 11:38:33,276: Shapes cleared
[rosout][INFO] 2016-01-26 11:39:02,728: Shape at location returned: 0_-1
[rosout][INFO] 2016-01-26 11:39:33,229: Shapes cleared
[rosout][INFO] 2016-01-26 11:40:58,536: Shape at location returned: 0_-1
[rosout][INFO] 2016-01-26 11:41:09,290: Shapes cleared
[rosout][INFO] 2016-01-26 11:42:07,920: Shapes cleared
[rosout][INFO] 2016-01-26 11:43:37,835: Shapes cleared
[rospy.core][INFO] 2016-01-26 12:35:39,178: signal_shutdown [signal-2]
[rospy.internal][INFO] 2016-01-26 12:35:39,193: topic[/rosout] removing connection to /rosout
[rospy.impl.masterslave][INFO] 2016-01-26 12:35:39,193: signal-2
[rosout][INFO] 2016-01-26 12:35:39,295: shut down
[rospy.core][INFO] 2016-01-26 12:35:39,295: signal_shutdown [atexit]
