[I] 23899 qimessaging.session: Session listener created on tcp://0.0.0.0:0
[I] 23899 qimessaging.transportserver: TransportServer will listen on: tcp://172.17.0.1:57879
[I] 23899 qimessaging.transportserver: TransportServer will listen on: tcp://127.0.0.1:57879
[I] 23899 qimessaging.transportserver: TransportServer will listen on: tcp://10.0.0.11:57879
[INFO] [WallTime: 1453804370.060503] Waiting for display manager services to become available
[INFO] [WallTime: 1453804372.068020] Starting new timer
[INFO] [WallTime: 1453804372.073784] Nao configuration: writing=True, speaking=True (english), standing=False, handedness=right
inaoqi-broker: construct at 0.0.0.0:0, parent : 10.0.0.2:9559
[I] 23899 qimessaging.session: Session listener created on tcp://0.0.0.0:0
[I] 23899 qimessaging.transportserver: TransportServer will listen on: tcp://172.17.0.1:34255
[I] 23899 qimessaging.transportserver: TransportServer will listen on: tcp://127.0.0.1:34255
[I] 23899 qimessaging.transportserver: TransportServer will listen on: tcp://10.0.0.11:34255
[INFO] [WallTime: 1453804372.473859] Haven't received a clear on 'watchdog_clear/tablet' topic
[INFO] [WallTime: 1453804372.543462] Re-connection
[INFO] [WallTime: 1453804375.333165] STATE: WAITING_FOR_ROBOT_TO_CONNECT
[INFO] [WallTime: 1453804375.834186] STATE: STARTING_INTERACTION
[INFO] [WallTime: 1453804381.800077] NAO: I want to practice my writing... Can you help me?
[INFO] [WallTime: 1453804382.301108] STATE: WAITING_FOR_WORD
[INFO] [WallTime: 1453804385.659028] Received word: bed
[INFO] [WallTime: 1453804386.404990] STATE: RESPONDING_TO_NEW_WORD
[INFO] [WallTime: 1453804386.635712] NAO: Let's try the word bed
[INFO] [WallTime: 1453804388.177678] Clearing display
[INFO] [WallTime: 1453804389.179518] STATE: PUBLISHING_WORD
writing_surface
writing_surface
writing_surface
writing_surface
writing_surface
writing_surface
writing_surface
writing_surface
writing_surface
writing_surface
writing_surface
writing_surface
writing_surface
writing_surface
writing_surface
writing_surface
writing_surface
writing_surface
writing_surface
writing_surface
writing_surface
writing_surface
writing_surface
writing_surface
writing_surface
writing_surface
writing_surface
writing_surface
writing_surface
writing_surface
writing_surface
writing_surface
writing_surface
writing_surface
writing_surface
writing_surface
writing_surface
writing_surface
writing_surface
writing_surface
writing_surface
writing_surface
writing_surface
writing_surface
writing_surface
writing_surface
writing_surface
writing_surface
writing_surface
writing_surface
writing_surface
writing_surface
writing_surface
writing_surface
writing_surface
writing_surface
writing_surface
writing_surface
writing_surface
writing_surface
writing_surface
writing_surface
writing_surface
writing_surface
writing_surface
writing_surface
writing_surface
writing_surface
writing_surface
writing_surface
writing_surface
writing_surface
writing_surface
writing_surface
writing_surface
writing_surface
writing_surface
writing_surface
writing_surface
writing_surface
writing_surface
writing_surface
writing_surface
writing_surface
writing_surface
writing_surface
writing_surface
writing_surface
writing_surface
writing_surface
writing_surface
writing_surface
writing_surface
writing_surface
writing_surface
writing_surface
writing_surface
writing_surface
writing_surface
writing_surface
writing_surface
writing_surface
writing_surface
writing_surface
writing_surface
writing_surface
writing_surface
writing_surface
writing_surface
writing_surface
writing_surface
writing_surface
writing_surface
writing_surface
writing_surface
writing_surface
writing_surface
writing_surface
writing_surface
writing_surface
writing_surface
writing_surface
writing_surface
writing_surface
writing_surface
writing_surface
writing_surface
writing_surface
writing_surface
writing_surface
writing_surface
writing_surface
writing_surface
writing_surface
writing_surface
writing_surface
writing_surface
writing_surface
writing_surface
writing_surface
writing_surface
writing_surface
writing_surface
writing_surface
writing_surface
writing_surface
writing_surface
writing_surface
writing_surface
writing_surface
writing_surface
writing_surface
writing_surface
writing_surface
writing_surface
writing_surface
writing_surface
writing_surface
writing_surface
writing_surface
writing_surface
writing_surface
writing_surface
writing_surface
writing_surface
writing_surface
writing_surface
writing_surface
writing_surface
writing_surface
writing_surface
writing_surface
writing_surface
writing_surface
writing_surface
writing_surface
writing_surface
writing_surface
writing_surface
writing_surface
writing_surface
writing_surface
writing_surface
writing_surface
writing_surface
writing_surface
writing_surface
writing_surface
writing_surface
writing_surface
writing_surface
writing_surface
writing_surface
writing_surface
writing_surface
writing_surface
writing_surface
writing_surface
writing_surface
writing_surface
writing_surface
writing_surface
writing_surface
writing_surface
writing_surface
writing_surface
writing_surface
writing_surface
writing_surface
writing_surface
writing_surface
writing_surface
writing_surface
writing_surface
writing_surface
writing_surface
[INFO] [WallTime: 1453804389.714028] Haven't received a clear on 'watchdog_clear/tablet' topic
[INFO] [WallTime: 1453804389.730284] STATE: WAITING_FOR_LETTER_TO_FINISH
[INFO] [WallTime: 1453804392.198573] Re-connection
[INFO] [WallTime: 1453804401.041796] STATE: ASKING_FOR_FEEDBACK
[INFO] [WallTime: 1453804401.042216] PUBLISHING_WORD
[INFO] [WallTime: 1453804401.042542] Asking for feedback on word bed
[INFO] [WallTime: 1453804403.399326] NAO: Okay, what do you think?
[INFO] [WallTime: 1453804404.095406] STATE: WAITING_FOR_FEEDBACK
[INFO] [WallTime: 1453804404.469058] User feedback -1
[INFO] [WallTime: 1453804437.962967] Received template demonstration for letters ['b', 'e', 'd']
[INFO] [WallTime: 1453804438.844615] STATE: WAITING_FOR_ROBOT_TO_CONNECT
[INFO] [WallTime: 1453804439.345692] STATE: RESPONDING_TO_DEMONSTRATION_FULL_WORD
[INFO] [WallTime: 1453804441.408318] NAO: Okay, I'll try it like you
[INFO] [WallTime: 1453804441.409204] Downsampling of b done. Demo received for b
[INFO] [WallTime: 1453804441.411508] Downsampling of e done. Demo received for e
[INFO] [WallTime: 1453804441.414749] Downsampling of d done. Demo received for d
[INFO] [WallTime: 1453804441.416496] Clearing display
[INFO] [WallTime: 1453804442.418381] STATE: PUBLISHING_WORD
writing_surface
writing_surface
writing_surface
writing_surface
writing_surface
writing_surface
writing_surface
writing_surface
writing_surface
writing_surface
writing_surface
writing_surface
writing_surface
writing_surface
writing_surface
writing_surface
writing_surface
writing_surface
writing_surface
writing_surface
writing_surface
writing_surface
writing_surface
writing_surface
writing_surface
writing_surface
writing_surface
writing_surface
writing_surface
writing_surface
writing_surface
writing_surface
writing_surface
writing_surface
writing_surface
writing_surface
writing_surface
writing_surface
writing_surface
writing_surface
writing_surface
writing_surface
writing_surface
writing_surface
writing_surface
writing_surface
writing_surface
writing_surface
writing_surface
writing_surface
writing_surface
writing_surface
writing_surface
writing_surface
writing_surface
writing_surface
writing_surface
writing_surface
writing_surface
writing_surface
writing_surface
writing_surface
writing_surface
writing_surface
writing_surface
writing_surface
writing_surface
writing_surface
writing_surface
writing_surface
writing_surface
writing_surface
writing_surface
writing_surface
writing_surface
writing_surface
writing_surface
writing_surface
writing_surface
writing_surface
writing_surface
writing_surface
writing_surface
writing_surface
writing_surface
writing_surface
writing_surface
writing_surface
writing_surface
writing_surface
writing_surface
writing_surface
writing_surface
writing_surface
writing_surface
writing_surface
writing_surface
writing_surface
writing_surface
writing_surface
writing_surface
writing_surface
writing_surface
writing_surface
writing_surface
writing_surface
writing_surface
writing_surface
writing_surface
writing_surface
writing_surface
writing_surface
writing_surface
writing_surface
writing_surface
writing_surface
writing_surface
writing_surface
writing_surface
writing_surface
writing_surface
writing_surface
writing_surface
writing_surface
writing_surface
writing_surface
writing_surface
writing_surface
writing_surface
writing_surface
writing_surface
writing_surface
writing_surface
writing_surface
writing_surface
writing_surface
writing_surface
writing_surface
writing_surface
writing_surface
writing_surface
writing_surface
writing_surface
writing_surface
writing_surface
writing_surface
writing_surface
writing_surface
writing_surface
writing_surface
writing_surface
writing_surface
writing_surface
writing_surface
writing_surface
writing_surface
writing_surface
writing_surface
writing_surface
writing_surface
writing_surface
writing_surface
writing_surface
writing_surface
writing_surface
writing_surface
writing_surface
writing_surface
writing_surface
writing_surface
writing_surface
writing_surface
writing_surface
writing_surface
writing_surface
writing_surface
writing_surface
writing_surface
writing_surface
writing_surface
writing_surface
writing_surface
writing_surface
writing_surface
writing_surface
writing_surface
writing_surface
writing_surface
writing_surface
writing_surface
writing_surface
writing_surface
writing_surface
writing_surface
writing_surface
writing_surface
writing_surface
writing_surface
writing_surface
writing_surface
writing_surface
writing_surface
writing_surface
writing_surface
writing_surface
writing_surface
writing_surface
writing_surface
writing_surface
writing_surface
writing_surface
writing_surface
writing_surface
writing_surface
writing_surface
writing_surface
[INFO] [WallTime: 1453804442.962447] STATE: WAITING_FOR_LETTER_TO_FINISH
[INFO] [WallTime: 1453804442.978492] Haven't received a clear on 'watchdog_clear/tablet' topic
[INFO] [WallTime: 1453804445.437324] Re-connection
[INFO] [WallTime: 1453804454.274763] STATE: ASKING_FOR_FEEDBACK
[INFO] [WallTime: 1453804454.275255] PUBLISHING_WORD
[INFO] [WallTime: 1453804454.275602] Asking for feedback on word bed
[INFO] [WallTime: 1453804456.407379] NAO: This is a hard word
[INFO] [WallTime: 1453804456.997678] STATE: WAITING_FOR_FEEDBACK
[INFO] [WallTime: 1453804465.446063] User feedback -1
[INFO] [WallTime: 1453804468.825603] Received word: baby
[INFO] [WallTime: 1453804469.486865] STATE: WAITING_FOR_ROBOT_TO_CONNECT
[INFO] [WallTime: 1453804469.987762] STATE: RESPONDING_TO_NEW_WORD
[INFO] [WallTime: 1453804470.232814] NAO: baby seems like a good word to write
[INFO] [WallTime: 1453804472.496946] Clearing display
[INFO] [WallTime: 1453804473.498037] STATE: PUBLISHING_WORD
writing_surface
writing_surface
writing_surface
writing_surface
writing_surface
writing_surface
writing_surface
writing_surface
writing_surface
writing_surface
writing_surface
writing_surface
writing_surface
writing_surface
writing_surface
writing_surface
writing_surface
writing_surface
writing_surface
writing_surface
writing_surface
writing_surface
writing_surface
writing_surface
writing_surface
writing_surface
writing_surface
writing_surface
writing_surface
writing_surface
writing_surface
writing_surface
writing_surface
writing_surface
writing_surface
writing_surface
writing_surface
writing_surface
writing_surface
writing_surface
writing_surface
writing_surface
writing_surface
writing_surface
writing_surface
writing_surface
writing_surface
writing_surface
writing_surface
writing_surface
writing_surface
writing_surface
writing_surface
writing_surface
writing_surface
writing_surface
writing_surface
writing_surface
writing_surface
writing_surface
writing_surface
writing_surface
writing_surface
writing_surface
writing_surface
writing_surface
writing_surface
writing_surface
writing_surface
writing_surface
writing_surface
writing_surface
writing_surface
writing_surface
writing_surface
writing_surface
writing_surface
writing_surface
writing_surface
writing_surface
writing_surface
writing_surface
writing_surface
writing_surface
writing_surface
writing_surface
writing_surface
writing_surface
writing_surface
writing_surface
writing_surface
writing_surface
writing_surface
writing_surface
writing_surface
writing_surface
writing_surface
writing_surface
writing_surface
writing_surface
writing_surface
writing_surface
writing_surface
writing_surface
writing_surface
writing_surface
writing_surface
writing_surface
writing_surface
writing_surface
writing_surface
writing_surface
writing_surface
writing_surface
writing_surface
writing_surface
writing_surface
writing_surface
writing_surface
writing_surface
writing_surface
writing_surface
writing_surface
writing_surface
writing_surface
writing_surface
writing_surface
writing_surface
writing_surface
writing_surface
writing_surface
writing_surface
writing_surface
writing_surface
writing_surface
writing_surface
writing_surface
writing_surface
writing_surface
writing_surface
writing_surface
writing_surface
writing_surface
writing_surface
writing_surface
writing_surface
writing_surface
writing_surface
writing_surface
writing_surface
writing_surface
writing_surface
writing_surface
writing_surface
writing_surface
writing_surface
writing_surface
writing_surface
writing_surface
writing_surface
writing_surface
writing_surface
writing_surface
writing_surface
writing_surface
writing_surface
writing_surface
writing_surface
writing_surface
writing_surface
writing_surface
writing_surface
writing_surface
writing_surface
writing_surface
writing_surface
writing_surface
writing_surface
writing_surface
writing_surface
writing_surface
writing_surface
writing_surface
writing_surface
writing_surface
writing_surface
writing_surface
writing_surface
writing_surface
writing_surface
writing_surface
writing_surface
writing_surface
writing_surface
writing_surface
writing_surface
writing_surface
writing_surface
writing_surface
writing_surface
writing_surface
writing_surface
writing_surface
writing_surface
writing_surface
writing_surface
writing_surface
writing_surface
writing_surface
writing_surface
writing_surface
writing_surface
writing_surface
writing_surface
writing_surface
writing_surface
writing_surface
writing_surface
writing_surface
writing_surface
writing_surface
writing_surface
writing_surface
writing_surface
writing_surface
writing_surface
writing_surface
writing_surface
writing_surface
writing_surface
writing_surface
writing_surface
writing_surface
writing_surface
writing_surface
writing_surface
writing_surface
writing_surface
writing_surface
writing_surface
writing_surface
writing_surface
writing_surface
writing_surface
writing_surface
writing_surface
writing_surface
writing_surface
writing_surface
writing_surface
writing_surface
writing_surface
writing_surface
writing_surface
writing_surface
writing_surface
writing_surface
writing_surface
writing_surface
writing_surface
writing_surface
writing_surface
writing_surface
writing_surface
writing_surface
writing_surface
writing_surface
writing_surface
writing_surface
writing_surface
writing_surface
writing_surface
writing_surface
writing_surface
writing_surface
writing_surface
writing_surface
writing_surface
writing_surface
writing_surface
writing_surface
writing_surface
writing_surface
writing_surface
writing_surface
writing_surface
writing_surface
writing_surface
[INFO] [WallTime: 1453804474.074987] STATE: WAITING_FOR_LETTER_TO_FINISH
[INFO] [WallTime: 1453804474.084686] Haven't received a clear on 'watchdog_clear/tablet' topic
[INFO] [WallTime: 1453804476.517681] Re-connection
[INFO] [WallTime: 1453804487.388792] STATE: ASKING_FOR_FEEDBACK
[INFO] [WallTime: 1453804487.389229] PUBLISHING_WORD
[INFO] [WallTime: 1453804487.389541] Asking for feedback on word baby
[INFO] [WallTime: 1453804489.495527] NAO: Is this how you write it?
[INFO] [WallTime: 1453804490.191727] STATE: WAITING_FOR_FEEDBACK
[INFO] [WallTime: 1453804572.239588] Received template demonstration for letters ['b', 'a', 'y']
[INFO] [WallTime: 1453804573.311400] STATE: WAITING_FOR_ROBOT_TO_CONNECT
[INFO] [WallTime: 1453804573.828118] STATE: RESPONDING_TO_DEMONSTRATION_FULL_WORD
[INFO] [WallTime: 1453804575.604543] NAO: So that's how you write bay
[INFO] [WallTime: 1453804575.605263] Downsampling of b done. Demo received for b
[INFO] [WallTime: 1453804575.607010] Downsampling of a done. Demo received for a
[INFO] [WallTime: 1453804575.636194] Downsampling of y done. Demo received for y
[INFO] [WallTime: 1453804575.639509] Clearing display
[INFO] [WallTime: 1453804576.641752] STATE: PUBLISHING_WORD
writing_surface
writing_surface
writing_surface
writing_surface
writing_surface
writing_surface
writing_surface
writing_surface
writing_surface
writing_surface
writing_surface
writing_surface
writing_surface
writing_surface
writing_surface
writing_surface
writing_surface
writing_surface
writing_surface
writing_surface
writing_surface
writing_surface
writing_surface
writing_surface
writing_surface
writing_surface
writing_surface
writing_surface
writing_surface
writing_surface
writing_surface
writing_surface
writing_surface
writing_surface
writing_surface
writing_surface
writing_surface
writing_surface
writing_surface
writing_surface
writing_surface
writing_surface
writing_surface
writing_surface
writing_surface
writing_surface
writing_surface
writing_surface
writing_surface
writing_surface
writing_surface
writing_surface
writing_surface
writing_surface
writing_surface
writing_surface
writing_surface
writing_surface
writing_surface
writing_surface
writing_surface
writing_surface
writing_surface
writing_surface
writing_surface
writing_surface
writing_surface
writing_surface
writing_surface
writing_surface
writing_surface
writing_surface
writing_surface
writing_surface
writing_surface
writing_surface
writing_surface
writing_surface
writing_surface
writing_surface
writing_surface
writing_surface
writing_surface
writing_surface
writing_surface
writing_surface
writing_surface
writing_surface
writing_surface
writing_surface
writing_surface
writing_surface
writing_surface
writing_surface
writing_surface
writing_surface
writing_surface
writing_surface
writing_surface
writing_surface
writing_surface
writing_surface
writing_surface
writing_surface
writing_surface
writing_surface
writing_surface
writing_surface
writing_surface
writing_surface
writing_surface
writing_surface
writing_surface
writing_surface
writing_surface
writing_surface
writing_surface
writing_surface
writing_surface
writing_surface
writing_surface
writing_surface
writing_surface
writing_surface
writing_surface
writing_surface
writing_surface
writing_surface
writing_surface
writing_surface
writing_surface
writing_surface
writing_surface
writing_surface
writing_surface
writing_surface
writing_surface
writing_surface
writing_surface
writing_surface
writing_surface
writing_surface
writing_surface
writing_surface
writing_surface
writing_surface
writing_surface
writing_surface
writing_surface
writing_surface
writing_surface
writing_surface
writing_surface
writing_surface
writing_surface
writing_surface
writing_surface
writing_surface
writing_surface
writing_surface
writing_surface
writing_surface
writing_surface
writing_surface
writing_surface
writing_surface
writing_surface
writing_surface
writing_surface
writing_surface
writing_surface
writing_surface
writing_surface
writing_surface
writing_surface
writing_surface
writing_surface
writing_surface
writing_surface
writing_surface
writing_surface
writing_surface
writing_surface
writing_surface
writing_surface
writing_surface
writing_surface
writing_surface
writing_surface
writing_surface
writing_surface
writing_surface
writing_surface
writing_surface
writing_surface
writing_surface
writing_surface
writing_surface
writing_surface
writing_surface
writing_surface
writing_surface
writing_surface
writing_surface
writing_surface
writing_surface
writing_surface
writing_surface
writing_surface
writing_surface
writing_surface
writing_surface
writing_surface
writing_surface
writing_surface
writing_surface
writing_surface
writing_surface
writing_surface
writing_surface
writing_surface
writing_surface
writing_surface
writing_surface
writing_surface
writing_surface
writing_surface
writing_surface
writing_surface
writing_surface
writing_surface
writing_surface
writing_surface
writing_surface
writing_surface
writing_surface
writing_surface
writing_surface
writing_surface
writing_surface
writing_surface
writing_surface
writing_surface
writing_surface
writing_surface
writing_surface
writing_surface
writing_surface
writing_surface
writing_surface
writing_surface
writing_surface
writing_surface
writing_surface
writing_surface
writing_surface
writing_surface
writing_surface
writing_surface
writing_surface
writing_surface
writing_surface
writing_surface
writing_surface
writing_surface
writing_surface
writing_surface
writing_surface
writing_surface
writing_surface
writing_surface
writing_surface
writing_surface
writing_surface
writing_surface
writing_surface
writing_surface
writing_surface
writing_surface
writing_surface
writing_surface
writing_surface
writing_surface
writing_surface
writing_surface
writing_surface
writing_surface
writing_surface
[INFO] [WallTime: 1453804577.268471] Haven't received a clear on 'watchdog_clear/tablet' topic
[INFO] [WallTime: 1453804577.278889] STATE: WAITING_FOR_LETTER_TO_FINISH
[INFO] [WallTime: 1453804579.662391] Re-connection
[INFO] [WallTime: 1453804590.068035] STATE: ASKING_FOR_FEEDBACK
[INFO] [WallTime: 1453804590.068689] PUBLISHING_WORD
[INFO] [WallTime: 1453804590.069146] Asking for feedback on word baby
[INFO] [WallTime: 1453804591.988164] NAO: Please help me
[INFO] [WallTime: 1453804592.503778] STATE: WAITING_FOR_FEEDBACK
[INFO] [WallTime: 1453804596.628057] User feedback -1
[INFO] [WallTime: 1453804603.731583] Received word: pillow
[INFO] [WallTime: 1453804604.276784] STATE: WAITING_FOR_ROBOT_TO_CONNECT
[INFO] [WallTime: 1453804604.777810] STATE: RESPONDING_TO_NEW_WORD
[INFO] [WallTime: 1453804605.146490] NAO: Hopefully I can do well with this word
[INFO] [WallTime: 1453804607.513331] Clearing display
[INFO] [WallTime: 1453804608.515184] STATE: PUBLISHING_WORD
writing_surface
writing_surface
writing_surface
writing_surface
writing_surface
writing_surface
writing_surface
writing_surface
writing_surface
writing_surface
writing_surface
writing_surface
writing_surface
writing_surface
writing_surface
writing_surface
writing_surface
writing_surface
writing_surface
writing_surface
writing_surface
writing_surface
writing_surface
writing_surface
writing_surface
writing_surface
writing_surface
writing_surface
writing_surface
writing_surface
writing_surface
writing_surface
writing_surface
writing_surface
writing_surface
writing_surface
writing_surface
writing_surface
writing_surface
writing_surface
writing_surface
writing_surface
writing_surface
writing_surface
writing_surface
writing_surface
writing_surface
writing_surface
writing_surface
writing_surface
writing_surface
writing_surface
writing_surface
writing_surface
writing_surface
writing_surface
writing_surface
writing_surface
writing_surface
writing_surface
writing_surface
writing_surface
writing_surface
writing_surface
writing_surface
writing_surface
writing_surface
writing_surface
writing_surface
writing_surface
writing_surface
writing_surface
writing_surface
writing_surface
writing_surface
writing_surface
writing_surface
writing_surface
writing_surface
writing_surface
writing_surface
writing_surface
writing_surface
writing_surface
writing_surface
writing_surface
writing_surface
writing_surface
writing_surface
writing_surface
writing_surface
writing_surface
writing_surface
writing_surface
writing_surface
writing_surface
writing_surface
writing_surface
writing_surface
writing_surface
writing_surface
writing_surface
writing_surface
writing_surface
writing_surface
writing_surface
writing_surface
writing_surface
writing_surface
writing_surface
writing_surface
writing_surface
writing_surface
writing_surface
writing_surface
writing_surface
writing_surface
writing_surface
writing_surface
writing_surface
writing_surface
writing_surface
writing_surface
writing_surface
writing_surface
writing_surface
writing_surface
writing_surface
writing_surface
writing_surface
writing_surface
writing_surface
writing_surface
writing_surface
writing_surface
writing_surface
writing_surface
writing_surface
writing_surface
writing_surface
writing_surface
writing_surface
writing_surface
writing_surface
writing_surface
writing_surface
writing_surface
writing_surface
writing_surface
writing_surface
writing_surface
writing_surface
writing_surface
writing_surface
writing_surface
writing_surface
writing_surface
writing_surface
writing_surface
writing_surface
writing_surface
writing_surface
writing_surface
writing_surface
writing_surface
writing_surface
writing_surface
writing_surface
writing_surface
writing_surface
writing_surface
writing_surface
writing_surface
writing_surface
writing_surface
writing_surface
writing_surface
writing_surface
writing_surface
writing_surface
writing_surface
writing_surface
writing_surface
writing_surface
writing_surface
writing_surface
writing_surface
writing_surface
writing_surface
writing_surface
writing_surface
writing_surface
writing_surface
writing_surface
writing_surface
writing_surface
writing_surface
writing_surface
writing_surface
writing_surface
writing_surface
writing_surface
writing_surface
writing_surface
writing_surface
writing_surface
writing_surface
writing_surface
writing_surface
writing_surface
writing_surface
writing_surface
writing_surface
writing_surface
writing_surface
writing_surface
writing_surface
writing_surface
writing_surface
writing_surface
writing_surface
writing_surface
writing_surface
writing_surface
writing_surface
writing_surface
writing_surface
writing_surface
writing_surface
writing_surface
writing_surface
writing_surface
writing_surface
writing_surface
writing_surface
writing_surface
writing_surface
writing_surface
writing_surface
writing_surface
writing_surface
writing_surface
writing_surface
writing_surface
writing_surface
writing_surface
writing_surface
writing_surface
writing_surface
writing_surface
writing_surface
writing_surface
writing_surface
writing_surface
writing_surface
writing_surface
writing_surface
writing_surface
writing_surface
writing_surface
writing_surface
writing_surface
writing_surface
writing_surface
writing_surface
writing_surface
writing_surface
writing_surface
writing_surface
writing_surface
writing_surface
writing_surface
writing_surface
writing_surface
writing_surface
writing_surface
writing_surface
writing_surface
writing_surface
writing_surface
writing_surface
writing_surface
writing_surface
writing_surface
writing_surface
writing_surface
writing_surface
writing_surface
writing_surface
writing_surface
writing_surface
writing_surface
writing_surface
writing_surface
writing_surface
writing_surface
writing_surface
writing_surface
writing_surface
writing_surface
writing_surface
writing_surface
writing_surface
writing_surface
writing_surface
writing_surface
writing_surface
writing_surface
writing_surface
writing_surface
writing_surface
writing_surface
writing_surface
writing_surface
writing_surface
writing_surface
writing_surface
writing_surface
writing_surface
writing_surface
writing_surface
writing_surface
writing_surface
writing_surface
writing_surface
writing_surface
writing_surface
writing_surface
writing_surface
writing_surface
writing_surface
writing_surface
writing_surface
writing_surface
writing_surface
writing_surface
writing_surface
writing_surface
writing_surface
writing_surface
writing_surface
writing_surface
writing_surface
writing_surface
writing_surface
writing_surface
writing_surface
writing_surface
writing_surface
writing_surface
writing_surface
writing_surface
writing_surface
writing_surface
writing_surface
writing_surface
writing_surface
writing_surface
writing_surface
writing_surface
writing_surface
writing_surface
writing_surface
writing_surface
writing_surface
writing_surface
writing_surface
writing_surface
writing_surface
writing_surface
writing_surface
writing_surface
writing_surface
writing_surface
writing_surface
writing_surface
writing_surface
writing_surface
writing_surface
writing_surface
writing_surface
writing_surface
writing_surface
writing_surface
writing_surface
writing_surface
writing_surface
writing_surface
writing_surface
writing_surface
writing_surface
writing_surface
writing_surface
writing_surface
writing_surface
writing_surface
writing_surface
writing_surface
writing_surface
writing_surface
writing_surface
writing_surface
writing_surface
writing_surface
writing_surface
writing_surface
writing_surface
writing_surface
writing_surface
writing_surface
writing_surface
writing_surface
writing_surface
writing_surface
writing_surface
writing_surface
writing_surface
writing_surface
writing_surface
writing_surface
writing_surface
writing_surface
writing_surface
writing_surface
writing_surface
writing_surface
writing_surface
writing_surface
writing_surface
writing_surface
writing_surface
writing_surface
[INFO] [WallTime: 1453804609.109755] STATE: WAITING_FOR_LETTER_TO_FINISH
[INFO] [WallTime: 1453804609.281910] Haven't received a clear on 'watchdog_clear/tablet' topic
[INFO] [WallTime: 1453804611.528066] Re-connection
[INFO] [WallTime: 1453804625.308279] STATE: ASKING_FOR_FEEDBACK
[INFO] [WallTime: 1453804625.309136] PUBLISHING_WORD
[INFO] [WallTime: 1453804625.309518] Asking for feedback on word pillow
[INFO] [WallTime: 1453804627.708797] NAO: Okay, what do you think?
[INFO] [WallTime: 1453804628.429959] STATE: WAITING_FOR_FEEDBACK
[INFO] [WallTime: 1453804682.810815] Received template demonstration for letters ['p', 'i', 'l', 'o', 'w']
[INFO] [WallTime: 1453804683.511081] STATE: WAITING_FOR_ROBOT_TO_CONNECT
[INFO] [WallTime: 1453804684.012319] STATE: RESPONDING_TO_DEMONSTRATION_FULL_WORD
[INFO] [WallTime: 1453804686.276962] NAO: That's a much better pilow than mine
[INFO] [WallTime: 1453804686.277762] Downsampling of p done. Demo received for p
[INFO] [WallTime: 1453804686.279406] Downsampling of i done. Demo received for i
[INFO] [WallTime: 1453804686.281395] Downsampling of l done. Demo received for l
[INFO] [WallTime: 1453804686.283463] Downsampling of o done. Demo received for o
[INFO] [WallTime: 1453804686.284896] Downsampling of w done. Demo received for w
[INFO] [WallTime: 1453804686.286196] Clearing display
[INFO] [WallTime: 1453804687.316050] STATE: PUBLISHING_WORD
writing_surface
writing_surface
writing_surface
writing_surface
writing_surface
writing_surface
writing_surface
writing_surface
writing_surface
writing_surface
writing_surface
writing_surface
writing_surface
writing_surface
writing_surface
writing_surface
writing_surface
writing_surface
writing_surface
writing_surface
writing_surface
writing_surface
writing_surface
writing_surface
writing_surface
writing_surface
writing_surface
writing_surface
writing_surface
writing_surface
writing_surface
writing_surface
writing_surface
writing_surface
writing_surface
writing_surface
writing_surface
writing_surface
writing_surface
writing_surface
writing_surface
writing_surface
writing_surface
writing_surface
writing_surface
writing_surface
writing_surface
writing_surface
writing_surface
writing_surface
writing_surface
writing_surface
writing_surface
writing_surface
writing_surface
writing_surface
writing_surface
writing_surface
writing_surface
writing_surface
writing_surface
writing_surface
writing_surface
writing_surface
writing_surface
writing_surface
writing_surface
writing_surface
writing_surface
writing_surface
writing_surface
writing_surface
writing_surface
writing_surface
writing_surface
writing_surface
writing_surface
writing_surface
writing_surface
writing_surface
writing_surface
writing_surface
writing_surface
writing_surface
writing_surface
writing_surface
writing_surface
writing_surface
writing_surface
writing_surface
writing_surface
writing_surface
writing_surface
writing_surface
writing_surface
writing_surface
writing_surface
writing_surface
writing_surface
writing_surface
writing_surface
writing_surface
writing_surface
writing_surface
writing_surface
writing_surface
writing_surface
writing_surface
writing_surface
writing_surface
writing_surface
writing_surface
writing_surface
writing_surface
writing_surface
writing_surface
writing_surface
writing_surface
writing_surface
writing_surface
writing_surface
writing_surface
writing_surface
writing_surface
writing_surface
writing_surface
writing_surface
writing_surface
writing_surface
writing_surface
writing_surface
writing_surface
writing_surface
writing_surface
writing_surface
writing_surface
writing_surface
writing_surface
writing_surface
writing_surface
writing_surface
writing_surface
writing_surface
writing_surface
writing_surface
writing_surface
writing_surface
writing_surface
writing_surface
writing_surface
writing_surface
writing_surface
writing_surface
writing_surface
writing_surface
writing_surface
writing_surface
writing_surface
writing_surface
writing_surface
writing_surface
writing_surface
writing_surface
writing_surface
writing_surface
writing_surface
writing_surface
writing_surface
writing_surface
writing_surface
writing_surface
writing_surface
writing_surface
writing_surface
writing_surface
writing_surface
writing_surface
writing_surface
writing_surface
writing_surface
writing_surface
writing_surface
writing_surface
writing_surface
writing_surface
writing_surface
writing_surface
writing_surface
writing_surface
writing_surface
writing_surface
writing_surface
writing_surface
writing_surface
writing_surface
writing_surface
writing_surface
writing_surface
writing_surface
writing_surface
writing_surface
writing_surface
writing_surface
writing_surface
writing_surface
writing_surface
writing_surface
writing_surface
writing_surface
writing_surface
writing_surface
writing_surface
writing_surface
writing_surface
writing_surface
writing_surface
writing_surface
writing_surface
writing_surface
writing_surface
writing_surface
writing_surface
writing_surface
writing_surface
writing_surface
writing_surface
writing_surface
writing_surface
writing_surface
writing_surface
writing_surface
writing_surface
writing_surface
writing_surface
writing_surface
writing_surface
writing_surface
writing_surface
writing_surface
writing_surface
writing_surface
writing_surface
writing_surface
writing_surface
writing_surface
writing_surface
writing_surface
writing_surface
writing_surface
writing_surface
writing_surface
writing_surface
writing_surface
writing_surface
writing_surface
writing_surface
writing_surface
writing_surface
writing_surface
writing_surface
writing_surface
writing_surface
writing_surface
writing_surface
writing_surface
writing_surface
writing_surface
writing_surface
writing_surface
writing_surface
writing_surface
writing_surface
writing_surface
writing_surface
writing_surface
writing_surface
writing_surface
writing_surface
writing_surface
writing_surface
writing_surface
writing_surface
writing_surface
writing_surface
writing_surface
writing_surface
writing_surface
writing_surface
writing_surface
writing_surface
writing_surface
writing_surface
writing_surface
writing_surface
writing_surface
writing_surface
writing_surface
writing_surface
writing_surface
writing_surface
writing_surface
writing_surface
writing_surface
writing_surface
writing_surface
writing_surface
writing_surface
writing_surface
writing_surface
writing_surface
writing_surface
writing_surface
writing_surface
writing_surface
writing_surface
writing_surface
writing_surface
writing_surface
writing_surface
writing_surface
writing_surface
writing_surface
writing_surface
writing_surface
writing_surface
writing_surface
writing_surface
writing_surface
writing_surface
writing_surface
writing_surface
writing_surface
writing_surface
writing_surface
writing_surface
writing_surface
writing_surface
writing_surface
writing_surface
writing_surface
writing_surface
writing_surface
writing_surface
writing_surface
writing_surface
writing_surface
writing_surface
writing_surface
writing_surface
writing_surface
writing_surface
writing_surface
writing_surface
writing_surface
writing_surface
writing_surface
writing_surface
writing_surface
writing_surface
writing_surface
writing_surface
writing_surface
writing_surface
writing_surface
writing_surface
writing_surface
writing_surface
writing_surface
writing_surface
writing_surface
writing_surface
writing_surface
writing_surface
writing_surface
writing_surface
writing_surface
writing_surface
writing_surface
writing_surface
writing_surface
writing_surface
writing_surface
writing_surface
writing_surface
writing_surface
writing_surface
writing_surface
writing_surface
writing_surface
writing_surface
writing_surface
writing_surface
writing_surface
writing_surface
writing_surface
writing_surface
writing_surface
writing_surface
writing_surface
writing_surface
writing_surface
writing_surface
writing_surface
writing_surface
writing_surface
writing_surface
writing_surface
writing_surface
writing_surface
writing_surface
writing_surface
writing_surface
writing_surface
writing_surface
writing_surface
writing_surface
writing_surface
writing_surface
writing_surface
writing_surface
writing_surface
writing_surface
writing_surface
writing_surface
writing_surface
writing_surface
writing_surface
writing_surface
writing_surface
writing_surface
writing_surface
writing_surface
[INFO] [WallTime: 1453804688.094386] STATE: WAITING_FOR_LETTER_TO_FINISH
[INFO] [WallTime: 1453804688.203471] Haven't received a clear on 'watchdog_clear/tablet' topic
[INFO] [WallTime: 1453804690.348126] Re-connection
[INFO] [WallTime: 1453804704.309169] STATE: ASKING_FOR_FEEDBACK
[INFO] [WallTime: 1453804704.309616] PUBLISHING_WORD
[INFO] [WallTime: 1453804704.311249] Asking for feedback on word pillow
[INFO] [WallTime: 1453804706.668435] NAO: This is a hard word
[INFO] [WallTime: 1453804707.231189] STATE: WAITING_FOR_FEEDBACK
[INFO] [WallTime: 1453804710.041322] Received word: cat
[INFO] [WallTime: 1453804710.951802] STATE: WAITING_FOR_ROBOT_TO_CONNECT
[INFO] [WallTime: 1453804711.452581] STATE: RESPONDING_TO_NEW_WORD
[INFO] [WallTime: 1453804711.690145] NAO: Okay, cat now
[INFO] [WallTime: 1453804713.273109] Clearing display
[INFO] [WallTime: 1453804714.274141] STATE: PUBLISHING_WORD
writing_surface
writing_surface
writing_surface
writing_surface
writing_surface
writing_surface
writing_surface
writing_surface
writing_surface
writing_surface
writing_surface
writing_surface
writing_surface
writing_surface
writing_surface
writing_surface
writing_surface
writing_surface
writing_surface
writing_surface
writing_surface
writing_surface
writing_surface
writing_surface
writing_surface
writing_surface
writing_surface
writing_surface
writing_surface
writing_surface
writing_surface
writing_surface
writing_surface
writing_surface
writing_surface
writing_surface
writing_surface
writing_surface
writing_surface
writing_surface
writing_surface
writing_surface
writing_surface
writing_surface
writing_surface
writing_surface
writing_surface
writing_surface
writing_surface
writing_surface
writing_surface
writing_surface
writing_surface
writing_surface
writing_surface
writing_surface
writing_surface
writing_surface
writing_surface
writing_surface
writing_surface
writing_surface
writing_surface
writing_surface
writing_surface
writing_surface
writing_surface
writing_surface
writing_surface
writing_surface
writing_surface
writing_surface
writing_surface
writing_surface
writing_surface
writing_surface
writing_surface
writing_surface
writing_surface
writing_surface
writing_surface
writing_surface
writing_surface
writing_surface
writing_surface
writing_surface
writing_surface
writing_surface
writing_surface
writing_surface
writing_surface
writing_surface
writing_surface
writing_surface
writing_surface
writing_surface
writing_surface
writing_surface
writing_surface
writing_surface
writing_surface
writing_surface
writing_surface
writing_surface
writing_surface
writing_surface
writing_surface
writing_surface
writing_surface
writing_surface
writing_surface
writing_surface
writing_surface
writing_surface
writing_surface
writing_surface
writing_surface
writing_surface
writing_surface
writing_surface
writing_surface
writing_surface
writing_surface
writing_surface
writing_surface
writing_surface
writing_surface
writing_surface
writing_surface
writing_surface
writing_surface
writing_surface
writing_surface
writing_surface
writing_surface
writing_surface
writing_surface
writing_surface
writing_surface
writing_surface
writing_surface
writing_surface
writing_surface
writing_surface
writing_surface
writing_surface
writing_surface
writing_surface
writing_surface
writing_surface
writing_surface
writing_surface
writing_surface
writing_surface
writing_surface
writing_surface
writing_surface
writing_surface
writing_surface
writing_surface
writing_surface
writing_surface
writing_surface
writing_surface
writing_surface
writing_surface
writing_surface
writing_surface
writing_surface
writing_surface
writing_surface
writing_surface
writing_surface
writing_surface
writing_surface
writing_surface
writing_surface
writing_surface
writing_surface
writing_surface
writing_surface
writing_surface
writing_surface
writing_surface
writing_surface
writing_surface
writing_surface
writing_surface
writing_surface
writing_surface
writing_surface
writing_surface
writing_surface
writing_surface
writing_surface
writing_surface
writing_surface
writing_surface
writing_surface
writing_surface
writing_surface
writing_surface
writing_surface
writing_surface
writing_surface
writing_surface
writing_surface
writing_surface
writing_surface
writing_surface
writing_surface
writing_surface
writing_surface
writing_surface
writing_surface
writing_surface
[INFO] [WallTime: 1453804714.820304] STATE: WAITING_FOR_LETTER_TO_FINISH
[INFO] [WallTime: 1453804714.878827] Haven't received a clear on 'watchdog_clear/tablet' topic
[INFO] [WallTime: 1453804717.356564] Re-connection
[INFO] [WallTime: 1453804726.274747] STATE: ASKING_FOR_FEEDBACK
[INFO] [WallTime: 1453804726.275220] PUBLISHING_WORD
[INFO] [WallTime: 1453804726.275703] Asking for feedback on word cat
[INFO] [WallTime: 1453804728.458109] NAO: Is this how you write it?
[INFO] [WallTime: 1453804729.153816] STATE: WAITING_FOR_FEEDBACK
[INFO] [WallTime: 1453804731.208349] User feedback -1
[INFO] [WallTime: 1453804735.428264] User feedback -1
[INFO] [WallTime: 1453804769.874554] Received template demonstration for letters ['c', 'a', 't']
[INFO] [WallTime: 1453804771.011645] STATE: WAITING_FOR_ROBOT_TO_CONNECT
[INFO] [WallTime: 1453804771.512687] STATE: RESPONDING_TO_DEMONSTRATION_FULL_WORD
[INFO] [WallTime: 1453804773.175818] NAO: I'll try to copy you
[INFO] [WallTime: 1453804773.176798] Downsampling of c done. Demo received for c
[INFO] [WallTime: 1453804773.182661] Downsampling of a done. Demo received for a
[INFO] [WallTime: 1453804773.187040] Downsampling of t done. Demo received for t
[INFO] [WallTime: 1453804773.190857] Clearing display
[INFO] [WallTime: 1453804774.200384] STATE: PUBLISHING_WORD
writing_surface
writing_surface
writing_surface
writing_surface
writing_surface
writing_surface
writing_surface
writing_surface
writing_surface
writing_surface
writing_surface
writing_surface
writing_surface
writing_surface
writing_surface
writing_surface
writing_surface
writing_surface
writing_surface
writing_surface
writing_surface
writing_surface
writing_surface
writing_surface
writing_surface
writing_surface
writing_surface
writing_surface
writing_surface
writing_surface
writing_surface
writing_surface
writing_surface
writing_surface
writing_surface
writing_surface
writing_surface
writing_surface
writing_surface
writing_surface
writing_surface
writing_surface
writing_surface
writing_surface
writing_surface
writing_surface
writing_surface
writing_surface
writing_surface
writing_surface
writing_surface
writing_surface
writing_surface
writing_surface
writing_surface
writing_surface
writing_surface
writing_surface
writing_surface
writing_surface
writing_surface
writing_surface
writing_surface
writing_surface
writing_surface
writing_surface
writing_surface
writing_surface
writing_surface
writing_surface
writing_surface
writing_surface
writing_surface
writing_surface
writing_surface
writing_surface
writing_surface
writing_surface
writing_surface
writing_surface
writing_surface
writing_surface
writing_surface
writing_surface
writing_surface
writing_surface
writing_surface
writing_surface
writing_surface
writing_surface
writing_surface
writing_surface
writing_surface
writing_surface
writing_surface
writing_surface
writing_surface
writing_surface
writing_surface
writing_surface
writing_surface
writing_surface
writing_surface
writing_surface
writing_surface
writing_surface
writing_surface
writing_surface
writing_surface
writing_surface
writing_surface
writing_surface
writing_surface
writing_surface
writing_surface
writing_surface
writing_surface
writing_surface
writing_surface
writing_surface
writing_surface
writing_surface
writing_surface
writing_surface
writing_surface
writing_surface
writing_surface
writing_surface
writing_surface
writing_surface
writing_surface
writing_surface
writing_surface
writing_surface
writing_surface
writing_surface
writing_surface
writing_surface
writing_surface
writing_surface
writing_surface
writing_surface
writing_surface
writing_surface
writing_surface
writing_surface
writing_surface
writing_surface
writing_surface
writing_surface
writing_surface
writing_surface
writing_surface
writing_surface
writing_surface
writing_surface
writing_surface
writing_surface
writing_surface
writing_surface
writing_surface
writing_surface
writing_surface
writing_surface
writing_surface
writing_surface
writing_surface
writing_surface
writing_surface
writing_surface
writing_surface
writing_surface
writing_surface
writing_surface
writing_surface
writing_surface
writing_surface
writing_surface
writing_surface
writing_surface
writing_surface
writing_surface
writing_surface
writing_surface
writing_surface
writing_surface
writing_surface
writing_surface
writing_surface
writing_surface
writing_surface
writing_surface
writing_surface
writing_surface
writing_surface
writing_surface
writing_surface
writing_surface
writing_surface
writing_surface
writing_surface
writing_surface
writing_surface
writing_surface
writing_surface
writing_surface
writing_surface
writing_surface
writing_surface
writing_surface
writing_surface
writing_surface
writing_surface
writing_surface
writing_surface
writing_surface
[INFO] [WallTime: 1453804774.947630] STATE: WAITING_FOR_LETTER_TO_FINISH
[INFO] [WallTime: 1453804774.968934] Haven't received a clear on 'watchdog_clear/tablet' topic
[INFO] [WallTime: 1453804777.221081] Re-connection
[INFO] [WallTime: 1453804785.928591] STATE: ASKING_FOR_FEEDBACK
[INFO] [WallTime: 1453804785.929011] PUBLISHING_WORD
[INFO] [WallTime: 1453804785.929389] Asking for feedback on word cat
[INFO] [WallTime: 1453804788.074148] NAO: Please help me
[INFO] [WallTime: 1453804788.590856] STATE: WAITING_FOR_FEEDBACK
[INFO] [WallTime: 1453804802.719116] User feedback +1
[INFO] [WallTime: 1453804808.878965] User feedback +1
[INFO] [WallTime: 1453804866.396674] Received template demonstration for letters ['c', 'a', 't']
[INFO] [WallTime: 1453804867.488589] STATE: WAITING_FOR_ROBOT_TO_CONNECT
[INFO] [WallTime: 1453804868.008159] STATE: RESPONDING_TO_DEMONSTRATION_FULL_WORD
[INFO] [WallTime: 1453804869.282100] NAO: Let me try now
[INFO] [WallTime: 1453804869.282895] Downsampling of c done. Demo received for c
[INFO] [WallTime: 1453804869.284324] Downsampling of a done. Demo received for a
[INFO] [WallTime: 1453804869.285772] Downsampling of t done. Demo received for t
[INFO] [WallTime: 1453804869.286896] Clearing display
[INFO] [WallTime: 1453804870.308201] STATE: PUBLISHING_WORD
writing_surface
writing_surface
writing_surface
writing_surface
writing_surface
writing_surface
writing_surface
writing_surface
writing_surface
writing_surface
writing_surface
writing_surface
writing_surface
writing_surface
writing_surface
writing_surface
writing_surface
writing_surface
writing_surface
writing_surface
writing_surface
writing_surface
writing_surface
writing_surface
writing_surface
writing_surface
writing_surface
writing_surface
writing_surface
writing_surface
writing_surface
writing_surface
writing_surface
writing_surface
writing_surface
writing_surface
writing_surface
writing_surface
writing_surface
writing_surface
writing_surface
writing_surface
writing_surface
writing_surface
writing_surface
writing_surface
writing_surface
writing_surface
writing_surface
writing_surface
writing_surface
writing_surface
writing_surface
writing_surface
writing_surface
writing_surface
writing_surface
writing_surface
writing_surface
writing_surface
writing_surface
writing_surface
writing_surface
writing_surface
writing_surface
writing_surface
writing_surface
writing_surface
writing_surface
writing_surface
writing_surface
writing_surface
writing_surface
writing_surface
writing_surface
writing_surface
writing_surface
writing_surface
writing_surface
writing_surface
writing_surface
writing_surface
writing_surface
writing_surface
writing_surface
writing_surface
writing_surface
writing_surface
writing_surface
writing_surface
writing_surface
writing_surface
writing_surface
writing_surface
writing_surface
writing_surface
writing_surface
writing_surface
writing_surface
writing_surface
writing_surface
writing_surface
writing_surface
writing_surface
writing_surface
writing_surface
writing_surface
writing_surface
writing_surface
writing_surface
writing_surface
writing_surface
writing_surface
writing_surface
writing_surface
writing_surface
writing_surface
writing_surface
writing_surface
writing_surface
writing_surface
writing_surface
writing_surface
writing_surface
writing_surface
writing_surface
writing_surface
writing_surface
writing_surface
writing_surface
writing_surface
writing_surface
writing_surface
writing_surface
writing_surface
writing_surface
writing_surface
writing_surface
writing_surface
writing_surface
writing_surface
writing_surface
writing_surface
writing_surface
writing_surface
writing_surface
writing_surface
writing_surface
writing_surface
writing_surface
writing_surface
writing_surface
writing_surface
writing_surface
writing_surface
writing_surface
writing_surface
writing_surface
writing_surface
writing_surface
writing_surface
writing_surface
writing_surface
writing_surface
writing_surface
writing_surface
writing_surface
writing_surface
writing_surface
writing_surface
writing_surface
writing_surface
writing_surface
writing_surface
writing_surface
writing_surface
writing_surface
writing_surface
writing_surface
writing_surface
writing_surface
writing_surface
writing_surface
writing_surface
writing_surface
writing_surface
writing_surface
writing_surface
writing_surface
writing_surface
writing_surface
writing_surface
writing_surface
writing_surface
writing_surface
writing_surface
writing_surface
writing_surface
writing_surface
writing_surface
writing_surface
writing_surface
writing_surface
writing_surface
writing_surface
writing_surface
writing_surface
writing_surface
writing_surface
writing_surface
writing_surface
writing_surface
writing_surface
writing_surface
writing_surface
writing_surface
[INFO] [WallTime: 1453804870.919864] STATE: WAITING_FOR_LETTER_TO_FINISH
[INFO] [WallTime: 1453804870.966195] Haven't received a clear on 'watchdog_clear/tablet' topic
[INFO] [WallTime: 1453804873.407801] Re-connection
[INFO] [WallTime: 1453804882.408848] STATE: ASKING_FOR_FEEDBACK
[INFO] [WallTime: 1453804882.409348] PUBLISHING_WORD
[INFO] [WallTime: 1453804882.409919] Asking for feedback on word cat
[INFO] [WallTime: 1453804884.991517] NAO: Okay, what do you think?
[INFO] [WallTime: 1453804885.643961] STATE: WAITING_FOR_FEEDBACK
[INFO] [WallTime: 1453804898.029114] User feedback +1
[INFO] [WallTime: 1453804904.083425] User feedback +1
[INFO] [WallTime: 1453804924.407846] Received word: penny
[INFO] [WallTime: 1453804925.511342] STATE: WAITING_FOR_ROBOT_TO_CONNECT
[INFO] [WallTime: 1453804926.012296] STATE: RESPONDING_TO_NEW_WORD
[INFO] [WallTime: 1453804926.233118] NAO: Let's try the word penny
[INFO] [WallTime: 1453804927.914620] Clearing display
[INFO] [WallTime: 1453804928.916149] STATE: PUBLISHING_WORD
writing_surface
writing_surface
writing_surface
writing_surface
writing_surface
writing_surface
writing_surface
writing_surface
writing_surface
writing_surface
writing_surface
writing_surface
writing_surface
writing_surface
writing_surface
writing_surface
writing_surface
writing_surface
writing_surface
writing_surface
writing_surface
writing_surface
writing_surface
writing_surface
writing_surface
writing_surface
writing_surface
writing_surface
writing_surface
writing_surface
writing_surface
writing_surface
writing_surface
writing_surface
writing_surface
writing_surface
writing_surface
writing_surface
writing_surface
writing_surface
writing_surface
writing_surface
writing_surface
writing_surface
writing_surface
writing_surface
writing_surface
writing_surface
writing_surface
writing_surface
writing_surface
writing_surface
writing_surface
writing_surface
writing_surface
writing_surface
writing_surface
writing_surface
writing_surface
writing_surface
writing_surface
writing_surface
writing_surface
writing_surface
writing_surface
writing_surface
writing_surface
writing_surface
writing_surface
writing_surface
writing_surface
writing_surface
writing_surface
writing_surface
writing_surface
writing_surface
writing_surface
writing_surface
writing_surface
writing_surface
writing_surface
writing_surface
writing_surface
writing_surface
writing_surface
writing_surface
writing_surface
writing_surface
writing_surface
writing_surface
writing_surface
writing_surface
writing_surface
writing_surface
writing_surface
writing_surface
writing_surface
writing_surface
writing_surface
writing_surface
writing_surface
writing_surface
writing_surface
writing_surface
writing_surface
writing_surface
writing_surface
writing_surface
writing_surface
writing_surface
writing_surface
writing_surface
writing_surface
writing_surface
writing_surface
writing_surface
writing_surface
writing_surface
writing_surface
writing_surface
writing_surface
writing_surface
writing_surface
writing_surface
writing_surface
writing_surface
writing_surface
writing_surface
writing_surface
writing_surface
writing_surface
writing_surface
writing_surface
writing_surface
writing_surface
writing_surface
writing_surface
writing_surface
writing_surface
writing_surface
writing_surface
writing_surface
writing_surface
writing_surface
writing_surface
writing_surface
writing_surface
writing_surface
writing_surface
writing_surface
writing_surface
writing_surface
writing_surface
writing_surface
writing_surface
writing_surface
writing_surface
writing_surface
writing_surface
writing_surface
writing_surface
writing_surface
writing_surface
writing_surface
writing_surface
writing_surface
writing_surface
writing_surface
writing_surface
writing_surface
writing_surface
writing_surface
writing_surface
writing_surface
writing_surface
writing_surface
writing_surface
writing_surface
writing_surface
writing_surface
writing_surface
writing_surface
writing_surface
writing_surface
writing_surface
writing_surface
writing_surface
writing_surface
writing_surface
writing_surface
writing_surface
writing_surface
writing_surface
writing_surface
writing_surface
writing_surface
writing_surface
writing_surface
writing_surface
writing_surface
writing_surface
writing_surface
writing_surface
writing_surface
writing_surface
writing_surface
writing_surface
writing_surface
writing_surface
writing_surface
writing_surface
writing_surface
writing_surface
writing_surface
writing_surface
writing_surface
writing_surface
writing_surface
writing_surface
writing_surface
writing_surface
writing_surface
writing_surface
writing_surface
writing_surface
writing_surface
writing_surface
writing_surface
writing_surface
writing_surface
writing_surface
writing_surface
writing_surface
writing_surface
writing_surface
writing_surface
writing_surface
writing_surface
writing_surface
writing_surface
writing_surface
writing_surface
writing_surface
writing_surface
writing_surface
writing_surface
writing_surface
writing_surface
writing_surface
writing_surface
writing_surface
writing_surface
writing_surface
writing_surface
writing_surface
writing_surface
writing_surface
writing_surface
writing_surface
writing_surface
writing_surface
writing_surface
writing_surface
writing_surface
writing_surface
writing_surface
writing_surface
writing_surface
writing_surface
writing_surface
writing_surface
writing_surface
writing_surface
writing_surface
writing_surface
writing_surface
writing_surface
writing_surface
writing_surface
writing_surface
writing_surface
writing_surface
writing_surface
writing_surface
writing_surface
writing_surface
writing_surface
writing_surface
writing_surface
writing_surface
writing_surface
writing_surface
writing_surface
writing_surface
writing_surface
writing_surface
writing_surface
writing_surface
writing_surface
writing_surface
writing_surface
writing_surface
writing_surface
writing_surface
writing_surface
writing_surface
writing_surface
writing_surface
writing_surface
writing_surface
writing_surface
writing_surface
writing_surface
writing_surface
writing_surface
writing_surface
writing_surface
writing_surface
writing_surface
writing_surface
writing_surface
writing_surface
writing_surface
writing_surface
writing_surface
writing_surface
writing_surface
writing_surface
writing_surface
writing_surface
writing_surface
writing_surface
writing_surface
writing_surface
writing_surface
writing_surface
writing_surface
writing_surface
writing_surface
writing_surface
writing_surface
writing_surface
writing_surface
writing_surface
writing_surface
writing_surface
writing_surface
writing_surface
writing_surface
writing_surface
writing_surface
writing_surface
writing_surface
writing_surface
writing_surface
writing_surface
writing_surface
writing_surface
writing_surface
writing_surface
[INFO] [WallTime: 1453804929.548427] STATE: WAITING_FOR_LETTER_TO_FINISH
[INFO] [WallTime: 1453804929.676040] Haven't received a clear on 'watchdog_clear/tablet' topic
[INFO] [WallTime: 1453804931.937875] Re-connection
[INFO] [WallTime: 1453804944.339682] STATE: ASKING_FOR_FEEDBACK
[INFO] [WallTime: 1453804944.341210] PUBLISHING_WORD
[INFO] [WallTime: 1453804944.341594] Asking for feedback on word penny
[INFO] [WallTime: 1453804946.355839] NAO: This is a hard word
[INFO] [WallTime: 1453804947.230391] STATE: WAITING_FOR_FEEDBACK
[INFO] [WallTime: 1453805015.197433] Received demonstration for e
[INFO] [WallTime: 1453805016.147986] STATE: WAITING_FOR_ROBOT_TO_CONNECT
[INFO] [WallTime: 1453805016.648701] STATE: RESPONDING_TO_DEMONSTRATION_FULL_WORD
[INFO] [WallTime: 1453805017.797485] NAO: Thank you
[INFO] [WallTime: 1453805017.798542] Downsampling of e done. Demo received for e
[INFO] [WallTime: 1453805017.800529] Clearing display
[INFO] [WallTime: 1453805018.808220] STATE: PUBLISHING_WORD
writing_surface
writing_surface
writing_surface
writing_surface
writing_surface
writing_surface
writing_surface
writing_surface
writing_surface
writing_surface
writing_surface
writing_surface
writing_surface
writing_surface
writing_surface
writing_surface
writing_surface
writing_surface
writing_surface
writing_surface
writing_surface
writing_surface
writing_surface
writing_surface
writing_surface
writing_surface
writing_surface
writing_surface
writing_surface
writing_surface
writing_surface
writing_surface
writing_surface
writing_surface
writing_surface
writing_surface
writing_surface
writing_surface
writing_surface
writing_surface
writing_surface
writing_surface
writing_surface
writing_surface
writing_surface
writing_surface
writing_surface
writing_surface
writing_surface
writing_surface
writing_surface
writing_surface
writing_surface
writing_surface
writing_surface
writing_surface
writing_surface
writing_surface
writing_surface
writing_surface
writing_surface
writing_surface
writing_surface
writing_surface
writing_surface
writing_surface
writing_surface
writing_surface
writing_surface
writing_surface
writing_surface
writing_surface
writing_surface
writing_surface
writing_surface
writing_surface
writing_surface
writing_surface
writing_surface
writing_surface
writing_surface
writing_surface
writing_surface
writing_surface
writing_surface
writing_surface
writing_surface
writing_surface
writing_surface
writing_surface
writing_surface
writing_surface
writing_surface
writing_surface
writing_surface
writing_surface
writing_surface
writing_surface
writing_surface
writing_surface
writing_surface
writing_surface
writing_surface
writing_surface
writing_surface
writing_surface
writing_surface
writing_surface
writing_surface
writing_surface
writing_surface
writing_surface
writing_surface
writing_surface
writing_surface
writing_surface
writing_surface
writing_surface
writing_surface
writing_surface
writing_surface
writing_surface
writing_surface
writing_surface
writing_surface
writing_surface
writing_surface
writing_surface
writing_surface
writing_surface
writing_surface
writing_surface
writing_surface
writing_surface
writing_surface
writing_surface
writing_surface
writing_surface
writing_surface
writing_surface
writing_surface
writing_surface
writing_surface
writing_surface
writing_surface
writing_surface
writing_surface
writing_surface
writing_surface
writing_surface
writing_surface
writing_surface
writing_surface
writing_surface
writing_surface
writing_surface
writing_surface
writing_surface
writing_surface
writing_surface
writing_surface
writing_surface
writing_surface
writing_surface
writing_surface
writing_surface
writing_surface
writing_surface
writing_surface
writing_surface
writing_surface
writing_surface
writing_surface
writing_surface
writing_surface
writing_surface
writing_surface
writing_surface
writing_surface
writing_surface
writing_surface
writing_surface
writing_surface
writing_surface
writing_surface
writing_surface
writing_surface
writing_surface
writing_surface
writing_surface
writing_surface
writing_surface
writing_surface
writing_surface
writing_surface
writing_surface
writing_surface
writing_surface
writing_surface
writing_surface
writing_surface
writing_surface
writing_surface
writing_surface
writing_surface
writing_surface
writing_surface
writing_surface
writing_surface
writing_surface
writing_surface
writing_surface
writing_surface
writing_surface
writing_surface
writing_surface
writing_surface
writing_surface
writing_surface
writing_surface
writing_surface
writing_surface
writing_surface
writing_surface
writing_surface
writing_surface
writing_surface
writing_surface
writing_surface
writing_surface
writing_surface
writing_surface
writing_surface
writing_surface
writing_surface
writing_surface
writing_surface
writing_surface
writing_surface
writing_surface
writing_surface
writing_surface
writing_surface
writing_surface
writing_surface
writing_surface
writing_surface
writing_surface
writing_surface
writing_surface
writing_surface
writing_surface
writing_surface
writing_surface
writing_surface
writing_surface
writing_surface
writing_surface
writing_surface
writing_surface
writing_surface
writing_surface
writing_surface
writing_surface
writing_surface
writing_surface
writing_surface
writing_surface
writing_surface
writing_surface
writing_surface
writing_surface
writing_surface
writing_surface
writing_surface
writing_surface
writing_surface
writing_surface
writing_surface
writing_surface
writing_surface
writing_surface
writing_surface
writing_surface
writing_surface
writing_surface
writing_surface
writing_surface
writing_surface
writing_surface
writing_surface
writing_surface
writing_surface
writing_surface
writing_surface
writing_surface
writing_surface
writing_surface
writing_surface
writing_surface
writing_surface
writing_surface
writing_surface
writing_surface
writing_surface
writing_surface
writing_surface
writing_surface
writing_surface
writing_surface
writing_surface
writing_surface
writing_surface
writing_surface
writing_surface
writing_surface
writing_surface
writing_surface
writing_surface
writing_surface
writing_surface
writing_surface
writing_surface
writing_surface
writing_surface
writing_surface
writing_surface
writing_surface
writing_surface
writing_surface
writing_surface
writing_surface
writing_surface
writing_surface
writing_surface
writing_surface
writing_surface
writing_surface
writing_surface
writing_surface
writing_surface
writing_surface
writing_surface
writing_surface
writing_surface
writing_surface
writing_surface
writing_surface
writing_surface
writing_surface
writing_surface
writing_surface
writing_surface
writing_surface
writing_surface
writing_surface
writing_surface
writing_surface
writing_surface
writing_surface
[INFO] [WallTime: 1453805019.418784] STATE: WAITING_FOR_LETTER_TO_FINISH
[INFO] [WallTime: 1453805019.559779] Haven't received a clear on 'watchdog_clear/tablet' topic
[INFO] [WallTime: 1453805021.829656] Re-connection
[INFO] [WallTime: 1453805034.253259] STATE: ASKING_FOR_FEEDBACK
[INFO] [WallTime: 1453805034.253754] PUBLISHING_WORD
[INFO] [WallTime: 1453805034.254193] Asking for feedback on word penny
[INFO] [WallTime: 1453805036.801264] NAO: Is this how you write it?
[INFO] [WallTime: 1453805037.314568] STATE: WAITING_FOR_FEEDBACK
[INFO] [WallTime: 1453805067.363606] STATE: STOPPING
[INFO] [WallTime: 1453805067.987993] Stopped
